[2024-08-02T09:58:47.932+0000] {local_task_job_runner.py:120} INFO - ::group::Pre task execution logs
[2024-08-02T09:58:47.968+0000] {taskinstance.py:2076} INFO - Dependencies all met for dep_context=non-requeueable deps ti=<TaskInstance: welcome_dag.word_count manual__2024-08-02T09:58:34.422569+00:00 [queued]>
[2024-08-02T09:58:47.983+0000] {taskinstance.py:2076} INFO - Dependencies all met for dep_context=requeueable deps ti=<TaskInstance: welcome_dag.word_count manual__2024-08-02T09:58:34.422569+00:00 [queued]>
[2024-08-02T09:58:47.984+0000] {taskinstance.py:2306} INFO - Starting attempt 1 of 1
[2024-08-02T09:58:48.021+0000] {taskinstance.py:2330} INFO - Executing <Task(PythonOperator): word_count> on 2024-08-02 09:58:34.422569+00:00
[2024-08-02T09:58:48.026+0000] {standard_task_runner.py:63} INFO - Started process 797 to run task
[2024-08-02T09:58:48.030+0000] {standard_task_runner.py:90} INFO - Running: ['airflow', 'tasks', 'run', 'welcome_dag', 'word_count', 'manual__2024-08-02T09:58:34.422569+00:00', '--job-id', '90', '--raw', '--subdir', 'DAGS_FOLDER/welcome_dag.py', '--cfg-path', '/tmp/tmplzo8wjor']
[2024-08-02T09:58:48.032+0000] {standard_task_runner.py:91} INFO - Job 90: Subtask word_count
[2024-08-02T09:58:48.116+0000] {task_command.py:426} INFO - Running <TaskInstance: welcome_dag.word_count manual__2024-08-02T09:58:34.422569+00:00 [running]> on host 24fc876e8f70
[2024-08-02T09:58:48.261+0000] {taskinstance.py:2648} INFO - Exporting env vars: AIRFLOW_CTX_DAG_OWNER='airflow' AIRFLOW_CTX_DAG_ID='welcome_dag' AIRFLOW_CTX_TASK_ID='word_count' AIRFLOW_CTX_EXECUTION_DATE='2024-08-02T09:58:34.422569+00:00' AIRFLOW_CTX_TRY_NUMBER='1' AIRFLOW_CTX_DAG_RUN_ID='manual__2024-08-02T09:58:34.422569+00:00'
[2024-08-02T09:58:48.262+0000] {taskinstance.py:430} INFO - ::endgroup::
[2024-08-02T09:58:54.098+0000] {logging_mixin.py:188} INFO - ============================
[2024-08-02T09:58:57.975+0000] {logging_mixin.py:188} INFO - and 1
[2024-08-02T09:58:57.976+0000] {logging_mixin.py:188} INFO - Hello 5
[2024-08-02T09:58:57.976+0000] {logging_mixin.py:188} INFO - Python 1
[2024-08-02T09:58:57.977+0000] {logging_mixin.py:188} INFO - Airflow 1
[2024-08-02T09:58:57.977+0000] {logging_mixin.py:188} INFO - Docker 1
[2024-08-02T09:58:57.978+0000] {logging_mixin.py:188} INFO - Yusuf 1
[2024-08-02T09:58:57.979+0000] {logging_mixin.py:188} INFO - Spark 1
[2024-08-02T09:58:57.979+0000] {logging_mixin.py:188} INFO - ============================
[2024-08-02T09:58:58.962+0000] {python.py:237} INFO - Done. Returned value was: None
[2024-08-02T09:58:58.964+0000] {taskinstance.py:441} INFO - ::group::Post task execution logs
[2024-08-02T09:58:59.011+0000] {taskinstance.py:1206} INFO - Marking task as SUCCESS. dag_id=welcome_dag, task_id=word_count, run_id=manual__2024-08-02T09:58:34.422569+00:00, execution_date=20240802T095834, start_date=20240802T095847, end_date=20240802T095859
[2024-08-02T09:58:59.102+0000] {local_task_job_runner.py:240} INFO - Task exited with return code 0
[2024-08-02T09:58:59.146+0000] {taskinstance.py:3498} INFO - 1 downstream tasks scheduled from follow-on schedule check
[2024-08-02T09:58:59.160+0000] {local_task_job_runner.py:222} INFO - ::endgroup::
