[2024-08-01T03:07:11.566+0000] {local_task_job_runner.py:120} INFO - ::group::Pre task execution logs
[2024-08-01T03:07:11.648+0000] {taskinstance.py:2076} INFO - Dependencies all met for dep_context=non-requeueable deps ti=<TaskInstance: welcome_dag.python_job manual__2024-08-01T03:07:01.613065+00:00 [queued]>
[2024-08-01T03:07:11.671+0000] {taskinstance.py:2076} INFO - Dependencies all met for dep_context=requeueable deps ti=<TaskInstance: welcome_dag.python_job manual__2024-08-01T03:07:01.613065+00:00 [queued]>
[2024-08-01T03:07:11.672+0000] {taskinstance.py:2306} INFO - Starting attempt 1 of 1
[2024-08-01T03:07:11.715+0000] {taskinstance.py:2330} INFO - Executing <Task(SparkSubmitOperator): python_job> on 2024-08-01 03:07:01.613065+00:00
[2024-08-01T03:07:11.721+0000] {standard_task_runner.py:63} INFO - Started process 222 to run task
[2024-08-01T03:07:11.726+0000] {standard_task_runner.py:90} INFO - Running: ['airflow', 'tasks', 'run', 'welcome_dag', 'python_job', 'manual__2024-08-01T03:07:01.613065+00:00', '--job-id', '12', '--raw', '--subdir', 'DAGS_FOLDER/welcome_dag.py', '--cfg-path', '/tmp/tmpf_1a4v2v']
[2024-08-01T03:07:11.728+0000] {standard_task_runner.py:91} INFO - Job 12: Subtask python_job
[2024-08-01T03:07:11.840+0000] {task_command.py:426} INFO - Running <TaskInstance: welcome_dag.python_job manual__2024-08-01T03:07:01.613065+00:00 [running]> on host 24fc876e8f70
[2024-08-01T03:07:12.176+0000] {taskinstance.py:2648} INFO - Exporting env vars: AIRFLOW_CTX_DAG_OWNER='airflow' AIRFLOW_CTX_DAG_ID='welcome_dag' AIRFLOW_CTX_TASK_ID='python_job' AIRFLOW_CTX_EXECUTION_DATE='2024-08-01T03:07:01.613065+00:00' AIRFLOW_CTX_TRY_NUMBER='1' AIRFLOW_CTX_DAG_RUN_ID='manual__2024-08-01T03:07:01.613065+00:00'
[2024-08-01T03:07:12.178+0000] {taskinstance.py:430} INFO - ::endgroup::
[2024-08-01T03:07:12.264+0000] {base.py:84} INFO - Using connection ID 'spark_conn' for task execution.
[2024-08-01T03:07:12.265+0000] {spark_submit.py:401} INFO - Spark-Submit cmd: spark-submit --master spark://172.19.0.2:7077 --name arrow-spark --deploy-mode client jobs/word_count.py
[2024-08-01T03:07:16.553+0000] {spark_submit.py:571} INFO - 24/08/01 03:07:16 INFO SparkContext: Running Spark version 3.5.1
[2024-08-01T03:07:16.556+0000] {spark_submit.py:571} INFO - 24/08/01 03:07:16 INFO SparkContext: OS info Linux, 5.15.153.1-microsoft-standard-WSL2, amd64
[2024-08-01T03:07:16.557+0000] {spark_submit.py:571} INFO - 24/08/01 03:07:16 INFO SparkContext: Java version 17.0.11
[2024-08-01T03:07:16.644+0000] {spark_submit.py:571} INFO - 24/08/01 03:07:16 WARN NativeCodeLoader: Unable to load native-hadoop library for your platform... using builtin-java classes where applicable
[2024-08-01T03:07:16.844+0000] {spark_submit.py:571} INFO - 24/08/01 03:07:16 INFO ResourceUtils: ==============================================================
[2024-08-01T03:07:16.845+0000] {spark_submit.py:571} INFO - 24/08/01 03:07:16 INFO ResourceUtils: No custom resources configured for spark.driver.
[2024-08-01T03:07:16.846+0000] {spark_submit.py:571} INFO - 24/08/01 03:07:16 INFO ResourceUtils: ==============================================================
[2024-08-01T03:07:16.847+0000] {spark_submit.py:571} INFO - 24/08/01 03:07:16 INFO SparkContext: Submitted application: PythonWordCount
[2024-08-01T03:07:16.886+0000] {spark_submit.py:571} INFO - 24/08/01 03:07:16 INFO ResourceProfile: Default ResourceProfile created, executor resources: Map(memory -> name: memory, amount: 1024, script: , vendor: , offHeap -> name: offHeap, amount: 0, script: , vendor: ), task resources: Map(cpus -> name: cpus, amount: 1.0)
[2024-08-01T03:07:16.904+0000] {spark_submit.py:571} INFO - 24/08/01 03:07:16 INFO ResourceProfile: Limiting resource is cpu
[2024-08-01T03:07:16.905+0000] {spark_submit.py:571} INFO - 24/08/01 03:07:16 INFO ResourceProfileManager: Added ResourceProfile id: 0
[2024-08-01T03:07:17.005+0000] {spark_submit.py:571} INFO - 24/08/01 03:07:17 INFO SecurityManager: Changing view acls to: airflow
[2024-08-01T03:07:17.007+0000] {spark_submit.py:571} INFO - 24/08/01 03:07:17 INFO SecurityManager: Changing modify acls to: airflow
[2024-08-01T03:07:17.009+0000] {spark_submit.py:571} INFO - 24/08/01 03:07:17 INFO SecurityManager: Changing view acls groups to:
[2024-08-01T03:07:17.010+0000] {spark_submit.py:571} INFO - 24/08/01 03:07:17 INFO SecurityManager: Changing modify acls groups to:
[2024-08-01T03:07:17.011+0000] {spark_submit.py:571} INFO - 24/08/01 03:07:17 INFO SecurityManager: SecurityManager: authentication disabled; ui acls disabled; users with view permissions: airflow; groups with view permissions: EMPTY; users with modify permissions: airflow; groups with modify permissions: EMPTY
[2024-08-01T03:07:17.384+0000] {spark_submit.py:571} INFO - 24/08/01 03:07:17 INFO Utils: Successfully started service 'sparkDriver' on port 45493.
[2024-08-01T03:07:17.419+0000] {spark_submit.py:571} INFO - 24/08/01 03:07:17 INFO SparkEnv: Registering MapOutputTracker
[2024-08-01T03:07:17.468+0000] {spark_submit.py:571} INFO - 24/08/01 03:07:17 INFO SparkEnv: Registering BlockManagerMaster
[2024-08-01T03:07:17.493+0000] {spark_submit.py:571} INFO - 24/08/01 03:07:17 INFO BlockManagerMasterEndpoint: Using org.apache.spark.storage.DefaultTopologyMapper for getting topology information
[2024-08-01T03:07:17.494+0000] {spark_submit.py:571} INFO - 24/08/01 03:07:17 INFO BlockManagerMasterEndpoint: BlockManagerMasterEndpoint up
[2024-08-01T03:07:17.500+0000] {spark_submit.py:571} INFO - 24/08/01 03:07:17 INFO SparkEnv: Registering BlockManagerMasterHeartbeat
[2024-08-01T03:07:17.530+0000] {spark_submit.py:571} INFO - 24/08/01 03:07:17 INFO DiskBlockManager: Created local directory at /tmp/blockmgr-0b321c02-9ce3-4e08-98c5-151c7f59f9bd
[2024-08-01T03:07:17.564+0000] {spark_submit.py:571} INFO - 24/08/01 03:07:17 INFO MemoryStore: MemoryStore started with capacity 434.4 MiB
[2024-08-01T03:07:17.585+0000] {spark_submit.py:571} INFO - 24/08/01 03:07:17 INFO SparkEnv: Registering OutputCommitCoordinator
[2024-08-01T03:07:17.739+0000] {spark_submit.py:571} INFO - 24/08/01 03:07:17 INFO JettyUtils: Start Jetty 0.0.0.0:4040 for SparkUI
[2024-08-01T03:07:17.806+0000] {spark_submit.py:571} INFO - 24/08/01 03:07:17 INFO Utils: Successfully started service 'SparkUI' on port 4040.
[2024-08-01T03:07:18.015+0000] {spark_submit.py:571} INFO - 24/08/01 03:07:18 INFO StandaloneAppClient$ClientEndpoint: Connecting to master spark://172.19.0.2:7077...
[2024-08-01T03:07:38.017+0000] {spark_submit.py:571} INFO - 24/08/01 03:07:38 INFO StandaloneAppClient$ClientEndpoint: Connecting to master spark://172.19.0.2:7077...
[2024-08-01T03:07:58.017+0000] {spark_submit.py:571} INFO - 24/08/01 03:07:58 INFO StandaloneAppClient$ClientEndpoint: Connecting to master spark://172.19.0.2:7077...
[2024-08-01T03:08:18.018+0000] {spark_submit.py:571} INFO - 24/08/01 03:08:18 WARN StandaloneSchedulerBackend: Application ID is not initialized yet.
[2024-08-01T03:08:18.020+0000] {spark_submit.py:571} INFO - 24/08/01 03:08:18 ERROR StandaloneSchedulerBackend: Application has been killed. Reason: All masters are unresponsive! Giving up.
[2024-08-01T03:08:18.043+0000] {spark_submit.py:571} INFO - 24/08/01 03:08:18 INFO Utils: Successfully started service 'org.apache.spark.network.netty.NettyBlockTransferService' on port 45765.
[2024-08-01T03:08:18.044+0000] {spark_submit.py:571} INFO - 24/08/01 03:08:18 INFO NettyBlockTransferService: Server created on 24fc876e8f70:45765
[2024-08-01T03:08:18.047+0000] {spark_submit.py:571} INFO - 24/08/01 03:08:18 INFO BlockManager: Using org.apache.spark.storage.RandomBlockReplicationPolicy for block replication policy
[2024-08-01T03:08:18.062+0000] {spark_submit.py:571} INFO - 24/08/01 03:08:18 INFO BlockManagerMaster: Registering BlockManager BlockManagerId(driver, 24fc876e8f70, 45765, None)
[2024-08-01T03:08:18.067+0000] {spark_submit.py:571} INFO - 24/08/01 03:08:18 INFO BlockManagerMasterEndpoint: Registering block manager 24fc876e8f70:45765 with 434.4 MiB RAM, BlockManagerId(driver, 24fc876e8f70, 45765, None)
[2024-08-01T03:08:18.070+0000] {spark_submit.py:571} INFO - 24/08/01 03:08:18 INFO BlockManagerMaster: Registered BlockManager BlockManagerId(driver, 24fc876e8f70, 45765, None)
[2024-08-01T03:08:18.074+0000] {spark_submit.py:571} INFO - 24/08/01 03:08:18 INFO BlockManager: Initialized BlockManager: BlockManagerId(driver, 24fc876e8f70, 45765, None)
[2024-08-01T03:08:18.518+0000] {spark_submit.py:571} INFO - 24/08/01 03:08:18 INFO StandaloneSchedulerBackend: SchedulerBackend is ready for scheduling beginning after reached minRegisteredResourcesRatio: 0.0
[2024-08-01T03:08:19.147+0000] {spark_submit.py:571} INFO - 24/08/01 03:08:19 INFO SparkContext: SparkContext is stopping with exitCode 0.
[2024-08-01T03:08:19.164+0000] {spark_submit.py:571} INFO - 24/08/01 03:08:19 INFO SparkUI: Stopped Spark web UI at http://24fc876e8f70:4040
[2024-08-01T03:08:19.172+0000] {spark_submit.py:571} INFO - 24/08/01 03:08:19 INFO StandaloneSchedulerBackend: Shutting down all executors
[2024-08-01T03:08:19.176+0000] {spark_submit.py:571} INFO - 24/08/01 03:08:19 INFO StandaloneSchedulerBackend$StandaloneDriverEndpoint: Asking each executor to shut down
[2024-08-01T03:08:19.184+0000] {spark_submit.py:571} INFO - 24/08/01 03:08:19 WARN StandaloneAppClient$ClientEndpoint: Drop UnregisterApplication(null) because has not yet connected to master
[2024-08-01T03:08:19.202+0000] {spark_submit.py:571} INFO - 24/08/01 03:08:19 INFO MapOutputTrackerMasterEndpoint: MapOutputTrackerMasterEndpoint stopped!
[2024-08-01T03:08:19.267+0000] {spark_submit.py:571} INFO - 24/08/01 03:08:19 INFO MemoryStore: MemoryStore cleared
[2024-08-01T03:08:19.268+0000] {spark_submit.py:571} INFO - 24/08/01 03:08:19 INFO BlockManager: BlockManager stopped
[2024-08-01T03:08:19.302+0000] {spark_submit.py:571} INFO - 24/08/01 03:08:19 INFO BlockManagerMaster: BlockManagerMaster stopped
[2024-08-01T03:08:19.309+0000] {spark_submit.py:571} INFO - 24/08/01 03:08:19 INFO OutputCommitCoordinator$OutputCommitCoordinatorEndpoint: OutputCommitCoordinator stopped!
[2024-08-01T03:08:19.348+0000] {spark_submit.py:571} INFO - 24/08/01 03:08:19 INFO SparkContext: Successfully stopped SparkContext
[2024-08-01T03:08:19.498+0000] {spark_submit.py:571} INFO - Traceback (most recent call last):
[2024-08-01T03:08:19.500+0000] {spark_submit.py:571} INFO - File "/opt/airflow/jobs/word_count.py", line 11, in <module>
[2024-08-01T03:08:19.502+0000] {spark_submit.py:571} INFO - for wc in wordCounts.collect():
[2024-08-01T03:08:19.503+0000] {spark_submit.py:571} INFO - ^^^^^^^^^^^^^^^^^^^^
[2024-08-01T03:08:19.504+0000] {spark_submit.py:571} INFO - File "/home/airflow/.local/lib/python3.11/site-packages/pyspark/python/lib/pyspark.zip/pyspark/rdd.py", line 1833, in collect
[2024-08-01T03:08:19.505+0000] {spark_submit.py:571} INFO - File "/home/airflow/.local/lib/python3.11/site-packages/pyspark/python/lib/py4j-0.10.9.7-src.zip/py4j/java_gateway.py", line 1322, in __call__
[2024-08-01T03:08:19.506+0000] {spark_submit.py:571} INFO - File "/home/airflow/.local/lib/python3.11/site-packages/pyspark/python/lib/pyspark.zip/pyspark/errors/exceptions/captured.py", line 179, in deco
[2024-08-01T03:08:19.507+0000] {spark_submit.py:571} INFO - File "/home/airflow/.local/lib/python3.11/site-packages/pyspark/python/lib/py4j-0.10.9.7-src.zip/py4j/protocol.py", line 326, in get_return_value
[2024-08-01T03:08:19.510+0000] {spark_submit.py:571} INFO - py4j.protocol.Py4JJavaError: An error occurred while calling z:org.apache.spark.api.python.PythonRDD.collectAndServe.
[2024-08-01T03:08:19.510+0000] {spark_submit.py:571} INFO - : java.lang.IllegalStateException: SparkContext has been shutdown
[2024-08-01T03:08:19.511+0000] {spark_submit.py:571} INFO - at org.apache.spark.SparkContext.runJob(SparkContext.scala:2390)
[2024-08-01T03:08:19.512+0000] {spark_submit.py:571} INFO - at org.apache.spark.SparkContext.runJob(SparkContext.scala:2419)
[2024-08-01T03:08:19.513+0000] {spark_submit.py:571} INFO - at org.apache.spark.SparkContext.runJob(SparkContext.scala:2438)
[2024-08-01T03:08:19.513+0000] {spark_submit.py:571} INFO - at org.apache.spark.SparkContext.runJob(SparkContext.scala:2463)
[2024-08-01T03:08:19.514+0000] {spark_submit.py:571} INFO - at org.apache.spark.rdd.RDD.$anonfun$collect$1(RDD.scala:1049)
[2024-08-01T03:08:19.514+0000] {spark_submit.py:571} INFO - at org.apache.spark.rdd.RDDOperationScope$.withScope(RDDOperationScope.scala:151)
[2024-08-01T03:08:19.515+0000] {spark_submit.py:571} INFO - at org.apache.spark.rdd.RDDOperationScope$.withScope(RDDOperationScope.scala:112)
[2024-08-01T03:08:19.516+0000] {spark_submit.py:571} INFO - at org.apache.spark.rdd.RDD.withScope(RDD.scala:410)
[2024-08-01T03:08:19.517+0000] {spark_submit.py:571} INFO - at org.apache.spark.rdd.RDD.collect(RDD.scala:1048)
[2024-08-01T03:08:19.517+0000] {spark_submit.py:571} INFO - at org.apache.spark.api.python.PythonRDD$.collectAndServe(PythonRDD.scala:195)
[2024-08-01T03:08:19.518+0000] {spark_submit.py:571} INFO - at org.apache.spark.api.python.PythonRDD.collectAndServe(PythonRDD.scala)
[2024-08-01T03:08:19.519+0000] {spark_submit.py:571} INFO - at java.base/jdk.internal.reflect.NativeMethodAccessorImpl.invoke0(Native Method)
[2024-08-01T03:08:19.521+0000] {spark_submit.py:571} INFO - at java.base/jdk.internal.reflect.NativeMethodAccessorImpl.invoke(NativeMethodAccessorImpl.java:77)
[2024-08-01T03:08:19.522+0000] {spark_submit.py:571} INFO - at java.base/jdk.internal.reflect.DelegatingMethodAccessorImpl.invoke(DelegatingMethodAccessorImpl.java:43)
[2024-08-01T03:08:19.523+0000] {spark_submit.py:571} INFO - at java.base/java.lang.reflect.Method.invoke(Method.java:568)
[2024-08-01T03:08:19.523+0000] {spark_submit.py:571} INFO - at py4j.reflection.MethodInvoker.invoke(MethodInvoker.java:244)
[2024-08-01T03:08:19.525+0000] {spark_submit.py:571} INFO - at py4j.reflection.ReflectionEngine.invoke(ReflectionEngine.java:374)
[2024-08-01T03:08:19.525+0000] {spark_submit.py:571} INFO - at py4j.Gateway.invoke(Gateway.java:282)
[2024-08-01T03:08:19.526+0000] {spark_submit.py:571} INFO - at py4j.commands.AbstractCommand.invokeMethod(AbstractCommand.java:132)
[2024-08-01T03:08:19.527+0000] {spark_submit.py:571} INFO - at py4j.commands.CallCommand.execute(CallCommand.java:79)
[2024-08-01T03:08:19.528+0000] {spark_submit.py:571} INFO - at py4j.ClientServerConnection.waitForCommands(ClientServerConnection.java:182)
[2024-08-01T03:08:19.528+0000] {spark_submit.py:571} INFO - at py4j.ClientServerConnection.run(ClientServerConnection.java:106)
[2024-08-01T03:08:19.529+0000] {spark_submit.py:571} INFO - at java.base/java.lang.Thread.run(Thread.java:840)
[2024-08-01T03:08:19.530+0000] {spark_submit.py:571} INFO - 
[2024-08-01T03:08:19.593+0000] {spark_submit.py:571} INFO - 24/08/01 03:08:19 INFO ShutdownHookManager: Shutdown hook called
[2024-08-01T03:08:19.594+0000] {spark_submit.py:571} INFO - 24/08/01 03:08:19 INFO ShutdownHookManager: Deleting directory /tmp/spark-6be2dab5-f7f2-4361-8349-6d10872a0fbf
[2024-08-01T03:08:19.602+0000] {spark_submit.py:571} INFO - 24/08/01 03:08:19 INFO ShutdownHookManager: Deleting directory /tmp/spark-ebe87914-99dd-4b27-92c9-7512c8d93729
[2024-08-01T03:08:19.611+0000] {spark_submit.py:571} INFO - 24/08/01 03:08:19 INFO ShutdownHookManager: Deleting directory /tmp/spark-ebe87914-99dd-4b27-92c9-7512c8d93729/pyspark-7ebcb903-95ef-4269-befd-cb6b50bf6bdc
[2024-08-01T03:08:19.662+0000] {taskinstance.py:441} INFO - ::group::Post task execution logs
[2024-08-01T03:08:19.674+0000] {taskinstance.py:2905} ERROR - Task failed with exception
Traceback (most recent call last):
  File "/home/airflow/.local/lib/python3.11/site-packages/airflow/models/taskinstance.py", line 465, in _execute_task
    result = _execute_callable(context=context, **execute_callable_kwargs)
             ^^^^^^^^^^^^^^^^^^^^^^^^^^^^^^^^^^^^^^^^^^^^^^^^^^^^^^^^^^^^^
  File "/home/airflow/.local/lib/python3.11/site-packages/airflow/models/taskinstance.py", line 432, in _execute_callable
    return execute_callable(context=context, **execute_callable_kwargs)
           ^^^^^^^^^^^^^^^^^^^^^^^^^^^^^^^^^^^^^^^^^^^^^^^^^^^^^^^^^^^^
  File "/home/airflow/.local/lib/python3.11/site-packages/airflow/models/baseoperator.py", line 400, in wrapper
    return func(self, *args, **kwargs)
           ^^^^^^^^^^^^^^^^^^^^^^^^^^^
  File "/home/airflow/.local/lib/python3.11/site-packages/airflow/providers/apache/spark/operators/spark_submit.py", line 174, in execute
    self._hook.submit(self.application)
  File "/home/airflow/.local/lib/python3.11/site-packages/airflow/providers/apache/spark/hooks/spark_submit.py", line 502, in submit
    raise AirflowException(
airflow.exceptions.AirflowException: Cannot execute: spark-submit --master spark://172.19.0.2:7077 --name arrow-spark --deploy-mode client jobs/word_count.py. Error code is: 1.
[2024-08-01T03:08:19.680+0000] {taskinstance.py:1206} INFO - Marking task as FAILED. dag_id=welcome_dag, task_id=python_job, run_id=manual__2024-08-01T03:07:01.613065+00:00, execution_date=20240801T030701, start_date=20240801T030711, end_date=20240801T030819
[2024-08-01T03:08:19.713+0000] {standard_task_runner.py:110} ERROR - Failed to execute job 12 for task python_job (Cannot execute: spark-submit --master spark://172.19.0.2:7077 --name arrow-spark --deploy-mode client jobs/word_count.py. Error code is: 1.; 222)
[2024-08-01T03:08:19.725+0000] {local_task_job_runner.py:240} INFO - Task exited with return code 1
[2024-08-01T03:08:19.756+0000] {taskinstance.py:3498} INFO - 0 downstream tasks scheduled from follow-on schedule check
[2024-08-01T03:08:19.775+0000] {local_task_job_runner.py:222} INFO - ::endgroup::
