[2024-08-01T03:02:09.183+0000] {local_task_job_runner.py:120} INFO - ::group::Pre task execution logs
[2024-08-01T03:02:09.223+0000] {taskinstance.py:2076} INFO - Dependencies all met for dep_context=non-requeueable deps ti=<TaskInstance: welcome_dag.python_job manual__2024-08-01T03:01:57.857177+00:00 [queued]>
[2024-08-01T03:02:09.238+0000] {taskinstance.py:2076} INFO - Dependencies all met for dep_context=requeueable deps ti=<TaskInstance: welcome_dag.python_job manual__2024-08-01T03:01:57.857177+00:00 [queued]>
[2024-08-01T03:02:09.239+0000] {taskinstance.py:2306} INFO - Starting attempt 1 of 1
[2024-08-01T03:02:09.278+0000] {taskinstance.py:2330} INFO - Executing <Task(SparkSubmitOperator): python_job> on 2024-08-01 03:01:57.857177+00:00
[2024-08-01T03:02:09.284+0000] {standard_task_runner.py:63} INFO - Started process 71 to run task
[2024-08-01T03:02:09.290+0000] {standard_task_runner.py:90} INFO - Running: ['airflow', 'tasks', 'run', 'welcome_dag', 'python_job', 'manual__2024-08-01T03:01:57.857177+00:00', '--job-id', '10', '--raw', '--subdir', 'DAGS_FOLDER/welcome_dag.py', '--cfg-path', '/tmp/tmpmeci8gyp']
[2024-08-01T03:02:09.294+0000] {standard_task_runner.py:91} INFO - Job 10: Subtask python_job
[2024-08-01T03:02:09.493+0000] {task_command.py:426} INFO - Running <TaskInstance: welcome_dag.python_job manual__2024-08-01T03:01:57.857177+00:00 [running]> on host 24fc876e8f70
[2024-08-01T03:02:09.675+0000] {taskinstance.py:2648} INFO - Exporting env vars: AIRFLOW_CTX_DAG_OWNER='airflow' AIRFLOW_CTX_DAG_ID='welcome_dag' AIRFLOW_CTX_TASK_ID='python_job' AIRFLOW_CTX_EXECUTION_DATE='2024-08-01T03:01:57.857177+00:00' AIRFLOW_CTX_TRY_NUMBER='1' AIRFLOW_CTX_DAG_RUN_ID='manual__2024-08-01T03:01:57.857177+00:00'
[2024-08-01T03:02:09.677+0000] {taskinstance.py:430} INFO - ::endgroup::
[2024-08-01T03:02:09.713+0000] {base.py:84} INFO - Using connection ID 'spark_conn' for task execution.
[2024-08-01T03:02:09.714+0000] {spark_submit.py:401} INFO - Spark-Submit cmd: spark-submit --master spark://172.19.0.2:7077 --name arrow-spark --deploy-mode client jobs/word_count.py
[2024-08-01T03:02:15.432+0000] {spark_submit.py:571} INFO - 24/08/01 03:02:15 INFO SparkContext: Running Spark version 3.5.1
[2024-08-01T03:02:15.437+0000] {spark_submit.py:571} INFO - 24/08/01 03:02:15 INFO SparkContext: OS info Linux, 5.15.153.1-microsoft-standard-WSL2, amd64
[2024-08-01T03:02:15.438+0000] {spark_submit.py:571} INFO - 24/08/01 03:02:15 INFO SparkContext: Java version 17.0.11
[2024-08-01T03:02:15.529+0000] {spark_submit.py:571} INFO - 24/08/01 03:02:15 WARN NativeCodeLoader: Unable to load native-hadoop library for your platform... using builtin-java classes where applicable
[2024-08-01T03:02:15.726+0000] {spark_submit.py:571} INFO - 24/08/01 03:02:15 INFO ResourceUtils: ==============================================================
[2024-08-01T03:02:15.728+0000] {spark_submit.py:571} INFO - 24/08/01 03:02:15 INFO ResourceUtils: No custom resources configured for spark.driver.
[2024-08-01T03:02:15.730+0000] {spark_submit.py:571} INFO - 24/08/01 03:02:15 INFO ResourceUtils: ==============================================================
[2024-08-01T03:02:15.731+0000] {spark_submit.py:571} INFO - 24/08/01 03:02:15 INFO SparkContext: Submitted application: PythonWordCount
[2024-08-01T03:02:15.789+0000] {spark_submit.py:571} INFO - 24/08/01 03:02:15 INFO ResourceProfile: Default ResourceProfile created, executor resources: Map(memory -> name: memory, amount: 1024, script: , vendor: , offHeap -> name: offHeap, amount: 0, script: , vendor: ), task resources: Map(cpus -> name: cpus, amount: 1.0)
[2024-08-01T03:02:15.800+0000] {spark_submit.py:571} INFO - 24/08/01 03:02:15 INFO ResourceProfile: Limiting resource is cpu
[2024-08-01T03:02:15.802+0000] {spark_submit.py:571} INFO - 24/08/01 03:02:15 INFO ResourceProfileManager: Added ResourceProfile id: 0
[2024-08-01T03:02:15.906+0000] {spark_submit.py:571} INFO - 24/08/01 03:02:15 INFO SecurityManager: Changing view acls to: airflow
[2024-08-01T03:02:15.907+0000] {spark_submit.py:571} INFO - 24/08/01 03:02:15 INFO SecurityManager: Changing modify acls to: airflow
[2024-08-01T03:02:15.908+0000] {spark_submit.py:571} INFO - 24/08/01 03:02:15 INFO SecurityManager: Changing view acls groups to:
[2024-08-01T03:02:15.909+0000] {spark_submit.py:571} INFO - 24/08/01 03:02:15 INFO SecurityManager: Changing modify acls groups to:
[2024-08-01T03:02:15.911+0000] {spark_submit.py:571} INFO - 24/08/01 03:02:15 INFO SecurityManager: SecurityManager: authentication disabled; ui acls disabled; users with view permissions: airflow; groups with view permissions: EMPTY; users with modify permissions: airflow; groups with modify permissions: EMPTY
[2024-08-01T03:02:16.387+0000] {spark_submit.py:571} INFO - 24/08/01 03:02:16 INFO Utils: Successfully started service 'sparkDriver' on port 42537.
[2024-08-01T03:02:16.457+0000] {spark_submit.py:571} INFO - 24/08/01 03:02:16 INFO SparkEnv: Registering MapOutputTracker
[2024-08-01T03:02:16.569+0000] {spark_submit.py:571} INFO - 24/08/01 03:02:16 INFO SparkEnv: Registering BlockManagerMaster
[2024-08-01T03:02:16.613+0000] {spark_submit.py:571} INFO - 24/08/01 03:02:16 INFO BlockManagerMasterEndpoint: Using org.apache.spark.storage.DefaultTopologyMapper for getting topology information
[2024-08-01T03:02:16.614+0000] {spark_submit.py:571} INFO - 24/08/01 03:02:16 INFO BlockManagerMasterEndpoint: BlockManagerMasterEndpoint up
[2024-08-01T03:02:16.623+0000] {spark_submit.py:571} INFO - 24/08/01 03:02:16 INFO SparkEnv: Registering BlockManagerMasterHeartbeat
[2024-08-01T03:02:16.691+0000] {spark_submit.py:571} INFO - 24/08/01 03:02:16 INFO DiskBlockManager: Created local directory at /tmp/blockmgr-abf28f9b-53c5-4500-9e99-603c6d1e00e5
[2024-08-01T03:02:16.733+0000] {spark_submit.py:571} INFO - 24/08/01 03:02:16 INFO MemoryStore: MemoryStore started with capacity 434.4 MiB
[2024-08-01T03:02:16.814+0000] {spark_submit.py:571} INFO - 24/08/01 03:02:16 INFO SparkEnv: Registering OutputCommitCoordinator
[2024-08-01T03:02:17.157+0000] {spark_submit.py:571} INFO - 24/08/01 03:02:17 INFO JettyUtils: Start Jetty 0.0.0.0:4040 for SparkUI
[2024-08-01T03:02:17.266+0000] {spark_submit.py:571} INFO - 24/08/01 03:02:17 INFO Utils: Successfully started service 'SparkUI' on port 4040.
[2024-08-01T03:02:17.622+0000] {spark_submit.py:571} INFO - 24/08/01 03:02:17 INFO StandaloneAppClient$ClientEndpoint: Connecting to master spark://172.19.0.2:7077...
[2024-08-01T03:02:37.628+0000] {spark_submit.py:571} INFO - 24/08/01 03:02:37 INFO StandaloneAppClient$ClientEndpoint: Connecting to master spark://172.19.0.2:7077...
[2024-08-01T03:02:57.621+0000] {spark_submit.py:571} INFO - 24/08/01 03:02:57 INFO StandaloneAppClient$ClientEndpoint: Connecting to master spark://172.19.0.2:7077...
[2024-08-01T03:03:17.628+0000] {spark_submit.py:571} INFO - 24/08/01 03:03:17 ERROR StandaloneSchedulerBackend: Application has been killed. Reason: All masters are unresponsive! Giving up.
[2024-08-01T03:03:17.633+0000] {spark_submit.py:571} INFO - 24/08/01 03:03:17 WARN StandaloneSchedulerBackend: Application ID is not initialized yet.
[2024-08-01T03:03:17.666+0000] {spark_submit.py:571} INFO - 24/08/01 03:03:17 INFO Utils: Successfully started service 'org.apache.spark.network.netty.NettyBlockTransferService' on port 44707.
[2024-08-01T03:03:17.667+0000] {spark_submit.py:571} INFO - 24/08/01 03:03:17 INFO NettyBlockTransferService: Server created on 24fc876e8f70:44707
[2024-08-01T03:03:17.673+0000] {spark_submit.py:571} INFO - 24/08/01 03:03:17 INFO BlockManager: Using org.apache.spark.storage.RandomBlockReplicationPolicy for block replication policy
[2024-08-01T03:03:17.691+0000] {spark_submit.py:571} INFO - 24/08/01 03:03:17 INFO BlockManagerMaster: Registering BlockManager BlockManagerId(driver, 24fc876e8f70, 44707, None)
[2024-08-01T03:03:17.696+0000] {spark_submit.py:571} INFO - 24/08/01 03:03:17 INFO BlockManagerMasterEndpoint: Registering block manager 24fc876e8f70:44707 with 434.4 MiB RAM, BlockManagerId(driver, 24fc876e8f70, 44707, None)
[2024-08-01T03:03:17.699+0000] {spark_submit.py:571} INFO - 24/08/01 03:03:17 INFO BlockManagerMaster: Registered BlockManager BlockManagerId(driver, 24fc876e8f70, 44707, None)
[2024-08-01T03:03:17.701+0000] {spark_submit.py:571} INFO - 24/08/01 03:03:17 INFO BlockManager: Initialized BlockManager: BlockManagerId(driver, 24fc876e8f70, 44707, None)
[2024-08-01T03:03:18.118+0000] {spark_submit.py:571} INFO - 24/08/01 03:03:18 INFO StandaloneSchedulerBackend: SchedulerBackend is ready for scheduling beginning after reached minRegisteredResourcesRatio: 0.0
[2024-08-01T03:03:18.649+0000] {spark_submit.py:571} INFO - 24/08/01 03:03:18 INFO SparkContext: SparkContext is stopping with exitCode 0.
[2024-08-01T03:03:18.668+0000] {spark_submit.py:571} INFO - 24/08/01 03:03:18 INFO SparkUI: Stopped Spark web UI at http://24fc876e8f70:4040
[2024-08-01T03:03:18.676+0000] {spark_submit.py:571} INFO - 24/08/01 03:03:18 INFO StandaloneSchedulerBackend: Shutting down all executors
[2024-08-01T03:03:18.681+0000] {spark_submit.py:571} INFO - 24/08/01 03:03:18 INFO StandaloneSchedulerBackend$StandaloneDriverEndpoint: Asking each executor to shut down
[2024-08-01T03:03:18.690+0000] {spark_submit.py:571} INFO - 24/08/01 03:03:18 WARN StandaloneAppClient$ClientEndpoint: Drop UnregisterApplication(null) because has not yet connected to master
[2024-08-01T03:03:18.702+0000] {spark_submit.py:571} INFO - 24/08/01 03:03:18 INFO MapOutputTrackerMasterEndpoint: MapOutputTrackerMasterEndpoint stopped!
[2024-08-01T03:03:18.729+0000] {spark_submit.py:571} INFO - 24/08/01 03:03:18 INFO MemoryStore: MemoryStore cleared
[2024-08-01T03:03:18.730+0000] {spark_submit.py:571} INFO - 24/08/01 03:03:18 INFO BlockManager: BlockManager stopped
[2024-08-01T03:03:18.740+0000] {spark_submit.py:571} INFO - 24/08/01 03:03:18 INFO BlockManagerMaster: BlockManagerMaster stopped
[2024-08-01T03:03:18.745+0000] {spark_submit.py:571} INFO - 24/08/01 03:03:18 INFO OutputCommitCoordinator$OutputCommitCoordinatorEndpoint: OutputCommitCoordinator stopped!
[2024-08-01T03:03:18.764+0000] {spark_submit.py:571} INFO - 24/08/01 03:03:18 INFO SparkContext: Successfully stopped SparkContext
[2024-08-01T03:03:18.860+0000] {spark_submit.py:571} INFO - Traceback (most recent call last):
[2024-08-01T03:03:18.861+0000] {spark_submit.py:571} INFO - File "/opt/airflow/jobs/word_count.py", line 11, in <module>
[2024-08-01T03:03:18.862+0000] {spark_submit.py:571} INFO - for wc in wordCounts.collect():
[2024-08-01T03:03:18.862+0000] {spark_submit.py:571} INFO - ^^^^^^^^^^^^^^^^^^^^
[2024-08-01T03:03:18.863+0000] {spark_submit.py:571} INFO - File "/home/airflow/.local/lib/python3.11/site-packages/pyspark/python/lib/pyspark.zip/pyspark/rdd.py", line 1833, in collect
[2024-08-01T03:03:18.863+0000] {spark_submit.py:571} INFO - File "/home/airflow/.local/lib/python3.11/site-packages/pyspark/python/lib/py4j-0.10.9.7-src.zip/py4j/java_gateway.py", line 1322, in __call__
[2024-08-01T03:03:18.863+0000] {spark_submit.py:571} INFO - File "/home/airflow/.local/lib/python3.11/site-packages/pyspark/python/lib/pyspark.zip/pyspark/errors/exceptions/captured.py", line 179, in deco
[2024-08-01T03:03:18.864+0000] {spark_submit.py:571} INFO - File "/home/airflow/.local/lib/python3.11/site-packages/pyspark/python/lib/py4j-0.10.9.7-src.zip/py4j/protocol.py", line 326, in get_return_value
[2024-08-01T03:03:18.865+0000] {spark_submit.py:571} INFO - py4j.protocol.Py4JJavaError: An error occurred while calling z:org.apache.spark.api.python.PythonRDD.collectAndServe.
[2024-08-01T03:03:18.866+0000] {spark_submit.py:571} INFO - : java.lang.IllegalStateException: SparkContext has been shutdown
[2024-08-01T03:03:18.866+0000] {spark_submit.py:571} INFO - at org.apache.spark.SparkContext.runJob(SparkContext.scala:2390)
[2024-08-01T03:03:18.867+0000] {spark_submit.py:571} INFO - at org.apache.spark.SparkContext.runJob(SparkContext.scala:2419)
[2024-08-01T03:03:18.867+0000] {spark_submit.py:571} INFO - at org.apache.spark.SparkContext.runJob(SparkContext.scala:2438)
[2024-08-01T03:03:18.868+0000] {spark_submit.py:571} INFO - at org.apache.spark.SparkContext.runJob(SparkContext.scala:2463)
[2024-08-01T03:03:18.868+0000] {spark_submit.py:571} INFO - at org.apache.spark.rdd.RDD.$anonfun$collect$1(RDD.scala:1049)
[2024-08-01T03:03:18.868+0000] {spark_submit.py:571} INFO - at org.apache.spark.rdd.RDDOperationScope$.withScope(RDDOperationScope.scala:151)
[2024-08-01T03:03:18.869+0000] {spark_submit.py:571} INFO - at org.apache.spark.rdd.RDDOperationScope$.withScope(RDDOperationScope.scala:112)
[2024-08-01T03:03:18.869+0000] {spark_submit.py:571} INFO - at org.apache.spark.rdd.RDD.withScope(RDD.scala:410)
[2024-08-01T03:03:18.869+0000] {spark_submit.py:571} INFO - at org.apache.spark.rdd.RDD.collect(RDD.scala:1048)
[2024-08-01T03:03:18.870+0000] {spark_submit.py:571} INFO - at org.apache.spark.api.python.PythonRDD$.collectAndServe(PythonRDD.scala:195)
[2024-08-01T03:03:18.870+0000] {spark_submit.py:571} INFO - at org.apache.spark.api.python.PythonRDD.collectAndServe(PythonRDD.scala)
[2024-08-01T03:03:18.870+0000] {spark_submit.py:571} INFO - at java.base/jdk.internal.reflect.NativeMethodAccessorImpl.invoke0(Native Method)
[2024-08-01T03:03:18.871+0000] {spark_submit.py:571} INFO - at java.base/jdk.internal.reflect.NativeMethodAccessorImpl.invoke(NativeMethodAccessorImpl.java:77)
[2024-08-01T03:03:18.871+0000] {spark_submit.py:571} INFO - at java.base/jdk.internal.reflect.DelegatingMethodAccessorImpl.invoke(DelegatingMethodAccessorImpl.java:43)
[2024-08-01T03:03:18.871+0000] {spark_submit.py:571} INFO - at java.base/java.lang.reflect.Method.invoke(Method.java:568)
[2024-08-01T03:03:18.872+0000] {spark_submit.py:571} INFO - at py4j.reflection.MethodInvoker.invoke(MethodInvoker.java:244)
[2024-08-01T03:03:18.872+0000] {spark_submit.py:571} INFO - at py4j.reflection.ReflectionEngine.invoke(ReflectionEngine.java:374)
[2024-08-01T03:03:18.872+0000] {spark_submit.py:571} INFO - at py4j.Gateway.invoke(Gateway.java:282)
[2024-08-01T03:03:18.873+0000] {spark_submit.py:571} INFO - at py4j.commands.AbstractCommand.invokeMethod(AbstractCommand.java:132)
[2024-08-01T03:03:18.873+0000] {spark_submit.py:571} INFO - at py4j.commands.CallCommand.execute(CallCommand.java:79)
[2024-08-01T03:03:18.873+0000] {spark_submit.py:571} INFO - at py4j.ClientServerConnection.waitForCommands(ClientServerConnection.java:182)
[2024-08-01T03:03:18.874+0000] {spark_submit.py:571} INFO - at py4j.ClientServerConnection.run(ClientServerConnection.java:106)
[2024-08-01T03:03:18.874+0000] {spark_submit.py:571} INFO - at java.base/java.lang.Thread.run(Thread.java:840)
[2024-08-01T03:03:18.875+0000] {spark_submit.py:571} INFO - 
[2024-08-01T03:03:18.922+0000] {spark_submit.py:571} INFO - 24/08/01 03:03:18 INFO ShutdownHookManager: Shutdown hook called
[2024-08-01T03:03:18.923+0000] {spark_submit.py:571} INFO - 24/08/01 03:03:18 INFO ShutdownHookManager: Deleting directory /tmp/spark-87d39b76-5fe4-45d8-a4aa-37eb9fba0263/pyspark-4fbc3d95-368f-4e5f-96df-5934a3ee8604
[2024-08-01T03:03:18.929+0000] {spark_submit.py:571} INFO - 24/08/01 03:03:18 INFO ShutdownHookManager: Deleting directory /tmp/spark-d53caeff-47fd-4f84-aac3-727616e9a1d6
[2024-08-01T03:03:18.934+0000] {spark_submit.py:571} INFO - 24/08/01 03:03:18 INFO ShutdownHookManager: Deleting directory /tmp/spark-87d39b76-5fe4-45d8-a4aa-37eb9fba0263
[2024-08-01T03:03:18.970+0000] {taskinstance.py:441} INFO - ::group::Post task execution logs
[2024-08-01T03:03:18.981+0000] {taskinstance.py:2905} ERROR - Task failed with exception
Traceback (most recent call last):
  File "/home/airflow/.local/lib/python3.11/site-packages/airflow/models/taskinstance.py", line 465, in _execute_task
    result = _execute_callable(context=context, **execute_callable_kwargs)
             ^^^^^^^^^^^^^^^^^^^^^^^^^^^^^^^^^^^^^^^^^^^^^^^^^^^^^^^^^^^^^
  File "/home/airflow/.local/lib/python3.11/site-packages/airflow/models/taskinstance.py", line 432, in _execute_callable
    return execute_callable(context=context, **execute_callable_kwargs)
           ^^^^^^^^^^^^^^^^^^^^^^^^^^^^^^^^^^^^^^^^^^^^^^^^^^^^^^^^^^^^
  File "/home/airflow/.local/lib/python3.11/site-packages/airflow/models/baseoperator.py", line 400, in wrapper
    return func(self, *args, **kwargs)
           ^^^^^^^^^^^^^^^^^^^^^^^^^^^
  File "/home/airflow/.local/lib/python3.11/site-packages/airflow/providers/apache/spark/operators/spark_submit.py", line 174, in execute
    self._hook.submit(self.application)
  File "/home/airflow/.local/lib/python3.11/site-packages/airflow/providers/apache/spark/hooks/spark_submit.py", line 502, in submit
    raise AirflowException(
airflow.exceptions.AirflowException: Cannot execute: spark-submit --master spark://172.19.0.2:7077 --name arrow-spark --deploy-mode client jobs/word_count.py. Error code is: 1.
[2024-08-01T03:03:18.987+0000] {taskinstance.py:1206} INFO - Marking task as FAILED. dag_id=welcome_dag, task_id=python_job, run_id=manual__2024-08-01T03:01:57.857177+00:00, execution_date=20240801T030157, start_date=20240801T030209, end_date=20240801T030318
[2024-08-01T03:03:19.017+0000] {standard_task_runner.py:110} ERROR - Failed to execute job 10 for task python_job (Cannot execute: spark-submit --master spark://172.19.0.2:7077 --name arrow-spark --deploy-mode client jobs/word_count.py. Error code is: 1.; 71)
[2024-08-01T03:03:19.052+0000] {local_task_job_runner.py:240} INFO - Task exited with return code 1
[2024-08-01T03:03:19.117+0000] {taskinstance.py:3498} INFO - 0 downstream tasks scheduled from follow-on schedule check
[2024-08-01T03:03:19.137+0000] {local_task_job_runner.py:222} INFO - ::endgroup::
