[2024-08-01T04:25:45.253+0000] {local_task_job_runner.py:120} INFO - ::group::Pre task execution logs
[2024-08-01T04:25:45.295+0000] {taskinstance.py:2076} INFO - Dependencies all met for dep_context=non-requeueable deps ti=<TaskInstance: welcome_dag.python_job manual__2024-08-01T04:25:33.908693+00:00 [queued]>
[2024-08-01T04:25:45.308+0000] {taskinstance.py:2076} INFO - Dependencies all met for dep_context=requeueable deps ti=<TaskInstance: welcome_dag.python_job manual__2024-08-01T04:25:33.908693+00:00 [queued]>
[2024-08-01T04:25:45.308+0000] {taskinstance.py:2306} INFO - Starting attempt 1 of 1
[2024-08-01T04:25:45.346+0000] {taskinstance.py:2330} INFO - Executing <Task(SparkSubmitOperator): python_job> on 2024-08-01 04:25:33.908693+00:00
[2024-08-01T04:25:45.350+0000] {standard_task_runner.py:63} INFO - Started process 552 to run task
[2024-08-01T04:25:45.355+0000] {standard_task_runner.py:90} INFO - Running: ['airflow', 'tasks', 'run', 'welcome_dag', 'python_job', 'manual__2024-08-01T04:25:33.908693+00:00', '--job-id', '47', '--raw', '--subdir', 'DAGS_FOLDER/welcome_dag.py', '--cfg-path', '/tmp/tmp6tgz7usy']
[2024-08-01T04:25:45.357+0000] {standard_task_runner.py:91} INFO - Job 47: Subtask python_job
[2024-08-01T04:25:45.439+0000] {task_command.py:426} INFO - Running <TaskInstance: welcome_dag.python_job manual__2024-08-01T04:25:33.908693+00:00 [running]> on host 24fc876e8f70
[2024-08-01T04:25:45.584+0000] {taskinstance.py:2648} INFO - Exporting env vars: AIRFLOW_CTX_DAG_OWNER='airflow' AIRFLOW_CTX_DAG_ID='welcome_dag' AIRFLOW_CTX_TASK_ID='python_job' AIRFLOW_CTX_EXECUTION_DATE='2024-08-01T04:25:33.908693+00:00' AIRFLOW_CTX_TRY_NUMBER='1' AIRFLOW_CTX_DAG_RUN_ID='manual__2024-08-01T04:25:33.908693+00:00'
[2024-08-01T04:25:45.585+0000] {taskinstance.py:430} INFO - ::endgroup::
[2024-08-01T04:25:45.609+0000] {base.py:84} INFO - Using connection ID 'spark_conn' for task execution.
[2024-08-01T04:25:45.610+0000] {spark_submit.py:401} INFO - Spark-Submit cmd: spark-submit --master spark://172.19.0.2:7077 --name arrow-spark --deploy-mode client jobs/word_count.py
[2024-08-01T04:25:51.035+0000] {spark_submit.py:571} INFO - 24/08/01 04:25:51 INFO SparkContext: Running Spark version 3.5.1
[2024-08-01T04:25:51.040+0000] {spark_submit.py:571} INFO - 24/08/01 04:25:51 INFO SparkContext: OS info Linux, 5.15.153.1-microsoft-standard-WSL2, amd64
[2024-08-01T04:25:51.041+0000] {spark_submit.py:571} INFO - 24/08/01 04:25:51 INFO SparkContext: Java version 17.0.11
[2024-08-01T04:25:51.189+0000] {spark_submit.py:571} INFO - 24/08/01 04:25:51 WARN NativeCodeLoader: Unable to load native-hadoop library for your platform... using builtin-java classes where applicable
[2024-08-01T04:25:51.465+0000] {spark_submit.py:571} INFO - 24/08/01 04:25:51 INFO ResourceUtils: ==============================================================
[2024-08-01T04:25:51.467+0000] {spark_submit.py:571} INFO - 24/08/01 04:25:51 INFO ResourceUtils: No custom resources configured for spark.driver.
[2024-08-01T04:25:51.469+0000] {spark_submit.py:571} INFO - 24/08/01 04:25:51 INFO ResourceUtils: ==============================================================
[2024-08-01T04:25:51.471+0000] {spark_submit.py:571} INFO - 24/08/01 04:25:51 INFO SparkContext: Submitted application: PythonWordCount
[2024-08-01T04:25:51.524+0000] {spark_submit.py:571} INFO - 24/08/01 04:25:51 INFO ResourceProfile: Default ResourceProfile created, executor resources: Map(memory -> name: memory, amount: 1024, script: , vendor: , offHeap -> name: offHeap, amount: 0, script: , vendor: ), task resources: Map(cpus -> name: cpus, amount: 1.0)
[2024-08-01T04:25:51.548+0000] {spark_submit.py:571} INFO - 24/08/01 04:25:51 INFO ResourceProfile: Limiting resource is cpu
[2024-08-01T04:25:51.555+0000] {spark_submit.py:571} INFO - 24/08/01 04:25:51 INFO ResourceProfileManager: Added ResourceProfile id: 0
[2024-08-01T04:25:51.669+0000] {spark_submit.py:571} INFO - 24/08/01 04:25:51 INFO SecurityManager: Changing view acls to: airflow
[2024-08-01T04:25:51.672+0000] {spark_submit.py:571} INFO - 24/08/01 04:25:51 INFO SecurityManager: Changing modify acls to: airflow
[2024-08-01T04:25:51.675+0000] {spark_submit.py:571} INFO - 24/08/01 04:25:51 INFO SecurityManager: Changing view acls groups to:
[2024-08-01T04:25:51.677+0000] {spark_submit.py:571} INFO - 24/08/01 04:25:51 INFO SecurityManager: Changing modify acls groups to:
[2024-08-01T04:25:51.693+0000] {spark_submit.py:571} INFO - 24/08/01 04:25:51 INFO SecurityManager: SecurityManager: authentication disabled; ui acls disabled; users with view permissions: airflow; groups with view permissions: EMPTY; users with modify permissions: airflow; groups with modify permissions: EMPTY
[2024-08-01T04:25:52.170+0000] {spark_submit.py:571} INFO - 24/08/01 04:25:52 INFO Utils: Successfully started service 'sparkDriver' on port 34247.
[2024-08-01T04:25:52.233+0000] {spark_submit.py:571} INFO - 24/08/01 04:25:52 INFO SparkEnv: Registering MapOutputTracker
[2024-08-01T04:25:52.275+0000] {spark_submit.py:571} INFO - 24/08/01 04:25:52 INFO SparkEnv: Registering BlockManagerMaster
[2024-08-01T04:25:52.303+0000] {spark_submit.py:571} INFO - 24/08/01 04:25:52 INFO BlockManagerMasterEndpoint: Using org.apache.spark.storage.DefaultTopologyMapper for getting topology information
[2024-08-01T04:25:52.304+0000] {spark_submit.py:571} INFO - 24/08/01 04:25:52 INFO BlockManagerMasterEndpoint: BlockManagerMasterEndpoint up
[2024-08-01T04:25:52.312+0000] {spark_submit.py:571} INFO - 24/08/01 04:25:52 INFO SparkEnv: Registering BlockManagerMasterHeartbeat
[2024-08-01T04:25:52.355+0000] {spark_submit.py:571} INFO - 24/08/01 04:25:52 INFO DiskBlockManager: Created local directory at /tmp/blockmgr-7c2cc849-b8e6-46a8-967a-3cea34724ff0
[2024-08-01T04:25:52.390+0000] {spark_submit.py:571} INFO - 24/08/01 04:25:52 INFO MemoryStore: MemoryStore started with capacity 434.4 MiB
[2024-08-01T04:25:52.440+0000] {spark_submit.py:571} INFO - 24/08/01 04:25:52 INFO SparkEnv: Registering OutputCommitCoordinator
[2024-08-01T04:25:52.684+0000] {spark_submit.py:571} INFO - 24/08/01 04:25:52 INFO JettyUtils: Start Jetty 0.0.0.0:4040 for SparkUI
[2024-08-01T04:25:52.787+0000] {spark_submit.py:571} INFO - 24/08/01 04:25:52 INFO Utils: Successfully started service 'SparkUI' on port 4040.
[2024-08-01T04:25:53.427+0000] {spark_submit.py:571} INFO - 24/08/01 04:25:53 INFO StandaloneAppClient$ClientEndpoint: Connecting to master spark://172.19.0.2:7077...
[2024-08-01T04:26:13.425+0000] {spark_submit.py:571} INFO - 24/08/01 04:26:13 INFO StandaloneAppClient$ClientEndpoint: Connecting to master spark://172.19.0.2:7077...
[2024-08-01T04:26:33.425+0000] {spark_submit.py:571} INFO - 24/08/01 04:26:33 INFO StandaloneAppClient$ClientEndpoint: Connecting to master spark://172.19.0.2:7077...
[2024-08-01T04:26:53.427+0000] {spark_submit.py:571} INFO - 24/08/01 04:26:53 ERROR StandaloneSchedulerBackend: Application has been killed. Reason: All masters are unresponsive! Giving up.
[2024-08-01T04:26:53.447+0000] {spark_submit.py:571} INFO - 24/08/01 04:26:53 WARN StandaloneSchedulerBackend: Application ID is not initialized yet.
[2024-08-01T04:26:53.460+0000] {spark_submit.py:571} INFO - 24/08/01 04:26:53 INFO Utils: Successfully started service 'org.apache.spark.network.netty.NettyBlockTransferService' on port 41275.
[2024-08-01T04:26:53.461+0000] {spark_submit.py:571} INFO - 24/08/01 04:26:53 INFO NettyBlockTransferService: Server created on 24fc876e8f70:41275
[2024-08-01T04:26:53.462+0000] {spark_submit.py:571} INFO - 24/08/01 04:26:53 INFO BlockManager: Using org.apache.spark.storage.RandomBlockReplicationPolicy for block replication policy
[2024-08-01T04:26:53.468+0000] {spark_submit.py:571} INFO - 24/08/01 04:26:53 INFO BlockManagerMaster: Registering BlockManager BlockManagerId(driver, 24fc876e8f70, 41275, None)
[2024-08-01T04:26:53.472+0000] {spark_submit.py:571} INFO - 24/08/01 04:26:53 INFO BlockManagerMasterEndpoint: Registering block manager 24fc876e8f70:41275 with 434.4 MiB RAM, BlockManagerId(driver, 24fc876e8f70, 41275, None)
[2024-08-01T04:26:53.474+0000] {spark_submit.py:571} INFO - 24/08/01 04:26:53 INFO BlockManagerMaster: Registered BlockManager BlockManagerId(driver, 24fc876e8f70, 41275, None)
[2024-08-01T04:26:53.476+0000] {spark_submit.py:571} INFO - 24/08/01 04:26:53 INFO BlockManager: Initialized BlockManager: BlockManagerId(driver, 24fc876e8f70, 41275, None)
[2024-08-01T04:26:53.853+0000] {spark_submit.py:571} INFO - 24/08/01 04:26:53 INFO StandaloneSchedulerBackend: SchedulerBackend is ready for scheduling beginning after reached minRegisteredResourcesRatio: 0.0
[2024-08-01T04:26:54.350+0000] {spark_submit.py:571} INFO - 24/08/01 04:26:54 INFO SparkContext: SparkContext is stopping with exitCode 0.
[2024-08-01T04:26:54.372+0000] {spark_submit.py:571} INFO - 24/08/01 04:26:54 INFO SparkUI: Stopped Spark web UI at http://24fc876e8f70:4040
[2024-08-01T04:26:54.381+0000] {spark_submit.py:571} INFO - 24/08/01 04:26:54 INFO StandaloneSchedulerBackend: Shutting down all executors
[2024-08-01T04:26:54.387+0000] {spark_submit.py:571} INFO - 24/08/01 04:26:54 INFO StandaloneSchedulerBackend$StandaloneDriverEndpoint: Asking each executor to shut down
[2024-08-01T04:26:54.401+0000] {spark_submit.py:571} INFO - 24/08/01 04:26:54 WARN StandaloneAppClient$ClientEndpoint: Drop UnregisterApplication(null) because has not yet connected to master
[2024-08-01T04:26:54.418+0000] {spark_submit.py:571} INFO - 24/08/01 04:26:54 INFO MapOutputTrackerMasterEndpoint: MapOutputTrackerMasterEndpoint stopped!
[2024-08-01T04:26:54.447+0000] {spark_submit.py:571} INFO - 24/08/01 04:26:54 INFO MemoryStore: MemoryStore cleared
[2024-08-01T04:26:54.449+0000] {spark_submit.py:571} INFO - 24/08/01 04:26:54 INFO BlockManager: BlockManager stopped
[2024-08-01T04:26:54.464+0000] {spark_submit.py:571} INFO - 24/08/01 04:26:54 INFO BlockManagerMaster: BlockManagerMaster stopped
[2024-08-01T04:26:54.466+0000] {spark_submit.py:571} INFO - 24/08/01 04:26:54 INFO OutputCommitCoordinator$OutputCommitCoordinatorEndpoint: OutputCommitCoordinator stopped!
[2024-08-01T04:26:54.482+0000] {spark_submit.py:571} INFO - Traceback (most recent call last):
[2024-08-01T04:26:54.483+0000] {spark_submit.py:571} INFO - File "/opt/airflow/jobs/word_count.py", line 7, in <module>
[2024-08-01T04:26:54.486+0000] {spark_submit.py:571} INFO - 24/08/01 04:26:54 INFO SparkContext: Successfully stopped SparkContext
[2024-08-01T04:26:54.491+0000] {spark_submit.py:571} INFO - words = spark.sparkContext.parallelize(text.split(" "))
[2024-08-01T04:26:54.491+0000] {spark_submit.py:571} INFO - ^^^^^^^^^^^^^^^^^^^^^^^^^^^^^^^^^^^^^^^^^^^^^^^
[2024-08-01T04:26:54.492+0000] {spark_submit.py:571} INFO - File "/home/airflow/.local/lib/python3.11/site-packages/pyspark/python/lib/pyspark.zip/pyspark/context.py", line 824, in parallelize
[2024-08-01T04:26:54.492+0000] {spark_submit.py:571} INFO - File "/home/airflow/.local/lib/python3.11/site-packages/pyspark/python/lib/pyspark.zip/pyspark/context.py", line 870, in _serialize_to_jvm
[2024-08-01T04:26:54.493+0000] {spark_submit.py:571} INFO - File "/home/airflow/.local/lib/python3.11/site-packages/pyspark/python/lib/pyspark.zip/pyspark/context.py", line 818, in reader_func
[2024-08-01T04:26:54.494+0000] {spark_submit.py:571} INFO - File "/home/airflow/.local/lib/python3.11/site-packages/pyspark/python/lib/py4j-0.10.9.7-src.zip/py4j/java_gateway.py", line 1322, in __call__
[2024-08-01T04:26:54.494+0000] {spark_submit.py:571} INFO - File "/home/airflow/.local/lib/python3.11/site-packages/pyspark/python/lib/pyspark.zip/pyspark/errors/exceptions/captured.py", line 179, in deco
[2024-08-01T04:26:54.495+0000] {spark_submit.py:571} INFO - File "/home/airflow/.local/lib/python3.11/site-packages/pyspark/python/lib/py4j-0.10.9.7-src.zip/py4j/protocol.py", line 326, in get_return_value
[2024-08-01T04:26:54.497+0000] {spark_submit.py:571} INFO - py4j.protocol.Py4JJavaError: An error occurred while calling z:org.apache.spark.api.python.PythonRDD.readRDDFromFile.
[2024-08-01T04:26:54.498+0000] {spark_submit.py:571} INFO - : java.lang.IllegalStateException: Cannot call methods on a stopped SparkContext.
[2024-08-01T04:26:54.499+0000] {spark_submit.py:571} INFO - This stopped SparkContext was created at:
[2024-08-01T04:26:54.499+0000] {spark_submit.py:571} INFO - 
[2024-08-01T04:26:54.500+0000] {spark_submit.py:571} INFO - org.apache.spark.api.java.JavaSparkContext.<init>(JavaSparkContext.scala:58)
[2024-08-01T04:26:54.501+0000] {spark_submit.py:571} INFO - java.base/jdk.internal.reflect.NativeConstructorAccessorImpl.newInstance0(Native Method)
[2024-08-01T04:26:54.501+0000] {spark_submit.py:571} INFO - java.base/jdk.internal.reflect.NativeConstructorAccessorImpl.newInstance(NativeConstructorAccessorImpl.java:77)
[2024-08-01T04:26:54.502+0000] {spark_submit.py:571} INFO - java.base/jdk.internal.reflect.DelegatingConstructorAccessorImpl.newInstance(DelegatingConstructorAccessorImpl.java:45)
[2024-08-01T04:26:54.502+0000] {spark_submit.py:571} INFO - java.base/java.lang.reflect.Constructor.newInstanceWithCaller(Constructor.java:499)
[2024-08-01T04:26:54.503+0000] {spark_submit.py:571} INFO - java.base/java.lang.reflect.Constructor.newInstance(Constructor.java:480)
[2024-08-01T04:26:54.503+0000] {spark_submit.py:571} INFO - py4j.reflection.MethodInvoker.invoke(MethodInvoker.java:247)
[2024-08-01T04:26:54.504+0000] {spark_submit.py:571} INFO - py4j.reflection.ReflectionEngine.invoke(ReflectionEngine.java:374)
[2024-08-01T04:26:54.505+0000] {spark_submit.py:571} INFO - py4j.Gateway.invoke(Gateway.java:238)
[2024-08-01T04:26:54.506+0000] {spark_submit.py:571} INFO - py4j.commands.ConstructorCommand.invokeConstructor(ConstructorCommand.java:80)
[2024-08-01T04:26:54.506+0000] {spark_submit.py:571} INFO - py4j.commands.ConstructorCommand.execute(ConstructorCommand.java:69)
[2024-08-01T04:26:54.507+0000] {spark_submit.py:571} INFO - py4j.ClientServerConnection.waitForCommands(ClientServerConnection.java:182)
[2024-08-01T04:26:54.507+0000] {spark_submit.py:571} INFO - py4j.ClientServerConnection.run(ClientServerConnection.java:106)
[2024-08-01T04:26:54.508+0000] {spark_submit.py:571} INFO - java.base/java.lang.Thread.run(Thread.java:840)
[2024-08-01T04:26:54.508+0000] {spark_submit.py:571} INFO - 
[2024-08-01T04:26:54.509+0000] {spark_submit.py:571} INFO - The currently active SparkContext was created at:
[2024-08-01T04:26:54.510+0000] {spark_submit.py:571} INFO - 
[2024-08-01T04:26:54.510+0000] {spark_submit.py:571} INFO - org.apache.spark.api.java.JavaSparkContext.<init>(JavaSparkContext.scala:58)
[2024-08-01T04:26:54.511+0000] {spark_submit.py:571} INFO - java.base/jdk.internal.reflect.NativeConstructorAccessorImpl.newInstance0(Native Method)
[2024-08-01T04:26:54.511+0000] {spark_submit.py:571} INFO - java.base/jdk.internal.reflect.NativeConstructorAccessorImpl.newInstance(NativeConstructorAccessorImpl.java:77)
[2024-08-01T04:26:54.512+0000] {spark_submit.py:571} INFO - java.base/jdk.internal.reflect.DelegatingConstructorAccessorImpl.newInstance(DelegatingConstructorAccessorImpl.java:45)
[2024-08-01T04:26:54.512+0000] {spark_submit.py:571} INFO - java.base/java.lang.reflect.Constructor.newInstanceWithCaller(Constructor.java:499)
[2024-08-01T04:26:54.512+0000] {spark_submit.py:571} INFO - java.base/java.lang.reflect.Constructor.newInstance(Constructor.java:480)
[2024-08-01T04:26:54.513+0000] {spark_submit.py:571} INFO - py4j.reflection.MethodInvoker.invoke(MethodInvoker.java:247)
[2024-08-01T04:26:54.513+0000] {spark_submit.py:571} INFO - py4j.reflection.ReflectionEngine.invoke(ReflectionEngine.java:374)
[2024-08-01T04:26:54.514+0000] {spark_submit.py:571} INFO - py4j.Gateway.invoke(Gateway.java:238)
[2024-08-01T04:26:54.514+0000] {spark_submit.py:571} INFO - py4j.commands.ConstructorCommand.invokeConstructor(ConstructorCommand.java:80)
[2024-08-01T04:26:54.515+0000] {spark_submit.py:571} INFO - py4j.commands.ConstructorCommand.execute(ConstructorCommand.java:69)
[2024-08-01T04:26:54.516+0000] {spark_submit.py:571} INFO - py4j.ClientServerConnection.waitForCommands(ClientServerConnection.java:182)
[2024-08-01T04:26:54.516+0000] {spark_submit.py:571} INFO - py4j.ClientServerConnection.run(ClientServerConnection.java:106)
[2024-08-01T04:26:54.517+0000] {spark_submit.py:571} INFO - java.base/java.lang.Thread.run(Thread.java:840)
[2024-08-01T04:26:54.517+0000] {spark_submit.py:571} INFO - 
[2024-08-01T04:26:54.518+0000] {spark_submit.py:571} INFO - at org.apache.spark.SparkContext.assertNotStopped(SparkContext.scala:122)
[2024-08-01T04:26:54.518+0000] {spark_submit.py:571} INFO - at org.apache.spark.SparkContext.$anonfun$parallelize$1(SparkContext.scala:942)
[2024-08-01T04:26:54.519+0000] {spark_submit.py:571} INFO - at org.apache.spark.rdd.RDDOperationScope$.withScope(RDDOperationScope.scala:151)
[2024-08-01T04:26:54.519+0000] {spark_submit.py:571} INFO - at org.apache.spark.rdd.RDDOperationScope$.withScope(RDDOperationScope.scala:112)
[2024-08-01T04:26:54.520+0000] {spark_submit.py:571} INFO - at org.apache.spark.SparkContext.withScope(SparkContext.scala:924)
[2024-08-01T04:26:54.520+0000] {spark_submit.py:571} INFO - at org.apache.spark.SparkContext.parallelize(SparkContext.scala:941)
[2024-08-01T04:26:54.521+0000] {spark_submit.py:571} INFO - at org.apache.spark.api.java.JavaRDD$.readRDDFromInputStream(JavaRDD.scala:259)
[2024-08-01T04:26:54.521+0000] {spark_submit.py:571} INFO - at org.apache.spark.api.java.JavaRDD$.readRDDFromFile(JavaRDD.scala:239)
[2024-08-01T04:26:54.522+0000] {spark_submit.py:571} INFO - at org.apache.spark.api.python.PythonRDD$.readRDDFromFile(PythonRDD.scala:289)
[2024-08-01T04:26:54.522+0000] {spark_submit.py:571} INFO - at org.apache.spark.api.python.PythonRDD.readRDDFromFile(PythonRDD.scala)
[2024-08-01T04:26:54.523+0000] {spark_submit.py:571} INFO - at java.base/jdk.internal.reflect.NativeMethodAccessorImpl.invoke0(Native Method)
[2024-08-01T04:26:54.523+0000] {spark_submit.py:571} INFO - at java.base/jdk.internal.reflect.NativeMethodAccessorImpl.invoke(NativeMethodAccessorImpl.java:77)
[2024-08-01T04:26:54.524+0000] {spark_submit.py:571} INFO - at java.base/jdk.internal.reflect.DelegatingMethodAccessorImpl.invoke(DelegatingMethodAccessorImpl.java:43)
[2024-08-01T04:26:54.524+0000] {spark_submit.py:571} INFO - at java.base/java.lang.reflect.Method.invoke(Method.java:568)
[2024-08-01T04:26:54.525+0000] {spark_submit.py:571} INFO - at py4j.reflection.MethodInvoker.invoke(MethodInvoker.java:244)
[2024-08-01T04:26:54.525+0000] {spark_submit.py:571} INFO - at py4j.reflection.ReflectionEngine.invoke(ReflectionEngine.java:374)
[2024-08-01T04:26:54.527+0000] {spark_submit.py:571} INFO - at py4j.Gateway.invoke(Gateway.java:282)
[2024-08-01T04:26:54.528+0000] {spark_submit.py:571} INFO - at py4j.commands.AbstractCommand.invokeMethod(AbstractCommand.java:132)
[2024-08-01T04:26:54.528+0000] {spark_submit.py:571} INFO - at py4j.commands.CallCommand.execute(CallCommand.java:79)
[2024-08-01T04:26:54.529+0000] {spark_submit.py:571} INFO - at py4j.ClientServerConnection.waitForCommands(ClientServerConnection.java:182)
[2024-08-01T04:26:54.529+0000] {spark_submit.py:571} INFO - at py4j.ClientServerConnection.run(ClientServerConnection.java:106)
[2024-08-01T04:26:54.529+0000] {spark_submit.py:571} INFO - at java.base/java.lang.Thread.run(Thread.java:840)
[2024-08-01T04:26:54.530+0000] {spark_submit.py:571} INFO - 
[2024-08-01T04:26:54.563+0000] {spark_submit.py:571} INFO - 24/08/01 04:26:54 INFO ShutdownHookManager: Shutdown hook called
[2024-08-01T04:26:54.564+0000] {spark_submit.py:571} INFO - 24/08/01 04:26:54 INFO ShutdownHookManager: Deleting directory /tmp/spark-b447ccf7-1713-4ccc-92db-046fdb5a33a9/pyspark-5033e034-6a22-49f3-b1e3-945930965ae1
[2024-08-01T04:26:54.569+0000] {spark_submit.py:571} INFO - 24/08/01 04:26:54 INFO ShutdownHookManager: Deleting directory /tmp/spark-3306f879-536c-44e2-a72a-b9942b4c99d0
[2024-08-01T04:26:54.574+0000] {spark_submit.py:571} INFO - 24/08/01 04:26:54 INFO ShutdownHookManager: Deleting directory /tmp/spark-b447ccf7-1713-4ccc-92db-046fdb5a33a9
[2024-08-01T04:26:54.603+0000] {taskinstance.py:441} INFO - ::group::Post task execution logs
[2024-08-01T04:26:54.613+0000] {taskinstance.py:2905} ERROR - Task failed with exception
Traceback (most recent call last):
  File "/home/airflow/.local/lib/python3.11/site-packages/airflow/models/taskinstance.py", line 465, in _execute_task
    result = _execute_callable(context=context, **execute_callable_kwargs)
             ^^^^^^^^^^^^^^^^^^^^^^^^^^^^^^^^^^^^^^^^^^^^^^^^^^^^^^^^^^^^^
  File "/home/airflow/.local/lib/python3.11/site-packages/airflow/models/taskinstance.py", line 432, in _execute_callable
    return execute_callable(context=context, **execute_callable_kwargs)
           ^^^^^^^^^^^^^^^^^^^^^^^^^^^^^^^^^^^^^^^^^^^^^^^^^^^^^^^^^^^^
  File "/home/airflow/.local/lib/python3.11/site-packages/airflow/models/baseoperator.py", line 400, in wrapper
    return func(self, *args, **kwargs)
           ^^^^^^^^^^^^^^^^^^^^^^^^^^^
  File "/home/airflow/.local/lib/python3.11/site-packages/airflow/providers/apache/spark/operators/spark_submit.py", line 174, in execute
    self._hook.submit(self.application)
  File "/home/airflow/.local/lib/python3.11/site-packages/airflow/providers/apache/spark/hooks/spark_submit.py", line 502, in submit
    raise AirflowException(
airflow.exceptions.AirflowException: Cannot execute: spark-submit --master spark://172.19.0.2:7077 --name arrow-spark --deploy-mode client jobs/word_count.py. Error code is: 1.
[2024-08-01T04:26:54.618+0000] {taskinstance.py:1206} INFO - Marking task as FAILED. dag_id=welcome_dag, task_id=python_job, run_id=manual__2024-08-01T04:25:33.908693+00:00, execution_date=20240801T042533, start_date=20240801T042545, end_date=20240801T042654
[2024-08-01T04:26:54.654+0000] {standard_task_runner.py:110} ERROR - Failed to execute job 47 for task python_job (Cannot execute: spark-submit --master spark://172.19.0.2:7077 --name arrow-spark --deploy-mode client jobs/word_count.py. Error code is: 1.; 552)
[2024-08-01T04:26:54.672+0000] {local_task_job_runner.py:240} INFO - Task exited with return code 1
[2024-08-01T04:26:54.696+0000] {taskinstance.py:3498} INFO - 0 downstream tasks scheduled from follow-on schedule check
[2024-08-01T04:26:54.712+0000] {local_task_job_runner.py:222} INFO - ::endgroup::
