[2024-08-07T08:09:18.798+0000] {local_task_job_runner.py:120} INFO - ::group::Pre task execution logs
[2024-08-07T08:09:18.840+0000] {taskinstance.py:2076} INFO - Dependencies all met for dep_context=non-requeueable deps ti=<TaskInstance: Integrate_Time_Location_Dimension.bronze_time manual__2024-08-07T08:09:04.294567+00:00 [queued]>
[2024-08-07T08:09:18.856+0000] {taskinstance.py:2076} INFO - Dependencies all met for dep_context=requeueable deps ti=<TaskInstance: Integrate_Time_Location_Dimension.bronze_time manual__2024-08-07T08:09:04.294567+00:00 [queued]>
[2024-08-07T08:09:18.857+0000] {taskinstance.py:2306} INFO - Starting attempt 1 of 1
[2024-08-07T08:09:18.899+0000] {taskinstance.py:2330} INFO - Executing <Task(PythonOperator): bronze_time> on 2024-08-07 08:09:04.294567+00:00
[2024-08-07T08:09:18.907+0000] {standard_task_runner.py:63} INFO - Started process 5036 to run task
[2024-08-07T08:09:18.912+0000] {standard_task_runner.py:90} INFO - Running: ['airflow', 'tasks', 'run', 'Integrate_Time_Location_Dimension', 'bronze_time', 'manual__2024-08-07T08:09:04.294567+00:00', '--job-id', '197', '--raw', '--subdir', 'DAGS_FOLDER/etl_time_location.dag.py', '--cfg-path', '/tmp/tmpgczweler']
[2024-08-07T08:09:18.915+0000] {standard_task_runner.py:91} INFO - Job 197: Subtask bronze_time
[2024-08-07T08:09:19.044+0000] {task_command.py:426} INFO - Running <TaskInstance: Integrate_Time_Location_Dimension.bronze_time manual__2024-08-07T08:09:04.294567+00:00 [running]> on host 45f7764b2bf2
[2024-08-07T08:09:19.184+0000] {taskinstance.py:2648} INFO - Exporting env vars: AIRFLOW_CTX_DAG_OWNER='airflow' AIRFLOW_CTX_DAG_ID='Integrate_Time_Location_Dimension' AIRFLOW_CTX_TASK_ID='bronze_time' AIRFLOW_CTX_EXECUTION_DATE='2024-08-07T08:09:04.294567+00:00' AIRFLOW_CTX_TRY_NUMBER='1' AIRFLOW_CTX_DAG_RUN_ID='manual__2024-08-07T08:09:04.294567+00:00'
[2024-08-07T08:09:19.185+0000] {taskinstance.py:430} INFO - ::endgroup::
[2024-08-07T08:09:19.936+0000] {logging_mixin.py:188} INFO - ==========================
[2024-08-07T08:09:19.938+0000] {logging_mixin.py:188} INFO - Index(['date_key', 'full_date', 'day_of_week', 'day_num_in_month',
       'day_num_overall', 'day_name', 'day_abbrev', 'weekday_flag',
       'week_num_in_year', 'week_num_overall', 'week_begin_date',
       'week_begin_date_key', 'month', 'month_num_overall', 'month_name',
       'month_abbrev', 'quarter', 'year', 'yearmo', 'fiscal_month',
       'fiscal_quarter', 'fiscal_year', 'last_day_in_month_flag',
       'same_day_year_ago_date'],
      dtype='object')
[2024-08-07T08:09:19.985+0000] {logging_mixin.py:188} INFO -    date_key  full_date  ...  last_day_in_month_flag  same_day_year_ago_date
0  20200101 2020-01-01  ...           Not Month End              2019-01-01
1  20200102 2020-01-02  ...           Not Month End              2019-01-02
2  20200103 2020-01-03  ...           Not Month End              2019-01-03
3  20200104 2020-01-04  ...           Not Month End              2019-01-04
4  20200105 2020-01-05  ...           Not Month End              2019-01-05

[5 rows x 24 columns]
[2024-08-07T08:09:19.986+0000] {logging_mixin.py:188} INFO - ==========================
[2024-08-07T08:09:20.033+0000] {logging_mixin.py:188} INFO - start to insert...
[2024-08-07T08:09:25.314+0000] {logging_mixin.py:188} INFO - inserted sucessfully!
[2024-08-07T08:09:25.319+0000] {python.py:237} INFO - Done. Returned value was: None
[2024-08-07T08:09:25.320+0000] {taskinstance.py:441} INFO - ::group::Post task execution logs
[2024-08-07T08:09:25.332+0000] {taskinstance.py:1206} INFO - Marking task as SUCCESS. dag_id=Integrate_Time_Location_Dimension, task_id=bronze_time, run_id=manual__2024-08-07T08:09:04.294567+00:00, execution_date=20240807T080904, start_date=20240807T080918, end_date=20240807T080925
[2024-08-07T08:09:25.376+0000] {local_task_job_runner.py:240} INFO - Task exited with return code 0
[2024-08-07T08:09:25.401+0000] {taskinstance.py:3498} INFO - 0 downstream tasks scheduled from follow-on schedule check
[2024-08-07T08:09:25.403+0000] {local_task_job_runner.py:222} INFO - ::endgroup::
