[2024-08-01T03:36:35.338+0000] {local_task_job_runner.py:120} INFO - ::group::Pre task execution logs
[2024-08-01T03:36:35.390+0000] {taskinstance.py:2076} INFO - Dependencies all met for dep_context=non-requeueable deps ti=<TaskInstance: welcome_dag.python_job manual__2024-08-01T03:36:22.728368+00:00 [queued]>
[2024-08-01T03:36:35.404+0000] {taskinstance.py:2076} INFO - Dependencies all met for dep_context=requeueable deps ti=<TaskInstance: welcome_dag.python_job manual__2024-08-01T03:36:22.728368+00:00 [queued]>
[2024-08-01T03:36:35.405+0000] {taskinstance.py:2306} INFO - Starting attempt 1 of 1
[2024-08-01T03:36:35.453+0000] {taskinstance.py:2330} INFO - Executing <Task(SparkSubmitOperator): python_job> on 2024-08-01 03:36:22.728368+00:00
[2024-08-01T03:36:35.460+0000] {standard_task_runner.py:63} INFO - Started process 1430 to run task
[2024-08-01T03:36:35.463+0000] {standard_task_runner.py:90} INFO - Running: ['airflow', 'tasks', 'run', 'welcome_dag', 'python_job', 'manual__2024-08-01T03:36:22.728368+00:00', '--job-id', '29', '--raw', '--subdir', 'DAGS_FOLDER/welcome_dag.py', '--cfg-path', '/tmp/tmpu6ymdk3i']
[2024-08-01T03:36:35.465+0000] {standard_task_runner.py:91} INFO - Job 29: Subtask python_job
[2024-08-01T03:36:35.542+0000] {task_command.py:426} INFO - Running <TaskInstance: welcome_dag.python_job manual__2024-08-01T03:36:22.728368+00:00 [running]> on host 24fc876e8f70
[2024-08-01T03:36:35.686+0000] {taskinstance.py:2648} INFO - Exporting env vars: AIRFLOW_CTX_DAG_OWNER='airflow' AIRFLOW_CTX_DAG_ID='welcome_dag' AIRFLOW_CTX_TASK_ID='python_job' AIRFLOW_CTX_EXECUTION_DATE='2024-08-01T03:36:22.728368+00:00' AIRFLOW_CTX_TRY_NUMBER='1' AIRFLOW_CTX_DAG_RUN_ID='manual__2024-08-01T03:36:22.728368+00:00'
[2024-08-01T03:36:35.687+0000] {taskinstance.py:430} INFO - ::endgroup::
[2024-08-01T03:36:35.711+0000] {base.py:84} INFO - Using connection ID 'spark_conn' for task execution.
[2024-08-01T03:36:35.712+0000] {spark_submit.py:401} INFO - Spark-Submit cmd: spark-submit --master spark://172.19.0.2:7077 --name arrow-spark --deploy-mode client jobs/word_count.py
[2024-08-01T03:36:41.681+0000] {spark_submit.py:571} INFO - 24/08/01 03:36:41 INFO SparkContext: Running Spark version 3.5.1
[2024-08-01T03:36:41.698+0000] {spark_submit.py:571} INFO - 24/08/01 03:36:41 INFO SparkContext: OS info Linux, 5.15.153.1-microsoft-standard-WSL2, amd64
[2024-08-01T03:36:41.702+0000] {spark_submit.py:571} INFO - 24/08/01 03:36:41 INFO SparkContext: Java version 17.0.11
[2024-08-01T03:36:41.837+0000] {spark_submit.py:571} INFO - 24/08/01 03:36:41 WARN NativeCodeLoader: Unable to load native-hadoop library for your platform... using builtin-java classes where applicable
[2024-08-01T03:36:42.035+0000] {spark_submit.py:571} INFO - 24/08/01 03:36:42 INFO ResourceUtils: ==============================================================
[2024-08-01T03:36:42.036+0000] {spark_submit.py:571} INFO - 24/08/01 03:36:42 INFO ResourceUtils: No custom resources configured for spark.driver.
[2024-08-01T03:36:42.037+0000] {spark_submit.py:571} INFO - 24/08/01 03:36:42 INFO ResourceUtils: ==============================================================
[2024-08-01T03:36:42.038+0000] {spark_submit.py:571} INFO - 24/08/01 03:36:42 INFO SparkContext: Submitted application: PythonWordCount
[2024-08-01T03:36:42.088+0000] {spark_submit.py:571} INFO - 24/08/01 03:36:42 INFO ResourceProfile: Default ResourceProfile created, executor resources: Map(memory -> name: memory, amount: 1024, script: , vendor: , offHeap -> name: offHeap, amount: 0, script: , vendor: ), task resources: Map(cpus -> name: cpus, amount: 1.0)
[2024-08-01T03:36:42.100+0000] {spark_submit.py:571} INFO - 24/08/01 03:36:42 INFO ResourceProfile: Limiting resource is cpu
[2024-08-01T03:36:42.104+0000] {spark_submit.py:571} INFO - 24/08/01 03:36:42 INFO ResourceProfileManager: Added ResourceProfile id: 0
[2024-08-01T03:36:42.195+0000] {spark_submit.py:571} INFO - 24/08/01 03:36:42 INFO SecurityManager: Changing view acls to: airflow
[2024-08-01T03:36:42.196+0000] {spark_submit.py:571} INFO - 24/08/01 03:36:42 INFO SecurityManager: Changing modify acls to: airflow
[2024-08-01T03:36:42.197+0000] {spark_submit.py:571} INFO - 24/08/01 03:36:42 INFO SecurityManager: Changing view acls groups to:
[2024-08-01T03:36:42.198+0000] {spark_submit.py:571} INFO - 24/08/01 03:36:42 INFO SecurityManager: Changing modify acls groups to:
[2024-08-01T03:36:42.199+0000] {spark_submit.py:571} INFO - 24/08/01 03:36:42 INFO SecurityManager: SecurityManager: authentication disabled; ui acls disabled; users with view permissions: airflow; groups with view permissions: EMPTY; users with modify permissions: airflow; groups with modify permissions: EMPTY
[2024-08-01T03:36:42.775+0000] {spark_submit.py:571} INFO - 24/08/01 03:36:42 INFO Utils: Successfully started service 'sparkDriver' on port 41151.
[2024-08-01T03:36:42.828+0000] {spark_submit.py:571} INFO - 24/08/01 03:36:42 INFO SparkEnv: Registering MapOutputTracker
[2024-08-01T03:36:42.886+0000] {spark_submit.py:571} INFO - 24/08/01 03:36:42 INFO SparkEnv: Registering BlockManagerMaster
[2024-08-01T03:36:42.923+0000] {spark_submit.py:571} INFO - 24/08/01 03:36:42 INFO BlockManagerMasterEndpoint: Using org.apache.spark.storage.DefaultTopologyMapper for getting topology information
[2024-08-01T03:36:42.925+0000] {spark_submit.py:571} INFO - 24/08/01 03:36:42 INFO BlockManagerMasterEndpoint: BlockManagerMasterEndpoint up
[2024-08-01T03:36:42.934+0000] {spark_submit.py:571} INFO - 24/08/01 03:36:42 INFO SparkEnv: Registering BlockManagerMasterHeartbeat
[2024-08-01T03:36:42.968+0000] {spark_submit.py:571} INFO - 24/08/01 03:36:42 INFO DiskBlockManager: Created local directory at /tmp/blockmgr-19f8cff4-7705-499b-b840-13f4f518b548
[2024-08-01T03:36:42.990+0000] {spark_submit.py:571} INFO - 24/08/01 03:36:42 INFO MemoryStore: MemoryStore started with capacity 434.4 MiB
[2024-08-01T03:36:43.026+0000] {spark_submit.py:571} INFO - 24/08/01 03:36:43 INFO SparkEnv: Registering OutputCommitCoordinator
[2024-08-01T03:36:43.317+0000] {spark_submit.py:571} INFO - 24/08/01 03:36:43 INFO JettyUtils: Start Jetty 0.0.0.0:4040 for SparkUI
[2024-08-01T03:36:43.416+0000] {spark_submit.py:571} INFO - 24/08/01 03:36:43 INFO Utils: Successfully started service 'SparkUI' on port 4040.
[2024-08-01T03:36:43.774+0000] {spark_submit.py:571} INFO - 24/08/01 03:36:43 INFO StandaloneAppClient$ClientEndpoint: Connecting to master spark://172.19.0.2:7077...
[2024-08-01T03:37:03.789+0000] {spark_submit.py:571} INFO - 24/08/01 03:37:03 INFO StandaloneAppClient$ClientEndpoint: Connecting to master spark://172.19.0.2:7077...
[2024-08-01T03:37:23.784+0000] {spark_submit.py:571} INFO - 24/08/01 03:37:23 INFO StandaloneAppClient$ClientEndpoint: Connecting to master spark://172.19.0.2:7077...
[2024-08-01T03:37:43.788+0000] {spark_submit.py:571} INFO - 24/08/01 03:37:43 ERROR StandaloneSchedulerBackend: Application has been killed. Reason: All masters are unresponsive! Giving up.
[2024-08-01T03:37:43.793+0000] {spark_submit.py:571} INFO - 24/08/01 03:37:43 WARN StandaloneSchedulerBackend: Application ID is not initialized yet.
[2024-08-01T03:37:43.829+0000] {spark_submit.py:571} INFO - 24/08/01 03:37:43 INFO Utils: Successfully started service 'org.apache.spark.network.netty.NettyBlockTransferService' on port 34389.
[2024-08-01T03:37:43.830+0000] {spark_submit.py:571} INFO - 24/08/01 03:37:43 INFO NettyBlockTransferService: Server created on 24fc876e8f70:34389
[2024-08-01T03:37:43.836+0000] {spark_submit.py:571} INFO - 24/08/01 03:37:43 INFO BlockManager: Using org.apache.spark.storage.RandomBlockReplicationPolicy for block replication policy
[2024-08-01T03:37:43.851+0000] {spark_submit.py:571} INFO - 24/08/01 03:37:43 INFO BlockManagerMaster: Registering BlockManager BlockManagerId(driver, 24fc876e8f70, 34389, None)
[2024-08-01T03:37:43.858+0000] {spark_submit.py:571} INFO - 24/08/01 03:37:43 INFO BlockManagerMasterEndpoint: Registering block manager 24fc876e8f70:34389 with 434.4 MiB RAM, BlockManagerId(driver, 24fc876e8f70, 34389, None)
[2024-08-01T03:37:43.861+0000] {spark_submit.py:571} INFO - 24/08/01 03:37:43 INFO BlockManagerMaster: Registered BlockManager BlockManagerId(driver, 24fc876e8f70, 34389, None)
[2024-08-01T03:37:43.864+0000] {spark_submit.py:571} INFO - 24/08/01 03:37:43 INFO BlockManager: Initialized BlockManager: BlockManagerId(driver, 24fc876e8f70, 34389, None)
[2024-08-01T03:37:44.208+0000] {spark_submit.py:571} INFO - 24/08/01 03:37:44 INFO StandaloneSchedulerBackend: SchedulerBackend is ready for scheduling beginning after reached minRegisteredResourcesRatio: 0.0
[2024-08-01T03:37:44.634+0000] {spark_submit.py:571} INFO - 24/08/01 03:37:44 INFO SparkContext: SparkContext is stopping with exitCode 0.
[2024-08-01T03:37:44.660+0000] {spark_submit.py:571} INFO - 24/08/01 03:37:44 INFO SparkUI: Stopped Spark web UI at http://24fc876e8f70:4040
[2024-08-01T03:37:44.674+0000] {spark_submit.py:571} INFO - 24/08/01 03:37:44 INFO StandaloneSchedulerBackend: Shutting down all executors
[2024-08-01T03:37:44.680+0000] {spark_submit.py:571} INFO - 24/08/01 03:37:44 INFO StandaloneSchedulerBackend$StandaloneDriverEndpoint: Asking each executor to shut down
[2024-08-01T03:37:44.695+0000] {spark_submit.py:571} INFO - 24/08/01 03:37:44 WARN StandaloneAppClient$ClientEndpoint: Drop UnregisterApplication(null) because has not yet connected to master
[2024-08-01T03:37:44.712+0000] {spark_submit.py:571} INFO - 24/08/01 03:37:44 INFO MapOutputTrackerMasterEndpoint: MapOutputTrackerMasterEndpoint stopped!
[2024-08-01T03:37:44.754+0000] {spark_submit.py:571} INFO - 24/08/01 03:37:44 INFO MemoryStore: MemoryStore cleared
[2024-08-01T03:37:44.754+0000] {spark_submit.py:571} INFO - 24/08/01 03:37:44 INFO BlockManager: BlockManager stopped
[2024-08-01T03:37:44.762+0000] {spark_submit.py:571} INFO - 24/08/01 03:37:44 INFO BlockManagerMaster: BlockManagerMaster stopped
[2024-08-01T03:37:44.765+0000] {spark_submit.py:571} INFO - 24/08/01 03:37:44 INFO OutputCommitCoordinator$OutputCommitCoordinatorEndpoint: OutputCommitCoordinator stopped!
[2024-08-01T03:37:44.770+0000] {spark_submit.py:571} INFO - Traceback (most recent call last):
[2024-08-01T03:37:44.771+0000] {spark_submit.py:571} INFO - File "/opt/airflow/jobs/word_count.py", line 7, in <module>
[2024-08-01T03:37:44.773+0000] {spark_submit.py:571} INFO - words = spark.sparkContext.parallelize(text.split(" "))
[2024-08-01T03:37:44.774+0000] {spark_submit.py:571} INFO - ^^^^^^^^^^^^^^^^^^^^^^^^^^^^^^^^^^^^^^^^^^^^^^^
[2024-08-01T03:37:44.774+0000] {spark_submit.py:571} INFO - File "/home/airflow/.local/lib/python3.11/site-packages/pyspark/python/lib/pyspark.zip/pyspark/context.py", line 824, in parallelize
[2024-08-01T03:37:44.775+0000] {spark_submit.py:571} INFO - File "/home/airflow/.local/lib/python3.11/site-packages/pyspark/python/lib/pyspark.zip/pyspark/context.py", line 870, in _serialize_to_jvm
[2024-08-01T03:37:44.775+0000] {spark_submit.py:571} INFO - File "/home/airflow/.local/lib/python3.11/site-packages/pyspark/python/lib/pyspark.zip/pyspark/context.py", line 818, in reader_func
[2024-08-01T03:37:44.776+0000] {spark_submit.py:571} INFO - File "/home/airflow/.local/lib/python3.11/site-packages/pyspark/python/lib/py4j-0.10.9.7-src.zip/py4j/java_gateway.py", line 1322, in __call__
[2024-08-01T03:37:44.777+0000] {spark_submit.py:571} INFO - File "/home/airflow/.local/lib/python3.11/site-packages/pyspark/python/lib/pyspark.zip/pyspark/errors/exceptions/captured.py", line 179, in deco
[2024-08-01T03:37:44.778+0000] {spark_submit.py:571} INFO - File "/home/airflow/.local/lib/python3.11/site-packages/pyspark/python/lib/py4j-0.10.9.7-src.zip/py4j/protocol.py", line 326, in get_return_value
[2024-08-01T03:37:44.781+0000] {spark_submit.py:571} INFO - py4j.protocol.Py4JJavaError: An error occurred while calling z:org.apache.spark.api.python.PythonRDD.readRDDFromFile.
[2024-08-01T03:37:44.783+0000] {spark_submit.py:571} INFO - : java.lang.IllegalStateException: Cannot call methods on a stopped SparkContext.
[2024-08-01T03:37:44.784+0000] {spark_submit.py:571} INFO - This stopped SparkContext was created at:
[2024-08-01T03:37:44.784+0000] {spark_submit.py:571} INFO - 
[2024-08-01T03:37:44.785+0000] {spark_submit.py:571} INFO - org.apache.spark.api.java.JavaSparkContext.<init>(JavaSparkContext.scala:58)
[2024-08-01T03:37:44.785+0000] {spark_submit.py:571} INFO - java.base/jdk.internal.reflect.NativeConstructorAccessorImpl.newInstance0(Native Method)
[2024-08-01T03:37:44.786+0000] {spark_submit.py:571} INFO - java.base/jdk.internal.reflect.NativeConstructorAccessorImpl.newInstance(NativeConstructorAccessorImpl.java:77)
[2024-08-01T03:37:44.786+0000] {spark_submit.py:571} INFO - java.base/jdk.internal.reflect.DelegatingConstructorAccessorImpl.newInstance(DelegatingConstructorAccessorImpl.java:45)
[2024-08-01T03:37:44.787+0000] {spark_submit.py:571} INFO - java.base/java.lang.reflect.Constructor.newInstanceWithCaller(Constructor.java:499)
[2024-08-01T03:37:44.787+0000] {spark_submit.py:571} INFO - java.base/java.lang.reflect.Constructor.newInstance(Constructor.java:480)
[2024-08-01T03:37:44.787+0000] {spark_submit.py:571} INFO - py4j.reflection.MethodInvoker.invoke(MethodInvoker.java:247)
[2024-08-01T03:37:44.788+0000] {spark_submit.py:571} INFO - py4j.reflection.ReflectionEngine.invoke(ReflectionEngine.java:374)
[2024-08-01T03:37:44.788+0000] {spark_submit.py:571} INFO - py4j.Gateway.invoke(Gateway.java:238)
[2024-08-01T03:37:44.788+0000] {spark_submit.py:571} INFO - py4j.commands.ConstructorCommand.invokeConstructor(ConstructorCommand.java:80)
[2024-08-01T03:37:44.789+0000] {spark_submit.py:571} INFO - py4j.commands.ConstructorCommand.execute(ConstructorCommand.java:69)
[2024-08-01T03:37:44.789+0000] {spark_submit.py:571} INFO - py4j.ClientServerConnection.waitForCommands(ClientServerConnection.java:182)
[2024-08-01T03:37:44.789+0000] {spark_submit.py:571} INFO - py4j.ClientServerConnection.run(ClientServerConnection.java:106)
[2024-08-01T03:37:44.790+0000] {spark_submit.py:571} INFO - java.base/java.lang.Thread.run(Thread.java:840)
[2024-08-01T03:37:44.790+0000] {spark_submit.py:571} INFO - 
[2024-08-01T03:37:44.791+0000] {spark_submit.py:571} INFO - The currently active SparkContext was created at:
[2024-08-01T03:37:44.791+0000] {spark_submit.py:571} INFO - 
[2024-08-01T03:37:44.791+0000] {spark_submit.py:571} INFO - org.apache.spark.api.java.JavaSparkContext.<init>(JavaSparkContext.scala:58)
[2024-08-01T03:37:44.792+0000] {spark_submit.py:571} INFO - java.base/jdk.internal.reflect.NativeConstructorAccessorImpl.newInstance0(Native Method)
[2024-08-01T03:37:44.792+0000] {spark_submit.py:571} INFO - java.base/jdk.internal.reflect.NativeConstructorAccessorImpl.newInstance(NativeConstructorAccessorImpl.java:77)
[2024-08-01T03:37:44.792+0000] {spark_submit.py:571} INFO - java.base/jdk.internal.reflect.DelegatingConstructorAccessorImpl.newInstance(DelegatingConstructorAccessorImpl.java:45)
[2024-08-01T03:37:44.793+0000] {spark_submit.py:571} INFO - java.base/java.lang.reflect.Constructor.newInstanceWithCaller(Constructor.java:499)
[2024-08-01T03:37:44.793+0000] {spark_submit.py:571} INFO - java.base/java.lang.reflect.Constructor.newInstance(Constructor.java:480)
[2024-08-01T03:37:44.793+0000] {spark_submit.py:571} INFO - py4j.reflection.MethodInvoker.invoke(MethodInvoker.java:247)
[2024-08-01T03:37:44.794+0000] {spark_submit.py:571} INFO - py4j.reflection.ReflectionEngine.invoke(ReflectionEngine.java:374)
[2024-08-01T03:37:44.794+0000] {spark_submit.py:571} INFO - py4j.Gateway.invoke(Gateway.java:238)
[2024-08-01T03:37:44.794+0000] {spark_submit.py:571} INFO - py4j.commands.ConstructorCommand.invokeConstructor(ConstructorCommand.java:80)
[2024-08-01T03:37:44.795+0000] {spark_submit.py:571} INFO - py4j.commands.ConstructorCommand.execute(ConstructorCommand.java:69)
[2024-08-01T03:37:44.795+0000] {spark_submit.py:571} INFO - py4j.ClientServerConnection.waitForCommands(ClientServerConnection.java:182)
[2024-08-01T03:37:44.795+0000] {spark_submit.py:571} INFO - py4j.ClientServerConnection.run(ClientServerConnection.java:106)
[2024-08-01T03:37:44.796+0000] {spark_submit.py:571} INFO - java.base/java.lang.Thread.run(Thread.java:840)
[2024-08-01T03:37:44.796+0000] {spark_submit.py:571} INFO - 
[2024-08-01T03:37:44.796+0000] {spark_submit.py:571} INFO - at org.apache.spark.SparkContext.assertNotStopped(SparkContext.scala:122)
[2024-08-01T03:37:44.797+0000] {spark_submit.py:571} INFO - at org.apache.spark.SparkContext.$anonfun$parallelize$1(SparkContext.scala:942)
[2024-08-01T03:37:44.797+0000] {spark_submit.py:571} INFO - at org.apache.spark.rdd.RDDOperationScope$.withScope(RDDOperationScope.scala:151)
[2024-08-01T03:37:44.797+0000] {spark_submit.py:571} INFO - at org.apache.spark.rdd.RDDOperationScope$.withScope(RDDOperationScope.scala:112)
[2024-08-01T03:37:44.798+0000] {spark_submit.py:571} INFO - at org.apache.spark.SparkContext.withScope(SparkContext.scala:924)
[2024-08-01T03:37:44.799+0000] {spark_submit.py:571} INFO - at org.apache.spark.SparkContext.parallelize(SparkContext.scala:941)
[2024-08-01T03:37:44.800+0000] {spark_submit.py:571} INFO - at org.apache.spark.api.java.JavaRDD$.readRDDFromInputStream(JavaRDD.scala:259)
[2024-08-01T03:37:44.800+0000] {spark_submit.py:571} INFO - at org.apache.spark.api.java.JavaRDD$.readRDDFromFile(JavaRDD.scala:239)
[2024-08-01T03:37:44.801+0000] {spark_submit.py:571} INFO - at org.apache.spark.api.python.PythonRDD$.readRDDFromFile(PythonRDD.scala:289)
[2024-08-01T03:37:44.801+0000] {spark_submit.py:571} INFO - at org.apache.spark.api.python.PythonRDD.readRDDFromFile(PythonRDD.scala)
[2024-08-01T03:37:44.801+0000] {spark_submit.py:571} INFO - at java.base/jdk.internal.reflect.NativeMethodAccessorImpl.invoke0(Native Method)
[2024-08-01T03:37:44.802+0000] {spark_submit.py:571} INFO - at java.base/jdk.internal.reflect.NativeMethodAccessorImpl.invoke(NativeMethodAccessorImpl.java:77)
[2024-08-01T03:37:44.802+0000] {spark_submit.py:571} INFO - at java.base/jdk.internal.reflect.DelegatingMethodAccessorImpl.invoke(DelegatingMethodAccessorImpl.java:43)
[2024-08-01T03:37:44.803+0000] {spark_submit.py:571} INFO - at java.base/java.lang.reflect.Method.invoke(Method.java:568)
[2024-08-01T03:37:44.803+0000] {spark_submit.py:571} INFO - at py4j.reflection.MethodInvoker.invoke(MethodInvoker.java:244)
[2024-08-01T03:37:44.804+0000] {spark_submit.py:571} INFO - at py4j.reflection.ReflectionEngine.invoke(ReflectionEngine.java:374)
[2024-08-01T03:37:44.804+0000] {spark_submit.py:571} INFO - at py4j.Gateway.invoke(Gateway.java:282)
[2024-08-01T03:37:44.805+0000] {spark_submit.py:571} INFO - at py4j.commands.AbstractCommand.invokeMethod(AbstractCommand.java:132)
[2024-08-01T03:37:44.805+0000] {spark_submit.py:571} INFO - at py4j.commands.CallCommand.execute(CallCommand.java:79)
[2024-08-01T03:37:44.805+0000] {spark_submit.py:571} INFO - at py4j.ClientServerConnection.waitForCommands(ClientServerConnection.java:182)
[2024-08-01T03:37:44.806+0000] {spark_submit.py:571} INFO - at py4j.ClientServerConnection.run(ClientServerConnection.java:106)
[2024-08-01T03:37:44.806+0000] {spark_submit.py:571} INFO - at java.base/java.lang.Thread.run(Thread.java:840)
[2024-08-01T03:37:44.806+0000] {spark_submit.py:571} INFO - 
[2024-08-01T03:37:44.807+0000] {spark_submit.py:571} INFO - 24/08/01 03:37:44 INFO SparkContext: Successfully stopped SparkContext
[2024-08-01T03:37:44.850+0000] {spark_submit.py:571} INFO - 24/08/01 03:37:44 INFO ShutdownHookManager: Shutdown hook called
[2024-08-01T03:37:44.850+0000] {spark_submit.py:571} INFO - 24/08/01 03:37:44 INFO ShutdownHookManager: Deleting directory /tmp/spark-36be65d1-54d4-451a-92e4-3e6ded604c07
[2024-08-01T03:37:44.855+0000] {spark_submit.py:571} INFO - 24/08/01 03:37:44 INFO ShutdownHookManager: Deleting directory /tmp/spark-5f16c319-9602-45ab-87e6-12d348e1fa4e/pyspark-855a6b88-2840-4295-a452-5dc717c3c619
[2024-08-01T03:37:44.859+0000] {spark_submit.py:571} INFO - 24/08/01 03:37:44 INFO ShutdownHookManager: Deleting directory /tmp/spark-5f16c319-9602-45ab-87e6-12d348e1fa4e
[2024-08-01T03:37:44.913+0000] {taskinstance.py:441} INFO - ::group::Post task execution logs
[2024-08-01T03:37:44.925+0000] {taskinstance.py:2905} ERROR - Task failed with exception
Traceback (most recent call last):
  File "/home/airflow/.local/lib/python3.11/site-packages/airflow/models/taskinstance.py", line 465, in _execute_task
    result = _execute_callable(context=context, **execute_callable_kwargs)
             ^^^^^^^^^^^^^^^^^^^^^^^^^^^^^^^^^^^^^^^^^^^^^^^^^^^^^^^^^^^^^
  File "/home/airflow/.local/lib/python3.11/site-packages/airflow/models/taskinstance.py", line 432, in _execute_callable
    return execute_callable(context=context, **execute_callable_kwargs)
           ^^^^^^^^^^^^^^^^^^^^^^^^^^^^^^^^^^^^^^^^^^^^^^^^^^^^^^^^^^^^
  File "/home/airflow/.local/lib/python3.11/site-packages/airflow/models/baseoperator.py", line 400, in wrapper
    return func(self, *args, **kwargs)
           ^^^^^^^^^^^^^^^^^^^^^^^^^^^
  File "/home/airflow/.local/lib/python3.11/site-packages/airflow/providers/apache/spark/operators/spark_submit.py", line 174, in execute
    self._hook.submit(self.application)
  File "/home/airflow/.local/lib/python3.11/site-packages/airflow/providers/apache/spark/hooks/spark_submit.py", line 502, in submit
    raise AirflowException(
airflow.exceptions.AirflowException: Cannot execute: spark-submit --master spark://172.19.0.2:7077 --name arrow-spark --deploy-mode client jobs/word_count.py. Error code is: 1.
[2024-08-01T03:37:44.933+0000] {taskinstance.py:1206} INFO - Marking task as FAILED. dag_id=welcome_dag, task_id=python_job, run_id=manual__2024-08-01T03:36:22.728368+00:00, execution_date=20240801T033622, start_date=20240801T033635, end_date=20240801T033744
[2024-08-01T03:37:44.968+0000] {standard_task_runner.py:110} ERROR - Failed to execute job 29 for task python_job (Cannot execute: spark-submit --master spark://172.19.0.2:7077 --name arrow-spark --deploy-mode client jobs/word_count.py. Error code is: 1.; 1430)
[2024-08-01T03:37:45.006+0000] {local_task_job_runner.py:240} INFO - Task exited with return code 1
[2024-08-01T03:37:45.077+0000] {taskinstance.py:3498} INFO - 0 downstream tasks scheduled from follow-on schedule check
[2024-08-01T03:37:45.116+0000] {local_task_job_runner.py:222} INFO - ::endgroup::
