[2024-07-31T17:37:31.304+0000] {processor.py:161} INFO - Started process (PID=56) to work on /opt/airflow/dags/welcome_dag.py
[2024-07-31T17:37:31.313+0000] {processor.py:830} INFO - Processing file /opt/airflow/dags/welcome_dag.py for tasks to queue
[2024-07-31T17:37:31.329+0000] {logging_mixin.py:188} INFO - [2024-07-31T17:37:31.327+0000] {dagbag.py:545} INFO - Filling up the DagBag from /opt/airflow/dags/welcome_dag.py
[2024-07-31T17:37:31.434+0000] {logging_mixin.py:188} INFO - [2024-07-31T17:37:31.423+0000] {dagbag.py:355} ERROR - Failed to import: /opt/airflow/dags/welcome_dag.py
Traceback (most recent call last):
  File "/home/airflow/.local/lib/python3.12/site-packages/airflow/models/dagbag.py", line 351, in parse
    loader.exec_module(new_module)
  File "<frozen importlib._bootstrap_external>", line 995, in exec_module
  File "<frozen importlib._bootstrap>", line 488, in _call_with_frames_removed
  File "/opt/airflow/dags/welcome_dag.py", line 3, in <module>
    from airflow.providers.apache.spark.operators.spark_submit import SparkSubmitOperator
ModuleNotFoundError: No module named 'airflow.providers.apache'
[2024-07-31T17:37:31.437+0000] {processor.py:842} WARNING - No viable dags retrieved from /opt/airflow/dags/welcome_dag.py
[2024-07-31T17:37:31.553+0000] {processor.py:183} INFO - Processing /opt/airflow/dags/welcome_dag.py took 0.297 seconds
[2024-07-31T17:38:19.099+0000] {processor.py:161} INFO - Started process (PID=39) to work on /opt/airflow/dags/welcome_dag.py
[2024-07-31T17:38:19.101+0000] {processor.py:830} INFO - Processing file /opt/airflow/dags/welcome_dag.py for tasks to queue
[2024-07-31T17:38:19.105+0000] {logging_mixin.py:188} INFO - [2024-07-31T17:38:19.104+0000] {dagbag.py:545} INFO - Filling up the DagBag from /opt/airflow/dags/welcome_dag.py
[2024-07-31T17:38:19.144+0000] {logging_mixin.py:188} INFO - [2024-07-31T17:38:19.137+0000] {dagbag.py:355} ERROR - Failed to import: /opt/airflow/dags/welcome_dag.py
Traceback (most recent call last):
  File "/home/airflow/.local/lib/python3.12/site-packages/airflow/models/dagbag.py", line 351, in parse
    loader.exec_module(new_module)
  File "<frozen importlib._bootstrap_external>", line 995, in exec_module
  File "<frozen importlib._bootstrap>", line 488, in _call_with_frames_removed
  File "/opt/airflow/dags/welcome_dag.py", line 3, in <module>
    from airflow.providers.apache.spark.operators.spark_submit import SparkSubmitOperator
ModuleNotFoundError: No module named 'airflow.providers.apache'
[2024-07-31T17:38:19.147+0000] {processor.py:842} WARNING - No viable dags retrieved from /opt/airflow/dags/welcome_dag.py
[2024-07-31T17:38:19.199+0000] {processor.py:183} INFO - Processing /opt/airflow/dags/welcome_dag.py took 0.110 seconds
[2024-07-31T17:38:49.693+0000] {processor.py:161} INFO - Started process (PID=52) to work on /opt/airflow/dags/welcome_dag.py
[2024-07-31T17:38:49.694+0000] {processor.py:830} INFO - Processing file /opt/airflow/dags/welcome_dag.py for tasks to queue
[2024-07-31T17:38:49.698+0000] {logging_mixin.py:188} INFO - [2024-07-31T17:38:49.697+0000] {dagbag.py:545} INFO - Filling up the DagBag from /opt/airflow/dags/welcome_dag.py
[2024-07-31T17:38:49.727+0000] {logging_mixin.py:188} INFO - [2024-07-31T17:38:49.722+0000] {dagbag.py:355} ERROR - Failed to import: /opt/airflow/dags/welcome_dag.py
Traceback (most recent call last):
  File "/home/airflow/.local/lib/python3.12/site-packages/airflow/models/dagbag.py", line 351, in parse
    loader.exec_module(new_module)
  File "<frozen importlib._bootstrap_external>", line 995, in exec_module
  File "<frozen importlib._bootstrap>", line 488, in _call_with_frames_removed
  File "/opt/airflow/dags/welcome_dag.py", line 3, in <module>
    from airflow.providers.apache.spark.operators.spark_submit import SparkSubmitOperator
ModuleNotFoundError: No module named 'airflow.providers.apache'
[2024-07-31T17:38:49.731+0000] {processor.py:842} WARNING - No viable dags retrieved from /opt/airflow/dags/welcome_dag.py
[2024-07-31T17:38:49.776+0000] {processor.py:183} INFO - Processing /opt/airflow/dags/welcome_dag.py took 0.092 seconds
[2024-07-31T17:39:20.393+0000] {processor.py:161} INFO - Started process (PID=70) to work on /opt/airflow/dags/welcome_dag.py
[2024-07-31T17:39:20.395+0000] {processor.py:830} INFO - Processing file /opt/airflow/dags/welcome_dag.py for tasks to queue
[2024-07-31T17:39:20.399+0000] {logging_mixin.py:188} INFO - [2024-07-31T17:39:20.398+0000] {dagbag.py:545} INFO - Filling up the DagBag from /opt/airflow/dags/welcome_dag.py
[2024-07-31T17:39:20.426+0000] {logging_mixin.py:188} INFO - [2024-07-31T17:39:20.421+0000] {dagbag.py:355} ERROR - Failed to import: /opt/airflow/dags/welcome_dag.py
Traceback (most recent call last):
  File "/home/airflow/.local/lib/python3.12/site-packages/airflow/models/dagbag.py", line 351, in parse
    loader.exec_module(new_module)
  File "<frozen importlib._bootstrap_external>", line 995, in exec_module
  File "<frozen importlib._bootstrap>", line 488, in _call_with_frames_removed
  File "/opt/airflow/dags/welcome_dag.py", line 3, in <module>
    from airflow.providers.apache.spark.operators.spark_submit import SparkSubmitOperator
ModuleNotFoundError: No module named 'airflow.providers.apache'
[2024-07-31T17:39:20.428+0000] {processor.py:842} WARNING - No viable dags retrieved from /opt/airflow/dags/welcome_dag.py
[2024-07-31T17:39:20.482+0000] {processor.py:183} INFO - Processing /opt/airflow/dags/welcome_dag.py took 0.101 seconds
[2024-07-31T17:39:50.691+0000] {processor.py:161} INFO - Started process (PID=71) to work on /opt/airflow/dags/welcome_dag.py
[2024-07-31T17:39:50.693+0000] {processor.py:830} INFO - Processing file /opt/airflow/dags/welcome_dag.py for tasks to queue
[2024-07-31T17:39:50.696+0000] {logging_mixin.py:188} INFO - [2024-07-31T17:39:50.695+0000] {dagbag.py:545} INFO - Filling up the DagBag from /opt/airflow/dags/welcome_dag.py
[2024-07-31T17:39:50.737+0000] {logging_mixin.py:188} INFO - [2024-07-31T17:39:50.730+0000] {dagbag.py:355} ERROR - Failed to import: /opt/airflow/dags/welcome_dag.py
Traceback (most recent call last):
  File "/home/airflow/.local/lib/python3.12/site-packages/airflow/models/dagbag.py", line 351, in parse
    loader.exec_module(new_module)
  File "<frozen importlib._bootstrap_external>", line 995, in exec_module
  File "<frozen importlib._bootstrap>", line 488, in _call_with_frames_removed
  File "/opt/airflow/dags/welcome_dag.py", line 3, in <module>
    from airflow.providers.apache.spark.operators.spark_submit import SparkSubmitOperator
ModuleNotFoundError: No module named 'airflow.providers.apache'
[2024-07-31T17:39:50.740+0000] {processor.py:842} WARNING - No viable dags retrieved from /opt/airflow/dags/welcome_dag.py
[2024-07-31T17:39:50.791+0000] {processor.py:183} INFO - Processing /opt/airflow/dags/welcome_dag.py took 0.109 seconds
