[2024-08-09T09:10:15.243+0000] {local_task_job_runner.py:120} INFO - ::group::Pre task execution logs
[2024-08-09T09:10:15.285+0000] {taskinstance.py:2076} INFO - Dependencies all met for dep_context=non-requeueable deps ti=<TaskInstance: Integrate_Data_Warehouse.gold_atvsld manual__2024-08-09T09:09:07.942883+00:00 [queued]>
[2024-08-09T09:10:15.303+0000] {taskinstance.py:2076} INFO - Dependencies all met for dep_context=requeueable deps ti=<TaskInstance: Integrate_Data_Warehouse.gold_atvsld manual__2024-08-09T09:09:07.942883+00:00 [queued]>
[2024-08-09T09:10:15.304+0000] {taskinstance.py:2306} INFO - Starting attempt 1 of 1
[2024-08-09T09:10:15.344+0000] {taskinstance.py:2330} INFO - Executing <Task(PythonOperator): gold_atvsld> on 2024-08-09 09:09:07.942883+00:00
[2024-08-09T09:10:15.351+0000] {standard_task_runner.py:63} INFO - Started process 4329 to run task
[2024-08-09T09:10:15.355+0000] {standard_task_runner.py:90} INFO - Running: ['airflow', 'tasks', 'run', 'Integrate_Data_Warehouse', 'gold_atvsld', 'manual__2024-08-09T09:09:07.942883+00:00', '--job-id', '419', '--raw', '--subdir', 'DAGS_FOLDER/etl_ldtbxh.dag.py', '--cfg-path', '/tmp/tmpjqczfi2z']
[2024-08-09T09:10:15.357+0000] {standard_task_runner.py:91} INFO - Job 419: Subtask gold_atvsld
[2024-08-09T09:10:15.438+0000] {task_command.py:426} INFO - Running <TaskInstance: Integrate_Data_Warehouse.gold_atvsld manual__2024-08-09T09:09:07.942883+00:00 [running]> on host 45f7764b2bf2
[2024-08-09T09:10:15.579+0000] {taskinstance.py:2648} INFO - Exporting env vars: AIRFLOW_CTX_DAG_OWNER='airflow' AIRFLOW_CTX_DAG_ID='Integrate_Data_Warehouse' AIRFLOW_CTX_TASK_ID='gold_atvsld' AIRFLOW_CTX_EXECUTION_DATE='2024-08-09T09:09:07.942883+00:00' AIRFLOW_CTX_TRY_NUMBER='1' AIRFLOW_CTX_DAG_RUN_ID='manual__2024-08-09T09:09:07.942883+00:00'
[2024-08-09T09:10:15.580+0000] {taskinstance.py:430} INFO - ::endgroup::
[2024-08-09T09:10:27.849+0000] {logging_mixin.py:188} INFO - ====================
[2024-08-09T09:10:32.207+0000] {logging_mixin.py:188} INFO - +--------------------+--------------------+----+-----+-------------+-------------+-----------+------------------+-------------+--------------+------------+---+--------------------+------+------------+
|           member_id|           family_id|year|month|province_name|district_name|member_name|owner_relationship|year_of_birth|month_of_birth|day_of_birth|age|identity_card_number|nation|final_result|
+--------------------+--------------------+----+-----+-------------+-------------+-----------+------------------+-------------+--------------+------------+---+--------------------+------+------------+
|71effd11-a7e9-47c...|70321aa9-91b9-465...|2024|    8|     Đắk Nông|       Cư Jút| Phùng A Sử|            Chủ hộ|         1996|            12|          20| 28|                NULL|  NULL|    hộ nghèo|
|02d5e4bf-4869-426...|70321aa9-91b9-465...|2024|    8|     Đắk Nông|       Cư Jút| Phùng A La|           Em trai|         2003|             1|          11| 21|                NULL|  NULL|    hộ nghèo|
|b9e19d66-14ad-40b...|f4773df9-32bc-417...|2024|    8|     Đắk Nông|       Cư Jút|   Độ A Đạt|            Chủ hộ|         2000|             2|           4| 24|                NULL|  NULL|    hộ nghèo|
+--------------------+--------------------+----+-----+-------------+-------------+-----------+------------------+-------------+--------------+------------+---+--------------------+------+------------+
[2024-08-09T09:10:32.210+0000] {logging_mixin.py:188} INFO - None
[2024-08-09T09:10:32.211+0000] {logging_mixin.py:188} INFO - ====================
[2024-08-09T09:10:32.530+0000] {python.py:237} INFO - Done. Returned value was: None
[2024-08-09T09:10:32.534+0000] {taskinstance.py:441} INFO - ::group::Post task execution logs
[2024-08-09T09:10:32.607+0000] {taskinstance.py:1206} INFO - Marking task as SUCCESS. dag_id=Integrate_Data_Warehouse, task_id=gold_atvsld, run_id=manual__2024-08-09T09:09:07.942883+00:00, execution_date=20240809T090907, start_date=20240809T091015, end_date=20240809T091032
[2024-08-09T09:10:32.723+0000] {local_task_job_runner.py:240} INFO - Task exited with return code 0
[2024-08-09T09:10:32.772+0000] {taskinstance.py:3498} INFO - 1 downstream tasks scheduled from follow-on schedule check
[2024-08-09T09:10:32.786+0000] {local_task_job_runner.py:222} INFO - ::endgroup::
