[2024-08-04T07:06:26.512+0000] {local_task_job_runner.py:120} INFO - ::group::Pre task execution logs
[2024-08-04T07:06:26.580+0000] {taskinstance.py:2076} INFO - Dependencies all met for dep_context=non-requeueable deps ti=<TaskInstance: welcome_dag.connect_postgres manual__2024-08-04T07:05:44.336885+00:00 [queued]>
[2024-08-04T07:06:26.608+0000] {taskinstance.py:2076} INFO - Dependencies all met for dep_context=requeueable deps ti=<TaskInstance: welcome_dag.connect_postgres manual__2024-08-04T07:05:44.336885+00:00 [queued]>
[2024-08-04T07:06:26.609+0000] {taskinstance.py:2306} INFO - Starting attempt 1 of 1
[2024-08-04T07:06:26.692+0000] {taskinstance.py:2330} INFO - Executing <Task(PythonOperator): connect_postgres> on 2024-08-04 07:05:44.336885+00:00
[2024-08-04T07:06:26.701+0000] {standard_task_runner.py:63} INFO - Started process 246 to run task
[2024-08-04T07:06:26.711+0000] {standard_task_runner.py:90} INFO - Running: ['airflow', 'tasks', 'run', 'welcome_dag', 'connect_postgres', 'manual__2024-08-04T07:05:44.336885+00:00', '--job-id', '122', '--raw', '--subdir', 'DAGS_FOLDER/welcome_dag.py', '--cfg-path', '/tmp/tmpi4yncxfp']
[2024-08-04T07:06:26.716+0000] {standard_task_runner.py:91} INFO - Job 122: Subtask connect_postgres
[2024-08-04T07:06:26.894+0000] {task_command.py:426} INFO - Running <TaskInstance: welcome_dag.connect_postgres manual__2024-08-04T07:05:44.336885+00:00 [running]> on host 89077840545e
[2024-08-04T07:06:27.185+0000] {taskinstance.py:2648} INFO - Exporting env vars: AIRFLOW_CTX_DAG_OWNER='airflow' AIRFLOW_CTX_DAG_ID='welcome_dag' AIRFLOW_CTX_TASK_ID='connect_postgres' AIRFLOW_CTX_EXECUTION_DATE='2024-08-04T07:05:44.336885+00:00' AIRFLOW_CTX_TRY_NUMBER='1' AIRFLOW_CTX_DAG_RUN_ID='manual__2024-08-04T07:05:44.336885+00:00'
[2024-08-04T07:06:27.187+0000] {taskinstance.py:430} INFO - ::endgroup::
[2024-08-04T07:06:38.362+0000] {logging_mixin.py:188} INFO - ============================
[2024-08-04T07:06:38.421+0000] {logging_mixin.py:188} INFO - root
 |-- province_code: string (nullable = true)
 |-- province_name: string (nullable = true)
 |-- region_code: string (nullable = true)
[2024-08-04T07:06:38.425+0000] {logging_mixin.py:188} INFO - None
[2024-08-04T07:06:42.824+0000] {logging_mixin.py:188} INFO - +-------------+-------------+-----------+
|province_code|province_name|region_code|
+-------------+-------------+-----------+
+-------------+-------------+-----------+
[2024-08-04T07:06:42.825+0000] {logging_mixin.py:188} INFO - None
[2024-08-04T07:06:42.828+0000] {logging_mixin.py:188} INFO - ============================
[2024-08-04T07:06:43.401+0000] {python.py:237} INFO - Done. Returned value was: None
[2024-08-04T07:06:43.403+0000] {taskinstance.py:441} INFO - ::group::Post task execution logs
[2024-08-04T07:06:43.434+0000] {taskinstance.py:1206} INFO - Marking task as SUCCESS. dag_id=welcome_dag, task_id=connect_postgres, run_id=manual__2024-08-04T07:05:44.336885+00:00, execution_date=20240804T070544, start_date=20240804T070626, end_date=20240804T070643
[2024-08-04T07:06:43.518+0000] {local_task_job_runner.py:240} INFO - Task exited with return code 0
[2024-08-04T07:06:43.556+0000] {taskinstance.py:3498} INFO - 0 downstream tasks scheduled from follow-on schedule check
[2024-08-04T07:06:43.558+0000] {local_task_job_runner.py:222} INFO - ::endgroup::
