[2024-08-07T06:31:07.630+0000] {local_task_job_runner.py:120} INFO - ::group::Pre task execution logs
[2024-08-07T06:31:07.673+0000] {taskinstance.py:2076} INFO - Dependencies all met for dep_context=non-requeueable deps ti=<TaskInstance: Integrate_Time_Location_Dimension.bronze_time manual__2024-08-07T06:30:52.724369+00:00 [queued]>
[2024-08-07T06:31:07.689+0000] {taskinstance.py:2076} INFO - Dependencies all met for dep_context=requeueable deps ti=<TaskInstance: Integrate_Time_Location_Dimension.bronze_time manual__2024-08-07T06:30:52.724369+00:00 [queued]>
[2024-08-07T06:31:07.690+0000] {taskinstance.py:2306} INFO - Starting attempt 1 of 1
[2024-08-07T06:31:07.733+0000] {taskinstance.py:2330} INFO - Executing <Task(PythonOperator): bronze_time> on 2024-08-07 06:30:52.724369+00:00
[2024-08-07T06:31:07.738+0000] {standard_task_runner.py:63} INFO - Started process 4346 to run task
[2024-08-07T06:31:07.742+0000] {standard_task_runner.py:90} INFO - Running: ['airflow', 'tasks', 'run', 'Integrate_Time_Location_Dimension', 'bronze_time', 'manual__2024-08-07T06:30:52.724369+00:00', '--job-id', '176', '--raw', '--subdir', 'DAGS_FOLDER/etl_time_location_dag.py', '--cfg-path', '/tmp/tmph0nm2265']
[2024-08-07T06:31:07.746+0000] {standard_task_runner.py:91} INFO - Job 176: Subtask bronze_time
[2024-08-07T06:31:07.837+0000] {task_command.py:426} INFO - Running <TaskInstance: Integrate_Time_Location_Dimension.bronze_time manual__2024-08-07T06:30:52.724369+00:00 [running]> on host 45f7764b2bf2
[2024-08-07T06:31:08.022+0000] {taskinstance.py:2648} INFO - Exporting env vars: AIRFLOW_CTX_DAG_OWNER='airflow' AIRFLOW_CTX_DAG_ID='Integrate_Time_Location_Dimension' AIRFLOW_CTX_TASK_ID='bronze_time' AIRFLOW_CTX_EXECUTION_DATE='2024-08-07T06:30:52.724369+00:00' AIRFLOW_CTX_TRY_NUMBER='1' AIRFLOW_CTX_DAG_RUN_ID='manual__2024-08-07T06:30:52.724369+00:00'
[2024-08-07T06:31:08.024+0000] {taskinstance.py:430} INFO - ::endgroup::
[2024-08-07T06:31:08.781+0000] {logging_mixin.py:188} INFO -       date key  full date  ...  month end flag  same day year ago
0     20200101 2020-01-01  ...   Not Month End         2019-01-01
1     20200102 2020-01-02  ...   Not Month End         2019-01-02
2     20200103 2020-01-03  ...   Not Month End         2019-01-03
3     20200104 2020-01-04  ...   Not Month End         2019-01-04
4     20200105 2020-01-05  ...   Not Month End         2019-01-05
...        ...        ...  ...             ...                ...
2187  20251227 2025-12-27  ...   Not Month End         2024-12-27
2188  20251228 2025-12-28  ...   Not Month End         2024-12-28
2189  20251229 2025-12-29  ...   Not Month End         2024-12-29
2190  20251230 2025-12-30  ...   Not Month End         2024-12-30
2191  20251231 2025-12-31  ...       Month End         2024-12-31

[2192 rows x 24 columns]
[2024-08-07T06:31:08.782+0000] {python.py:237} INFO - Done. Returned value was:       date key  full date  ...  month end flag  same day year ago
0     20200101 2020-01-01  ...   Not Month End         2019-01-01
1     20200102 2020-01-02  ...   Not Month End         2019-01-02
2     20200103 2020-01-03  ...   Not Month End         2019-01-03
3     20200104 2020-01-04  ...   Not Month End         2019-01-04
4     20200105 2020-01-05  ...   Not Month End         2019-01-05
...        ...        ...  ...             ...                ...
2187  20251227 2025-12-27  ...   Not Month End         2024-12-27
2188  20251228 2025-12-28  ...   Not Month End         2024-12-28
2189  20251229 2025-12-29  ...   Not Month End         2024-12-29
2190  20251230 2025-12-30  ...   Not Month End         2024-12-30
2191  20251231 2025-12-31  ...       Month End         2024-12-31

[2192 rows x 24 columns]
[2024-08-07T06:31:08.803+0000] {taskinstance.py:441} INFO - ::group::Post task execution logs
[2024-08-07T06:31:08.924+0000] {taskinstance.py:1206} INFO - Marking task as SUCCESS. dag_id=Integrate_Time_Location_Dimension, task_id=bronze_time, run_id=manual__2024-08-07T06:30:52.724369+00:00, execution_date=20240807T063052, start_date=20240807T063107, end_date=20240807T063108
[2024-08-07T06:31:09.004+0000] {local_task_job_runner.py:240} INFO - Task exited with return code 0
[2024-08-07T06:31:09.049+0000] {taskinstance.py:3498} INFO - 1 downstream tasks scheduled from follow-on schedule check
[2024-08-07T06:31:09.067+0000] {local_task_job_runner.py:222} INFO - ::endgroup::
