[2024-08-01T03:33:57.859+0000] {local_task_job_runner.py:120} INFO - ::group::Pre task execution logs
[2024-08-01T03:33:57.894+0000] {taskinstance.py:2076} INFO - Dependencies all met for dep_context=non-requeueable deps ti=<TaskInstance: welcome_dag.python_job manual__2024-08-01T03:33:47.910203+00:00 [queued]>
[2024-08-01T03:33:57.907+0000] {taskinstance.py:2076} INFO - Dependencies all met for dep_context=requeueable deps ti=<TaskInstance: welcome_dag.python_job manual__2024-08-01T03:33:47.910203+00:00 [queued]>
[2024-08-01T03:33:57.908+0000] {taskinstance.py:2306} INFO - Starting attempt 1 of 1
[2024-08-01T03:33:57.941+0000] {taskinstance.py:2330} INFO - Executing <Task(SparkSubmitOperator): python_job> on 2024-08-01 03:33:47.910203+00:00
[2024-08-01T03:33:57.946+0000] {standard_task_runner.py:63} INFO - Started process 1281 to run task
[2024-08-01T03:33:57.949+0000] {standard_task_runner.py:90} INFO - Running: ['airflow', 'tasks', 'run', 'welcome_dag', 'python_job', 'manual__2024-08-01T03:33:47.910203+00:00', '--job-id', '27', '--raw', '--subdir', 'DAGS_FOLDER/welcome_dag.py', '--cfg-path', '/tmp/tmpus07b9qc']
[2024-08-01T03:33:57.952+0000] {standard_task_runner.py:91} INFO - Job 27: Subtask python_job
[2024-08-01T03:33:58.031+0000] {task_command.py:426} INFO - Running <TaskInstance: welcome_dag.python_job manual__2024-08-01T03:33:47.910203+00:00 [running]> on host 24fc876e8f70
[2024-08-01T03:33:58.167+0000] {taskinstance.py:2648} INFO - Exporting env vars: AIRFLOW_CTX_DAG_OWNER='airflow' AIRFLOW_CTX_DAG_ID='welcome_dag' AIRFLOW_CTX_TASK_ID='python_job' AIRFLOW_CTX_EXECUTION_DATE='2024-08-01T03:33:47.910203+00:00' AIRFLOW_CTX_TRY_NUMBER='1' AIRFLOW_CTX_DAG_RUN_ID='manual__2024-08-01T03:33:47.910203+00:00'
[2024-08-01T03:33:58.168+0000] {taskinstance.py:430} INFO - ::endgroup::
[2024-08-01T03:33:58.194+0000] {base.py:84} INFO - Using connection ID 'spark_conn' for task execution.
[2024-08-01T03:33:58.195+0000] {spark_submit.py:401} INFO - Spark-Submit cmd: spark-submit --master spark://172.19.0.2:7077 --name arrow-spark --deploy-mode client jobs/word_count.py
[2024-08-01T03:34:02.578+0000] {spark_submit.py:571} INFO - 24/08/01 03:34:02 INFO SparkContext: Running Spark version 3.5.1
[2024-08-01T03:34:02.580+0000] {spark_submit.py:571} INFO - 24/08/01 03:34:02 INFO SparkContext: OS info Linux, 5.15.153.1-microsoft-standard-WSL2, amd64
[2024-08-01T03:34:02.581+0000] {spark_submit.py:571} INFO - 24/08/01 03:34:02 INFO SparkContext: Java version 17.0.11
[2024-08-01T03:34:02.675+0000] {spark_submit.py:571} INFO - 24/08/01 03:34:02 WARN NativeCodeLoader: Unable to load native-hadoop library for your platform... using builtin-java classes where applicable
[2024-08-01T03:34:02.826+0000] {spark_submit.py:571} INFO - 24/08/01 03:34:02 INFO ResourceUtils: ==============================================================
[2024-08-01T03:34:02.827+0000] {spark_submit.py:571} INFO - 24/08/01 03:34:02 INFO ResourceUtils: No custom resources configured for spark.driver.
[2024-08-01T03:34:02.828+0000] {spark_submit.py:571} INFO - 24/08/01 03:34:02 INFO ResourceUtils: ==============================================================
[2024-08-01T03:34:02.829+0000] {spark_submit.py:571} INFO - 24/08/01 03:34:02 INFO SparkContext: Submitted application: PythonWordCount
[2024-08-01T03:34:02.861+0000] {spark_submit.py:571} INFO - 24/08/01 03:34:02 INFO ResourceProfile: Default ResourceProfile created, executor resources: Map(memory -> name: memory, amount: 1024, script: , vendor: , offHeap -> name: offHeap, amount: 0, script: , vendor: ), task resources: Map(cpus -> name: cpus, amount: 1.0)
[2024-08-01T03:34:02.874+0000] {spark_submit.py:571} INFO - 24/08/01 03:34:02 INFO ResourceProfile: Limiting resource is cpu
[2024-08-01T03:34:02.875+0000] {spark_submit.py:571} INFO - 24/08/01 03:34:02 INFO ResourceProfileManager: Added ResourceProfile id: 0
[2024-08-01T03:34:02.944+0000] {spark_submit.py:571} INFO - 24/08/01 03:34:02 INFO SecurityManager: Changing view acls to: airflow
[2024-08-01T03:34:02.945+0000] {spark_submit.py:571} INFO - 24/08/01 03:34:02 INFO SecurityManager: Changing modify acls to: airflow
[2024-08-01T03:34:02.946+0000] {spark_submit.py:571} INFO - 24/08/01 03:34:02 INFO SecurityManager: Changing view acls groups to:
[2024-08-01T03:34:02.947+0000] {spark_submit.py:571} INFO - 24/08/01 03:34:02 INFO SecurityManager: Changing modify acls groups to:
[2024-08-01T03:34:02.949+0000] {spark_submit.py:571} INFO - 24/08/01 03:34:02 INFO SecurityManager: SecurityManager: authentication disabled; ui acls disabled; users with view permissions: airflow; groups with view permissions: EMPTY; users with modify permissions: airflow; groups with modify permissions: EMPTY
[2024-08-01T03:34:03.346+0000] {spark_submit.py:571} INFO - 24/08/01 03:34:03 INFO Utils: Successfully started service 'sparkDriver' on port 38981.
[2024-08-01T03:34:03.385+0000] {spark_submit.py:571} INFO - 24/08/01 03:34:03 INFO SparkEnv: Registering MapOutputTracker
[2024-08-01T03:34:03.430+0000] {spark_submit.py:571} INFO - 24/08/01 03:34:03 INFO SparkEnv: Registering BlockManagerMaster
[2024-08-01T03:34:03.455+0000] {spark_submit.py:571} INFO - 24/08/01 03:34:03 INFO BlockManagerMasterEndpoint: Using org.apache.spark.storage.DefaultTopologyMapper for getting topology information
[2024-08-01T03:34:03.456+0000] {spark_submit.py:571} INFO - 24/08/01 03:34:03 INFO BlockManagerMasterEndpoint: BlockManagerMasterEndpoint up
[2024-08-01T03:34:03.462+0000] {spark_submit.py:571} INFO - 24/08/01 03:34:03 INFO SparkEnv: Registering BlockManagerMasterHeartbeat
[2024-08-01T03:34:03.495+0000] {spark_submit.py:571} INFO - 24/08/01 03:34:03 INFO DiskBlockManager: Created local directory at /tmp/blockmgr-d62084ac-3dd9-4a77-abbb-c9c3b7ef9f5e
[2024-08-01T03:34:03.522+0000] {spark_submit.py:571} INFO - 24/08/01 03:34:03 INFO MemoryStore: MemoryStore started with capacity 434.4 MiB
[2024-08-01T03:34:03.553+0000] {spark_submit.py:571} INFO - 24/08/01 03:34:03 INFO SparkEnv: Registering OutputCommitCoordinator
[2024-08-01T03:34:03.701+0000] {spark_submit.py:571} INFO - 24/08/01 03:34:03 INFO JettyUtils: Start Jetty 0.0.0.0:4040 for SparkUI
[2024-08-01T03:34:03.756+0000] {spark_submit.py:571} INFO - 24/08/01 03:34:03 INFO Utils: Successfully started service 'SparkUI' on port 4040.
[2024-08-01T03:34:03.991+0000] {spark_submit.py:571} INFO - 24/08/01 03:34:03 INFO StandaloneAppClient$ClientEndpoint: Connecting to master spark://172.19.0.2:7077...
[2024-08-01T03:34:24.000+0000] {spark_submit.py:571} INFO - 24/08/01 03:34:23 INFO StandaloneAppClient$ClientEndpoint: Connecting to master spark://172.19.0.2:7077...
[2024-08-01T03:34:43.998+0000] {spark_submit.py:571} INFO - 24/08/01 03:34:43 INFO StandaloneAppClient$ClientEndpoint: Connecting to master spark://172.19.0.2:7077...
[2024-08-01T03:35:04.002+0000] {spark_submit.py:571} INFO - 24/08/01 03:35:04 ERROR StandaloneSchedulerBackend: Application has been killed. Reason: All masters are unresponsive! Giving up.
[2024-08-01T03:35:04.008+0000] {spark_submit.py:571} INFO - 24/08/01 03:35:04 WARN StandaloneSchedulerBackend: Application ID is not initialized yet.
[2024-08-01T03:35:04.032+0000] {spark_submit.py:571} INFO - 24/08/01 03:35:04 INFO Utils: Successfully started service 'org.apache.spark.network.netty.NettyBlockTransferService' on port 37511.
[2024-08-01T03:35:04.033+0000] {spark_submit.py:571} INFO - 24/08/01 03:35:04 INFO NettyBlockTransferService: Server created on 24fc876e8f70:37511
[2024-08-01T03:35:04.036+0000] {spark_submit.py:571} INFO - 24/08/01 03:35:04 INFO BlockManager: Using org.apache.spark.storage.RandomBlockReplicationPolicy for block replication policy
[2024-08-01T03:35:04.051+0000] {spark_submit.py:571} INFO - 24/08/01 03:35:04 INFO BlockManagerMaster: Registering BlockManager BlockManagerId(driver, 24fc876e8f70, 37511, None)
[2024-08-01T03:35:04.056+0000] {spark_submit.py:571} INFO - 24/08/01 03:35:04 INFO BlockManagerMasterEndpoint: Registering block manager 24fc876e8f70:37511 with 434.4 MiB RAM, BlockManagerId(driver, 24fc876e8f70, 37511, None)
[2024-08-01T03:35:04.059+0000] {spark_submit.py:571} INFO - 24/08/01 03:35:04 INFO BlockManagerMaster: Registered BlockManager BlockManagerId(driver, 24fc876e8f70, 37511, None)
[2024-08-01T03:35:04.062+0000] {spark_submit.py:571} INFO - 24/08/01 03:35:04 INFO BlockManager: Initialized BlockManager: BlockManagerId(driver, 24fc876e8f70, 37511, None)
[2024-08-01T03:35:04.314+0000] {spark_submit.py:571} INFO - 24/08/01 03:35:04 INFO StandaloneSchedulerBackend: SchedulerBackend is ready for scheduling beginning after reached minRegisteredResourcesRatio: 0.0
[2024-08-01T03:35:04.757+0000] {spark_submit.py:571} INFO - 24/08/01 03:35:04 INFO SparkContext: SparkContext is stopping with exitCode 0.
[2024-08-01T03:35:04.778+0000] {spark_submit.py:571} INFO - 24/08/01 03:35:04 INFO SparkUI: Stopped Spark web UI at http://24fc876e8f70:4040
[2024-08-01T03:35:04.787+0000] {spark_submit.py:571} INFO - 24/08/01 03:35:04 INFO StandaloneSchedulerBackend: Shutting down all executors
[2024-08-01T03:35:04.793+0000] {spark_submit.py:571} INFO - 24/08/01 03:35:04 INFO StandaloneSchedulerBackend$StandaloneDriverEndpoint: Asking each executor to shut down
[2024-08-01T03:35:04.802+0000] {spark_submit.py:571} INFO - 24/08/01 03:35:04 WARN StandaloneAppClient$ClientEndpoint: Drop UnregisterApplication(null) because has not yet connected to master
[2024-08-01T03:35:04.819+0000] {spark_submit.py:571} INFO - 24/08/01 03:35:04 INFO MapOutputTrackerMasterEndpoint: MapOutputTrackerMasterEndpoint stopped!
[2024-08-01T03:35:04.860+0000] {spark_submit.py:571} INFO - 24/08/01 03:35:04 INFO MemoryStore: MemoryStore cleared
[2024-08-01T03:35:04.861+0000] {spark_submit.py:571} INFO - 24/08/01 03:35:04 INFO BlockManager: BlockManager stopped
[2024-08-01T03:35:04.874+0000] {spark_submit.py:571} INFO - 24/08/01 03:35:04 INFO BlockManagerMaster: BlockManagerMaster stopped
[2024-08-01T03:35:04.882+0000] {spark_submit.py:571} INFO - 24/08/01 03:35:04 INFO OutputCommitCoordinator$OutputCommitCoordinatorEndpoint: OutputCommitCoordinator stopped!
[2024-08-01T03:35:04.910+0000] {spark_submit.py:571} INFO - ============================
[2024-08-01T03:35:04.918+0000] {spark_submit.py:571} INFO - 24/08/01 03:35:04 INFO SparkContext: Successfully stopped SparkContext
[2024-08-01T03:35:04.998+0000] {spark_submit.py:571} INFO - Traceback (most recent call last):
[2024-08-01T03:35:04.999+0000] {spark_submit.py:571} INFO - File "/opt/airflow/jobs/word_count.py", line 13, in <module>
[2024-08-01T03:35:05.002+0000] {spark_submit.py:571} INFO - for wc in wordCounts.collect():
[2024-08-01T03:35:05.003+0000] {spark_submit.py:571} INFO - ^^^^^^^^^^^^^^^^^^^^
[2024-08-01T03:35:05.004+0000] {spark_submit.py:571} INFO - File "/home/airflow/.local/lib/python3.11/site-packages/pyspark/python/lib/pyspark.zip/pyspark/rdd.py", line 1833, in collect
[2024-08-01T03:35:05.004+0000] {spark_submit.py:571} INFO - File "/home/airflow/.local/lib/python3.11/site-packages/pyspark/python/lib/py4j-0.10.9.7-src.zip/py4j/java_gateway.py", line 1322, in __call__
[2024-08-01T03:35:05.005+0000] {spark_submit.py:571} INFO - File "/home/airflow/.local/lib/python3.11/site-packages/pyspark/python/lib/pyspark.zip/pyspark/errors/exceptions/captured.py", line 179, in deco
[2024-08-01T03:35:05.006+0000] {spark_submit.py:571} INFO - File "/home/airflow/.local/lib/python3.11/site-packages/pyspark/python/lib/py4j-0.10.9.7-src.zip/py4j/protocol.py", line 326, in get_return_value
[2024-08-01T03:35:05.010+0000] {spark_submit.py:571} INFO - py4j.protocol.Py4JJavaError: An error occurred while calling z:org.apache.spark.api.python.PythonRDD.collectAndServe.
[2024-08-01T03:35:05.011+0000] {spark_submit.py:571} INFO - : java.lang.IllegalStateException: SparkContext has been shutdown
[2024-08-01T03:35:05.011+0000] {spark_submit.py:571} INFO - at org.apache.spark.SparkContext.runJob(SparkContext.scala:2390)
[2024-08-01T03:35:05.011+0000] {spark_submit.py:571} INFO - at org.apache.spark.SparkContext.runJob(SparkContext.scala:2419)
[2024-08-01T03:35:05.012+0000] {spark_submit.py:571} INFO - at org.apache.spark.SparkContext.runJob(SparkContext.scala:2438)
[2024-08-01T03:35:05.012+0000] {spark_submit.py:571} INFO - at org.apache.spark.SparkContext.runJob(SparkContext.scala:2463)
[2024-08-01T03:35:05.013+0000] {spark_submit.py:571} INFO - at org.apache.spark.rdd.RDD.$anonfun$collect$1(RDD.scala:1049)
[2024-08-01T03:35:05.013+0000] {spark_submit.py:571} INFO - at org.apache.spark.rdd.RDDOperationScope$.withScope(RDDOperationScope.scala:151)
[2024-08-01T03:35:05.014+0000] {spark_submit.py:571} INFO - at org.apache.spark.rdd.RDDOperationScope$.withScope(RDDOperationScope.scala:112)
[2024-08-01T03:35:05.014+0000] {spark_submit.py:571} INFO - at org.apache.spark.rdd.RDD.withScope(RDD.scala:410)
[2024-08-01T03:35:05.015+0000] {spark_submit.py:571} INFO - at org.apache.spark.rdd.RDD.collect(RDD.scala:1048)
[2024-08-01T03:35:05.019+0000] {spark_submit.py:571} INFO - at org.apache.spark.api.python.PythonRDD$.collectAndServe(PythonRDD.scala:195)
[2024-08-01T03:35:05.019+0000] {spark_submit.py:571} INFO - at org.apache.spark.api.python.PythonRDD.collectAndServe(PythonRDD.scala)
[2024-08-01T03:35:05.020+0000] {spark_submit.py:571} INFO - at java.base/jdk.internal.reflect.NativeMethodAccessorImpl.invoke0(Native Method)
[2024-08-01T03:35:05.020+0000] {spark_submit.py:571} INFO - at java.base/jdk.internal.reflect.NativeMethodAccessorImpl.invoke(NativeMethodAccessorImpl.java:77)
[2024-08-01T03:35:05.021+0000] {spark_submit.py:571} INFO - at java.base/jdk.internal.reflect.DelegatingMethodAccessorImpl.invoke(DelegatingMethodAccessorImpl.java:43)
[2024-08-01T03:35:05.021+0000] {spark_submit.py:571} INFO - at java.base/java.lang.reflect.Method.invoke(Method.java:568)
[2024-08-01T03:35:05.022+0000] {spark_submit.py:571} INFO - at py4j.reflection.MethodInvoker.invoke(MethodInvoker.java:244)
[2024-08-01T03:35:05.023+0000] {spark_submit.py:571} INFO - at py4j.reflection.ReflectionEngine.invoke(ReflectionEngine.java:374)
[2024-08-01T03:35:05.023+0000] {spark_submit.py:571} INFO - at py4j.Gateway.invoke(Gateway.java:282)
[2024-08-01T03:35:05.024+0000] {spark_submit.py:571} INFO - at py4j.commands.AbstractCommand.invokeMethod(AbstractCommand.java:132)
[2024-08-01T03:35:05.024+0000] {spark_submit.py:571} INFO - at py4j.commands.CallCommand.execute(CallCommand.java:79)
[2024-08-01T03:35:05.024+0000] {spark_submit.py:571} INFO - at py4j.ClientServerConnection.waitForCommands(ClientServerConnection.java:182)
[2024-08-01T03:35:05.026+0000] {spark_submit.py:571} INFO - at py4j.ClientServerConnection.run(ClientServerConnection.java:106)
[2024-08-01T03:35:05.026+0000] {spark_submit.py:571} INFO - at java.base/java.lang.Thread.run(Thread.java:840)
[2024-08-01T03:35:05.027+0000] {spark_submit.py:571} INFO - 
[2024-08-01T03:35:05.077+0000] {spark_submit.py:571} INFO - 24/08/01 03:35:05 INFO ShutdownHookManager: Shutdown hook called
[2024-08-01T03:35:05.078+0000] {spark_submit.py:571} INFO - 24/08/01 03:35:05 INFO ShutdownHookManager: Deleting directory /tmp/spark-b3ea8ff6-1418-4444-9168-b64c4c853963
[2024-08-01T03:35:05.082+0000] {spark_submit.py:571} INFO - 24/08/01 03:35:05 INFO ShutdownHookManager: Deleting directory /tmp/spark-8dfd8239-17be-43bf-a322-8ad4935c5be2
[2024-08-01T03:35:05.087+0000] {spark_submit.py:571} INFO - 24/08/01 03:35:05 INFO ShutdownHookManager: Deleting directory /tmp/spark-8dfd8239-17be-43bf-a322-8ad4935c5be2/pyspark-f60c028b-03ac-4613-8d31-a4146df444eb
[2024-08-01T03:35:05.121+0000] {taskinstance.py:441} INFO - ::group::Post task execution logs
[2024-08-01T03:35:05.130+0000] {taskinstance.py:2905} ERROR - Task failed with exception
Traceback (most recent call last):
  File "/home/airflow/.local/lib/python3.11/site-packages/airflow/models/taskinstance.py", line 465, in _execute_task
    result = _execute_callable(context=context, **execute_callable_kwargs)
             ^^^^^^^^^^^^^^^^^^^^^^^^^^^^^^^^^^^^^^^^^^^^^^^^^^^^^^^^^^^^^
  File "/home/airflow/.local/lib/python3.11/site-packages/airflow/models/taskinstance.py", line 432, in _execute_callable
    return execute_callable(context=context, **execute_callable_kwargs)
           ^^^^^^^^^^^^^^^^^^^^^^^^^^^^^^^^^^^^^^^^^^^^^^^^^^^^^^^^^^^^
  File "/home/airflow/.local/lib/python3.11/site-packages/airflow/models/baseoperator.py", line 400, in wrapper
    return func(self, *args, **kwargs)
           ^^^^^^^^^^^^^^^^^^^^^^^^^^^
  File "/home/airflow/.local/lib/python3.11/site-packages/airflow/providers/apache/spark/operators/spark_submit.py", line 174, in execute
    self._hook.submit(self.application)
  File "/home/airflow/.local/lib/python3.11/site-packages/airflow/providers/apache/spark/hooks/spark_submit.py", line 502, in submit
    raise AirflowException(
airflow.exceptions.AirflowException: Cannot execute: spark-submit --master spark://172.19.0.2:7077 --name arrow-spark --deploy-mode client jobs/word_count.py. Error code is: 1.
[2024-08-01T03:35:05.134+0000] {taskinstance.py:1206} INFO - Marking task as FAILED. dag_id=welcome_dag, task_id=python_job, run_id=manual__2024-08-01T03:33:47.910203+00:00, execution_date=20240801T033347, start_date=20240801T033357, end_date=20240801T033505
[2024-08-01T03:35:05.179+0000] {standard_task_runner.py:110} ERROR - Failed to execute job 27 for task python_job (Cannot execute: spark-submit --master spark://172.19.0.2:7077 --name arrow-spark --deploy-mode client jobs/word_count.py. Error code is: 1.; 1281)
[2024-08-01T03:35:05.220+0000] {local_task_job_runner.py:240} INFO - Task exited with return code 1
[2024-08-01T03:35:05.248+0000] {taskinstance.py:3498} INFO - 0 downstream tasks scheduled from follow-on schedule check
[2024-08-01T03:35:05.265+0000] {local_task_job_runner.py:222} INFO - ::endgroup::
