[2024-08-09T09:46:45.154+0000] {local_task_job_runner.py:120} INFO - ::group::Pre task execution logs
[2024-08-09T09:46:45.194+0000] {taskinstance.py:2076} INFO - Dependencies all met for dep_context=non-requeueable deps ti=<TaskInstance: Integrate_Data_Warehouse.gold_atvsld manual__2024-08-09T09:45:45.227384+00:00 [queued]>
[2024-08-09T09:46:45.209+0000] {taskinstance.py:2076} INFO - Dependencies all met for dep_context=requeueable deps ti=<TaskInstance: Integrate_Data_Warehouse.gold_atvsld manual__2024-08-09T09:45:45.227384+00:00 [queued]>
[2024-08-09T09:46:45.210+0000] {taskinstance.py:2306} INFO - Starting attempt 1 of 1
[2024-08-09T09:46:45.245+0000] {taskinstance.py:2330} INFO - Executing <Task(PythonOperator): gold_atvsld> on 2024-08-09 09:45:45.227384+00:00
[2024-08-09T09:46:45.250+0000] {standard_task_runner.py:63} INFO - Started process 6663 to run task
[2024-08-09T09:46:45.255+0000] {standard_task_runner.py:90} INFO - Running: ['airflow', 'tasks', 'run', 'Integrate_Data_Warehouse', 'gold_atvsld', 'manual__2024-08-09T09:45:45.227384+00:00', '--job-id', '457', '--raw', '--subdir', 'DAGS_FOLDER/etl_ldtbxh.dag.py', '--cfg-path', '/tmp/tmp2ftl43iz']
[2024-08-09T09:46:45.257+0000] {standard_task_runner.py:91} INFO - Job 457: Subtask gold_atvsld
[2024-08-09T09:46:45.350+0000] {task_command.py:426} INFO - Running <TaskInstance: Integrate_Data_Warehouse.gold_atvsld manual__2024-08-09T09:45:45.227384+00:00 [running]> on host 45f7764b2bf2
[2024-08-09T09:46:45.488+0000] {taskinstance.py:2648} INFO - Exporting env vars: AIRFLOW_CTX_DAG_OWNER='airflow' AIRFLOW_CTX_DAG_ID='Integrate_Data_Warehouse' AIRFLOW_CTX_TASK_ID='gold_atvsld' AIRFLOW_CTX_EXECUTION_DATE='2024-08-09T09:45:45.227384+00:00' AIRFLOW_CTX_TRY_NUMBER='1' AIRFLOW_CTX_DAG_RUN_ID='manual__2024-08-09T09:45:45.227384+00:00'
[2024-08-09T09:46:45.489+0000] {taskinstance.py:430} INFO - ::endgroup::
[2024-08-09T09:47:00.704+0000] {logging_mixin.py:188} INFO - ====================
[2024-08-09T09:47:01.271+0000] {logging_mixin.py:188} INFO - +---------+---------+----+-----+-------------+-------------+-----------+------------------+-------------+--------------+------------+---+--------------------+------+------------+
|member_id|family_id|year|month|province_name|district_name|member_name|owner_relationship|year_of_birth|month_of_birth|day_of_birth|age|identity_card_number|nation|final_result|
+---------+---------+----+-----+-------------+-------------+-----------+------------------+-------------+--------------+------------+---+--------------------+------+------------+
+---------+---------+----+-----+-------------+-------------+-----------+------------------+-------------+--------------+------------+---+--------------------+------+------------+
[2024-08-09T09:47:01.272+0000] {logging_mixin.py:188} INFO - None
[2024-08-09T09:47:01.273+0000] {logging_mixin.py:188} INFO - ====================
[2024-08-09T09:47:01.691+0000] {python.py:237} INFO - Done. Returned value was: None
[2024-08-09T09:47:01.693+0000] {taskinstance.py:441} INFO - ::group::Post task execution logs
[2024-08-09T09:47:01.740+0000] {taskinstance.py:1206} INFO - Marking task as SUCCESS. dag_id=Integrate_Data_Warehouse, task_id=gold_atvsld, run_id=manual__2024-08-09T09:45:45.227384+00:00, execution_date=20240809T094545, start_date=20240809T094645, end_date=20240809T094701
[2024-08-09T09:47:01.879+0000] {local_task_job_runner.py:240} INFO - Task exited with return code 0
[2024-08-09T09:47:01.944+0000] {taskinstance.py:3498} INFO - 1 downstream tasks scheduled from follow-on schedule check
[2024-08-09T09:47:01.957+0000] {local_task_job_runner.py:222} INFO - ::endgroup::
