[2024-08-09T15:12:07.632+0000] {local_task_job_runner.py:120} INFO - ::group::Pre task execution logs
[2024-08-09T15:12:07.669+0000] {taskinstance.py:2076} INFO - Dependencies all met for dep_context=non-requeueable deps ti=<TaskInstance: Integrate_Data_Warehouse.refresh_stages manual__2024-08-09T15:11:54.267337+00:00 [queued]>
[2024-08-09T15:12:07.702+0000] {taskinstance.py:2076} INFO - Dependencies all met for dep_context=requeueable deps ti=<TaskInstance: Integrate_Data_Warehouse.refresh_stages manual__2024-08-09T15:11:54.267337+00:00 [queued]>
[2024-08-09T15:12:07.703+0000] {taskinstance.py:2306} INFO - Starting attempt 1 of 1
[2024-08-09T15:12:07.750+0000] {taskinstance.py:2330} INFO - Executing <Task(SQLExecuteQueryOperator): refresh_stages> on 2024-08-09 15:11:54.267337+00:00
[2024-08-09T15:12:07.754+0000] {standard_task_runner.py:63} INFO - Started process 1129 to run task
[2024-08-09T15:12:07.758+0000] {standard_task_runner.py:90} INFO - Running: ['airflow', 'tasks', 'run', 'Integrate_Data_Warehouse', 'refresh_stages', 'manual__2024-08-09T15:11:54.267337+00:00', '--job-id', '522', '--raw', '--subdir', 'DAGS_FOLDER/etl_ldtbxh.dag.py', '--cfg-path', '/tmp/tmp63u26kki']
[2024-08-09T15:12:07.760+0000] {standard_task_runner.py:91} INFO - Job 522: Subtask refresh_stages
[2024-08-09T15:12:07.840+0000] {task_command.py:426} INFO - Running <TaskInstance: Integrate_Data_Warehouse.refresh_stages manual__2024-08-09T15:11:54.267337+00:00 [running]> on host 45f7764b2bf2
[2024-08-09T15:12:07.974+0000] {taskinstance.py:2648} INFO - Exporting env vars: AIRFLOW_CTX_DAG_OWNER='airflow' AIRFLOW_CTX_DAG_ID='Integrate_Data_Warehouse' AIRFLOW_CTX_TASK_ID='refresh_stages' AIRFLOW_CTX_EXECUTION_DATE='2024-08-09T15:11:54.267337+00:00' AIRFLOW_CTX_TRY_NUMBER='1' AIRFLOW_CTX_DAG_RUN_ID='manual__2024-08-09T15:11:54.267337+00:00'
[2024-08-09T15:12:07.976+0000] {taskinstance.py:430} INFO - ::endgroup::
[2024-08-09T15:12:07.989+0000] {sql.py:276} INFO - Executing: -- TRUNCATE TABLE public."stgDate";
-- TRUNCATE TABLE public."stgDimLocation";
TRUNCATE TABLE public."stgDimFamily";
TRUNCATE TABLE public."stgDimFamilyMember";
TRUNCATE TABLE public."stgDimSurvey";
TRUNCATE TABLE public."stgPovertyStatusFact";
TRUNCATE TABLE public."stgMemberSurveyFact";

BEGIN TRANSACTION;
    INSERT INTO "DimAuditForeigned"(process_name, start_at, finished_at) VALUES
    ('data integration', NOW(), NULL);
COMMIT;
[2024-08-09T15:12:08.003+0000] {base.py:84} INFO - Using connection ID 'postgres_ldtbxh_stage' for task execution.
[2024-08-09T15:12:08.121+0000] {base.py:84} INFO - Using connection ID 'postgres_ldtbxh_stage' for task execution.
[2024-08-09T15:12:08.144+0000] {sql.py:470} INFO - Running statement: -- TRUNCATE TABLE public."stgDate";
-- TRUNCATE TABLE public."stgDimLocation";
TRUNCATE TABLE public."stgDimFamily";
TRUNCATE TABLE public."stgDimFamilyMember";
TRUNCATE TABLE public."stgDimSurvey";
TRUNCATE TABLE public."stgPovertyStatusFact";
TRUNCATE TABLE public."stgMemberSurveyFact";

BEGIN TRANSACTION;
    INSERT INTO "DimAuditForeigned"(process_name, start_at, finished_at) VALUES
    ('data integration', NOW(), NULL);
COMMIT;, parameters: None
[2024-08-09T15:12:08.239+0000] {taskinstance.py:441} INFO - ::group::Post task execution logs
[2024-08-09T15:12:08.254+0000] {taskinstance.py:1206} INFO - Marking task as SUCCESS. dag_id=Integrate_Data_Warehouse, task_id=refresh_stages, run_id=manual__2024-08-09T15:11:54.267337+00:00, execution_date=20240809T151154, start_date=20240809T151207, end_date=20240809T151208
[2024-08-09T15:12:08.331+0000] {local_task_job_runner.py:240} INFO - Task exited with return code 0
[2024-08-09T15:12:08.396+0000] {taskinstance.py:3498} INFO - 2 downstream tasks scheduled from follow-on schedule check
[2024-08-09T15:12:08.405+0000] {local_task_job_runner.py:222} INFO - ::endgroup::
