[2024-08-07T09:38:13.404+0000] {local_task_job_runner.py:120} INFO - ::group::Pre task execution logs
[2024-08-07T09:38:13.438+0000] {taskinstance.py:2076} INFO - Dependencies all met for dep_context=non-requeueable deps ti=<TaskInstance: Integrate_Time_Location_Dimension.refresh_stages manual__2024-08-07T09:38:00.114386+00:00 [queued]>
[2024-08-07T09:38:13.459+0000] {taskinstance.py:2076} INFO - Dependencies all met for dep_context=requeueable deps ti=<TaskInstance: Integrate_Time_Location_Dimension.refresh_stages manual__2024-08-07T09:38:00.114386+00:00 [queued]>
[2024-08-07T09:38:13.459+0000] {taskinstance.py:2306} INFO - Starting attempt 1 of 1
[2024-08-07T09:38:13.497+0000] {taskinstance.py:2330} INFO - Executing <Task(SQLExecuteQueryOperator): refresh_stages> on 2024-08-07 09:38:00.114386+00:00
[2024-08-07T09:38:13.502+0000] {standard_task_runner.py:63} INFO - Started process 5784 to run task
[2024-08-07T09:38:13.506+0000] {standard_task_runner.py:90} INFO - Running: ['airflow', 'tasks', 'run', 'Integrate_Time_Location_Dimension', 'refresh_stages', 'manual__2024-08-07T09:38:00.114386+00:00', '--job-id', '230', '--raw', '--subdir', 'DAGS_FOLDER/etl_time_location.dag.py', '--cfg-path', '/tmp/tmpls6g_hhm']
[2024-08-07T09:38:13.509+0000] {standard_task_runner.py:91} INFO - Job 230: Subtask refresh_stages
[2024-08-07T09:38:13.603+0000] {task_command.py:426} INFO - Running <TaskInstance: Integrate_Time_Location_Dimension.refresh_stages manual__2024-08-07T09:38:00.114386+00:00 [running]> on host 45f7764b2bf2
[2024-08-07T09:38:13.744+0000] {taskinstance.py:2648} INFO - Exporting env vars: AIRFLOW_CTX_DAG_OWNER='airflow' AIRFLOW_CTX_DAG_ID='Integrate_Time_Location_Dimension' AIRFLOW_CTX_TASK_ID='refresh_stages' AIRFLOW_CTX_EXECUTION_DATE='2024-08-07T09:38:00.114386+00:00' AIRFLOW_CTX_TRY_NUMBER='1' AIRFLOW_CTX_DAG_RUN_ID='manual__2024-08-07T09:38:00.114386+00:00'
[2024-08-07T09:38:13.745+0000] {taskinstance.py:430} INFO - ::endgroup::
[2024-08-07T09:38:13.761+0000] {sql.py:276} INFO - Executing: TRUNCATE TABLE public."stgDate";
TRUNCATE TABLE public."stgDimLocation";
[2024-08-07T09:38:13.778+0000] {base.py:84} INFO - Using connection ID 'postgres_ldtbxh_stage' for task execution.
[2024-08-07T09:38:13.890+0000] {base.py:84} INFO - Using connection ID 'postgres_ldtbxh_stage' for task execution.
[2024-08-07T09:38:13.914+0000] {sql.py:470} INFO - Running statement: TRUNCATE TABLE public."stgDate";
TRUNCATE TABLE public."stgDimLocation";, parameters: None
[2024-08-07T09:38:13.951+0000] {taskinstance.py:441} INFO - ::group::Post task execution logs
[2024-08-07T09:38:13.965+0000] {taskinstance.py:1206} INFO - Marking task as SUCCESS. dag_id=Integrate_Time_Location_Dimension, task_id=refresh_stages, run_id=manual__2024-08-07T09:38:00.114386+00:00, execution_date=20240807T093800, start_date=20240807T093813, end_date=20240807T093813
[2024-08-07T09:38:14.044+0000] {local_task_job_runner.py:240} INFO - Task exited with return code 0
[2024-08-07T09:38:14.092+0000] {taskinstance.py:3498} INFO - 2 downstream tasks scheduled from follow-on schedule check
[2024-08-07T09:38:14.103+0000] {local_task_job_runner.py:222} INFO - ::endgroup::
