[2024-08-02T09:33:17.580+0000] {local_task_job_runner.py:120} INFO - ::group::Pre task execution logs
[2024-08-02T09:33:17.622+0000] {taskinstance.py:2076} INFO - Dependencies all met for dep_context=non-requeueable deps ti=<TaskInstance: welcome_dag.word_count manual__2024-08-02T09:33:04.635321+00:00 [queued]>
[2024-08-02T09:33:17.636+0000] {taskinstance.py:2076} INFO - Dependencies all met for dep_context=requeueable deps ti=<TaskInstance: welcome_dag.word_count manual__2024-08-02T09:33:04.635321+00:00 [queued]>
[2024-08-02T09:33:17.637+0000] {taskinstance.py:2306} INFO - Starting attempt 1 of 1
[2024-08-02T09:33:17.674+0000] {taskinstance.py:2330} INFO - Executing <Task(PythonOperator): word_count> on 2024-08-02 09:33:04.635321+00:00
[2024-08-02T09:33:17.678+0000] {standard_task_runner.py:63} INFO - Started process 75 to run task
[2024-08-02T09:33:17.683+0000] {standard_task_runner.py:90} INFO - Running: ['airflow', 'tasks', 'run', 'welcome_dag', 'word_count', 'manual__2024-08-02T09:33:04.635321+00:00', '--job-id', '82', '--raw', '--subdir', 'DAGS_FOLDER/welcome_dag.py', '--cfg-path', '/tmp/tmpmi1kpri7']
[2024-08-02T09:33:17.686+0000] {standard_task_runner.py:91} INFO - Job 82: Subtask word_count
[2024-08-02T09:33:17.775+0000] {task_command.py:426} INFO - Running <TaskInstance: welcome_dag.word_count manual__2024-08-02T09:33:04.635321+00:00 [running]> on host 24fc876e8f70
[2024-08-02T09:33:17.956+0000] {taskinstance.py:2648} INFO - Exporting env vars: AIRFLOW_CTX_DAG_OWNER='airflow' AIRFLOW_CTX_DAG_ID='welcome_dag' AIRFLOW_CTX_TASK_ID='word_count' AIRFLOW_CTX_EXECUTION_DATE='2024-08-02T09:33:04.635321+00:00' AIRFLOW_CTX_TRY_NUMBER='1' AIRFLOW_CTX_DAG_RUN_ID='manual__2024-08-02T09:33:04.635321+00:00'
[2024-08-02T09:33:17.957+0000] {taskinstance.py:430} INFO - ::endgroup::
[2024-08-02T09:33:25.390+0000] {logging_mixin.py:188} INFO - ============================
[2024-08-02T09:33:30.578+0000] {logging_mixin.py:188} INFO - and 1
[2024-08-02T09:33:30.585+0000] {logging_mixin.py:188} INFO - Hello 5
[2024-08-02T09:33:30.587+0000] {logging_mixin.py:188} INFO - Python 1
[2024-08-02T09:33:30.589+0000] {logging_mixin.py:188} INFO - Airflow 1
[2024-08-02T09:33:30.590+0000] {logging_mixin.py:188} INFO - Docker 1
[2024-08-02T09:33:30.593+0000] {logging_mixin.py:188} INFO - Yusuf 1
[2024-08-02T09:33:30.594+0000] {logging_mixin.py:188} INFO - Spark 1
[2024-08-02T09:33:30.595+0000] {logging_mixin.py:188} INFO - ============================
[2024-08-02T09:33:31.550+0000] {python.py:237} INFO - Done. Returned value was: None
[2024-08-02T09:33:31.551+0000] {taskinstance.py:441} INFO - ::group::Post task execution logs
[2024-08-02T09:33:31.571+0000] {taskinstance.py:1206} INFO - Marking task as SUCCESS. dag_id=welcome_dag, task_id=word_count, run_id=manual__2024-08-02T09:33:04.635321+00:00, execution_date=20240802T093304, start_date=20240802T093317, end_date=20240802T093331
[2024-08-02T09:33:31.645+0000] {local_task_job_runner.py:240} INFO - Task exited with return code 0
[2024-08-02T09:33:31.704+0000] {taskinstance.py:3498} INFO - 1 downstream tasks scheduled from follow-on schedule check
[2024-08-02T09:33:31.716+0000] {local_task_job_runner.py:222} INFO - ::endgroup::
