[2024-08-07T08:09:31.954+0000] {local_task_job_runner.py:120} INFO - ::group::Pre task execution logs
[2024-08-07T08:09:31.987+0000] {taskinstance.py:2076} INFO - Dependencies all met for dep_context=non-requeueable deps ti=<TaskInstance: Integrate_Time_Location_Dimension.bronze_location manual__2024-08-07T08:09:04.294567+00:00 [queued]>
[2024-08-07T08:09:32.001+0000] {taskinstance.py:2076} INFO - Dependencies all met for dep_context=requeueable deps ti=<TaskInstance: Integrate_Time_Location_Dimension.bronze_location manual__2024-08-07T08:09:04.294567+00:00 [queued]>
[2024-08-07T08:09:32.002+0000] {taskinstance.py:2306} INFO - Starting attempt 1 of 1
[2024-08-07T08:09:32.035+0000] {taskinstance.py:2330} INFO - Executing <Task(SQLExecuteQueryOperator): bronze_location> on 2024-08-07 08:09:04.294567+00:00
[2024-08-07T08:09:32.042+0000] {standard_task_runner.py:63} INFO - Started process 5044 to run task
[2024-08-07T08:09:32.047+0000] {standard_task_runner.py:90} INFO - Running: ['airflow', 'tasks', 'run', 'Integrate_Time_Location_Dimension', 'bronze_location', 'manual__2024-08-07T08:09:04.294567+00:00', '--job-id', '198', '--raw', '--subdir', 'DAGS_FOLDER/etl_time_location.dag.py', '--cfg-path', '/tmp/tmp792aboqu']
[2024-08-07T08:09:32.051+0000] {standard_task_runner.py:91} INFO - Job 198: Subtask bronze_location
[2024-08-07T08:09:32.164+0000] {task_command.py:426} INFO - Running <TaskInstance: Integrate_Time_Location_Dimension.bronze_location manual__2024-08-07T08:09:04.294567+00:00 [running]> on host 45f7764b2bf2
[2024-08-07T08:09:32.317+0000] {taskinstance.py:2648} INFO - Exporting env vars: AIRFLOW_CTX_DAG_OWNER='airflow' AIRFLOW_CTX_DAG_ID='Integrate_Time_Location_Dimension' AIRFLOW_CTX_TASK_ID='bronze_location' AIRFLOW_CTX_EXECUTION_DATE='2024-08-07T08:09:04.294567+00:00' AIRFLOW_CTX_TRY_NUMBER='1' AIRFLOW_CTX_DAG_RUN_ID='manual__2024-08-07T08:09:04.294567+00:00'
[2024-08-07T08:09:32.318+0000] {taskinstance.py:430} INFO - ::endgroup::
[2024-08-07T08:09:32.330+0000] {sql.py:276} INFO - Executing: INSERT INTO "stgDimLocation"(LocationKey, region_code, region_name,
                            province_code, province_name,
                            district_code, district_name,
                            ward_code, ward_name)
SELECT
	*
FROM dblink('dbname=atvsld password=nhanbui user=postgres port=5434', 'select * from public.vw_stgdimlocation')
AS (
	LocationKey BIGINT,
	region_code CHAR(5),
	region_name VARCHAR(50),
	province_code CHAR(5),
	province_name VARCHAR(50),
	district_code CHAR(5),
	district_name VARCHAR(50),
	ward_code CHAR(5),
	ward_name VARCHAR(50)
);
[2024-08-07T08:09:32.343+0000] {base.py:84} INFO - Using connection ID 'postgres_ldtbxh_stage' for task execution.
[2024-08-07T08:09:32.488+0000] {base.py:84} INFO - Using connection ID 'postgres_ldtbxh_stage' for task execution.
[2024-08-07T08:09:32.516+0000] {sql.py:470} INFO - Running statement: INSERT INTO "stgDimLocation"(LocationKey, region_code, region_name,
                            province_code, province_name,
                            district_code, district_name,
                            ward_code, ward_name)
SELECT
	*
FROM dblink('dbname=atvsld password=*** user=postgres port=5434', 'select * from public.vw_stgdimlocation')
AS (
	LocationKey BIGINT,
	region_code CHAR(5),
	region_name VARCHAR(50),
	province_code CHAR(5),
	province_name VARCHAR(50),
	district_code CHAR(5),
	district_name VARCHAR(50),
	ward_code CHAR(5),
	ward_name VARCHAR(50)
);, parameters: None
[2024-08-07T08:09:32.541+0000] {taskinstance.py:441} INFO - ::group::Post task execution logs
[2024-08-07T08:09:32.543+0000] {taskinstance.py:2905} ERROR - Task failed with exception
Traceback (most recent call last):
  File "/home/airflow/.local/lib/python3.11/site-packages/airflow/models/taskinstance.py", line 465, in _execute_task
    result = _execute_callable(context=context, **execute_callable_kwargs)
             ^^^^^^^^^^^^^^^^^^^^^^^^^^^^^^^^^^^^^^^^^^^^^^^^^^^^^^^^^^^^^
  File "/home/airflow/.local/lib/python3.11/site-packages/airflow/models/taskinstance.py", line 432, in _execute_callable
    return execute_callable(context=context, **execute_callable_kwargs)
           ^^^^^^^^^^^^^^^^^^^^^^^^^^^^^^^^^^^^^^^^^^^^^^^^^^^^^^^^^^^^
  File "/home/airflow/.local/lib/python3.11/site-packages/airflow/models/baseoperator.py", line 400, in wrapper
    return func(self, *args, **kwargs)
           ^^^^^^^^^^^^^^^^^^^^^^^^^^^
  File "/home/airflow/.local/lib/python3.11/site-packages/airflow/providers/common/sql/operators/sql.py", line 282, in execute
    output = hook.run(
             ^^^^^^^^^
  File "/home/airflow/.local/lib/python3.11/site-packages/airflow/providers/common/sql/hooks/sql.py", line 418, in run
    self._run_command(cur, sql_statement, parameters)
  File "/home/airflow/.local/lib/python3.11/site-packages/airflow/providers/common/sql/hooks/sql.py", line 475, in _run_command
    cur.execute(sql_statement)
psycopg2.errors.SqlclientUnableToEstablishSqlconnection: could not establish connection
DETAIL:  connection to server on socket "/var/run/postgresql/.s.PGSQL.5434" failed: No such file or directory
	Is the server running locally and accepting connections on that socket?

[2024-08-07T08:09:32.557+0000] {taskinstance.py:1206} INFO - Marking task as FAILED. dag_id=Integrate_Time_Location_Dimension, task_id=bronze_location, run_id=manual__2024-08-07T08:09:04.294567+00:00, execution_date=20240807T080904, start_date=20240807T080931, end_date=20240807T080932
[2024-08-07T08:09:32.599+0000] {standard_task_runner.py:110} ERROR - Failed to execute job 198 for task bronze_location (could not establish connection
DETAIL:  connection to server on socket "/var/run/postgresql/.s.PGSQL.5434" failed: No such file or directory
	Is the server running locally and accepting connections on that socket?
; 5044)
[2024-08-07T08:09:32.629+0000] {local_task_job_runner.py:240} INFO - Task exited with return code 1
[2024-08-07T08:09:32.689+0000] {taskinstance.py:3498} INFO - 0 downstream tasks scheduled from follow-on schedule check
[2024-08-07T08:09:32.708+0000] {local_task_job_runner.py:222} INFO - ::endgroup::
