[2024-08-01T04:01:57.603+0000] {local_task_job_runner.py:120} INFO - ::group::Pre task execution logs
[2024-08-01T04:01:57.642+0000] {taskinstance.py:2076} INFO - Dependencies all met for dep_context=non-requeueable deps ti=<TaskInstance: welcome_dag.python_job manual__2024-08-01T04:01:46.076666+00:00 [queued]>
[2024-08-01T04:01:57.658+0000] {taskinstance.py:2076} INFO - Dependencies all met for dep_context=requeueable deps ti=<TaskInstance: welcome_dag.python_job manual__2024-08-01T04:01:46.076666+00:00 [queued]>
[2024-08-01T04:01:57.658+0000] {taskinstance.py:2306} INFO - Starting attempt 1 of 1
[2024-08-01T04:01:57.695+0000] {taskinstance.py:2330} INFO - Executing <Task(SparkSubmitOperator): python_job> on 2024-08-01 04:01:46.076666+00:00
[2024-08-01T04:01:57.701+0000] {standard_task_runner.py:63} INFO - Started process 219 to run task
[2024-08-01T04:01:57.705+0000] {standard_task_runner.py:90} INFO - Running: ['airflow', 'tasks', 'run', 'welcome_dag', 'python_job', 'manual__2024-08-01T04:01:46.076666+00:00', '--job-id', '43', '--raw', '--subdir', 'DAGS_FOLDER/welcome_dag.py', '--cfg-path', '/tmp/tmpqinsra75']
[2024-08-01T04:01:57.707+0000] {standard_task_runner.py:91} INFO - Job 43: Subtask python_job
[2024-08-01T04:01:57.794+0000] {task_command.py:426} INFO - Running <TaskInstance: welcome_dag.python_job manual__2024-08-01T04:01:46.076666+00:00 [running]> on host 24fc876e8f70
[2024-08-01T04:01:57.948+0000] {taskinstance.py:2648} INFO - Exporting env vars: AIRFLOW_CTX_DAG_OWNER='airflow' AIRFLOW_CTX_DAG_ID='welcome_dag' AIRFLOW_CTX_TASK_ID='python_job' AIRFLOW_CTX_EXECUTION_DATE='2024-08-01T04:01:46.076666+00:00' AIRFLOW_CTX_TRY_NUMBER='1' AIRFLOW_CTX_DAG_RUN_ID='manual__2024-08-01T04:01:46.076666+00:00'
[2024-08-01T04:01:57.949+0000] {taskinstance.py:430} INFO - ::endgroup::
[2024-08-01T04:01:57.974+0000] {base.py:84} INFO - Using connection ID 'spark_conn' for task execution.
[2024-08-01T04:01:57.975+0000] {spark_submit.py:401} INFO - Spark-Submit cmd: spark-submit --master spark://172.19.0.2:7077 --name arrow-spark --deploy-mode client jobs/word_count.py
[2024-08-01T04:02:02.748+0000] {spark_submit.py:571} INFO - 24/08/01 04:02:02 INFO SparkContext: Running Spark version 3.5.1
[2024-08-01T04:02:02.752+0000] {spark_submit.py:571} INFO - 24/08/01 04:02:02 INFO SparkContext: OS info Linux, 5.15.153.1-microsoft-standard-WSL2, amd64
[2024-08-01T04:02:02.753+0000] {spark_submit.py:571} INFO - 24/08/01 04:02:02 INFO SparkContext: Java version 17.0.11
[2024-08-01T04:02:02.856+0000] {spark_submit.py:571} INFO - 24/08/01 04:02:02 WARN NativeCodeLoader: Unable to load native-hadoop library for your platform... using builtin-java classes where applicable
[2024-08-01T04:02:03.253+0000] {spark_submit.py:571} INFO - 24/08/01 04:02:03 INFO ResourceUtils: ==============================================================
[2024-08-01T04:02:03.260+0000] {spark_submit.py:571} INFO - 24/08/01 04:02:03 INFO ResourceUtils: No custom resources configured for spark.driver.
[2024-08-01T04:02:03.261+0000] {spark_submit.py:571} INFO - 24/08/01 04:02:03 INFO ResourceUtils: ==============================================================
[2024-08-01T04:02:03.262+0000] {spark_submit.py:571} INFO - 24/08/01 04:02:03 INFO SparkContext: Submitted application: PythonWordCount
[2024-08-01T04:02:03.316+0000] {spark_submit.py:571} INFO - 24/08/01 04:02:03 INFO ResourceProfile: Default ResourceProfile created, executor resources: Map(memory -> name: memory, amount: 1024, script: , vendor: , offHeap -> name: offHeap, amount: 0, script: , vendor: ), task resources: Map(cpus -> name: cpus, amount: 1.0)
[2024-08-01T04:02:03.334+0000] {spark_submit.py:571} INFO - 24/08/01 04:02:03 INFO ResourceProfile: Limiting resource is cpu
[2024-08-01T04:02:03.338+0000] {spark_submit.py:571} INFO - 24/08/01 04:02:03 INFO ResourceProfileManager: Added ResourceProfile id: 0
[2024-08-01T04:02:03.466+0000] {spark_submit.py:571} INFO - 24/08/01 04:02:03 INFO SecurityManager: Changing view acls to: airflow
[2024-08-01T04:02:03.470+0000] {spark_submit.py:571} INFO - 24/08/01 04:02:03 INFO SecurityManager: Changing modify acls to: airflow
[2024-08-01T04:02:03.471+0000] {spark_submit.py:571} INFO - 24/08/01 04:02:03 INFO SecurityManager: Changing view acls groups to:
[2024-08-01T04:02:03.474+0000] {spark_submit.py:571} INFO - 24/08/01 04:02:03 INFO SecurityManager: Changing modify acls groups to:
[2024-08-01T04:02:03.480+0000] {spark_submit.py:571} INFO - 24/08/01 04:02:03 INFO SecurityManager: SecurityManager: authentication disabled; ui acls disabled; users with view permissions: airflow; groups with view permissions: EMPTY; users with modify permissions: airflow; groups with modify permissions: EMPTY
[2024-08-01T04:02:03.882+0000] {spark_submit.py:571} INFO - 24/08/01 04:02:03 INFO Utils: Successfully started service 'sparkDriver' on port 41693.
[2024-08-01T04:02:03.937+0000] {spark_submit.py:571} INFO - 24/08/01 04:02:03 INFO SparkEnv: Registering MapOutputTracker
[2024-08-01T04:02:03.995+0000] {spark_submit.py:571} INFO - 24/08/01 04:02:03 INFO SparkEnv: Registering BlockManagerMaster
[2024-08-01T04:02:04.032+0000] {spark_submit.py:571} INFO - 24/08/01 04:02:04 INFO BlockManagerMasterEndpoint: Using org.apache.spark.storage.DefaultTopologyMapper for getting topology information
[2024-08-01T04:02:04.033+0000] {spark_submit.py:571} INFO - 24/08/01 04:02:04 INFO BlockManagerMasterEndpoint: BlockManagerMasterEndpoint up
[2024-08-01T04:02:04.038+0000] {spark_submit.py:571} INFO - 24/08/01 04:02:04 INFO SparkEnv: Registering BlockManagerMasterHeartbeat
[2024-08-01T04:02:04.077+0000] {spark_submit.py:571} INFO - 24/08/01 04:02:04 INFO DiskBlockManager: Created local directory at /tmp/blockmgr-6c898096-9bc1-402f-b02d-2b7445a75caf
[2024-08-01T04:02:04.114+0000] {spark_submit.py:571} INFO - 24/08/01 04:02:04 INFO MemoryStore: MemoryStore started with capacity 434.4 MiB
[2024-08-01T04:02:04.143+0000] {spark_submit.py:571} INFO - 24/08/01 04:02:04 INFO SparkEnv: Registering OutputCommitCoordinator
[2024-08-01T04:02:04.405+0000] {spark_submit.py:571} INFO - 24/08/01 04:02:04 INFO JettyUtils: Start Jetty 0.0.0.0:4040 for SparkUI
[2024-08-01T04:02:04.508+0000] {spark_submit.py:571} INFO - 24/08/01 04:02:04 INFO Utils: Successfully started service 'SparkUI' on port 4040.
[2024-08-01T04:02:04.801+0000] {spark_submit.py:571} INFO - 24/08/01 04:02:04 INFO StandaloneAppClient$ClientEndpoint: Connecting to master spark://172.19.0.2:7077...
[2024-08-01T04:02:24.802+0000] {spark_submit.py:571} INFO - 24/08/01 04:02:24 INFO StandaloneAppClient$ClientEndpoint: Connecting to master spark://172.19.0.2:7077...
[2024-08-01T04:02:44.799+0000] {spark_submit.py:571} INFO - 24/08/01 04:02:44 INFO StandaloneAppClient$ClientEndpoint: Connecting to master spark://172.19.0.2:7077...
[2024-08-01T04:03:04.803+0000] {spark_submit.py:571} INFO - 24/08/01 04:03:04 ERROR StandaloneSchedulerBackend: Application has been killed. Reason: All masters are unresponsive! Giving up.
[2024-08-01T04:03:04.804+0000] {spark_submit.py:571} INFO - 24/08/01 04:03:04 WARN StandaloneSchedulerBackend: Application ID is not initialized yet.
[2024-08-01T04:03:04.822+0000] {spark_submit.py:571} INFO - 24/08/01 04:03:04 INFO Utils: Successfully started service 'org.apache.spark.network.netty.NettyBlockTransferService' on port 40245.
[2024-08-01T04:03:04.828+0000] {spark_submit.py:571} INFO - 24/08/01 04:03:04 INFO NettyBlockTransferService: Server created on 24fc876e8f70:40245
[2024-08-01T04:03:04.832+0000] {spark_submit.py:571} INFO - 24/08/01 04:03:04 INFO BlockManager: Using org.apache.spark.storage.RandomBlockReplicationPolicy for block replication policy
[2024-08-01T04:03:04.840+0000] {spark_submit.py:571} INFO - 24/08/01 04:03:04 INFO BlockManagerMaster: Registering BlockManager BlockManagerId(driver, 24fc876e8f70, 40245, None)
[2024-08-01T04:03:04.843+0000] {spark_submit.py:571} INFO - 24/08/01 04:03:04 INFO BlockManagerMasterEndpoint: Registering block manager 24fc876e8f70:40245 with 434.4 MiB RAM, BlockManagerId(driver, 24fc876e8f70, 40245, None)
[2024-08-01T04:03:04.846+0000] {spark_submit.py:571} INFO - 24/08/01 04:03:04 INFO BlockManagerMaster: Registered BlockManager BlockManagerId(driver, 24fc876e8f70, 40245, None)
[2024-08-01T04:03:04.847+0000] {spark_submit.py:571} INFO - 24/08/01 04:03:04 INFO BlockManager: Initialized BlockManager: BlockManagerId(driver, 24fc876e8f70, 40245, None)
[2024-08-01T04:03:05.160+0000] {spark_submit.py:571} INFO - 24/08/01 04:03:05 INFO StandaloneSchedulerBackend: SchedulerBackend is ready for scheduling beginning after reached minRegisteredResourcesRatio: 0.0
[2024-08-01T04:03:05.754+0000] {spark_submit.py:571} INFO - ============================
[2024-08-01T04:03:05.834+0000] {spark_submit.py:571} INFO - 24/08/01 04:03:05 INFO SparkContext: SparkContext is stopping with exitCode 0.
[2024-08-01T04:03:05.856+0000] {spark_submit.py:571} INFO - 24/08/01 04:03:05 INFO SparkUI: Stopped Spark web UI at http://24fc876e8f70:4040
[2024-08-01T04:03:05.879+0000] {spark_submit.py:571} INFO - 24/08/01 04:03:05 INFO StandaloneSchedulerBackend: Shutting down all executors
[2024-08-01T04:03:05.884+0000] {spark_submit.py:571} INFO - 24/08/01 04:03:05 INFO StandaloneSchedulerBackend$StandaloneDriverEndpoint: Asking each executor to shut down
[2024-08-01T04:03:05.900+0000] {spark_submit.py:571} INFO - 24/08/01 04:03:05 WARN StandaloneAppClient$ClientEndpoint: Drop UnregisterApplication(null) because has not yet connected to master
[2024-08-01T04:03:05.948+0000] {spark_submit.py:571} INFO - 24/08/01 04:03:05 INFO MapOutputTrackerMasterEndpoint: MapOutputTrackerMasterEndpoint stopped!
[2024-08-01T04:03:05.990+0000] {spark_submit.py:571} INFO - 24/08/01 04:03:05 INFO MemoryStore: MemoryStore cleared
[2024-08-01T04:03:05.991+0000] {spark_submit.py:571} INFO - 24/08/01 04:03:05 INFO BlockManager: BlockManager stopped
[2024-08-01T04:03:06.004+0000] {spark_submit.py:571} INFO - 24/08/01 04:03:06 INFO BlockManagerMaster: BlockManagerMaster stopped
[2024-08-01T04:03:06.017+0000] {spark_submit.py:571} INFO - 24/08/01 04:03:06 INFO OutputCommitCoordinator$OutputCommitCoordinatorEndpoint: OutputCommitCoordinator stopped!
[2024-08-01T04:03:06.091+0000] {spark_submit.py:571} INFO - Traceback (most recent call last):
[2024-08-01T04:03:06.106+0000] {spark_submit.py:571} INFO - File "/opt/airflow/jobs/word_count.py", line 13, in <module>
[2024-08-01T04:03:06.107+0000] {spark_submit.py:571} INFO - 24/08/01 04:03:06 INFO SparkContext: Successfully stopped SparkContext
[2024-08-01T04:03:06.110+0000] {spark_submit.py:571} INFO - for wc in wordCounts.collect():
[2024-08-01T04:03:06.111+0000] {spark_submit.py:571} INFO - ^^^^^^^^^^^^^^^^^^^^
[2024-08-01T04:03:06.111+0000] {spark_submit.py:571} INFO - File "/home/airflow/.local/lib/python3.11/site-packages/pyspark/python/lib/pyspark.zip/pyspark/rdd.py", line 1833, in collect
[2024-08-01T04:03:06.112+0000] {spark_submit.py:571} INFO - File "/home/airflow/.local/lib/python3.11/site-packages/pyspark/python/lib/py4j-0.10.9.7-src.zip/py4j/java_gateway.py", line 1322, in __call__
[2024-08-01T04:03:06.113+0000] {spark_submit.py:571} INFO - File "/home/airflow/.local/lib/python3.11/site-packages/pyspark/python/lib/pyspark.zip/pyspark/errors/exceptions/captured.py", line 179, in deco
[2024-08-01T04:03:06.115+0000] {spark_submit.py:571} INFO - File "/home/airflow/.local/lib/python3.11/site-packages/pyspark/python/lib/py4j-0.10.9.7-src.zip/py4j/protocol.py", line 326, in get_return_value
[2024-08-01T04:03:06.118+0000] {spark_submit.py:571} INFO - py4j.protocol.Py4JJavaError: An error occurred while calling z:org.apache.spark.api.python.PythonRDD.collectAndServe.
[2024-08-01T04:03:06.119+0000] {spark_submit.py:571} INFO - : java.lang.IllegalStateException: SparkContext has been shutdown
[2024-08-01T04:03:06.120+0000] {spark_submit.py:571} INFO - at org.apache.spark.SparkContext.runJob(SparkContext.scala:2390)
[2024-08-01T04:03:06.121+0000] {spark_submit.py:571} INFO - at org.apache.spark.SparkContext.runJob(SparkContext.scala:2419)
[2024-08-01T04:03:06.121+0000] {spark_submit.py:571} INFO - at org.apache.spark.SparkContext.runJob(SparkContext.scala:2438)
[2024-08-01T04:03:06.122+0000] {spark_submit.py:571} INFO - at org.apache.spark.SparkContext.runJob(SparkContext.scala:2463)
[2024-08-01T04:03:06.123+0000] {spark_submit.py:571} INFO - at org.apache.spark.rdd.RDD.$anonfun$collect$1(RDD.scala:1049)
[2024-08-01T04:03:06.124+0000] {spark_submit.py:571} INFO - at org.apache.spark.rdd.RDDOperationScope$.withScope(RDDOperationScope.scala:151)
[2024-08-01T04:03:06.124+0000] {spark_submit.py:571} INFO - at org.apache.spark.rdd.RDDOperationScope$.withScope(RDDOperationScope.scala:112)
[2024-08-01T04:03:06.125+0000] {spark_submit.py:571} INFO - at org.apache.spark.rdd.RDD.withScope(RDD.scala:410)
[2024-08-01T04:03:06.125+0000] {spark_submit.py:571} INFO - at org.apache.spark.rdd.RDD.collect(RDD.scala:1048)
[2024-08-01T04:03:06.126+0000] {spark_submit.py:571} INFO - at org.apache.spark.api.python.PythonRDD$.collectAndServe(PythonRDD.scala:195)
[2024-08-01T04:03:06.127+0000] {spark_submit.py:571} INFO - at org.apache.spark.api.python.PythonRDD.collectAndServe(PythonRDD.scala)
[2024-08-01T04:03:06.127+0000] {spark_submit.py:571} INFO - at java.base/jdk.internal.reflect.NativeMethodAccessorImpl.invoke0(Native Method)
[2024-08-01T04:03:06.128+0000] {spark_submit.py:571} INFO - at java.base/jdk.internal.reflect.NativeMethodAccessorImpl.invoke(NativeMethodAccessorImpl.java:77)
[2024-08-01T04:03:06.128+0000] {spark_submit.py:571} INFO - at java.base/jdk.internal.reflect.DelegatingMethodAccessorImpl.invoke(DelegatingMethodAccessorImpl.java:43)
[2024-08-01T04:03:06.129+0000] {spark_submit.py:571} INFO - at java.base/java.lang.reflect.Method.invoke(Method.java:568)
[2024-08-01T04:03:06.129+0000] {spark_submit.py:571} INFO - at py4j.reflection.MethodInvoker.invoke(MethodInvoker.java:244)
[2024-08-01T04:03:06.130+0000] {spark_submit.py:571} INFO - at py4j.reflection.ReflectionEngine.invoke(ReflectionEngine.java:374)
[2024-08-01T04:03:06.130+0000] {spark_submit.py:571} INFO - at py4j.Gateway.invoke(Gateway.java:282)
[2024-08-01T04:03:06.131+0000] {spark_submit.py:571} INFO - at py4j.commands.AbstractCommand.invokeMethod(AbstractCommand.java:132)
[2024-08-01T04:03:06.132+0000] {spark_submit.py:571} INFO - at py4j.commands.CallCommand.execute(CallCommand.java:79)
[2024-08-01T04:03:06.133+0000] {spark_submit.py:571} INFO - at py4j.ClientServerConnection.waitForCommands(ClientServerConnection.java:182)
[2024-08-01T04:03:06.134+0000] {spark_submit.py:571} INFO - at py4j.ClientServerConnection.run(ClientServerConnection.java:106)
[2024-08-01T04:03:06.134+0000] {spark_submit.py:571} INFO - at java.base/java.lang.Thread.run(Thread.java:840)
[2024-08-01T04:03:06.135+0000] {spark_submit.py:571} INFO - 
[2024-08-01T04:03:06.207+0000] {spark_submit.py:571} INFO - 24/08/01 04:03:06 INFO ShutdownHookManager: Shutdown hook called
[2024-08-01T04:03:06.208+0000] {spark_submit.py:571} INFO - 24/08/01 04:03:06 INFO ShutdownHookManager: Deleting directory /tmp/spark-b684d556-ff29-4aca-8135-f91c6b6877d3
[2024-08-01T04:03:06.215+0000] {spark_submit.py:571} INFO - 24/08/01 04:03:06 INFO ShutdownHookManager: Deleting directory /tmp/spark-b684d556-ff29-4aca-8135-f91c6b6877d3/pyspark-07b27c2b-558a-4740-8ec1-d74e4d5d785f
[2024-08-01T04:03:06.223+0000] {spark_submit.py:571} INFO - 24/08/01 04:03:06 INFO ShutdownHookManager: Deleting directory /tmp/spark-c6890230-c65d-4346-8c8e-414255c22079
[2024-08-01T04:03:06.266+0000] {taskinstance.py:441} INFO - ::group::Post task execution logs
[2024-08-01T04:03:06.277+0000] {taskinstance.py:2905} ERROR - Task failed with exception
Traceback (most recent call last):
  File "/home/airflow/.local/lib/python3.11/site-packages/airflow/models/taskinstance.py", line 465, in _execute_task
    result = _execute_callable(context=context, **execute_callable_kwargs)
             ^^^^^^^^^^^^^^^^^^^^^^^^^^^^^^^^^^^^^^^^^^^^^^^^^^^^^^^^^^^^^
  File "/home/airflow/.local/lib/python3.11/site-packages/airflow/models/taskinstance.py", line 432, in _execute_callable
    return execute_callable(context=context, **execute_callable_kwargs)
           ^^^^^^^^^^^^^^^^^^^^^^^^^^^^^^^^^^^^^^^^^^^^^^^^^^^^^^^^^^^^
  File "/home/airflow/.local/lib/python3.11/site-packages/airflow/models/baseoperator.py", line 400, in wrapper
    return func(self, *args, **kwargs)
           ^^^^^^^^^^^^^^^^^^^^^^^^^^^
  File "/home/airflow/.local/lib/python3.11/site-packages/airflow/providers/apache/spark/operators/spark_submit.py", line 174, in execute
    self._hook.submit(self.application)
  File "/home/airflow/.local/lib/python3.11/site-packages/airflow/providers/apache/spark/hooks/spark_submit.py", line 502, in submit
    raise AirflowException(
airflow.exceptions.AirflowException: Cannot execute: spark-submit --master spark://172.19.0.2:7077 --name arrow-spark --deploy-mode client jobs/word_count.py. Error code is: 1.
[2024-08-01T04:03:06.286+0000] {taskinstance.py:1206} INFO - Marking task as FAILED. dag_id=welcome_dag, task_id=python_job, run_id=manual__2024-08-01T04:01:46.076666+00:00, execution_date=20240801T040146, start_date=20240801T040157, end_date=20240801T040306
[2024-08-01T04:03:06.337+0000] {standard_task_runner.py:110} ERROR - Failed to execute job 43 for task python_job (Cannot execute: spark-submit --master spark://172.19.0.2:7077 --name arrow-spark --deploy-mode client jobs/word_count.py. Error code is: 1.; 219)
[2024-08-01T04:03:06.356+0000] {local_task_job_runner.py:240} INFO - Task exited with return code 1
[2024-08-01T04:03:06.381+0000] {taskinstance.py:3498} INFO - 0 downstream tasks scheduled from follow-on schedule check
[2024-08-01T04:03:06.397+0000] {local_task_job_runner.py:222} INFO - ::endgroup::
