[2024-08-01T06:36:17.099+0000] {local_task_job_runner.py:120} INFO - ::group::Pre task execution logs
[2024-08-01T06:36:17.140+0000] {taskinstance.py:2076} INFO - Dependencies all met for dep_context=non-requeueable deps ti=<TaskInstance: welcome_dag.connect_postgres manual__2024-08-01T06:35:48.740915+00:00 [queued]>
[2024-08-01T06:36:17.157+0000] {taskinstance.py:2076} INFO - Dependencies all met for dep_context=requeueable deps ti=<TaskInstance: welcome_dag.connect_postgres manual__2024-08-01T06:35:48.740915+00:00 [queued]>
[2024-08-01T06:36:17.157+0000] {taskinstance.py:2306} INFO - Starting attempt 1 of 1
[2024-08-01T06:36:17.194+0000] {taskinstance.py:2330} INFO - Executing <Task(PythonOperator): connect_postgres> on 2024-08-01 06:35:48.740915+00:00
[2024-08-01T06:36:17.200+0000] {standard_task_runner.py:63} INFO - Started process 1586 to run task
[2024-08-01T06:36:17.205+0000] {standard_task_runner.py:90} INFO - Running: ['airflow', 'tasks', 'run', 'welcome_dag', 'connect_postgres', 'manual__2024-08-01T06:35:48.740915+00:00', '--job-id', '73', '--raw', '--subdir', 'DAGS_FOLDER/welcome_dag.py', '--cfg-path', '/tmp/tmp0bmghfbq']
[2024-08-01T06:36:17.207+0000] {standard_task_runner.py:91} INFO - Job 73: Subtask connect_postgres
[2024-08-01T06:36:17.362+0000] {task_command.py:426} INFO - Running <TaskInstance: welcome_dag.connect_postgres manual__2024-08-01T06:35:48.740915+00:00 [running]> on host 24fc876e8f70
[2024-08-01T06:36:17.576+0000] {taskinstance.py:2648} INFO - Exporting env vars: AIRFLOW_CTX_DAG_OWNER='airflow' AIRFLOW_CTX_DAG_ID='welcome_dag' AIRFLOW_CTX_TASK_ID='connect_postgres' AIRFLOW_CTX_EXECUTION_DATE='2024-08-01T06:35:48.740915+00:00' AIRFLOW_CTX_TRY_NUMBER='1' AIRFLOW_CTX_DAG_RUN_ID='manual__2024-08-01T06:35:48.740915+00:00'
[2024-08-01T06:36:17.577+0000] {taskinstance.py:430} INFO - ::endgroup::
[2024-08-01T06:36:26.986+0000] {logging_mixin.py:188} INFO - ============================
[2024-08-01T06:36:27.053+0000] {logging_mixin.py:188} INFO - root
 |-- province_code: string (nullable = true)
 |-- province_name: string (nullable = true)
 |-- region_code: string (nullable = true)
[2024-08-01T06:36:27.054+0000] {logging_mixin.py:188} INFO - None
[2024-08-01T06:36:31.204+0000] {logging_mixin.py:188} INFO - +-------------+-------------+-----------+
|province_code|province_name|region_code|
+-------------+-------------+-----------+
|        01   |       Hà Nội|      07   |
|        02   |     Hà Giang|      02   |
|        04   |     Cao Bằng|      02   |
|        06   |      Bắc Kạn|      02   |
|        08   |  Tuyên Quang|      02   |
+-------------+-------------+-----------+
only showing top 5 rows
[2024-08-01T06:36:31.205+0000] {logging_mixin.py:188} INFO - None
[2024-08-01T06:36:31.206+0000] {logging_mixin.py:188} INFO - ============================
[2024-08-01T06:36:31.207+0000] {python.py:237} INFO - Done. Returned value was: None
[2024-08-01T06:36:31.210+0000] {taskinstance.py:441} INFO - ::group::Post task execution logs
[2024-08-01T06:36:31.231+0000] {taskinstance.py:1206} INFO - Marking task as SUCCESS. dag_id=welcome_dag, task_id=connect_postgres, run_id=manual__2024-08-01T06:35:48.740915+00:00, execution_date=20240801T063548, start_date=20240801T063617, end_date=20240801T063631
[2024-08-01T06:36:31.278+0000] {local_task_job_runner.py:240} INFO - Task exited with return code 0
[2024-08-01T06:36:31.354+0000] {taskinstance.py:3498} INFO - 1 downstream tasks scheduled from follow-on schedule check
[2024-08-01T06:36:31.373+0000] {local_task_job_runner.py:222} INFO - ::endgroup::
