[2024-08-09T08:44:46.706+0000] {local_task_job_runner.py:120} INFO - ::group::Pre task execution logs
[2024-08-09T08:44:46.741+0000] {taskinstance.py:2076} INFO - Dependencies all met for dep_context=non-requeueable deps ti=<TaskInstance: Integrate_Data_Warehouse.gold_hongheo manual__2024-08-09T08:44:14.350577+00:00 [queued]>
[2024-08-09T08:44:46.756+0000] {taskinstance.py:2076} INFO - Dependencies all met for dep_context=requeueable deps ti=<TaskInstance: Integrate_Data_Warehouse.gold_hongheo manual__2024-08-09T08:44:14.350577+00:00 [queued]>
[2024-08-09T08:44:46.756+0000] {taskinstance.py:2306} INFO - Starting attempt 1 of 1
[2024-08-09T08:44:46.793+0000] {taskinstance.py:2330} INFO - Executing <Task(PythonOperator): gold_hongheo> on 2024-08-09 08:44:14.350577+00:00
[2024-08-09T08:44:46.798+0000] {standard_task_runner.py:63} INFO - Started process 3386 to run task
[2024-08-09T08:44:46.803+0000] {standard_task_runner.py:90} INFO - Running: ['airflow', 'tasks', 'run', 'Integrate_Data_Warehouse', 'gold_hongheo', 'manual__2024-08-09T08:44:14.350577+00:00', '--job-id', '406', '--raw', '--subdir', 'DAGS_FOLDER/etl_ldtbxh.dag.py', '--cfg-path', '/tmp/tmpok8ex2q5']
[2024-08-09T08:44:46.805+0000] {standard_task_runner.py:91} INFO - Job 406: Subtask gold_hongheo
[2024-08-09T08:44:46.895+0000] {task_command.py:426} INFO - Running <TaskInstance: Integrate_Data_Warehouse.gold_hongheo manual__2024-08-09T08:44:14.350577+00:00 [running]> on host 45f7764b2bf2
[2024-08-09T08:44:47.044+0000] {taskinstance.py:2648} INFO - Exporting env vars: AIRFLOW_CTX_DAG_OWNER='airflow' AIRFLOW_CTX_DAG_ID='Integrate_Data_Warehouse' AIRFLOW_CTX_TASK_ID='gold_hongheo' AIRFLOW_CTX_EXECUTION_DATE='2024-08-09T08:44:14.350577+00:00' AIRFLOW_CTX_TRY_NUMBER='1' AIRFLOW_CTX_DAG_RUN_ID='manual__2024-08-09T08:44:14.350577+00:00'
[2024-08-09T08:44:47.045+0000] {taskinstance.py:430} INFO - ::endgroup::
[2024-08-09T08:44:54.236+0000] {taskinstance.py:441} INFO - ::group::Post task execution logs
[2024-08-09T08:44:54.237+0000] {taskinstance.py:2905} ERROR - Task failed with exception
Traceback (most recent call last):
  File "/home/airflow/.local/lib/python3.11/site-packages/airflow/models/taskinstance.py", line 465, in _execute_task
    result = _execute_callable(context=context, **execute_callable_kwargs)
             ^^^^^^^^^^^^^^^^^^^^^^^^^^^^^^^^^^^^^^^^^^^^^^^^^^^^^^^^^^^^^
  File "/home/airflow/.local/lib/python3.11/site-packages/airflow/models/taskinstance.py", line 432, in _execute_callable
    return execute_callable(context=context, **execute_callable_kwargs)
           ^^^^^^^^^^^^^^^^^^^^^^^^^^^^^^^^^^^^^^^^^^^^^^^^^^^^^^^^^^^^
  File "/home/airflow/.local/lib/python3.11/site-packages/airflow/models/baseoperator.py", line 400, in wrapper
    return func(self, *args, **kwargs)
           ^^^^^^^^^^^^^^^^^^^^^^^^^^^
  File "/home/airflow/.local/lib/python3.11/site-packages/airflow/operators/python.py", line 235, in execute
    return_value = self.execute_callable()
                   ^^^^^^^^^^^^^^^^^^^^^^^
  File "/home/airflow/.local/lib/python3.11/site-packages/airflow/operators/python.py", line 252, in execute_callable
    return self.python_callable(*self.op_args, **self.op_kwargs)
           ^^^^^^^^^^^^^^^^^^^^^^^^^^^^^^^^^^^^^^^^^^^^^^^^^^^^^
  File "/opt/airflow/plugins/gold/hongheo_gold.py", line 34, in run_gold_hongheo
    .option("url", f"{os.getenv('URL_BASE_DOCKER')}:{os.getenv('PORT')}/LdtbxhStage") \
                      ^^
NameError: name 'os' is not defined
[2024-08-09T08:44:54.253+0000] {taskinstance.py:1206} INFO - Marking task as FAILED. dag_id=Integrate_Data_Warehouse, task_id=gold_hongheo, run_id=manual__2024-08-09T08:44:14.350577+00:00, execution_date=20240809T084414, start_date=20240809T084446, end_date=20240809T084454
[2024-08-09T08:44:54.303+0000] {standard_task_runner.py:110} ERROR - Failed to execute job 406 for task gold_hongheo (name 'os' is not defined; 3386)
[2024-08-09T08:44:54.352+0000] {local_task_job_runner.py:240} INFO - Task exited with return code 1
[2024-08-09T08:44:54.389+0000] {taskinstance.py:3498} INFO - 0 downstream tasks scheduled from follow-on schedule check
[2024-08-09T08:44:54.416+0000] {local_task_job_runner.py:222} INFO - ::endgroup::
