[2024-08-09T09:29:52.580+0000] {local_task_job_runner.py:120} INFO - ::group::Pre task execution logs
[2024-08-09T09:29:52.613+0000] {taskinstance.py:2076} INFO - Dependencies all met for dep_context=non-requeueable deps ti=<TaskInstance: Integrate_Data_Warehouse.gold_hongheo manual__2024-08-09T09:29:21.245407+00:00 [queued]>
[2024-08-09T09:29:52.626+0000] {taskinstance.py:2076} INFO - Dependencies all met for dep_context=requeueable deps ti=<TaskInstance: Integrate_Data_Warehouse.gold_hongheo manual__2024-08-09T09:29:21.245407+00:00 [queued]>
[2024-08-09T09:29:52.627+0000] {taskinstance.py:2306} INFO - Starting attempt 1 of 1
[2024-08-09T09:29:52.667+0000] {taskinstance.py:2330} INFO - Executing <Task(PythonOperator): gold_hongheo> on 2024-08-09 09:29:21.245407+00:00
[2024-08-09T09:29:52.673+0000] {standard_task_runner.py:63} INFO - Started process 5012 to run task
[2024-08-09T09:29:52.677+0000] {standard_task_runner.py:90} INFO - Running: ['airflow', 'tasks', 'run', 'Integrate_Data_Warehouse', 'gold_hongheo', 'manual__2024-08-09T09:29:21.245407+00:00', '--job-id', '432', '--raw', '--subdir', 'DAGS_FOLDER/etl_ldtbxh.dag.py', '--cfg-path', '/tmp/tmp57vrrxof']
[2024-08-09T09:29:52.680+0000] {standard_task_runner.py:91} INFO - Job 432: Subtask gold_hongheo
[2024-08-09T09:29:52.768+0000] {task_command.py:426} INFO - Running <TaskInstance: Integrate_Data_Warehouse.gold_hongheo manual__2024-08-09T09:29:21.245407+00:00 [running]> on host 45f7764b2bf2
[2024-08-09T09:29:52.908+0000] {taskinstance.py:2648} INFO - Exporting env vars: AIRFLOW_CTX_DAG_OWNER='airflow' AIRFLOW_CTX_DAG_ID='Integrate_Data_Warehouse' AIRFLOW_CTX_TASK_ID='gold_hongheo' AIRFLOW_CTX_EXECUTION_DATE='2024-08-09T09:29:21.245407+00:00' AIRFLOW_CTX_TRY_NUMBER='1' AIRFLOW_CTX_DAG_RUN_ID='manual__2024-08-09T09:29:21.245407+00:00'
[2024-08-09T09:29:52.909+0000] {taskinstance.py:430} INFO - ::endgroup::
[2024-08-09T09:30:03.034+0000] {logging_mixin.py:188} INFO - ====================
[2024-08-09T09:30:12.322+0000] {logging_mixin.py:188} INFO - +--------------------+----+-------------+-------------+-----------+----------+--------------------+--------------------+--------------------+----------+-------+--------+--------+-------+-------+------------+
|           family_id|year|province_name|district_name|family_code|owner_name|        hard_reasons|        get_policies|       need_policies|member_num|a_grade|b1_grade|b2_grade|b1_diff|b2_diff|final_result|
+--------------------+----+-------------+-------------+-----------+----------+--------------------+--------------------+--------------------+----------+-------+--------+--------+-------+-------+------------+
|f4773df9-32bc-417...|2023|     Đắk Nông|       Cư Jút|       7003|  Độ A Đạt|[không có đất sản...|[hỗ trợ y tế, hỗ ...|[hỗ trợ nước sạch...|         1|   true|      30|      58|   NULL|   NULL|    hộ nghèo|
|966a5c75-d6f5-48c...|2022|     Đắk Nông|       Cư Jút|       7009|      NULL|[không có đất sản...|[hỗ trợ y tế, hỗ ...|[hỗ trợ nước sạch...|      NULL|   true|      45|      65|   NULL|   NULL|    hộ nghèo|
|70321aa9-91b9-465...|2023|     Đắk Nông|       Cư Jút|       7009|Phùng A Sử|[không có đất sản...|[hỗ trợ y tế, hỗ ...|[hỗ trợ nước sạch...|         2|   true|      50|      32|      5|    -33|    hộ nghèo|
+--------------------+----+-------------+-------------+-----------+----------+--------------------+--------------------+--------------------+----------+-------+--------+--------+-------+-------+------------+
[2024-08-09T09:30:12.323+0000] {logging_mixin.py:188} INFO - None
[2024-08-09T09:30:12.326+0000] {logging_mixin.py:188} INFO - ====================
[2024-08-09T09:30:12.637+0000] {python.py:237} INFO - Done. Returned value was: None
[2024-08-09T09:30:12.640+0000] {taskinstance.py:441} INFO - ::group::Post task execution logs
[2024-08-09T09:30:12.777+0000] {taskinstance.py:1206} INFO - Marking task as SUCCESS. dag_id=Integrate_Data_Warehouse, task_id=gold_hongheo, run_id=manual__2024-08-09T09:29:21.245407+00:00, execution_date=20240809T092921, start_date=20240809T092952, end_date=20240809T093012
[2024-08-09T09:30:12.881+0000] {local_task_job_runner.py:240} INFO - Task exited with return code 0
[2024-08-09T09:30:12.929+0000] {taskinstance.py:3498} INFO - 0 downstream tasks scheduled from follow-on schedule check
[2024-08-09T09:30:12.931+0000] {local_task_job_runner.py:222} INFO - ::endgroup::
