[2024-08-04T07:08:28.003+0000] {local_task_job_runner.py:120} INFO - ::group::Pre task execution logs
[2024-08-04T07:08:28.175+0000] {taskinstance.py:2076} INFO - Dependencies all met for dep_context=non-requeueable deps ti=<TaskInstance: welcome_dag.connect_postgres manual__2024-08-04T07:07:47.365127+00:00 [queued]>
[2024-08-04T07:08:28.258+0000] {taskinstance.py:2076} INFO - Dependencies all met for dep_context=requeueable deps ti=<TaskInstance: welcome_dag.connect_postgres manual__2024-08-04T07:07:47.365127+00:00 [queued]>
[2024-08-04T07:08:28.261+0000] {taskinstance.py:2306} INFO - Starting attempt 1 of 1
[2024-08-04T07:08:28.431+0000] {taskinstance.py:2330} INFO - Executing <Task(PythonOperator): connect_postgres> on 2024-08-04 07:07:47.365127+00:00
[2024-08-04T07:08:28.448+0000] {standard_task_runner.py:63} INFO - Started process 577 to run task
[2024-08-04T07:08:28.467+0000] {standard_task_runner.py:90} INFO - Running: ['airflow', 'tasks', 'run', 'welcome_dag', 'connect_postgres', 'manual__2024-08-04T07:07:47.365127+00:00', '--job-id', '126', '--raw', '--subdir', 'DAGS_FOLDER/welcome_dag.py', '--cfg-path', '/tmp/tmp4wu49qs8']
[2024-08-04T07:08:28.475+0000] {standard_task_runner.py:91} INFO - Job 126: Subtask connect_postgres
[2024-08-04T07:08:28.839+0000] {task_command.py:426} INFO - Running <TaskInstance: welcome_dag.connect_postgres manual__2024-08-04T07:07:47.365127+00:00 [running]> on host 89077840545e
[2024-08-04T07:08:29.276+0000] {taskinstance.py:2648} INFO - Exporting env vars: AIRFLOW_CTX_DAG_OWNER='airflow' AIRFLOW_CTX_DAG_ID='welcome_dag' AIRFLOW_CTX_TASK_ID='connect_postgres' AIRFLOW_CTX_EXECUTION_DATE='2024-08-04T07:07:47.365127+00:00' AIRFLOW_CTX_TRY_NUMBER='1' AIRFLOW_CTX_DAG_RUN_ID='manual__2024-08-04T07:07:47.365127+00:00'
[2024-08-04T07:08:29.277+0000] {taskinstance.py:430} INFO - ::endgroup::
[2024-08-04T07:08:39.043+0000] {logging_mixin.py:188} INFO - ============================
[2024-08-04T07:08:39.073+0000] {logging_mixin.py:188} INFO - root
 |-- province_code: string (nullable = true)
 |-- province_name: string (nullable = true)
 |-- region_code: string (nullable = true)
[2024-08-04T07:08:39.074+0000] {logging_mixin.py:188} INFO - None
[2024-08-04T07:08:42.518+0000] {logging_mixin.py:188} INFO - +-------------+-------------+-----------+
|province_code|province_name|region_code|
+-------------+-------------+-----------+
+-------------+-------------+-----------+
[2024-08-04T07:08:42.519+0000] {logging_mixin.py:188} INFO - None
[2024-08-04T07:08:42.520+0000] {logging_mixin.py:188} INFO - ============================
[2024-08-04T07:08:43.071+0000] {python.py:237} INFO - Done. Returned value was: None
[2024-08-04T07:08:43.076+0000] {taskinstance.py:441} INFO - ::group::Post task execution logs
[2024-08-04T07:08:43.188+0000] {taskinstance.py:1206} INFO - Marking task as SUCCESS. dag_id=welcome_dag, task_id=connect_postgres, run_id=manual__2024-08-04T07:07:47.365127+00:00, execution_date=20240804T070747, start_date=20240804T070828, end_date=20240804T070843
[2024-08-04T07:08:43.370+0000] {local_task_job_runner.py:240} INFO - Task exited with return code 0
[2024-08-04T07:08:43.432+0000] {taskinstance.py:3498} INFO - 0 downstream tasks scheduled from follow-on schedule check
[2024-08-04T07:08:43.434+0000] {local_task_job_runner.py:222} INFO - ::endgroup::
