[2024-08-09T07:32:41.984+0000] {local_task_job_runner.py:120} INFO - ::group::Pre task execution logs
[2024-08-09T07:32:42.029+0000] {taskinstance.py:2076} INFO - Dependencies all met for dep_context=non-requeueable deps ti=<TaskInstance: Integrate_Data_Warehouse.connect_postgres manual__2024-08-09T07:32:08.560795+00:00 [queued]>
[2024-08-09T07:32:42.047+0000] {taskinstance.py:2076} INFO - Dependencies all met for dep_context=requeueable deps ti=<TaskInstance: Integrate_Data_Warehouse.connect_postgres manual__2024-08-09T07:32:08.560795+00:00 [queued]>
[2024-08-09T07:32:42.048+0000] {taskinstance.py:2306} INFO - Starting attempt 1 of 1
[2024-08-09T07:32:42.086+0000] {taskinstance.py:2330} INFO - Executing <Task(PythonOperator): connect_postgres> on 2024-08-09 07:32:08.560795+00:00
[2024-08-09T07:32:42.092+0000] {standard_task_runner.py:63} INFO - Started process 2043 to run task
[2024-08-09T07:32:42.096+0000] {standard_task_runner.py:90} INFO - Running: ['airflow', 'tasks', 'run', 'Integrate_Data_Warehouse', 'connect_postgres', 'manual__2024-08-09T07:32:08.560795+00:00', '--job-id', '387', '--raw', '--subdir', 'DAGS_FOLDER/etl_ldtbxh.dag.py', '--cfg-path', '/tmp/tmpos1c9nay']
[2024-08-09T07:32:42.099+0000] {standard_task_runner.py:91} INFO - Job 387: Subtask connect_postgres
[2024-08-09T07:32:42.215+0000] {task_command.py:426} INFO - Running <TaskInstance: Integrate_Data_Warehouse.connect_postgres manual__2024-08-09T07:32:08.560795+00:00 [running]> on host 45f7764b2bf2
[2024-08-09T07:32:42.388+0000] {taskinstance.py:2648} INFO - Exporting env vars: AIRFLOW_CTX_DAG_OWNER='airflow' AIRFLOW_CTX_DAG_ID='Integrate_Data_Warehouse' AIRFLOW_CTX_TASK_ID='connect_postgres' AIRFLOW_CTX_EXECUTION_DATE='2024-08-09T07:32:08.560795+00:00' AIRFLOW_CTX_TRY_NUMBER='1' AIRFLOW_CTX_DAG_RUN_ID='manual__2024-08-09T07:32:08.560795+00:00'
[2024-08-09T07:32:42.389+0000] {taskinstance.py:430} INFO - ::endgroup::
[2024-08-09T07:32:54.844+0000] {logging_mixin.py:188} INFO - ====================
[2024-08-09T07:33:02.027+0000] {logging_mixin.py:188} INFO - +--------------------+----+-------------+-------------+-----------+----------+--------------------+--------------------+--------------------+----------+-------+--------+--------+-------+-------+------------+
|           family_id|year|province_name|district_name|family_code|owner_name|        hard_reasons|        get_policies|       need_policies|member_num|a_grade|b1_grade|b2_grade|b1_diff|b2_diff|final_result|
+--------------------+----+-------------+-------------+-----------+----------+--------------------+--------------------+--------------------+----------+-------+--------+--------+-------+-------+------------+
|966a5c75-d6f5-48c...|2022|     Đắk Nông|       Cư Jút|       7009|      NULL|[không có đất sản...|[hỗ trợ y tế, hỗ ...|[hỗ trợ nước sạch...|      NULL|   true|      45|      65|   NULL|   NULL|    hộ nghèo|
|f4773df9-32bc-417...|2023|     Đắk Nông|       Cư Jút|       7003|  Độ A Đạt|[không có đất sản...|[hỗ trợ y tế, hỗ ...|[hỗ trợ nước sạch...|         1|   true|      30|      58|   NULL|   NULL|    hộ nghèo|
|70321aa9-91b9-465...|2023|     Đắk Nông|       Cư Jút|       7009|Phùng A Sử|[không có đất sản...|[hỗ trợ y tế, hỗ ...|[hỗ trợ nước sạch...|         2|   true|      50|      32|      5|    -33|    hộ nghèo|
+--------------------+----+-------------+-------------+-----------+----------+--------------------+--------------------+--------------------+----------+-------+--------+--------+-------+-------+------------+
[2024-08-09T07:33:02.028+0000] {logging_mixin.py:188} INFO - None
[2024-08-09T07:33:02.028+0000] {logging_mixin.py:188} INFO - ====================
[2024-08-09T07:33:02.527+0000] {python.py:237} INFO - Done. Returned value was: None
[2024-08-09T07:33:02.529+0000] {taskinstance.py:441} INFO - ::group::Post task execution logs
[2024-08-09T07:33:02.550+0000] {taskinstance.py:1206} INFO - Marking task as SUCCESS. dag_id=Integrate_Data_Warehouse, task_id=connect_postgres, run_id=manual__2024-08-09T07:32:08.560795+00:00, execution_date=20240809T073208, start_date=20240809T073242, end_date=20240809T073302
[2024-08-09T07:33:02.676+0000] {local_task_job_runner.py:240} INFO - Task exited with return code 0
[2024-08-09T07:33:02.709+0000] {taskinstance.py:3498} INFO - 1 downstream tasks scheduled from follow-on schedule check
[2024-08-09T07:33:02.719+0000] {local_task_job_runner.py:222} INFO - ::endgroup::
