[2024-08-01T03:30:34.913+0000] {local_task_job_runner.py:120} INFO - ::group::Pre task execution logs
[2024-08-01T03:30:34.952+0000] {taskinstance.py:2076} INFO - Dependencies all met for dep_context=non-requeueable deps ti=<TaskInstance: welcome_dag.python_job manual__2024-08-01T03:30:25.007207+00:00 [queued]>
[2024-08-01T03:30:34.966+0000] {taskinstance.py:2076} INFO - Dependencies all met for dep_context=requeueable deps ti=<TaskInstance: welcome_dag.python_job manual__2024-08-01T03:30:25.007207+00:00 [queued]>
[2024-08-01T03:30:34.966+0000] {taskinstance.py:2306} INFO - Starting attempt 1 of 1
[2024-08-01T03:30:35.000+0000] {taskinstance.py:2330} INFO - Executing <Task(SparkSubmitOperator): python_job> on 2024-08-01 03:30:25.007207+00:00
[2024-08-01T03:30:35.006+0000] {standard_task_runner.py:63} INFO - Started process 1128 to run task
[2024-08-01T03:30:35.009+0000] {standard_task_runner.py:90} INFO - Running: ['airflow', 'tasks', 'run', 'welcome_dag', 'python_job', 'manual__2024-08-01T03:30:25.007207+00:00', '--job-id', '25', '--raw', '--subdir', 'DAGS_FOLDER/welcome_dag.py', '--cfg-path', '/tmp/tmpols8ypwj']
[2024-08-01T03:30:35.011+0000] {standard_task_runner.py:91} INFO - Job 25: Subtask python_job
[2024-08-01T03:30:35.082+0000] {task_command.py:426} INFO - Running <TaskInstance: welcome_dag.python_job manual__2024-08-01T03:30:25.007207+00:00 [running]> on host 24fc876e8f70
[2024-08-01T03:30:35.231+0000] {taskinstance.py:2648} INFO - Exporting env vars: AIRFLOW_CTX_DAG_OWNER='airflow' AIRFLOW_CTX_DAG_ID='welcome_dag' AIRFLOW_CTX_TASK_ID='python_job' AIRFLOW_CTX_EXECUTION_DATE='2024-08-01T03:30:25.007207+00:00' AIRFLOW_CTX_TRY_NUMBER='1' AIRFLOW_CTX_DAG_RUN_ID='manual__2024-08-01T03:30:25.007207+00:00'
[2024-08-01T03:30:35.232+0000] {taskinstance.py:430} INFO - ::endgroup::
[2024-08-01T03:30:35.260+0000] {base.py:84} INFO - Using connection ID 'spark_conn' for task execution.
[2024-08-01T03:30:35.261+0000] {spark_submit.py:401} INFO - Spark-Submit cmd: spark-submit --master spark://spark-master:7077 --name arrow-spark --deploy-mode client jobs/word_count.py
[2024-08-01T03:30:39.616+0000] {spark_submit.py:571} INFO - 24/08/01 03:30:39 INFO SparkContext: Running Spark version 3.5.1
[2024-08-01T03:30:39.619+0000] {spark_submit.py:571} INFO - 24/08/01 03:30:39 INFO SparkContext: OS info Linux, 5.15.153.1-microsoft-standard-WSL2, amd64
[2024-08-01T03:30:39.620+0000] {spark_submit.py:571} INFO - 24/08/01 03:30:39 INFO SparkContext: Java version 17.0.11
[2024-08-01T03:30:39.709+0000] {spark_submit.py:571} INFO - 24/08/01 03:30:39 WARN NativeCodeLoader: Unable to load native-hadoop library for your platform... using builtin-java classes where applicable
[2024-08-01T03:30:39.871+0000] {spark_submit.py:571} INFO - 24/08/01 03:30:39 INFO ResourceUtils: ==============================================================
[2024-08-01T03:30:39.872+0000] {spark_submit.py:571} INFO - 24/08/01 03:30:39 INFO ResourceUtils: No custom resources configured for spark.driver.
[2024-08-01T03:30:39.873+0000] {spark_submit.py:571} INFO - 24/08/01 03:30:39 INFO ResourceUtils: ==============================================================
[2024-08-01T03:30:39.874+0000] {spark_submit.py:571} INFO - 24/08/01 03:30:39 INFO SparkContext: Submitted application: PythonWordCount
[2024-08-01T03:30:39.910+0000] {spark_submit.py:571} INFO - 24/08/01 03:30:39 INFO ResourceProfile: Default ResourceProfile created, executor resources: Map(memory -> name: memory, amount: 1024, script: , vendor: , offHeap -> name: offHeap, amount: 0, script: , vendor: ), task resources: Map(cpus -> name: cpus, amount: 1.0)
[2024-08-01T03:30:39.922+0000] {spark_submit.py:571} INFO - 24/08/01 03:30:39 INFO ResourceProfile: Limiting resource is cpu
[2024-08-01T03:30:39.923+0000] {spark_submit.py:571} INFO - 24/08/01 03:30:39 INFO ResourceProfileManager: Added ResourceProfile id: 0
[2024-08-01T03:30:40.004+0000] {spark_submit.py:571} INFO - 24/08/01 03:30:40 INFO SecurityManager: Changing view acls to: airflow
[2024-08-01T03:30:40.005+0000] {spark_submit.py:571} INFO - 24/08/01 03:30:40 INFO SecurityManager: Changing modify acls to: airflow
[2024-08-01T03:30:40.006+0000] {spark_submit.py:571} INFO - 24/08/01 03:30:40 INFO SecurityManager: Changing view acls groups to:
[2024-08-01T03:30:40.008+0000] {spark_submit.py:571} INFO - 24/08/01 03:30:40 INFO SecurityManager: Changing modify acls groups to:
[2024-08-01T03:30:40.009+0000] {spark_submit.py:571} INFO - 24/08/01 03:30:40 INFO SecurityManager: SecurityManager: authentication disabled; ui acls disabled; users with view permissions: airflow; groups with view permissions: EMPTY; users with modify permissions: airflow; groups with modify permissions: EMPTY
[2024-08-01T03:30:40.406+0000] {spark_submit.py:571} INFO - 24/08/01 03:30:40 INFO Utils: Successfully started service 'sparkDriver' on port 39297.
[2024-08-01T03:30:40.454+0000] {spark_submit.py:571} INFO - 24/08/01 03:30:40 INFO SparkEnv: Registering MapOutputTracker
[2024-08-01T03:30:40.497+0000] {spark_submit.py:571} INFO - 24/08/01 03:30:40 INFO SparkEnv: Registering BlockManagerMaster
[2024-08-01T03:30:40.515+0000] {spark_submit.py:571} INFO - 24/08/01 03:30:40 INFO BlockManagerMasterEndpoint: Using org.apache.spark.storage.DefaultTopologyMapper for getting topology information
[2024-08-01T03:30:40.516+0000] {spark_submit.py:571} INFO - 24/08/01 03:30:40 INFO BlockManagerMasterEndpoint: BlockManagerMasterEndpoint up
[2024-08-01T03:30:40.521+0000] {spark_submit.py:571} INFO - 24/08/01 03:30:40 INFO SparkEnv: Registering BlockManagerMasterHeartbeat
[2024-08-01T03:30:40.543+0000] {spark_submit.py:571} INFO - 24/08/01 03:30:40 INFO DiskBlockManager: Created local directory at /tmp/blockmgr-c4bbe6de-b1a7-4a25-8d77-55373a183326
[2024-08-01T03:30:40.561+0000] {spark_submit.py:571} INFO - 24/08/01 03:30:40 INFO MemoryStore: MemoryStore started with capacity 434.4 MiB
[2024-08-01T03:30:40.593+0000] {spark_submit.py:571} INFO - 24/08/01 03:30:40 INFO SparkEnv: Registering OutputCommitCoordinator
[2024-08-01T03:30:40.773+0000] {spark_submit.py:571} INFO - 24/08/01 03:30:40 INFO JettyUtils: Start Jetty 0.0.0.0:4040 for SparkUI
[2024-08-01T03:30:40.839+0000] {spark_submit.py:571} INFO - 24/08/01 03:30:40 INFO Utils: Successfully started service 'SparkUI' on port 4040.
[2024-08-01T03:30:41.056+0000] {spark_submit.py:571} INFO - 24/08/01 03:30:41 INFO StandaloneAppClient$ClientEndpoint: Connecting to master spark://spark-master:7077...
[2024-08-01T03:30:49.089+0000] {spark_submit.py:571} INFO - 24/08/01 03:30:49 WARN TransportClientFactory: DNS resolution failed for spark-master/<unresolved>:7077 took 8007 ms
[2024-08-01T03:30:49.137+0000] {spark_submit.py:571} INFO - 24/08/01 03:30:49 WARN StandaloneAppClient$ClientEndpoint: Failed to connect to master spark-master:7077
[2024-08-01T03:30:49.138+0000] {spark_submit.py:571} INFO - org.apache.spark.SparkException: Exception thrown in awaitResult:
[2024-08-01T03:30:49.138+0000] {spark_submit.py:571} INFO - at org.apache.spark.util.SparkThreadUtils$.awaitResult(SparkThreadUtils.scala:56)
[2024-08-01T03:30:49.138+0000] {spark_submit.py:571} INFO - at org.apache.spark.util.ThreadUtils$.awaitResult(ThreadUtils.scala:310)
[2024-08-01T03:30:49.138+0000] {spark_submit.py:571} INFO - at org.apache.spark.rpc.RpcTimeout.awaitResult(RpcTimeout.scala:75)
[2024-08-01T03:30:49.139+0000] {spark_submit.py:571} INFO - at org.apache.spark.rpc.RpcEnv.setupEndpointRefByURI(RpcEnv.scala:102)
[2024-08-01T03:30:49.139+0000] {spark_submit.py:571} INFO - at org.apache.spark.rpc.RpcEnv.setupEndpointRef(RpcEnv.scala:110)
[2024-08-01T03:30:49.139+0000] {spark_submit.py:571} INFO - at org.apache.spark.deploy.client.StandaloneAppClient$ClientEndpoint$$anon$1.run(StandaloneAppClient.scala:108)
[2024-08-01T03:30:49.140+0000] {spark_submit.py:571} INFO - at java.base/java.util.concurrent.Executors$RunnableAdapter.call(Executors.java:539)
[2024-08-01T03:30:49.141+0000] {spark_submit.py:571} INFO - at java.base/java.util.concurrent.FutureTask.run(FutureTask.java:264)
[2024-08-01T03:30:49.142+0000] {spark_submit.py:571} INFO - at java.base/java.util.concurrent.ThreadPoolExecutor.runWorker(ThreadPoolExecutor.java:1136)
[2024-08-01T03:30:49.142+0000] {spark_submit.py:571} INFO - at java.base/java.util.concurrent.ThreadPoolExecutor$Worker.run(ThreadPoolExecutor.java:635)
[2024-08-01T03:30:49.142+0000] {spark_submit.py:571} INFO - at java.base/java.lang.Thread.run(Thread.java:840)
[2024-08-01T03:30:49.142+0000] {spark_submit.py:571} INFO - Caused by: java.io.IOException: Failed to connect to spark-master/<unresolved>:7077
[2024-08-01T03:30:49.143+0000] {spark_submit.py:571} INFO - at org.apache.spark.network.client.TransportClientFactory.createClient(TransportClientFactory.java:294)
[2024-08-01T03:30:49.143+0000] {spark_submit.py:571} INFO - at org.apache.spark.network.client.TransportClientFactory.createClient(TransportClientFactory.java:214)
[2024-08-01T03:30:49.143+0000] {spark_submit.py:571} INFO - at org.apache.spark.network.client.TransportClientFactory.createClient(TransportClientFactory.java:226)
[2024-08-01T03:30:49.144+0000] {spark_submit.py:571} INFO - at org.apache.spark.rpc.netty.NettyRpcEnv.createClient(NettyRpcEnv.scala:204)
[2024-08-01T03:30:49.144+0000] {spark_submit.py:571} INFO - at org.apache.spark.rpc.netty.Outbox$$anon$1.call(Outbox.scala:202)
[2024-08-01T03:30:49.144+0000] {spark_submit.py:571} INFO - at org.apache.spark.rpc.netty.Outbox$$anon$1.call(Outbox.scala:198)
[2024-08-01T03:30:49.145+0000] {spark_submit.py:571} INFO - ... 4 more
[2024-08-01T03:30:49.145+0000] {spark_submit.py:571} INFO - Caused by: java.net.UnknownHostException: spark-master
[2024-08-01T03:30:49.145+0000] {spark_submit.py:571} INFO - at java.base/java.net.InetAddress$CachedAddresses.get(InetAddress.java:801)
[2024-08-01T03:30:49.146+0000] {spark_submit.py:571} INFO - at java.base/java.net.InetAddress.getAllByName0(InetAddress.java:1533)
[2024-08-01T03:30:49.146+0000] {spark_submit.py:571} INFO - at java.base/java.net.InetAddress.getAllByName(InetAddress.java:1385)
[2024-08-01T03:30:49.146+0000] {spark_submit.py:571} INFO - at java.base/java.net.InetAddress.getAllByName(InetAddress.java:1306)
[2024-08-01T03:30:49.146+0000] {spark_submit.py:571} INFO - at java.base/java.net.InetAddress.getByName(InetAddress.java:1256)
[2024-08-01T03:30:49.147+0000] {spark_submit.py:571} INFO - at io.netty.util.internal.SocketUtils$8.run(SocketUtils.java:156)
[2024-08-01T03:30:49.147+0000] {spark_submit.py:571} INFO - at io.netty.util.internal.SocketUtils$8.run(SocketUtils.java:153)
[2024-08-01T03:30:49.147+0000] {spark_submit.py:571} INFO - at java.base/java.security.AccessController.doPrivileged(AccessController.java:569)
[2024-08-01T03:30:49.147+0000] {spark_submit.py:571} INFO - at io.netty.util.internal.SocketUtils.addressByName(SocketUtils.java:153)
[2024-08-01T03:30:49.148+0000] {spark_submit.py:571} INFO - at io.netty.resolver.DefaultNameResolver.doResolve(DefaultNameResolver.java:41)
[2024-08-01T03:30:49.148+0000] {spark_submit.py:571} INFO - at io.netty.resolver.SimpleNameResolver.resolve(SimpleNameResolver.java:61)
[2024-08-01T03:30:49.148+0000] {spark_submit.py:571} INFO - at io.netty.resolver.SimpleNameResolver.resolve(SimpleNameResolver.java:53)
[2024-08-01T03:30:49.148+0000] {spark_submit.py:571} INFO - at io.netty.resolver.InetSocketAddressResolver.doResolve(InetSocketAddressResolver.java:55)
[2024-08-01T03:30:49.149+0000] {spark_submit.py:571} INFO - at io.netty.resolver.InetSocketAddressResolver.doResolve(InetSocketAddressResolver.java:31)
[2024-08-01T03:30:49.149+0000] {spark_submit.py:571} INFO - at io.netty.resolver.AbstractAddressResolver.resolve(AbstractAddressResolver.java:106)
[2024-08-01T03:30:49.149+0000] {spark_submit.py:571} INFO - at io.netty.bootstrap.Bootstrap.doResolveAndConnect0(Bootstrap.java:220)
[2024-08-01T03:30:49.150+0000] {spark_submit.py:571} INFO - at io.netty.bootstrap.Bootstrap.access$000(Bootstrap.java:46)
[2024-08-01T03:30:49.150+0000] {spark_submit.py:571} INFO - at io.netty.bootstrap.Bootstrap$1.operationComplete(Bootstrap.java:189)
[2024-08-01T03:30:49.150+0000] {spark_submit.py:571} INFO - at io.netty.bootstrap.Bootstrap$1.operationComplete(Bootstrap.java:175)
[2024-08-01T03:30:49.150+0000] {spark_submit.py:571} INFO - at io.netty.util.concurrent.DefaultPromise.notifyListener0(DefaultPromise.java:590)
[2024-08-01T03:30:49.151+0000] {spark_submit.py:571} INFO - at io.netty.util.concurrent.DefaultPromise.notifyListenersNow(DefaultPromise.java:557)
[2024-08-01T03:30:49.151+0000] {spark_submit.py:571} INFO - at io.netty.util.concurrent.DefaultPromise.notifyListeners(DefaultPromise.java:492)
[2024-08-01T03:30:49.151+0000] {spark_submit.py:571} INFO - at io.netty.util.concurrent.DefaultPromise.setValue0(DefaultPromise.java:636)
[2024-08-01T03:30:49.151+0000] {spark_submit.py:571} INFO - at io.netty.util.concurrent.DefaultPromise.setSuccess0(DefaultPromise.java:625)
[2024-08-01T03:30:49.152+0000] {spark_submit.py:571} INFO - at io.netty.util.concurrent.DefaultPromise.trySuccess(DefaultPromise.java:105)
[2024-08-01T03:30:49.152+0000] {spark_submit.py:571} INFO - at io.netty.channel.DefaultChannelPromise.trySuccess(DefaultChannelPromise.java:84)
[2024-08-01T03:30:49.152+0000] {spark_submit.py:571} INFO - at io.netty.channel.AbstractChannel$AbstractUnsafe.safeSetSuccess(AbstractChannel.java:990)
[2024-08-01T03:30:49.152+0000] {spark_submit.py:571} INFO - at io.netty.channel.AbstractChannel$AbstractUnsafe.register0(AbstractChannel.java:516)
[2024-08-01T03:30:49.153+0000] {spark_submit.py:571} INFO - at io.netty.channel.AbstractChannel$AbstractUnsafe.access$200(AbstractChannel.java:429)
[2024-08-01T03:30:49.153+0000] {spark_submit.py:571} INFO - at io.netty.channel.AbstractChannel$AbstractUnsafe$1.run(AbstractChannel.java:486)
[2024-08-01T03:30:49.153+0000] {spark_submit.py:571} INFO - at io.netty.util.concurrent.AbstractEventExecutor.runTask(AbstractEventExecutor.java:174)
[2024-08-01T03:30:49.153+0000] {spark_submit.py:571} INFO - at io.netty.util.concurrent.AbstractEventExecutor.safeExecute(AbstractEventExecutor.java:167)
[2024-08-01T03:30:49.154+0000] {spark_submit.py:571} INFO - at io.netty.util.concurrent.SingleThreadEventExecutor.runAllTasks(SingleThreadEventExecutor.java:470)
[2024-08-01T03:30:49.154+0000] {spark_submit.py:571} INFO - at io.netty.channel.nio.NioEventLoop.run(NioEventLoop.java:569)
[2024-08-01T03:30:49.154+0000] {spark_submit.py:571} INFO - at io.netty.util.concurrent.SingleThreadEventExecutor$4.run(SingleThreadEventExecutor.java:997)
[2024-08-01T03:30:49.154+0000] {spark_submit.py:571} INFO - at io.netty.util.internal.ThreadExecutorMap$2.run(ThreadExecutorMap.java:74)
[2024-08-01T03:30:49.155+0000] {spark_submit.py:571} INFO - at io.netty.util.concurrent.FastThreadLocalRunnable.run(FastThreadLocalRunnable.java:30)
[2024-08-01T03:30:49.155+0000] {spark_submit.py:571} INFO - ... 1 more
[2024-08-01T03:31:01.057+0000] {spark_submit.py:571} INFO - 24/08/01 03:31:01 INFO StandaloneAppClient$ClientEndpoint: Connecting to master spark://spark-master:7077...
[2024-08-01T03:31:09.079+0000] {spark_submit.py:571} INFO - 24/08/01 03:31:09 WARN TransportClientFactory: DNS resolution failed for spark-master/<unresolved>:7077 took 8014 ms
[2024-08-01T03:31:09.097+0000] {spark_submit.py:571} INFO - 24/08/01 03:31:09 WARN StandaloneAppClient$ClientEndpoint: Failed to connect to master spark-master:7077
[2024-08-01T03:31:09.099+0000] {spark_submit.py:571} INFO - org.apache.spark.SparkException: Exception thrown in awaitResult:
[2024-08-01T03:31:09.101+0000] {spark_submit.py:571} INFO - at org.apache.spark.util.SparkThreadUtils$.awaitResult(SparkThreadUtils.scala:56)
[2024-08-01T03:31:09.103+0000] {spark_submit.py:571} INFO - at org.apache.spark.util.ThreadUtils$.awaitResult(ThreadUtils.scala:310)
[2024-08-01T03:31:09.105+0000] {spark_submit.py:571} INFO - at org.apache.spark.rpc.RpcTimeout.awaitResult(RpcTimeout.scala:75)
[2024-08-01T03:31:09.106+0000] {spark_submit.py:571} INFO - at org.apache.spark.rpc.RpcEnv.setupEndpointRefByURI(RpcEnv.scala:102)
[2024-08-01T03:31:09.108+0000] {spark_submit.py:571} INFO - at org.apache.spark.rpc.RpcEnv.setupEndpointRef(RpcEnv.scala:110)
[2024-08-01T03:31:09.108+0000] {spark_submit.py:571} INFO - at org.apache.spark.deploy.client.StandaloneAppClient$ClientEndpoint$$anon$1.run(StandaloneAppClient.scala:108)
[2024-08-01T03:31:09.109+0000] {spark_submit.py:571} INFO - at java.base/java.util.concurrent.Executors$RunnableAdapter.call(Executors.java:539)
[2024-08-01T03:31:09.110+0000] {spark_submit.py:571} INFO - at java.base/java.util.concurrent.FutureTask.run(FutureTask.java:264)
[2024-08-01T03:31:09.111+0000] {spark_submit.py:571} INFO - at java.base/java.util.concurrent.ThreadPoolExecutor.runWorker(ThreadPoolExecutor.java:1136)
[2024-08-01T03:31:09.112+0000] {spark_submit.py:571} INFO - at java.base/java.util.concurrent.ThreadPoolExecutor$Worker.run(ThreadPoolExecutor.java:635)
[2024-08-01T03:31:09.113+0000] {spark_submit.py:571} INFO - at java.base/java.lang.Thread.run(Thread.java:840)
[2024-08-01T03:31:09.114+0000] {spark_submit.py:571} INFO - Caused by: java.io.IOException: Failed to connect to spark-master/<unresolved>:7077
[2024-08-01T03:31:09.115+0000] {spark_submit.py:571} INFO - at org.apache.spark.network.client.TransportClientFactory.createClient(TransportClientFactory.java:294)
[2024-08-01T03:31:09.115+0000] {spark_submit.py:571} INFO - at org.apache.spark.network.client.TransportClientFactory.createClient(TransportClientFactory.java:214)
[2024-08-01T03:31:09.116+0000] {spark_submit.py:571} INFO - at org.apache.spark.network.client.TransportClientFactory.createClient(TransportClientFactory.java:226)
[2024-08-01T03:31:09.117+0000] {spark_submit.py:571} INFO - at org.apache.spark.rpc.netty.NettyRpcEnv.createClient(NettyRpcEnv.scala:204)
[2024-08-01T03:31:09.118+0000] {spark_submit.py:571} INFO - at org.apache.spark.rpc.netty.Outbox$$anon$1.call(Outbox.scala:202)
[2024-08-01T03:31:09.119+0000] {spark_submit.py:571} INFO - at org.apache.spark.rpc.netty.Outbox$$anon$1.call(Outbox.scala:198)
[2024-08-01T03:31:09.120+0000] {spark_submit.py:571} INFO - ... 4 more
[2024-08-01T03:31:09.120+0000] {spark_submit.py:571} INFO - Caused by: java.net.UnknownHostException: spark-master
[2024-08-01T03:31:09.121+0000] {spark_submit.py:571} INFO - at java.base/java.net.InetAddress$CachedAddresses.get(InetAddress.java:801)
[2024-08-01T03:31:09.122+0000] {spark_submit.py:571} INFO - at java.base/java.net.InetAddress.getAllByName0(InetAddress.java:1533)
[2024-08-01T03:31:09.122+0000] {spark_submit.py:571} INFO - at java.base/java.net.InetAddress.getAllByName(InetAddress.java:1385)
[2024-08-01T03:31:09.123+0000] {spark_submit.py:571} INFO - at java.base/java.net.InetAddress.getAllByName(InetAddress.java:1306)
[2024-08-01T03:31:09.124+0000] {spark_submit.py:571} INFO - at java.base/java.net.InetAddress.getByName(InetAddress.java:1256)
[2024-08-01T03:31:09.124+0000] {spark_submit.py:571} INFO - at io.netty.util.internal.SocketUtils$8.run(SocketUtils.java:156)
[2024-08-01T03:31:09.125+0000] {spark_submit.py:571} INFO - at io.netty.util.internal.SocketUtils$8.run(SocketUtils.java:153)
[2024-08-01T03:31:09.125+0000] {spark_submit.py:571} INFO - at java.base/java.security.AccessController.doPrivileged(AccessController.java:569)
[2024-08-01T03:31:09.126+0000] {spark_submit.py:571} INFO - at io.netty.util.internal.SocketUtils.addressByName(SocketUtils.java:153)
[2024-08-01T03:31:09.126+0000] {spark_submit.py:571} INFO - at io.netty.resolver.DefaultNameResolver.doResolve(DefaultNameResolver.java:41)
[2024-08-01T03:31:09.127+0000] {spark_submit.py:571} INFO - at io.netty.resolver.SimpleNameResolver.resolve(SimpleNameResolver.java:61)
[2024-08-01T03:31:09.127+0000] {spark_submit.py:571} INFO - at io.netty.resolver.SimpleNameResolver.resolve(SimpleNameResolver.java:53)
[2024-08-01T03:31:09.128+0000] {spark_submit.py:571} INFO - at io.netty.resolver.InetSocketAddressResolver.doResolve(InetSocketAddressResolver.java:55)
[2024-08-01T03:31:09.128+0000] {spark_submit.py:571} INFO - at io.netty.resolver.InetSocketAddressResolver.doResolve(InetSocketAddressResolver.java:31)
[2024-08-01T03:31:09.129+0000] {spark_submit.py:571} INFO - at io.netty.resolver.AbstractAddressResolver.resolve(AbstractAddressResolver.java:106)
[2024-08-01T03:31:09.129+0000] {spark_submit.py:571} INFO - at io.netty.bootstrap.Bootstrap.doResolveAndConnect0(Bootstrap.java:220)
[2024-08-01T03:31:09.130+0000] {spark_submit.py:571} INFO - at io.netty.bootstrap.Bootstrap.access$000(Bootstrap.java:46)
[2024-08-01T03:31:09.130+0000] {spark_submit.py:571} INFO - at io.netty.bootstrap.Bootstrap$1.operationComplete(Bootstrap.java:189)
[2024-08-01T03:31:09.131+0000] {spark_submit.py:571} INFO - at io.netty.bootstrap.Bootstrap$1.operationComplete(Bootstrap.java:175)
[2024-08-01T03:31:09.131+0000] {spark_submit.py:571} INFO - at io.netty.util.concurrent.DefaultPromise.notifyListener0(DefaultPromise.java:590)
[2024-08-01T03:31:09.131+0000] {spark_submit.py:571} INFO - at io.netty.util.concurrent.DefaultPromise.notifyListenersNow(DefaultPromise.java:557)
[2024-08-01T03:31:09.132+0000] {spark_submit.py:571} INFO - at io.netty.util.concurrent.DefaultPromise.notifyListeners(DefaultPromise.java:492)
[2024-08-01T03:31:09.132+0000] {spark_submit.py:571} INFO - at io.netty.util.concurrent.DefaultPromise.setValue0(DefaultPromise.java:636)
[2024-08-01T03:31:09.133+0000] {spark_submit.py:571} INFO - at io.netty.util.concurrent.DefaultPromise.setSuccess0(DefaultPromise.java:625)
[2024-08-01T03:31:09.134+0000] {spark_submit.py:571} INFO - at io.netty.util.concurrent.DefaultPromise.trySuccess(DefaultPromise.java:105)
[2024-08-01T03:31:09.134+0000] {spark_submit.py:571} INFO - at io.netty.channel.DefaultChannelPromise.trySuccess(DefaultChannelPromise.java:84)
[2024-08-01T03:31:09.135+0000] {spark_submit.py:571} INFO - at io.netty.channel.AbstractChannel$AbstractUnsafe.safeSetSuccess(AbstractChannel.java:990)
[2024-08-01T03:31:09.135+0000] {spark_submit.py:571} INFO - at io.netty.channel.AbstractChannel$AbstractUnsafe.register0(AbstractChannel.java:516)
[2024-08-01T03:31:09.135+0000] {spark_submit.py:571} INFO - at io.netty.channel.AbstractChannel$AbstractUnsafe.access$200(AbstractChannel.java:429)
[2024-08-01T03:31:09.136+0000] {spark_submit.py:571} INFO - at io.netty.channel.AbstractChannel$AbstractUnsafe$1.run(AbstractChannel.java:486)
[2024-08-01T03:31:09.136+0000] {spark_submit.py:571} INFO - at io.netty.util.concurrent.AbstractEventExecutor.runTask(AbstractEventExecutor.java:174)
[2024-08-01T03:31:09.137+0000] {spark_submit.py:571} INFO - at io.netty.util.concurrent.AbstractEventExecutor.safeExecute(AbstractEventExecutor.java:167)
[2024-08-01T03:31:09.137+0000] {spark_submit.py:571} INFO - at io.netty.util.concurrent.SingleThreadEventExecutor.runAllTasks(SingleThreadEventExecutor.java:470)
[2024-08-01T03:31:09.137+0000] {spark_submit.py:571} INFO - at io.netty.channel.nio.NioEventLoop.run(NioEventLoop.java:569)
[2024-08-01T03:31:09.138+0000] {spark_submit.py:571} INFO - at io.netty.util.concurrent.SingleThreadEventExecutor$4.run(SingleThreadEventExecutor.java:997)
[2024-08-01T03:31:09.138+0000] {spark_submit.py:571} INFO - at io.netty.util.internal.ThreadExecutorMap$2.run(ThreadExecutorMap.java:74)
[2024-08-01T03:31:09.138+0000] {spark_submit.py:571} INFO - at io.netty.util.concurrent.FastThreadLocalRunnable.run(FastThreadLocalRunnable.java:30)
[2024-08-01T03:31:09.139+0000] {spark_submit.py:571} INFO - ... 1 more
[2024-08-01T03:31:21.058+0000] {spark_submit.py:571} INFO - 24/08/01 03:31:21 INFO StandaloneAppClient$ClientEndpoint: Connecting to master spark://spark-master:7077...
[2024-08-01T03:31:29.071+0000] {spark_submit.py:571} INFO - 24/08/01 03:31:29 WARN TransportClientFactory: DNS resolution failed for spark-master/<unresolved>:7077 took 8007 ms
[2024-08-01T03:31:29.091+0000] {spark_submit.py:571} INFO - 24/08/01 03:31:29 WARN StandaloneAppClient$ClientEndpoint: Failed to connect to master spark-master:7077
[2024-08-01T03:31:29.095+0000] {spark_submit.py:571} INFO - org.apache.spark.SparkException: Exception thrown in awaitResult:
[2024-08-01T03:31:29.099+0000] {spark_submit.py:571} INFO - at org.apache.spark.util.SparkThreadUtils$.awaitResult(SparkThreadUtils.scala:56)
[2024-08-01T03:31:29.101+0000] {spark_submit.py:571} INFO - at org.apache.spark.util.ThreadUtils$.awaitResult(ThreadUtils.scala:310)
[2024-08-01T03:31:29.102+0000] {spark_submit.py:571} INFO - at org.apache.spark.rpc.RpcTimeout.awaitResult(RpcTimeout.scala:75)
[2024-08-01T03:31:29.102+0000] {spark_submit.py:571} INFO - at org.apache.spark.rpc.RpcEnv.setupEndpointRefByURI(RpcEnv.scala:102)
[2024-08-01T03:31:29.103+0000] {spark_submit.py:571} INFO - at org.apache.spark.rpc.RpcEnv.setupEndpointRef(RpcEnv.scala:110)
[2024-08-01T03:31:29.104+0000] {spark_submit.py:571} INFO - at org.apache.spark.deploy.client.StandaloneAppClient$ClientEndpoint$$anon$1.run(StandaloneAppClient.scala:108)
[2024-08-01T03:31:29.105+0000] {spark_submit.py:571} INFO - at java.base/java.util.concurrent.Executors$RunnableAdapter.call(Executors.java:539)
[2024-08-01T03:31:29.106+0000] {spark_submit.py:571} INFO - at java.base/java.util.concurrent.FutureTask.run(FutureTask.java:264)
[2024-08-01T03:31:29.106+0000] {spark_submit.py:571} INFO - at java.base/java.util.concurrent.ThreadPoolExecutor.runWorker(ThreadPoolExecutor.java:1136)
[2024-08-01T03:31:29.109+0000] {spark_submit.py:571} INFO - at java.base/java.util.concurrent.ThreadPoolExecutor$Worker.run(ThreadPoolExecutor.java:635)
[2024-08-01T03:31:29.110+0000] {spark_submit.py:571} INFO - at java.base/java.lang.Thread.run(Thread.java:840)
[2024-08-01T03:31:29.111+0000] {spark_submit.py:571} INFO - Caused by: java.io.IOException: Failed to connect to spark-master/<unresolved>:7077
[2024-08-01T03:31:29.112+0000] {spark_submit.py:571} INFO - at org.apache.spark.network.client.TransportClientFactory.createClient(TransportClientFactory.java:294)
[2024-08-01T03:31:29.112+0000] {spark_submit.py:571} INFO - at org.apache.spark.network.client.TransportClientFactory.createClient(TransportClientFactory.java:214)
[2024-08-01T03:31:29.113+0000] {spark_submit.py:571} INFO - at org.apache.spark.network.client.TransportClientFactory.createClient(TransportClientFactory.java:226)
[2024-08-01T03:31:29.114+0000] {spark_submit.py:571} INFO - at org.apache.spark.rpc.netty.NettyRpcEnv.createClient(NettyRpcEnv.scala:204)
[2024-08-01T03:31:29.114+0000] {spark_submit.py:571} INFO - at org.apache.spark.rpc.netty.Outbox$$anon$1.call(Outbox.scala:202)
[2024-08-01T03:31:29.115+0000] {spark_submit.py:571} INFO - at org.apache.spark.rpc.netty.Outbox$$anon$1.call(Outbox.scala:198)
[2024-08-01T03:31:29.115+0000] {spark_submit.py:571} INFO - ... 4 more
[2024-08-01T03:31:29.116+0000] {spark_submit.py:571} INFO - Caused by: java.net.UnknownHostException: spark-master
[2024-08-01T03:31:29.116+0000] {spark_submit.py:571} INFO - at java.base/java.net.InetAddress$CachedAddresses.get(InetAddress.java:801)
[2024-08-01T03:31:29.117+0000] {spark_submit.py:571} INFO - at java.base/java.net.InetAddress.getAllByName0(InetAddress.java:1533)
[2024-08-01T03:31:29.117+0000] {spark_submit.py:571} INFO - at java.base/java.net.InetAddress.getAllByName(InetAddress.java:1385)
[2024-08-01T03:31:29.118+0000] {spark_submit.py:571} INFO - at java.base/java.net.InetAddress.getAllByName(InetAddress.java:1306)
[2024-08-01T03:31:29.118+0000] {spark_submit.py:571} INFO - at java.base/java.net.InetAddress.getByName(InetAddress.java:1256)
[2024-08-01T03:31:29.119+0000] {spark_submit.py:571} INFO - at io.netty.util.internal.SocketUtils$8.run(SocketUtils.java:156)
[2024-08-01T03:31:29.119+0000] {spark_submit.py:571} INFO - at io.netty.util.internal.SocketUtils$8.run(SocketUtils.java:153)
[2024-08-01T03:31:29.120+0000] {spark_submit.py:571} INFO - at java.base/java.security.AccessController.doPrivileged(AccessController.java:569)
[2024-08-01T03:31:29.120+0000] {spark_submit.py:571} INFO - at io.netty.util.internal.SocketUtils.addressByName(SocketUtils.java:153)
[2024-08-01T03:31:29.121+0000] {spark_submit.py:571} INFO - at io.netty.resolver.DefaultNameResolver.doResolve(DefaultNameResolver.java:41)
[2024-08-01T03:31:29.121+0000] {spark_submit.py:571} INFO - at io.netty.resolver.SimpleNameResolver.resolve(SimpleNameResolver.java:61)
[2024-08-01T03:31:29.122+0000] {spark_submit.py:571} INFO - at io.netty.resolver.SimpleNameResolver.resolve(SimpleNameResolver.java:53)
[2024-08-01T03:31:29.122+0000] {spark_submit.py:571} INFO - at io.netty.resolver.InetSocketAddressResolver.doResolve(InetSocketAddressResolver.java:55)
[2024-08-01T03:31:29.123+0000] {spark_submit.py:571} INFO - at io.netty.resolver.InetSocketAddressResolver.doResolve(InetSocketAddressResolver.java:31)
[2024-08-01T03:31:29.123+0000] {spark_submit.py:571} INFO - at io.netty.resolver.AbstractAddressResolver.resolve(AbstractAddressResolver.java:106)
[2024-08-01T03:31:29.125+0000] {spark_submit.py:571} INFO - at io.netty.bootstrap.Bootstrap.doResolveAndConnect0(Bootstrap.java:220)
[2024-08-01T03:31:29.126+0000] {spark_submit.py:571} INFO - at io.netty.bootstrap.Bootstrap.access$000(Bootstrap.java:46)
[2024-08-01T03:31:29.126+0000] {spark_submit.py:571} INFO - at io.netty.bootstrap.Bootstrap$1.operationComplete(Bootstrap.java:189)
[2024-08-01T03:31:29.127+0000] {spark_submit.py:571} INFO - at io.netty.bootstrap.Bootstrap$1.operationComplete(Bootstrap.java:175)
[2024-08-01T03:31:29.128+0000] {spark_submit.py:571} INFO - at io.netty.util.concurrent.DefaultPromise.notifyListener0(DefaultPromise.java:590)
[2024-08-01T03:31:29.128+0000] {spark_submit.py:571} INFO - at io.netty.util.concurrent.DefaultPromise.notifyListenersNow(DefaultPromise.java:557)
[2024-08-01T03:31:29.129+0000] {spark_submit.py:571} INFO - at io.netty.util.concurrent.DefaultPromise.notifyListeners(DefaultPromise.java:492)
[2024-08-01T03:31:29.129+0000] {spark_submit.py:571} INFO - at io.netty.util.concurrent.DefaultPromise.setValue0(DefaultPromise.java:636)
[2024-08-01T03:31:29.130+0000] {spark_submit.py:571} INFO - at io.netty.util.concurrent.DefaultPromise.setSuccess0(DefaultPromise.java:625)
[2024-08-01T03:31:29.130+0000] {spark_submit.py:571} INFO - at io.netty.util.concurrent.DefaultPromise.trySuccess(DefaultPromise.java:105)
[2024-08-01T03:31:29.131+0000] {spark_submit.py:571} INFO - at io.netty.channel.DefaultChannelPromise.trySuccess(DefaultChannelPromise.java:84)
[2024-08-01T03:31:29.131+0000] {spark_submit.py:571} INFO - at io.netty.channel.AbstractChannel$AbstractUnsafe.safeSetSuccess(AbstractChannel.java:990)
[2024-08-01T03:31:29.132+0000] {spark_submit.py:571} INFO - at io.netty.channel.AbstractChannel$AbstractUnsafe.register0(AbstractChannel.java:516)
[2024-08-01T03:31:29.132+0000] {spark_submit.py:571} INFO - at io.netty.channel.AbstractChannel$AbstractUnsafe.access$200(AbstractChannel.java:429)
[2024-08-01T03:31:29.133+0000] {spark_submit.py:571} INFO - at io.netty.channel.AbstractChannel$AbstractUnsafe$1.run(AbstractChannel.java:486)
[2024-08-01T03:31:29.133+0000] {spark_submit.py:571} INFO - at io.netty.util.concurrent.AbstractEventExecutor.runTask(AbstractEventExecutor.java:174)
[2024-08-01T03:31:29.134+0000] {spark_submit.py:571} INFO - at io.netty.util.concurrent.AbstractEventExecutor.safeExecute(AbstractEventExecutor.java:167)
[2024-08-01T03:31:29.134+0000] {spark_submit.py:571} INFO - at io.netty.util.concurrent.SingleThreadEventExecutor.runAllTasks(SingleThreadEventExecutor.java:470)
[2024-08-01T03:31:29.135+0000] {spark_submit.py:571} INFO - at io.netty.channel.nio.NioEventLoop.run(NioEventLoop.java:569)
[2024-08-01T03:31:29.135+0000] {spark_submit.py:571} INFO - at io.netty.util.concurrent.SingleThreadEventExecutor$4.run(SingleThreadEventExecutor.java:997)
[2024-08-01T03:31:29.136+0000] {spark_submit.py:571} INFO - at io.netty.util.internal.ThreadExecutorMap$2.run(ThreadExecutorMap.java:74)
[2024-08-01T03:31:29.136+0000] {spark_submit.py:571} INFO - at io.netty.util.concurrent.FastThreadLocalRunnable.run(FastThreadLocalRunnable.java:30)
[2024-08-01T03:31:29.137+0000] {spark_submit.py:571} INFO - ... 1 more
[2024-08-01T03:31:41.058+0000] {spark_submit.py:571} INFO - 24/08/01 03:31:41 WARN StandaloneSchedulerBackend: Application ID is not initialized yet.
[2024-08-01T03:31:41.111+0000] {spark_submit.py:571} INFO - 24/08/01 03:31:41 ERROR StandaloneSchedulerBackend: Application has been killed. Reason: All masters are unresponsive! Giving up.
[2024-08-01T03:31:41.174+0000] {spark_submit.py:571} INFO - 24/08/01 03:31:41 INFO Utils: Successfully started service 'org.apache.spark.network.netty.NettyBlockTransferService' on port 34609.
[2024-08-01T03:31:41.176+0000] {spark_submit.py:571} INFO - 24/08/01 03:31:41 INFO NettyBlockTransferService: Server created on 24fc876e8f70:34609
[2024-08-01T03:31:41.178+0000] {spark_submit.py:571} INFO - 24/08/01 03:31:41 INFO BlockManager: Using org.apache.spark.storage.RandomBlockReplicationPolicy for block replication policy
[2024-08-01T03:31:41.182+0000] {spark_submit.py:571} INFO - 24/08/01 03:31:41 INFO BlockManagerMaster: Registering BlockManager BlockManagerId(driver, 24fc876e8f70, 34609, None)
[2024-08-01T03:31:41.183+0000] {spark_submit.py:571} INFO - 24/08/01 03:31:41 INFO BlockManagerMasterEndpoint: Registering block manager 24fc876e8f70:34609 with 434.4 MiB RAM, BlockManagerId(driver, 24fc876e8f70, 34609, None)
[2024-08-01T03:31:41.186+0000] {spark_submit.py:571} INFO - 24/08/01 03:31:41 INFO BlockManagerMaster: Registered BlockManager BlockManagerId(driver, 24fc876e8f70, 34609, None)
[2024-08-01T03:31:41.187+0000] {spark_submit.py:571} INFO - 24/08/01 03:31:41 INFO BlockManager: Initialized BlockManager: BlockManagerId(driver, 24fc876e8f70, 34609, None)
[2024-08-01T03:31:41.464+0000] {spark_submit.py:571} INFO - 24/08/01 03:31:41 INFO StandaloneSchedulerBackend: SchedulerBackend is ready for scheduling beginning after reached minRegisteredResourcesRatio: 0.0
[2024-08-01T03:31:42.221+0000] {spark_submit.py:571} INFO - 24/08/01 03:31:42 INFO SparkContext: SparkContext is stopping with exitCode 0.
[2024-08-01T03:31:42.239+0000] {spark_submit.py:571} INFO - 24/08/01 03:31:42 INFO SparkUI: Stopped Spark web UI at http://24fc876e8f70:4040
[2024-08-01T03:31:42.246+0000] {spark_submit.py:571} INFO - 24/08/01 03:31:42 INFO StandaloneSchedulerBackend: Shutting down all executors
[2024-08-01T03:31:42.255+0000] {spark_submit.py:571} INFO - 24/08/01 03:31:42 INFO StandaloneSchedulerBackend$StandaloneDriverEndpoint: Asking each executor to shut down
[2024-08-01T03:31:42.269+0000] {spark_submit.py:571} INFO - 24/08/01 03:31:42 WARN StandaloneAppClient$ClientEndpoint: Drop UnregisterApplication(null) because has not yet connected to master
[2024-08-01T03:31:42.287+0000] {spark_submit.py:571} INFO - 24/08/01 03:31:42 INFO MapOutputTrackerMasterEndpoint: MapOutputTrackerMasterEndpoint stopped!
[2024-08-01T03:31:42.346+0000] {spark_submit.py:571} INFO - 24/08/01 03:31:42 INFO MemoryStore: MemoryStore cleared
[2024-08-01T03:31:42.346+0000] {spark_submit.py:571} INFO - 24/08/01 03:31:42 INFO BlockManager: BlockManager stopped
[2024-08-01T03:31:42.356+0000] {spark_submit.py:571} INFO - 24/08/01 03:31:42 INFO BlockManagerMaster: BlockManagerMaster stopped
[2024-08-01T03:31:42.360+0000] {spark_submit.py:571} INFO - 24/08/01 03:31:42 INFO OutputCommitCoordinator$OutputCommitCoordinatorEndpoint: OutputCommitCoordinator stopped!
[2024-08-01T03:31:42.375+0000] {spark_submit.py:571} INFO - ============================
[2024-08-01T03:31:42.389+0000] {spark_submit.py:571} INFO - 24/08/01 03:31:42 INFO SparkContext: Successfully stopped SparkContext
[2024-08-01T03:31:42.491+0000] {spark_submit.py:571} INFO - Traceback (most recent call last):
[2024-08-01T03:31:42.491+0000] {spark_submit.py:571} INFO - File "/opt/airflow/jobs/word_count.py", line 13, in <module>
[2024-08-01T03:31:42.496+0000] {spark_submit.py:571} INFO - for wc in wordCounts.collect():
[2024-08-01T03:31:42.497+0000] {spark_submit.py:571} INFO - ^^^^^^^^^^^^^^^^^^^^
[2024-08-01T03:31:42.498+0000] {spark_submit.py:571} INFO - File "/home/airflow/.local/lib/python3.11/site-packages/pyspark/python/lib/pyspark.zip/pyspark/rdd.py", line 1833, in collect
[2024-08-01T03:31:42.499+0000] {spark_submit.py:571} INFO - File "/home/airflow/.local/lib/python3.11/site-packages/pyspark/python/lib/py4j-0.10.9.7-src.zip/py4j/java_gateway.py", line 1322, in __call__
[2024-08-01T03:31:42.503+0000] {spark_submit.py:571} INFO - File "/home/airflow/.local/lib/python3.11/site-packages/pyspark/python/lib/pyspark.zip/pyspark/errors/exceptions/captured.py", line 179, in deco
[2024-08-01T03:31:42.504+0000] {spark_submit.py:571} INFO - File "/home/airflow/.local/lib/python3.11/site-packages/pyspark/python/lib/py4j-0.10.9.7-src.zip/py4j/protocol.py", line 326, in get_return_value
[2024-08-01T03:31:42.508+0000] {spark_submit.py:571} INFO - py4j.protocol.Py4JJavaError: An error occurred while calling z:org.apache.spark.api.python.PythonRDD.collectAndServe.
[2024-08-01T03:31:42.510+0000] {spark_submit.py:571} INFO - : java.lang.IllegalStateException: SparkContext has been shutdown
[2024-08-01T03:31:42.511+0000] {spark_submit.py:571} INFO - at org.apache.spark.SparkContext.runJob(SparkContext.scala:2390)
[2024-08-01T03:31:42.512+0000] {spark_submit.py:571} INFO - at org.apache.spark.SparkContext.runJob(SparkContext.scala:2419)
[2024-08-01T03:31:42.512+0000] {spark_submit.py:571} INFO - at org.apache.spark.SparkContext.runJob(SparkContext.scala:2438)
[2024-08-01T03:31:42.514+0000] {spark_submit.py:571} INFO - at org.apache.spark.SparkContext.runJob(SparkContext.scala:2463)
[2024-08-01T03:31:42.514+0000] {spark_submit.py:571} INFO - at org.apache.spark.rdd.RDD.$anonfun$collect$1(RDD.scala:1049)
[2024-08-01T03:31:42.515+0000] {spark_submit.py:571} INFO - at org.apache.spark.rdd.RDDOperationScope$.withScope(RDDOperationScope.scala:151)
[2024-08-01T03:31:42.518+0000] {spark_submit.py:571} INFO - at org.apache.spark.rdd.RDDOperationScope$.withScope(RDDOperationScope.scala:112)
[2024-08-01T03:31:42.519+0000] {spark_submit.py:571} INFO - at org.apache.spark.rdd.RDD.withScope(RDD.scala:410)
[2024-08-01T03:31:42.520+0000] {spark_submit.py:571} INFO - at org.apache.spark.rdd.RDD.collect(RDD.scala:1048)
[2024-08-01T03:31:42.521+0000] {spark_submit.py:571} INFO - at org.apache.spark.api.python.PythonRDD$.collectAndServe(PythonRDD.scala:195)
[2024-08-01T03:31:42.521+0000] {spark_submit.py:571} INFO - at org.apache.spark.api.python.PythonRDD.collectAndServe(PythonRDD.scala)
[2024-08-01T03:31:42.523+0000] {spark_submit.py:571} INFO - at java.base/jdk.internal.reflect.NativeMethodAccessorImpl.invoke0(Native Method)
[2024-08-01T03:31:42.523+0000] {spark_submit.py:571} INFO - at java.base/jdk.internal.reflect.NativeMethodAccessorImpl.invoke(NativeMethodAccessorImpl.java:77)
[2024-08-01T03:31:42.524+0000] {spark_submit.py:571} INFO - at java.base/jdk.internal.reflect.DelegatingMethodAccessorImpl.invoke(DelegatingMethodAccessorImpl.java:43)
[2024-08-01T03:31:42.525+0000] {spark_submit.py:571} INFO - at java.base/java.lang.reflect.Method.invoke(Method.java:568)
[2024-08-01T03:31:42.526+0000] {spark_submit.py:571} INFO - at py4j.reflection.MethodInvoker.invoke(MethodInvoker.java:244)
[2024-08-01T03:31:42.526+0000] {spark_submit.py:571} INFO - at py4j.reflection.ReflectionEngine.invoke(ReflectionEngine.java:374)
[2024-08-01T03:31:42.527+0000] {spark_submit.py:571} INFO - at py4j.Gateway.invoke(Gateway.java:282)
[2024-08-01T03:31:42.528+0000] {spark_submit.py:571} INFO - at py4j.commands.AbstractCommand.invokeMethod(AbstractCommand.java:132)
[2024-08-01T03:31:42.528+0000] {spark_submit.py:571} INFO - at py4j.commands.CallCommand.execute(CallCommand.java:79)
[2024-08-01T03:31:42.529+0000] {spark_submit.py:571} INFO - at py4j.ClientServerConnection.waitForCommands(ClientServerConnection.java:182)
[2024-08-01T03:31:42.530+0000] {spark_submit.py:571} INFO - at py4j.ClientServerConnection.run(ClientServerConnection.java:106)
[2024-08-01T03:31:42.530+0000] {spark_submit.py:571} INFO - at java.base/java.lang.Thread.run(Thread.java:840)
[2024-08-01T03:31:42.533+0000] {spark_submit.py:571} INFO - 
[2024-08-01T03:31:42.644+0000] {spark_submit.py:571} INFO - 24/08/01 03:31:42 INFO ShutdownHookManager: Shutdown hook called
[2024-08-01T03:31:42.645+0000] {spark_submit.py:571} INFO - 24/08/01 03:31:42 INFO ShutdownHookManager: Deleting directory /tmp/spark-afae32fd-301c-46e2-8ded-5d900b3d71c3/pyspark-bbe278d6-5b37-440c-80be-f614058af507
[2024-08-01T03:31:42.654+0000] {spark_submit.py:571} INFO - 24/08/01 03:31:42 INFO ShutdownHookManager: Deleting directory /tmp/spark-afae32fd-301c-46e2-8ded-5d900b3d71c3
[2024-08-01T03:31:42.660+0000] {spark_submit.py:571} INFO - 24/08/01 03:31:42 INFO ShutdownHookManager: Deleting directory /tmp/spark-11c6ff1a-8063-48d5-934d-7a201a17aa8c
[2024-08-01T03:31:42.717+0000] {taskinstance.py:441} INFO - ::group::Post task execution logs
[2024-08-01T03:31:42.731+0000] {taskinstance.py:2905} ERROR - Task failed with exception
Traceback (most recent call last):
  File "/home/airflow/.local/lib/python3.11/site-packages/airflow/models/taskinstance.py", line 465, in _execute_task
    result = _execute_callable(context=context, **execute_callable_kwargs)
             ^^^^^^^^^^^^^^^^^^^^^^^^^^^^^^^^^^^^^^^^^^^^^^^^^^^^^^^^^^^^^
  File "/home/airflow/.local/lib/python3.11/site-packages/airflow/models/taskinstance.py", line 432, in _execute_callable
    return execute_callable(context=context, **execute_callable_kwargs)
           ^^^^^^^^^^^^^^^^^^^^^^^^^^^^^^^^^^^^^^^^^^^^^^^^^^^^^^^^^^^^
  File "/home/airflow/.local/lib/python3.11/site-packages/airflow/models/baseoperator.py", line 400, in wrapper
    return func(self, *args, **kwargs)
           ^^^^^^^^^^^^^^^^^^^^^^^^^^^
  File "/home/airflow/.local/lib/python3.11/site-packages/airflow/providers/apache/spark/operators/spark_submit.py", line 174, in execute
    self._hook.submit(self.application)
  File "/home/airflow/.local/lib/python3.11/site-packages/airflow/providers/apache/spark/hooks/spark_submit.py", line 502, in submit
    raise AirflowException(
airflow.exceptions.AirflowException: Cannot execute: spark-submit --master spark://spark-master:7077 --name arrow-spark --deploy-mode client jobs/word_count.py. Error code is: 1.
[2024-08-01T03:31:42.740+0000] {taskinstance.py:1206} INFO - Marking task as FAILED. dag_id=welcome_dag, task_id=python_job, run_id=manual__2024-08-01T03:30:25.007207+00:00, execution_date=20240801T033025, start_date=20240801T033034, end_date=20240801T033142
[2024-08-01T03:31:42.831+0000] {standard_task_runner.py:110} ERROR - Failed to execute job 25 for task python_job (Cannot execute: spark-submit --master spark://spark-master:7077 --name arrow-spark --deploy-mode client jobs/word_count.py. Error code is: 1.; 1128)
[2024-08-01T03:31:42.885+0000] {local_task_job_runner.py:240} INFO - Task exited with return code 1
[2024-08-01T03:31:42.947+0000] {taskinstance.py:3498} INFO - 0 downstream tasks scheduled from follow-on schedule check
[2024-08-01T03:31:43.035+0000] {local_task_job_runner.py:222} INFO - ::endgroup::
