[2024-08-01T03:42:37.494+0000] {local_task_job_runner.py:120} INFO - ::group::Pre task execution logs
[2024-08-01T03:42:37.530+0000] {taskinstance.py:2076} INFO - Dependencies all met for dep_context=non-requeueable deps ti=<TaskInstance: welcome_dag.python_job manual__2024-08-01T03:42:27.452359+00:00 [queued]>
[2024-08-01T03:42:37.543+0000] {taskinstance.py:2076} INFO - Dependencies all met for dep_context=requeueable deps ti=<TaskInstance: welcome_dag.python_job manual__2024-08-01T03:42:27.452359+00:00 [queued]>
[2024-08-01T03:42:37.543+0000] {taskinstance.py:2306} INFO - Starting attempt 1 of 1
[2024-08-01T03:42:37.576+0000] {taskinstance.py:2330} INFO - Executing <Task(SparkSubmitOperator): python_job> on 2024-08-01 03:42:27.452359+00:00
[2024-08-01T03:42:37.581+0000] {standard_task_runner.py:63} INFO - Started process 1587 to run task
[2024-08-01T03:42:37.585+0000] {standard_task_runner.py:90} INFO - Running: ['airflow', 'tasks', 'run', 'welcome_dag', 'python_job', 'manual__2024-08-01T03:42:27.452359+00:00', '--job-id', '31', '--raw', '--subdir', 'DAGS_FOLDER/welcome_dag.py', '--cfg-path', '/tmp/tmpcogl9e7z']
[2024-08-01T03:42:37.587+0000] {standard_task_runner.py:91} INFO - Job 31: Subtask python_job
[2024-08-01T03:42:37.659+0000] {task_command.py:426} INFO - Running <TaskInstance: welcome_dag.python_job manual__2024-08-01T03:42:27.452359+00:00 [running]> on host 24fc876e8f70
[2024-08-01T03:42:37.794+0000] {taskinstance.py:2648} INFO - Exporting env vars: AIRFLOW_CTX_DAG_OWNER='airflow' AIRFLOW_CTX_DAG_ID='welcome_dag' AIRFLOW_CTX_TASK_ID='python_job' AIRFLOW_CTX_EXECUTION_DATE='2024-08-01T03:42:27.452359+00:00' AIRFLOW_CTX_TRY_NUMBER='1' AIRFLOW_CTX_DAG_RUN_ID='manual__2024-08-01T03:42:27.452359+00:00'
[2024-08-01T03:42:37.795+0000] {taskinstance.py:430} INFO - ::endgroup::
[2024-08-01T03:42:37.820+0000] {base.py:84} INFO - Using connection ID 'spark_conn' for task execution.
[2024-08-01T03:42:37.821+0000] {spark_submit.py:401} INFO - Spark-Submit cmd: spark-submit --master spark://spark-master:7077 --name arrow-spark --deploy-mode client jobs/word_count.py
[2024-08-01T03:42:42.097+0000] {spark_submit.py:571} INFO - 24/08/01 03:42:42 INFO SparkContext: Running Spark version 3.5.1
[2024-08-01T03:42:42.100+0000] {spark_submit.py:571} INFO - 24/08/01 03:42:42 INFO SparkContext: OS info Linux, 5.15.153.1-microsoft-standard-WSL2, amd64
[2024-08-01T03:42:42.101+0000] {spark_submit.py:571} INFO - 24/08/01 03:42:42 INFO SparkContext: Java version 17.0.11
[2024-08-01T03:42:42.206+0000] {spark_submit.py:571} INFO - 24/08/01 03:42:42 WARN NativeCodeLoader: Unable to load native-hadoop library for your platform... using builtin-java classes where applicable
[2024-08-01T03:42:42.341+0000] {spark_submit.py:571} INFO - 24/08/01 03:42:42 INFO ResourceUtils: ==============================================================
[2024-08-01T03:42:42.342+0000] {spark_submit.py:571} INFO - 24/08/01 03:42:42 INFO ResourceUtils: No custom resources configured for spark.driver.
[2024-08-01T03:42:42.343+0000] {spark_submit.py:571} INFO - 24/08/01 03:42:42 INFO ResourceUtils: ==============================================================
[2024-08-01T03:42:42.344+0000] {spark_submit.py:571} INFO - 24/08/01 03:42:42 INFO SparkContext: Submitted application: PythonWordCount
[2024-08-01T03:42:42.378+0000] {spark_submit.py:571} INFO - 24/08/01 03:42:42 INFO ResourceProfile: Default ResourceProfile created, executor resources: Map(memory -> name: memory, amount: 1024, script: , vendor: , offHeap -> name: offHeap, amount: 0, script: , vendor: ), task resources: Map(cpus -> name: cpus, amount: 1.0)
[2024-08-01T03:42:42.391+0000] {spark_submit.py:571} INFO - 24/08/01 03:42:42 INFO ResourceProfile: Limiting resource is cpu
[2024-08-01T03:42:42.393+0000] {spark_submit.py:571} INFO - 24/08/01 03:42:42 INFO ResourceProfileManager: Added ResourceProfile id: 0
[2024-08-01T03:42:42.474+0000] {spark_submit.py:571} INFO - 24/08/01 03:42:42 INFO SecurityManager: Changing view acls to: airflow
[2024-08-01T03:42:42.475+0000] {spark_submit.py:571} INFO - 24/08/01 03:42:42 INFO SecurityManager: Changing modify acls to: airflow
[2024-08-01T03:42:42.477+0000] {spark_submit.py:571} INFO - 24/08/01 03:42:42 INFO SecurityManager: Changing view acls groups to:
[2024-08-01T03:42:42.478+0000] {spark_submit.py:571} INFO - 24/08/01 03:42:42 INFO SecurityManager: Changing modify acls groups to:
[2024-08-01T03:42:42.479+0000] {spark_submit.py:571} INFO - 24/08/01 03:42:42 INFO SecurityManager: SecurityManager: authentication disabled; ui acls disabled; users with view permissions: airflow; groups with view permissions: EMPTY; users with modify permissions: airflow; groups with modify permissions: EMPTY
[2024-08-01T03:42:42.817+0000] {spark_submit.py:571} INFO - 24/08/01 03:42:42 INFO Utils: Successfully started service 'sparkDriver' on port 36271.
[2024-08-01T03:42:42.902+0000] {spark_submit.py:571} INFO - 24/08/01 03:42:42 INFO SparkEnv: Registering MapOutputTracker
[2024-08-01T03:42:43.050+0000] {spark_submit.py:571} INFO - 24/08/01 03:42:43 INFO SparkEnv: Registering BlockManagerMaster
[2024-08-01T03:42:43.104+0000] {spark_submit.py:571} INFO - 24/08/01 03:42:43 INFO BlockManagerMasterEndpoint: Using org.apache.spark.storage.DefaultTopologyMapper for getting topology information
[2024-08-01T03:42:43.107+0000] {spark_submit.py:571} INFO - 24/08/01 03:42:43 INFO BlockManagerMasterEndpoint: BlockManagerMasterEndpoint up
[2024-08-01T03:42:43.113+0000] {spark_submit.py:571} INFO - 24/08/01 03:42:43 INFO SparkEnv: Registering BlockManagerMasterHeartbeat
[2024-08-01T03:42:43.143+0000] {spark_submit.py:571} INFO - 24/08/01 03:42:43 INFO DiskBlockManager: Created local directory at /tmp/blockmgr-26295552-54bc-4ef1-838b-5e00122b760e
[2024-08-01T03:42:43.164+0000] {spark_submit.py:571} INFO - 24/08/01 03:42:43 INFO MemoryStore: MemoryStore started with capacity 434.4 MiB
[2024-08-01T03:42:43.190+0000] {spark_submit.py:571} INFO - 24/08/01 03:42:43 INFO SparkEnv: Registering OutputCommitCoordinator
[2024-08-01T03:42:43.365+0000] {spark_submit.py:571} INFO - 24/08/01 03:42:43 INFO JettyUtils: Start Jetty 0.0.0.0:4040 for SparkUI
[2024-08-01T03:42:43.436+0000] {spark_submit.py:571} INFO - 24/08/01 03:42:43 INFO Utils: Successfully started service 'SparkUI' on port 4040.
[2024-08-01T03:42:43.644+0000] {spark_submit.py:571} INFO - 24/08/01 03:42:43 INFO StandaloneAppClient$ClientEndpoint: Connecting to master spark://spark-master:7077...
[2024-08-01T03:42:51.674+0000] {spark_submit.py:571} INFO - 24/08/01 03:42:51 WARN TransportClientFactory: DNS resolution failed for spark-master/<unresolved>:7077 took 8006 ms
[2024-08-01T03:42:51.719+0000] {spark_submit.py:571} INFO - 24/08/01 03:42:51 WARN StandaloneAppClient$ClientEndpoint: Failed to connect to master spark-master:7077
[2024-08-01T03:42:51.719+0000] {spark_submit.py:571} INFO - org.apache.spark.SparkException: Exception thrown in awaitResult:
[2024-08-01T03:42:51.720+0000] {spark_submit.py:571} INFO - at org.apache.spark.util.SparkThreadUtils$.awaitResult(SparkThreadUtils.scala:56)
[2024-08-01T03:42:51.720+0000] {spark_submit.py:571} INFO - at org.apache.spark.util.ThreadUtils$.awaitResult(ThreadUtils.scala:310)
[2024-08-01T03:42:51.721+0000] {spark_submit.py:571} INFO - at org.apache.spark.rpc.RpcTimeout.awaitResult(RpcTimeout.scala:75)
[2024-08-01T03:42:51.721+0000] {spark_submit.py:571} INFO - at org.apache.spark.rpc.RpcEnv.setupEndpointRefByURI(RpcEnv.scala:102)
[2024-08-01T03:42:51.722+0000] {spark_submit.py:571} INFO - at org.apache.spark.rpc.RpcEnv.setupEndpointRef(RpcEnv.scala:110)
[2024-08-01T03:42:51.723+0000] {spark_submit.py:571} INFO - at org.apache.spark.deploy.client.StandaloneAppClient$ClientEndpoint$$anon$1.run(StandaloneAppClient.scala:108)
[2024-08-01T03:42:51.723+0000] {spark_submit.py:571} INFO - at java.base/java.util.concurrent.Executors$RunnableAdapter.call(Executors.java:539)
[2024-08-01T03:42:51.724+0000] {spark_submit.py:571} INFO - at java.base/java.util.concurrent.FutureTask.run(FutureTask.java:264)
[2024-08-01T03:42:51.724+0000] {spark_submit.py:571} INFO - at java.base/java.util.concurrent.ThreadPoolExecutor.runWorker(ThreadPoolExecutor.java:1136)
[2024-08-01T03:42:51.725+0000] {spark_submit.py:571} INFO - at java.base/java.util.concurrent.ThreadPoolExecutor$Worker.run(ThreadPoolExecutor.java:635)
[2024-08-01T03:42:51.725+0000] {spark_submit.py:571} INFO - at java.base/java.lang.Thread.run(Thread.java:840)
[2024-08-01T03:42:51.726+0000] {spark_submit.py:571} INFO - Caused by: java.io.IOException: Failed to connect to spark-master/<unresolved>:7077
[2024-08-01T03:42:51.726+0000] {spark_submit.py:571} INFO - at org.apache.spark.network.client.TransportClientFactory.createClient(TransportClientFactory.java:294)
[2024-08-01T03:42:51.727+0000] {spark_submit.py:571} INFO - at org.apache.spark.network.client.TransportClientFactory.createClient(TransportClientFactory.java:214)
[2024-08-01T03:42:51.727+0000] {spark_submit.py:571} INFO - at org.apache.spark.network.client.TransportClientFactory.createClient(TransportClientFactory.java:226)
[2024-08-01T03:42:51.728+0000] {spark_submit.py:571} INFO - at org.apache.spark.rpc.netty.NettyRpcEnv.createClient(NettyRpcEnv.scala:204)
[2024-08-01T03:42:51.728+0000] {spark_submit.py:571} INFO - at org.apache.spark.rpc.netty.Outbox$$anon$1.call(Outbox.scala:202)
[2024-08-01T03:42:51.729+0000] {spark_submit.py:571} INFO - at org.apache.spark.rpc.netty.Outbox$$anon$1.call(Outbox.scala:198)
[2024-08-01T03:42:51.729+0000] {spark_submit.py:571} INFO - ... 4 more
[2024-08-01T03:42:51.729+0000] {spark_submit.py:571} INFO - Caused by: java.net.UnknownHostException: spark-master
[2024-08-01T03:42:51.730+0000] {spark_submit.py:571} INFO - at java.base/java.net.InetAddress$CachedAddresses.get(InetAddress.java:801)
[2024-08-01T03:42:51.731+0000] {spark_submit.py:571} INFO - at java.base/java.net.InetAddress.getAllByName0(InetAddress.java:1533)
[2024-08-01T03:42:51.731+0000] {spark_submit.py:571} INFO - at java.base/java.net.InetAddress.getAllByName(InetAddress.java:1385)
[2024-08-01T03:42:51.732+0000] {spark_submit.py:571} INFO - at java.base/java.net.InetAddress.getAllByName(InetAddress.java:1306)
[2024-08-01T03:42:51.732+0000] {spark_submit.py:571} INFO - at java.base/java.net.InetAddress.getByName(InetAddress.java:1256)
[2024-08-01T03:42:51.733+0000] {spark_submit.py:571} INFO - at io.netty.util.internal.SocketUtils$8.run(SocketUtils.java:156)
[2024-08-01T03:42:51.734+0000] {spark_submit.py:571} INFO - at io.netty.util.internal.SocketUtils$8.run(SocketUtils.java:153)
[2024-08-01T03:42:51.735+0000] {spark_submit.py:571} INFO - at java.base/java.security.AccessController.doPrivileged(AccessController.java:569)
[2024-08-01T03:42:51.735+0000] {spark_submit.py:571} INFO - at io.netty.util.internal.SocketUtils.addressByName(SocketUtils.java:153)
[2024-08-01T03:42:51.736+0000] {spark_submit.py:571} INFO - at io.netty.resolver.DefaultNameResolver.doResolve(DefaultNameResolver.java:41)
[2024-08-01T03:42:51.736+0000] {spark_submit.py:571} INFO - at io.netty.resolver.SimpleNameResolver.resolve(SimpleNameResolver.java:61)
[2024-08-01T03:42:51.737+0000] {spark_submit.py:571} INFO - at io.netty.resolver.SimpleNameResolver.resolve(SimpleNameResolver.java:53)
[2024-08-01T03:42:51.737+0000] {spark_submit.py:571} INFO - at io.netty.resolver.InetSocketAddressResolver.doResolve(InetSocketAddressResolver.java:55)
[2024-08-01T03:42:51.738+0000] {spark_submit.py:571} INFO - at io.netty.resolver.InetSocketAddressResolver.doResolve(InetSocketAddressResolver.java:31)
[2024-08-01T03:42:51.738+0000] {spark_submit.py:571} INFO - at io.netty.resolver.AbstractAddressResolver.resolve(AbstractAddressResolver.java:106)
[2024-08-01T03:42:51.739+0000] {spark_submit.py:571} INFO - at io.netty.bootstrap.Bootstrap.doResolveAndConnect0(Bootstrap.java:220)
[2024-08-01T03:42:51.740+0000] {spark_submit.py:571} INFO - at io.netty.bootstrap.Bootstrap.access$000(Bootstrap.java:46)
[2024-08-01T03:42:51.740+0000] {spark_submit.py:571} INFO - at io.netty.bootstrap.Bootstrap$1.operationComplete(Bootstrap.java:189)
[2024-08-01T03:42:51.740+0000] {spark_submit.py:571} INFO - at io.netty.bootstrap.Bootstrap$1.operationComplete(Bootstrap.java:175)
[2024-08-01T03:42:51.741+0000] {spark_submit.py:571} INFO - at io.netty.util.concurrent.DefaultPromise.notifyListener0(DefaultPromise.java:590)
[2024-08-01T03:42:51.741+0000] {spark_submit.py:571} INFO - at io.netty.util.concurrent.DefaultPromise.notifyListenersNow(DefaultPromise.java:557)
[2024-08-01T03:42:51.742+0000] {spark_submit.py:571} INFO - at io.netty.util.concurrent.DefaultPromise.notifyListeners(DefaultPromise.java:492)
[2024-08-01T03:42:51.742+0000] {spark_submit.py:571} INFO - at io.netty.util.concurrent.DefaultPromise.setValue0(DefaultPromise.java:636)
[2024-08-01T03:42:51.743+0000] {spark_submit.py:571} INFO - at io.netty.util.concurrent.DefaultPromise.setSuccess0(DefaultPromise.java:625)
[2024-08-01T03:42:51.743+0000] {spark_submit.py:571} INFO - at io.netty.util.concurrent.DefaultPromise.trySuccess(DefaultPromise.java:105)
[2024-08-01T03:42:51.744+0000] {spark_submit.py:571} INFO - at io.netty.channel.DefaultChannelPromise.trySuccess(DefaultChannelPromise.java:84)
[2024-08-01T03:42:51.744+0000] {spark_submit.py:571} INFO - at io.netty.channel.AbstractChannel$AbstractUnsafe.safeSetSuccess(AbstractChannel.java:990)
[2024-08-01T03:42:51.745+0000] {spark_submit.py:571} INFO - at io.netty.channel.AbstractChannel$AbstractUnsafe.register0(AbstractChannel.java:516)
[2024-08-01T03:42:51.745+0000] {spark_submit.py:571} INFO - at io.netty.channel.AbstractChannel$AbstractUnsafe.access$200(AbstractChannel.java:429)
[2024-08-01T03:42:51.746+0000] {spark_submit.py:571} INFO - at io.netty.channel.AbstractChannel$AbstractUnsafe$1.run(AbstractChannel.java:486)
[2024-08-01T03:42:51.746+0000] {spark_submit.py:571} INFO - at io.netty.util.concurrent.AbstractEventExecutor.runTask(AbstractEventExecutor.java:174)
[2024-08-01T03:42:51.747+0000] {spark_submit.py:571} INFO - at io.netty.util.concurrent.AbstractEventExecutor.safeExecute(AbstractEventExecutor.java:167)
[2024-08-01T03:42:51.747+0000] {spark_submit.py:571} INFO - at io.netty.util.concurrent.SingleThreadEventExecutor.runAllTasks(SingleThreadEventExecutor.java:470)
[2024-08-01T03:42:51.748+0000] {spark_submit.py:571} INFO - at io.netty.channel.nio.NioEventLoop.run(NioEventLoop.java:569)
[2024-08-01T03:42:51.748+0000] {spark_submit.py:571} INFO - at io.netty.util.concurrent.SingleThreadEventExecutor$4.run(SingleThreadEventExecutor.java:997)
[2024-08-01T03:42:51.749+0000] {spark_submit.py:571} INFO - at io.netty.util.internal.ThreadExecutorMap$2.run(ThreadExecutorMap.java:74)
[2024-08-01T03:42:51.749+0000] {spark_submit.py:571} INFO - at io.netty.util.concurrent.FastThreadLocalRunnable.run(FastThreadLocalRunnable.java:30)
[2024-08-01T03:42:51.750+0000] {spark_submit.py:571} INFO - ... 1 more
[2024-08-01T03:43:03.646+0000] {spark_submit.py:571} INFO - 24/08/01 03:43:03 INFO StandaloneAppClient$ClientEndpoint: Connecting to master spark://spark-master:7077...
[2024-08-01T03:43:11.656+0000] {spark_submit.py:571} INFO - 24/08/01 03:43:11 WARN TransportClientFactory: DNS resolution failed for spark-master/<unresolved>:7077 took 8005 ms
[2024-08-01T03:43:11.663+0000] {spark_submit.py:571} INFO - 24/08/01 03:43:11 WARN StandaloneAppClient$ClientEndpoint: Failed to connect to master spark-master:7077
[2024-08-01T03:43:11.664+0000] {spark_submit.py:571} INFO - org.apache.spark.SparkException: Exception thrown in awaitResult:
[2024-08-01T03:43:11.664+0000] {spark_submit.py:571} INFO - at org.apache.spark.util.SparkThreadUtils$.awaitResult(SparkThreadUtils.scala:56)
[2024-08-01T03:43:11.665+0000] {spark_submit.py:571} INFO - at org.apache.spark.util.ThreadUtils$.awaitResult(ThreadUtils.scala:310)
[2024-08-01T03:43:11.665+0000] {spark_submit.py:571} INFO - at org.apache.spark.rpc.RpcTimeout.awaitResult(RpcTimeout.scala:75)
[2024-08-01T03:43:11.666+0000] {spark_submit.py:571} INFO - at org.apache.spark.rpc.RpcEnv.setupEndpointRefByURI(RpcEnv.scala:102)
[2024-08-01T03:43:11.666+0000] {spark_submit.py:571} INFO - at org.apache.spark.rpc.RpcEnv.setupEndpointRef(RpcEnv.scala:110)
[2024-08-01T03:43:11.667+0000] {spark_submit.py:571} INFO - at org.apache.spark.deploy.client.StandaloneAppClient$ClientEndpoint$$anon$1.run(StandaloneAppClient.scala:108)
[2024-08-01T03:43:11.667+0000] {spark_submit.py:571} INFO - at java.base/java.util.concurrent.Executors$RunnableAdapter.call(Executors.java:539)
[2024-08-01T03:43:11.668+0000] {spark_submit.py:571} INFO - at java.base/java.util.concurrent.FutureTask.run(FutureTask.java:264)
[2024-08-01T03:43:11.668+0000] {spark_submit.py:571} INFO - at java.base/java.util.concurrent.ThreadPoolExecutor.runWorker(ThreadPoolExecutor.java:1136)
[2024-08-01T03:43:11.669+0000] {spark_submit.py:571} INFO - at java.base/java.util.concurrent.ThreadPoolExecutor$Worker.run(ThreadPoolExecutor.java:635)
[2024-08-01T03:43:11.669+0000] {spark_submit.py:571} INFO - at java.base/java.lang.Thread.run(Thread.java:840)
[2024-08-01T03:43:11.670+0000] {spark_submit.py:571} INFO - Caused by: java.io.IOException: Failed to connect to spark-master/<unresolved>:7077
[2024-08-01T03:43:11.670+0000] {spark_submit.py:571} INFO - at org.apache.spark.network.client.TransportClientFactory.createClient(TransportClientFactory.java:294)
[2024-08-01T03:43:11.671+0000] {spark_submit.py:571} INFO - at org.apache.spark.network.client.TransportClientFactory.createClient(TransportClientFactory.java:214)
[2024-08-01T03:43:11.671+0000] {spark_submit.py:571} INFO - at org.apache.spark.network.client.TransportClientFactory.createClient(TransportClientFactory.java:226)
[2024-08-01T03:43:11.672+0000] {spark_submit.py:571} INFO - at org.apache.spark.rpc.netty.NettyRpcEnv.createClient(NettyRpcEnv.scala:204)
[2024-08-01T03:43:11.673+0000] {spark_submit.py:571} INFO - at org.apache.spark.rpc.netty.Outbox$$anon$1.call(Outbox.scala:202)
[2024-08-01T03:43:11.673+0000] {spark_submit.py:571} INFO - at org.apache.spark.rpc.netty.Outbox$$anon$1.call(Outbox.scala:198)
[2024-08-01T03:43:11.674+0000] {spark_submit.py:571} INFO - ... 4 more
[2024-08-01T03:43:11.674+0000] {spark_submit.py:571} INFO - Caused by: java.net.UnknownHostException: spark-master
[2024-08-01T03:43:11.674+0000] {spark_submit.py:571} INFO - at java.base/java.net.InetAddress$CachedAddresses.get(InetAddress.java:801)
[2024-08-01T03:43:11.675+0000] {spark_submit.py:571} INFO - at java.base/java.net.InetAddress.getAllByName0(InetAddress.java:1533)
[2024-08-01T03:43:11.675+0000] {spark_submit.py:571} INFO - at java.base/java.net.InetAddress.getAllByName(InetAddress.java:1385)
[2024-08-01T03:43:11.675+0000] {spark_submit.py:571} INFO - at java.base/java.net.InetAddress.getAllByName(InetAddress.java:1306)
[2024-08-01T03:43:11.676+0000] {spark_submit.py:571} INFO - at java.base/java.net.InetAddress.getByName(InetAddress.java:1256)
[2024-08-01T03:43:11.676+0000] {spark_submit.py:571} INFO - at io.netty.util.internal.SocketUtils$8.run(SocketUtils.java:156)
[2024-08-01T03:43:11.676+0000] {spark_submit.py:571} INFO - at io.netty.util.internal.SocketUtils$8.run(SocketUtils.java:153)
[2024-08-01T03:43:11.677+0000] {spark_submit.py:571} INFO - at java.base/java.security.AccessController.doPrivileged(AccessController.java:569)
[2024-08-01T03:43:11.677+0000] {spark_submit.py:571} INFO - at io.netty.util.internal.SocketUtils.addressByName(SocketUtils.java:153)
[2024-08-01T03:43:11.677+0000] {spark_submit.py:571} INFO - at io.netty.resolver.DefaultNameResolver.doResolve(DefaultNameResolver.java:41)
[2024-08-01T03:43:11.678+0000] {spark_submit.py:571} INFO - at io.netty.resolver.SimpleNameResolver.resolve(SimpleNameResolver.java:61)
[2024-08-01T03:43:11.678+0000] {spark_submit.py:571} INFO - at io.netty.resolver.SimpleNameResolver.resolve(SimpleNameResolver.java:53)
[2024-08-01T03:43:11.678+0000] {spark_submit.py:571} INFO - at io.netty.resolver.InetSocketAddressResolver.doResolve(InetSocketAddressResolver.java:55)
[2024-08-01T03:43:11.679+0000] {spark_submit.py:571} INFO - at io.netty.resolver.InetSocketAddressResolver.doResolve(InetSocketAddressResolver.java:31)
[2024-08-01T03:43:11.679+0000] {spark_submit.py:571} INFO - at io.netty.resolver.AbstractAddressResolver.resolve(AbstractAddressResolver.java:106)
[2024-08-01T03:43:11.679+0000] {spark_submit.py:571} INFO - at io.netty.bootstrap.Bootstrap.doResolveAndConnect0(Bootstrap.java:220)
[2024-08-01T03:43:11.680+0000] {spark_submit.py:571} INFO - at io.netty.bootstrap.Bootstrap.access$000(Bootstrap.java:46)
[2024-08-01T03:43:11.680+0000] {spark_submit.py:571} INFO - at io.netty.bootstrap.Bootstrap$1.operationComplete(Bootstrap.java:189)
[2024-08-01T03:43:11.680+0000] {spark_submit.py:571} INFO - at io.netty.bootstrap.Bootstrap$1.operationComplete(Bootstrap.java:175)
[2024-08-01T03:43:11.681+0000] {spark_submit.py:571} INFO - at io.netty.util.concurrent.DefaultPromise.notifyListener0(DefaultPromise.java:590)
[2024-08-01T03:43:11.681+0000] {spark_submit.py:571} INFO - at io.netty.util.concurrent.DefaultPromise.notifyListenersNow(DefaultPromise.java:557)
[2024-08-01T03:43:11.681+0000] {spark_submit.py:571} INFO - at io.netty.util.concurrent.DefaultPromise.notifyListeners(DefaultPromise.java:492)
[2024-08-01T03:43:11.682+0000] {spark_submit.py:571} INFO - at io.netty.util.concurrent.DefaultPromise.setValue0(DefaultPromise.java:636)
[2024-08-01T03:43:11.682+0000] {spark_submit.py:571} INFO - at io.netty.util.concurrent.DefaultPromise.setSuccess0(DefaultPromise.java:625)
[2024-08-01T03:43:11.682+0000] {spark_submit.py:571} INFO - at io.netty.util.concurrent.DefaultPromise.trySuccess(DefaultPromise.java:105)
[2024-08-01T03:43:11.682+0000] {spark_submit.py:571} INFO - at io.netty.channel.DefaultChannelPromise.trySuccess(DefaultChannelPromise.java:84)
[2024-08-01T03:43:11.683+0000] {spark_submit.py:571} INFO - at io.netty.channel.AbstractChannel$AbstractUnsafe.safeSetSuccess(AbstractChannel.java:990)
[2024-08-01T03:43:11.683+0000] {spark_submit.py:571} INFO - at io.netty.channel.AbstractChannel$AbstractUnsafe.register0(AbstractChannel.java:516)
[2024-08-01T03:43:11.683+0000] {spark_submit.py:571} INFO - at io.netty.channel.AbstractChannel$AbstractUnsafe.access$200(AbstractChannel.java:429)
[2024-08-01T03:43:11.684+0000] {spark_submit.py:571} INFO - at io.netty.channel.AbstractChannel$AbstractUnsafe$1.run(AbstractChannel.java:486)
[2024-08-01T03:43:11.684+0000] {spark_submit.py:571} INFO - at io.netty.util.concurrent.AbstractEventExecutor.runTask(AbstractEventExecutor.java:174)
[2024-08-01T03:43:11.684+0000] {spark_submit.py:571} INFO - at io.netty.util.concurrent.AbstractEventExecutor.safeExecute(AbstractEventExecutor.java:167)
[2024-08-01T03:43:11.684+0000] {spark_submit.py:571} INFO - at io.netty.util.concurrent.SingleThreadEventExecutor.runAllTasks(SingleThreadEventExecutor.java:470)
[2024-08-01T03:43:11.685+0000] {spark_submit.py:571} INFO - at io.netty.channel.nio.NioEventLoop.run(NioEventLoop.java:569)
[2024-08-01T03:43:11.685+0000] {spark_submit.py:571} INFO - at io.netty.util.concurrent.SingleThreadEventExecutor$4.run(SingleThreadEventExecutor.java:997)
[2024-08-01T03:43:11.685+0000] {spark_submit.py:571} INFO - at io.netty.util.internal.ThreadExecutorMap$2.run(ThreadExecutorMap.java:74)
[2024-08-01T03:43:11.686+0000] {spark_submit.py:571} INFO - at io.netty.util.concurrent.FastThreadLocalRunnable.run(FastThreadLocalRunnable.java:30)
[2024-08-01T03:43:11.686+0000] {spark_submit.py:571} INFO - ... 1 more
[2024-08-01T03:43:23.645+0000] {spark_submit.py:571} INFO - 24/08/01 03:43:23 INFO StandaloneAppClient$ClientEndpoint: Connecting to master spark://spark-master:7077...
[2024-08-01T03:43:31.651+0000] {spark_submit.py:571} INFO - 24/08/01 03:43:31 WARN TransportClientFactory: DNS resolution failed for spark-master/<unresolved>:7077 took 8003 ms
[2024-08-01T03:43:31.655+0000] {spark_submit.py:571} INFO - 24/08/01 03:43:31 WARN StandaloneAppClient$ClientEndpoint: Failed to connect to master spark-master:7077
[2024-08-01T03:43:31.656+0000] {spark_submit.py:571} INFO - org.apache.spark.SparkException: Exception thrown in awaitResult:
[2024-08-01T03:43:31.656+0000] {spark_submit.py:571} INFO - at org.apache.spark.util.SparkThreadUtils$.awaitResult(SparkThreadUtils.scala:56)
[2024-08-01T03:43:31.657+0000] {spark_submit.py:571} INFO - at org.apache.spark.util.ThreadUtils$.awaitResult(ThreadUtils.scala:310)
[2024-08-01T03:43:31.657+0000] {spark_submit.py:571} INFO - at org.apache.spark.rpc.RpcTimeout.awaitResult(RpcTimeout.scala:75)
[2024-08-01T03:43:31.658+0000] {spark_submit.py:571} INFO - at org.apache.spark.rpc.RpcEnv.setupEndpointRefByURI(RpcEnv.scala:102)
[2024-08-01T03:43:31.658+0000] {spark_submit.py:571} INFO - at org.apache.spark.rpc.RpcEnv.setupEndpointRef(RpcEnv.scala:110)
[2024-08-01T03:43:31.659+0000] {spark_submit.py:571} INFO - at org.apache.spark.deploy.client.StandaloneAppClient$ClientEndpoint$$anon$1.run(StandaloneAppClient.scala:108)
[2024-08-01T03:43:31.659+0000] {spark_submit.py:571} INFO - at java.base/java.util.concurrent.Executors$RunnableAdapter.call(Executors.java:539)
[2024-08-01T03:43:31.660+0000] {spark_submit.py:571} INFO - at java.base/java.util.concurrent.FutureTask.run(FutureTask.java:264)
[2024-08-01T03:43:31.660+0000] {spark_submit.py:571} INFO - at java.base/java.util.concurrent.ThreadPoolExecutor.runWorker(ThreadPoolExecutor.java:1136)
[2024-08-01T03:43:31.661+0000] {spark_submit.py:571} INFO - at java.base/java.util.concurrent.ThreadPoolExecutor$Worker.run(ThreadPoolExecutor.java:635)
[2024-08-01T03:43:31.661+0000] {spark_submit.py:571} INFO - at java.base/java.lang.Thread.run(Thread.java:840)
[2024-08-01T03:43:31.661+0000] {spark_submit.py:571} INFO - Caused by: java.io.IOException: Failed to connect to spark-master/<unresolved>:7077
[2024-08-01T03:43:31.662+0000] {spark_submit.py:571} INFO - at org.apache.spark.network.client.TransportClientFactory.createClient(TransportClientFactory.java:294)
[2024-08-01T03:43:31.664+0000] {spark_submit.py:571} INFO - at org.apache.spark.network.client.TransportClientFactory.createClient(TransportClientFactory.java:214)
[2024-08-01T03:43:31.664+0000] {spark_submit.py:571} INFO - at org.apache.spark.network.client.TransportClientFactory.createClient(TransportClientFactory.java:226)
[2024-08-01T03:43:31.665+0000] {spark_submit.py:571} INFO - at org.apache.spark.rpc.netty.NettyRpcEnv.createClient(NettyRpcEnv.scala:204)
[2024-08-01T03:43:31.665+0000] {spark_submit.py:571} INFO - at org.apache.spark.rpc.netty.Outbox$$anon$1.call(Outbox.scala:202)
[2024-08-01T03:43:31.666+0000] {spark_submit.py:571} INFO - at org.apache.spark.rpc.netty.Outbox$$anon$1.call(Outbox.scala:198)
[2024-08-01T03:43:31.666+0000] {spark_submit.py:571} INFO - ... 4 more
[2024-08-01T03:43:31.667+0000] {spark_submit.py:571} INFO - Caused by: java.net.UnknownHostException: spark-master
[2024-08-01T03:43:31.667+0000] {spark_submit.py:571} INFO - at java.base/java.net.InetAddress$CachedAddresses.get(InetAddress.java:801)
[2024-08-01T03:43:31.667+0000] {spark_submit.py:571} INFO - at java.base/java.net.InetAddress.getAllByName0(InetAddress.java:1533)
[2024-08-01T03:43:31.668+0000] {spark_submit.py:571} INFO - at java.base/java.net.InetAddress.getAllByName(InetAddress.java:1385)
[2024-08-01T03:43:31.668+0000] {spark_submit.py:571} INFO - at java.base/java.net.InetAddress.getAllByName(InetAddress.java:1306)
[2024-08-01T03:43:31.669+0000] {spark_submit.py:571} INFO - at java.base/java.net.InetAddress.getByName(InetAddress.java:1256)
[2024-08-01T03:43:31.669+0000] {spark_submit.py:571} INFO - at io.netty.util.internal.SocketUtils$8.run(SocketUtils.java:156)
[2024-08-01T03:43:31.669+0000] {spark_submit.py:571} INFO - at io.netty.util.internal.SocketUtils$8.run(SocketUtils.java:153)
[2024-08-01T03:43:31.670+0000] {spark_submit.py:571} INFO - at java.base/java.security.AccessController.doPrivileged(AccessController.java:569)
[2024-08-01T03:43:31.670+0000] {spark_submit.py:571} INFO - at io.netty.util.internal.SocketUtils.addressByName(SocketUtils.java:153)
[2024-08-01T03:43:31.670+0000] {spark_submit.py:571} INFO - at io.netty.resolver.DefaultNameResolver.doResolve(DefaultNameResolver.java:41)
[2024-08-01T03:43:31.671+0000] {spark_submit.py:571} INFO - at io.netty.resolver.SimpleNameResolver.resolve(SimpleNameResolver.java:61)
[2024-08-01T03:43:31.671+0000] {spark_submit.py:571} INFO - at io.netty.resolver.SimpleNameResolver.resolve(SimpleNameResolver.java:53)
[2024-08-01T03:43:31.671+0000] {spark_submit.py:571} INFO - at io.netty.resolver.InetSocketAddressResolver.doResolve(InetSocketAddressResolver.java:55)
[2024-08-01T03:43:31.672+0000] {spark_submit.py:571} INFO - at io.netty.resolver.InetSocketAddressResolver.doResolve(InetSocketAddressResolver.java:31)
[2024-08-01T03:43:31.672+0000] {spark_submit.py:571} INFO - at io.netty.resolver.AbstractAddressResolver.resolve(AbstractAddressResolver.java:106)
[2024-08-01T03:43:31.672+0000] {spark_submit.py:571} INFO - at io.netty.bootstrap.Bootstrap.doResolveAndConnect0(Bootstrap.java:220)
[2024-08-01T03:43:31.673+0000] {spark_submit.py:571} INFO - at io.netty.bootstrap.Bootstrap.access$000(Bootstrap.java:46)
[2024-08-01T03:43:31.673+0000] {spark_submit.py:571} INFO - at io.netty.bootstrap.Bootstrap$1.operationComplete(Bootstrap.java:189)
[2024-08-01T03:43:31.673+0000] {spark_submit.py:571} INFO - at io.netty.bootstrap.Bootstrap$1.operationComplete(Bootstrap.java:175)
[2024-08-01T03:43:31.674+0000] {spark_submit.py:571} INFO - at io.netty.util.concurrent.DefaultPromise.notifyListener0(DefaultPromise.java:590)
[2024-08-01T03:43:31.674+0000] {spark_submit.py:571} INFO - at io.netty.util.concurrent.DefaultPromise.notifyListenersNow(DefaultPromise.java:557)
[2024-08-01T03:43:31.674+0000] {spark_submit.py:571} INFO - at io.netty.util.concurrent.DefaultPromise.notifyListeners(DefaultPromise.java:492)
[2024-08-01T03:43:31.675+0000] {spark_submit.py:571} INFO - at io.netty.util.concurrent.DefaultPromise.setValue0(DefaultPromise.java:636)
[2024-08-01T03:43:31.675+0000] {spark_submit.py:571} INFO - at io.netty.util.concurrent.DefaultPromise.setSuccess0(DefaultPromise.java:625)
[2024-08-01T03:43:31.676+0000] {spark_submit.py:571} INFO - at io.netty.util.concurrent.DefaultPromise.trySuccess(DefaultPromise.java:105)
[2024-08-01T03:43:31.676+0000] {spark_submit.py:571} INFO - at io.netty.channel.DefaultChannelPromise.trySuccess(DefaultChannelPromise.java:84)
[2024-08-01T03:43:31.676+0000] {spark_submit.py:571} INFO - at io.netty.channel.AbstractChannel$AbstractUnsafe.safeSetSuccess(AbstractChannel.java:990)
[2024-08-01T03:43:31.677+0000] {spark_submit.py:571} INFO - at io.netty.channel.AbstractChannel$AbstractUnsafe.register0(AbstractChannel.java:516)
[2024-08-01T03:43:31.677+0000] {spark_submit.py:571} INFO - at io.netty.channel.AbstractChannel$AbstractUnsafe.access$200(AbstractChannel.java:429)
[2024-08-01T03:43:31.677+0000] {spark_submit.py:571} INFO - at io.netty.channel.AbstractChannel$AbstractUnsafe$1.run(AbstractChannel.java:486)
[2024-08-01T03:43:31.678+0000] {spark_submit.py:571} INFO - at io.netty.util.concurrent.AbstractEventExecutor.runTask(AbstractEventExecutor.java:174)
[2024-08-01T03:43:31.678+0000] {spark_submit.py:571} INFO - at io.netty.util.concurrent.AbstractEventExecutor.safeExecute(AbstractEventExecutor.java:167)
[2024-08-01T03:43:31.678+0000] {spark_submit.py:571} INFO - at io.netty.util.concurrent.SingleThreadEventExecutor.runAllTasks(SingleThreadEventExecutor.java:470)
[2024-08-01T03:43:31.680+0000] {spark_submit.py:571} INFO - at io.netty.channel.nio.NioEventLoop.run(NioEventLoop.java:569)
[2024-08-01T03:43:31.680+0000] {spark_submit.py:571} INFO - at io.netty.util.concurrent.SingleThreadEventExecutor$4.run(SingleThreadEventExecutor.java:997)
[2024-08-01T03:43:31.681+0000] {spark_submit.py:571} INFO - at io.netty.util.internal.ThreadExecutorMap$2.run(ThreadExecutorMap.java:74)
[2024-08-01T03:43:31.681+0000] {spark_submit.py:571} INFO - at io.netty.util.concurrent.FastThreadLocalRunnable.run(FastThreadLocalRunnable.java:30)
[2024-08-01T03:43:31.682+0000] {spark_submit.py:571} INFO - ... 1 more
[2024-08-01T03:43:43.647+0000] {spark_submit.py:571} INFO - 24/08/01 03:43:43 WARN StandaloneSchedulerBackend: Application ID is not initialized yet.
[2024-08-01T03:43:43.649+0000] {spark_submit.py:571} INFO - 24/08/01 03:43:43 ERROR StandaloneSchedulerBackend: Application has been killed. Reason: All masters are unresponsive! Giving up.
[2024-08-01T03:43:43.664+0000] {spark_submit.py:571} INFO - 24/08/01 03:43:43 INFO Utils: Successfully started service 'org.apache.spark.network.netty.NettyBlockTransferService' on port 46323.
[2024-08-01T03:43:43.667+0000] {spark_submit.py:571} INFO - 24/08/01 03:43:43 INFO NettyBlockTransferService: Server created on 24fc876e8f70:46323
[2024-08-01T03:43:43.668+0000] {spark_submit.py:571} INFO - 24/08/01 03:43:43 INFO BlockManager: Using org.apache.spark.storage.RandomBlockReplicationPolicy for block replication policy
[2024-08-01T03:43:43.683+0000] {spark_submit.py:571} INFO - 24/08/01 03:43:43 INFO BlockManagerMaster: Registering BlockManager BlockManagerId(driver, 24fc876e8f70, 46323, None)
[2024-08-01T03:43:43.688+0000] {spark_submit.py:571} INFO - 24/08/01 03:43:43 INFO BlockManagerMasterEndpoint: Registering block manager 24fc876e8f70:46323 with 434.4 MiB RAM, BlockManagerId(driver, 24fc876e8f70, 46323, None)
[2024-08-01T03:43:43.693+0000] {spark_submit.py:571} INFO - 24/08/01 03:43:43 INFO BlockManagerMaster: Registered BlockManager BlockManagerId(driver, 24fc876e8f70, 46323, None)
[2024-08-01T03:43:43.695+0000] {spark_submit.py:571} INFO - 24/08/01 03:43:43 INFO BlockManager: Initialized BlockManager: BlockManagerId(driver, 24fc876e8f70, 46323, None)
[2024-08-01T03:43:44.166+0000] {spark_submit.py:571} INFO - 24/08/01 03:43:44 INFO StandaloneSchedulerBackend: SchedulerBackend is ready for scheduling beginning after reached minRegisteredResourcesRatio: 0.0
[2024-08-01T03:43:44.725+0000] {spark_submit.py:571} INFO - 24/08/01 03:43:44 INFO SparkContext: SparkContext is stopping with exitCode 0.
[2024-08-01T03:43:44.752+0000] {spark_submit.py:571} INFO - 24/08/01 03:43:44 INFO SparkUI: Stopped Spark web UI at http://24fc876e8f70:4040
[2024-08-01T03:43:44.761+0000] {spark_submit.py:571} INFO - 24/08/01 03:43:44 INFO StandaloneSchedulerBackend: Shutting down all executors
[2024-08-01T03:43:44.766+0000] {spark_submit.py:571} INFO - 24/08/01 03:43:44 INFO StandaloneSchedulerBackend$StandaloneDriverEndpoint: Asking each executor to shut down
[2024-08-01T03:43:44.775+0000] {spark_submit.py:571} INFO - 24/08/01 03:43:44 WARN StandaloneAppClient$ClientEndpoint: Drop UnregisterApplication(null) because has not yet connected to master
[2024-08-01T03:43:44.792+0000] {spark_submit.py:571} INFO - 24/08/01 03:43:44 INFO MapOutputTrackerMasterEndpoint: MapOutputTrackerMasterEndpoint stopped!
[2024-08-01T03:43:44.818+0000] {spark_submit.py:571} INFO - 24/08/01 03:43:44 INFO MemoryStore: MemoryStore cleared
[2024-08-01T03:43:44.820+0000] {spark_submit.py:571} INFO - 24/08/01 03:43:44 INFO BlockManager: BlockManager stopped
[2024-08-01T03:43:44.830+0000] {spark_submit.py:571} INFO - 24/08/01 03:43:44 INFO BlockManagerMaster: BlockManagerMaster stopped
[2024-08-01T03:43:44.835+0000] {spark_submit.py:571} INFO - 24/08/01 03:43:44 INFO OutputCommitCoordinator$OutputCommitCoordinatorEndpoint: OutputCommitCoordinator stopped!
[2024-08-01T03:43:44.853+0000] {spark_submit.py:571} INFO - 24/08/01 03:43:44 INFO SparkContext: Successfully stopped SparkContext
[2024-08-01T03:43:44.880+0000] {spark_submit.py:571} INFO - ============================
[2024-08-01T03:43:44.893+0000] {spark_submit.py:571} INFO - PythonRDD[5] at RDD at PythonRDD.scala:53
[2024-08-01T03:43:44.893+0000] {spark_submit.py:571} INFO - ============================
[2024-08-01T03:43:44.894+0000] {spark_submit.py:571} INFO - 24/08/01 03:43:44 INFO SparkContext: SparkContext is stopping with exitCode 0.
[2024-08-01T03:43:44.895+0000] {spark_submit.py:571} INFO - 24/08/01 03:43:44 INFO SparkContext: SparkContext already stopped.
[2024-08-01T03:43:45.283+0000] {spark_submit.py:571} INFO - 24/08/01 03:43:45 INFO ShutdownHookManager: Shutdown hook called
[2024-08-01T03:43:45.284+0000] {spark_submit.py:571} INFO - 24/08/01 03:43:45 INFO ShutdownHookManager: Deleting directory /tmp/spark-022a16d3-2c4f-435d-9e1d-edacfb9c4857
[2024-08-01T03:43:45.289+0000] {spark_submit.py:571} INFO - 24/08/01 03:43:45 INFO ShutdownHookManager: Deleting directory /tmp/spark-6a3baa1c-66be-4d1a-831b-f21d1188fe45/pyspark-e4cbd1d1-d2b1-4b85-897c-4af033e8adf3
[2024-08-01T03:43:45.294+0000] {spark_submit.py:571} INFO - 24/08/01 03:43:45 INFO ShutdownHookManager: Deleting directory /tmp/spark-6a3baa1c-66be-4d1a-831b-f21d1188fe45
[2024-08-01T03:43:45.329+0000] {taskinstance.py:441} INFO - ::group::Post task execution logs
[2024-08-01T03:43:45.340+0000] {taskinstance.py:1206} INFO - Marking task as SUCCESS. dag_id=welcome_dag, task_id=python_job, run_id=manual__2024-08-01T03:42:27.452359+00:00, execution_date=20240801T034227, start_date=20240801T034237, end_date=20240801T034345
[2024-08-01T03:43:45.405+0000] {local_task_job_runner.py:240} INFO - Task exited with return code 0
[2024-08-01T03:43:45.473+0000] {taskinstance.py:3498} INFO - 1 downstream tasks scheduled from follow-on schedule check
[2024-08-01T03:43:45.484+0000] {local_task_job_runner.py:222} INFO - ::endgroup::
