[2024-08-07T09:39:20.758+0000] {local_task_job_runner.py:120} INFO - ::group::Pre task execution logs
[2024-08-07T09:39:20.798+0000] {taskinstance.py:2076} INFO - Dependencies all met for dep_context=non-requeueable deps ti=<TaskInstance: Integrate_Time_Location_Dimension.refresh_stages manual__2024-08-07T09:39:08.458392+00:00 [queued]>
[2024-08-07T09:39:20.818+0000] {taskinstance.py:2076} INFO - Dependencies all met for dep_context=requeueable deps ti=<TaskInstance: Integrate_Time_Location_Dimension.refresh_stages manual__2024-08-07T09:39:08.458392+00:00 [queued]>
[2024-08-07T09:39:20.819+0000] {taskinstance.py:2306} INFO - Starting attempt 1 of 1
[2024-08-07T09:39:20.909+0000] {taskinstance.py:2330} INFO - Executing <Task(SQLExecuteQueryOperator): refresh_stages> on 2024-08-07 09:39:08.458392+00:00
[2024-08-07T09:39:20.916+0000] {standard_task_runner.py:63} INFO - Started process 5814 to run task
[2024-08-07T09:39:20.925+0000] {standard_task_runner.py:90} INFO - Running: ['airflow', 'tasks', 'run', 'Integrate_Time_Location_Dimension', 'refresh_stages', 'manual__2024-08-07T09:39:08.458392+00:00', '--job-id', '234', '--raw', '--subdir', 'DAGS_FOLDER/etl_time_location.dag.py', '--cfg-path', '/tmp/tmpfzzl1xpt']
[2024-08-07T09:39:20.931+0000] {standard_task_runner.py:91} INFO - Job 234: Subtask refresh_stages
[2024-08-07T09:39:21.032+0000] {task_command.py:426} INFO - Running <TaskInstance: Integrate_Time_Location_Dimension.refresh_stages manual__2024-08-07T09:39:08.458392+00:00 [running]> on host 45f7764b2bf2
[2024-08-07T09:39:21.200+0000] {taskinstance.py:2648} INFO - Exporting env vars: AIRFLOW_CTX_DAG_OWNER='airflow' AIRFLOW_CTX_DAG_ID='Integrate_Time_Location_Dimension' AIRFLOW_CTX_TASK_ID='refresh_stages' AIRFLOW_CTX_EXECUTION_DATE='2024-08-07T09:39:08.458392+00:00' AIRFLOW_CTX_TRY_NUMBER='1' AIRFLOW_CTX_DAG_RUN_ID='manual__2024-08-07T09:39:08.458392+00:00'
[2024-08-07T09:39:21.201+0000] {taskinstance.py:430} INFO - ::endgroup::
[2024-08-07T09:39:21.214+0000] {sql.py:276} INFO - Executing: TRUNCATE TABLE public."stgDate";
TRUNCATE TABLE public."stgDimLocation";
[2024-08-07T09:39:21.227+0000] {base.py:84} INFO - Using connection ID 'postgres_ldtbxh_stage' for task execution.
[2024-08-07T09:39:21.331+0000] {base.py:84} INFO - Using connection ID 'postgres_ldtbxh_stage' for task execution.
[2024-08-07T09:39:21.352+0000] {sql.py:470} INFO - Running statement: TRUNCATE TABLE public."stgDate";
TRUNCATE TABLE public."stgDimLocation";, parameters: None
[2024-08-07T09:39:21.385+0000] {taskinstance.py:441} INFO - ::group::Post task execution logs
[2024-08-07T09:39:21.402+0000] {taskinstance.py:1206} INFO - Marking task as SUCCESS. dag_id=Integrate_Time_Location_Dimension, task_id=refresh_stages, run_id=manual__2024-08-07T09:39:08.458392+00:00, execution_date=20240807T093908, start_date=20240807T093920, end_date=20240807T093921
[2024-08-07T09:39:21.459+0000] {local_task_job_runner.py:240} INFO - Task exited with return code 0
[2024-08-07T09:39:21.522+0000] {taskinstance.py:3498} INFO - 2 downstream tasks scheduled from follow-on schedule check
[2024-08-07T09:39:21.532+0000] {local_task_job_runner.py:222} INFO - ::endgroup::
