[2024-08-09T14:58:28.587+0000] {local_task_job_runner.py:120} INFO - ::group::Pre task execution logs
[2024-08-09T14:58:28.629+0000] {taskinstance.py:2076} INFO - Dependencies all met for dep_context=non-requeueable deps ti=<TaskInstance: Integrate_Data_Warehouse.gold_atvsld manual__2024-08-09T14:57:21.257207+00:00 [queued]>
[2024-08-09T14:58:28.649+0000] {taskinstance.py:2076} INFO - Dependencies all met for dep_context=requeueable deps ti=<TaskInstance: Integrate_Data_Warehouse.gold_atvsld manual__2024-08-09T14:57:21.257207+00:00 [queued]>
[2024-08-09T14:58:28.649+0000] {taskinstance.py:2306} INFO - Starting attempt 1 of 1
[2024-08-09T14:58:28.694+0000] {taskinstance.py:2330} INFO - Executing <Task(PythonOperator): gold_atvsld> on 2024-08-09 14:57:21.257207+00:00
[2024-08-09T14:58:28.703+0000] {standard_task_runner.py:63} INFO - Started process 879 to run task
[2024-08-09T14:58:28.706+0000] {standard_task_runner.py:90} INFO - Running: ['airflow', 'tasks', 'run', 'Integrate_Data_Warehouse', 'gold_atvsld', 'manual__2024-08-09T14:57:21.257207+00:00', '--job-id', '519', '--raw', '--subdir', 'DAGS_FOLDER/etl_ldtbxh.dag.py', '--cfg-path', '/tmp/tmpzyinv001']
[2024-08-09T14:58:28.709+0000] {standard_task_runner.py:91} INFO - Job 519: Subtask gold_atvsld
[2024-08-09T14:58:28.814+0000] {task_command.py:426} INFO - Running <TaskInstance: Integrate_Data_Warehouse.gold_atvsld manual__2024-08-09T14:57:21.257207+00:00 [running]> on host 45f7764b2bf2
[2024-08-09T14:58:28.974+0000] {taskinstance.py:2648} INFO - Exporting env vars: AIRFLOW_CTX_DAG_OWNER='airflow' AIRFLOW_CTX_DAG_ID='Integrate_Data_Warehouse' AIRFLOW_CTX_TASK_ID='gold_atvsld' AIRFLOW_CTX_EXECUTION_DATE='2024-08-09T14:57:21.257207+00:00' AIRFLOW_CTX_TRY_NUMBER='1' AIRFLOW_CTX_DAG_RUN_ID='manual__2024-08-09T14:57:21.257207+00:00'
[2024-08-09T14:58:28.976+0000] {taskinstance.py:430} INFO - ::endgroup::
[2024-08-09T14:58:39.792+0000] {logging_mixin.py:188} INFO - ====================
[2024-08-09T14:58:44.434+0000] {logging_mixin.py:188} INFO - +--------------------+--------------------+----+-----+-------------+-------------+-----------+------------------+-------------+--------------+------------+---+--------------------+------+------------+
|           member_id|           family_id|year|month|province_name|district_name|member_name|owner_relationship|year_of_birth|month_of_birth|day_of_birth|age|identity_card_number|nation|final_result|
+--------------------+--------------------+----+-----+-------------+-------------+-----------+------------------+-------------+--------------+------------+---+--------------------+------+------------+
|71effd11-a7e9-47c...|70321aa9-91b9-465...|2024|    8|     Đắk Nông|       Cư Jút| Phùng A Sử|            Chủ hộ|         1996|            12|          20| 28|                NULL|  NULL|    hộ nghèo|
|02d5e4bf-4869-426...|70321aa9-91b9-465...|2024|    8|     Đắk Nông|       Cư Jút| Phùng A La|           Em trai|         2003|             1|          11| 21|                NULL|  NULL|    hộ nghèo|
|b9e19d66-14ad-40b...|f4773df9-32bc-417...|2024|    8|     Đắk Nông|       Cư Jút|   Độ A Đạt|            Chủ hộ|         2000|             2|           4| 24|                NULL|  NULL|    hộ nghèo|
+--------------------+--------------------+----+-----+-------------+-------------+-----------+------------------+-------------+--------------+------------+---+--------------------+------+------------+
[2024-08-09T14:58:44.435+0000] {logging_mixin.py:188} INFO - None
[2024-08-09T14:58:44.435+0000] {logging_mixin.py:188} INFO - ====================
[2024-08-09T14:58:45.167+0000] {python.py:237} INFO - Done. Returned value was: None
[2024-08-09T14:58:45.170+0000] {taskinstance.py:441} INFO - ::group::Post task execution logs
[2024-08-09T14:58:45.197+0000] {taskinstance.py:1206} INFO - Marking task as SUCCESS. dag_id=Integrate_Data_Warehouse, task_id=gold_atvsld, run_id=manual__2024-08-09T14:57:21.257207+00:00, execution_date=20240809T145721, start_date=20240809T145828, end_date=20240809T145845
[2024-08-09T14:58:45.270+0000] {local_task_job_runner.py:240} INFO - Task exited with return code 0
[2024-08-09T14:58:45.443+0000] {taskinstance.py:3498} INFO - 1 downstream tasks scheduled from follow-on schedule check
[2024-08-09T14:58:45.469+0000] {local_task_job_runner.py:222} INFO - ::endgroup::
