[2024-08-01T06:46:57.290+0000] {local_task_job_runner.py:120} INFO - ::group::Pre task execution logs
[2024-08-01T06:46:57.332+0000] {taskinstance.py:2076} INFO - Dependencies all met for dep_context=non-requeueable deps ti=<TaskInstance: welcome_dag.word_count manual__2024-08-01T06:22:33.637497+00:00 [queued]>
[2024-08-01T06:46:57.350+0000] {taskinstance.py:2076} INFO - Dependencies all met for dep_context=requeueable deps ti=<TaskInstance: welcome_dag.word_count manual__2024-08-01T06:22:33.637497+00:00 [queued]>
[2024-08-01T06:46:57.351+0000] {taskinstance.py:2306} INFO - Starting attempt 2 of 2
[2024-08-01T06:46:57.386+0000] {taskinstance.py:2330} INFO - Executing <Task(PythonOperator): word_count> on 2024-08-01 06:22:33.637497+00:00
[2024-08-01T06:46:57.390+0000] {standard_task_runner.py:63} INFO - Started process 1766 to run task
[2024-08-01T06:46:57.394+0000] {standard_task_runner.py:90} INFO - Running: ['airflow', 'tasks', 'run', 'welcome_dag', 'word_count', 'manual__2024-08-01T06:22:33.637497+00:00', '--job-id', '76', '--raw', '--subdir', 'DAGS_FOLDER/welcome_dag.py', '--cfg-path', '/tmp/tmpc9hsh24e']
[2024-08-01T06:46:57.396+0000] {standard_task_runner.py:91} INFO - Job 76: Subtask word_count
[2024-08-01T06:46:57.466+0000] {task_command.py:426} INFO - Running <TaskInstance: welcome_dag.word_count manual__2024-08-01T06:22:33.637497+00:00 [running]> on host 24fc876e8f70
[2024-08-01T06:46:57.579+0000] {taskinstance.py:2648} INFO - Exporting env vars: AIRFLOW_CTX_DAG_OWNER='airflow' AIRFLOW_CTX_DAG_ID='welcome_dag' AIRFLOW_CTX_TASK_ID='word_count' AIRFLOW_CTX_EXECUTION_DATE='2024-08-01T06:22:33.637497+00:00' AIRFLOW_CTX_TRY_NUMBER='2' AIRFLOW_CTX_DAG_RUN_ID='manual__2024-08-01T06:22:33.637497+00:00'
[2024-08-01T06:46:57.580+0000] {taskinstance.py:430} INFO - ::endgroup::
[2024-08-01T06:47:03.009+0000] {logging_mixin.py:188} INFO - ============================
[2024-08-01T06:47:07.216+0000] {logging_mixin.py:188} INFO - and 1
[2024-08-01T06:47:07.217+0000] {logging_mixin.py:188} INFO - Hello 5
[2024-08-01T06:47:07.217+0000] {logging_mixin.py:188} INFO - Python 1
[2024-08-01T06:47:07.218+0000] {logging_mixin.py:188} INFO - Airflow 1
[2024-08-01T06:47:07.219+0000] {logging_mixin.py:188} INFO - Docker 1
[2024-08-01T06:47:07.219+0000] {logging_mixin.py:188} INFO - Yusuf 1
[2024-08-01T06:47:07.220+0000] {logging_mixin.py:188} INFO - Spark 1
[2024-08-01T06:47:07.220+0000] {logging_mixin.py:188} INFO - ============================
[2024-08-01T06:47:08.197+0000] {python.py:237} INFO - Done. Returned value was: None
[2024-08-01T06:47:08.197+0000] {taskinstance.py:441} INFO - ::group::Post task execution logs
[2024-08-01T06:47:08.216+0000] {taskinstance.py:1206} INFO - Marking task as SUCCESS. dag_id=welcome_dag, task_id=word_count, run_id=manual__2024-08-01T06:22:33.637497+00:00, execution_date=20240801T062233, start_date=20240801T064657, end_date=20240801T064708
[2024-08-01T06:47:08.291+0000] {local_task_job_runner.py:240} INFO - Task exited with return code 0
[2024-08-01T06:47:08.353+0000] {taskinstance.py:3498} INFO - 1 downstream tasks scheduled from follow-on schedule check
[2024-08-01T06:47:08.367+0000] {local_task_job_runner.py:222} INFO - ::endgroup::
