[2024-08-02T10:03:48.118+0000] {local_task_job_runner.py:120} INFO - ::group::Pre task execution logs
[2024-08-02T10:03:48.156+0000] {taskinstance.py:2076} INFO - Dependencies all met for dep_context=non-requeueable deps ti=<TaskInstance: welcome_dag.query_postgres_database manual__2024-08-02T10:02:51.849089+00:00 [queued]>
[2024-08-02T10:03:48.172+0000] {taskinstance.py:2076} INFO - Dependencies all met for dep_context=requeueable deps ti=<TaskInstance: welcome_dag.query_postgres_database manual__2024-08-02T10:02:51.849089+00:00 [queued]>
[2024-08-02T10:03:48.173+0000] {taskinstance.py:2306} INFO - Starting attempt 1 of 1
[2024-08-02T10:03:48.210+0000] {taskinstance.py:2330} INFO - Executing <Task(SQLExecuteQueryOperator): query_postgres_database> on 2024-08-02 10:02:51.849089+00:00
[2024-08-02T10:03:48.215+0000] {standard_task_runner.py:63} INFO - Started process 1787 to run task
[2024-08-02T10:03:48.218+0000] {standard_task_runner.py:90} INFO - Running: ['airflow', 'tasks', 'run', 'welcome_dag', 'query_postgres_database', 'manual__2024-08-02T10:02:51.849089+00:00', '--job-id', '100', '--raw', '--subdir', 'DAGS_FOLDER/welcome_dag.py', '--cfg-path', '/tmp/tmptysu1x62']
[2024-08-02T10:03:48.221+0000] {standard_task_runner.py:91} INFO - Job 100: Subtask query_postgres_database
[2024-08-02T10:03:48.312+0000] {task_command.py:426} INFO - Running <TaskInstance: welcome_dag.query_postgres_database manual__2024-08-02T10:02:51.849089+00:00 [running]> on host 24fc876e8f70
[2024-08-02T10:03:48.478+0000] {taskinstance.py:2648} INFO - Exporting env vars: AIRFLOW_CTX_DAG_OWNER='airflow' AIRFLOW_CTX_DAG_ID='welcome_dag' AIRFLOW_CTX_TASK_ID='query_postgres_database' AIRFLOW_CTX_EXECUTION_DATE='2024-08-02T10:02:51.849089+00:00' AIRFLOW_CTX_TRY_NUMBER='1' AIRFLOW_CTX_DAG_RUN_ID='manual__2024-08-02T10:02:51.849089+00:00'
[2024-08-02T10:03:48.479+0000] {taskinstance.py:430} INFO - ::endgroup::
[2024-08-02T10:03:48.494+0000] {sql.py:276} INFO - Executing: SELECT * FROM public.family_member_info;
[2024-08-02T10:03:48.510+0000] {base.py:84} INFO - Using connection ID 'postgres_default' for task execution.
[2024-08-02T10:03:48.613+0000] {base.py:84} INFO - Using connection ID 'postgres_default' for task execution.
[2024-08-02T10:03:48.791+0000] {sql.py:470} INFO - Running statement: SELECT * FROM public.family_member_info;, parameters: None
[2024-08-02T10:03:48.799+0000] {sql.py:479} INFO - Rows affected: 0
[2024-08-02T10:03:48.803+0000] {taskinstance.py:441} INFO - ::group::Post task execution logs
[2024-08-02T10:03:48.854+0000] {taskinstance.py:1206} INFO - Marking task as SUCCESS. dag_id=welcome_dag, task_id=query_postgres_database, run_id=manual__2024-08-02T10:02:51.849089+00:00, execution_date=20240802T100251, start_date=20240802T100348, end_date=20240802T100348
[2024-08-02T10:03:48.914+0000] {local_task_job_runner.py:240} INFO - Task exited with return code 0
[2024-08-02T10:03:48.947+0000] {taskinstance.py:3498} INFO - 1 downstream tasks scheduled from follow-on schedule check
[2024-08-02T10:03:48.956+0000] {local_task_job_runner.py:222} INFO - ::endgroup::
