[2024-08-01T03:09:30.493+0000] {local_task_job_runner.py:120} INFO - ::group::Pre task execution logs
[2024-08-01T03:09:30.528+0000] {taskinstance.py:2076} INFO - Dependencies all met for dep_context=non-requeueable deps ti=<TaskInstance: welcome_dag.python_job manual__2024-08-01T03:09:19.784061+00:00 [queued]>
[2024-08-01T03:09:30.542+0000] {taskinstance.py:2076} INFO - Dependencies all met for dep_context=requeueable deps ti=<TaskInstance: welcome_dag.python_job manual__2024-08-01T03:09:19.784061+00:00 [queued]>
[2024-08-01T03:09:30.542+0000] {taskinstance.py:2306} INFO - Starting attempt 1 of 1
[2024-08-01T03:09:30.584+0000] {taskinstance.py:2330} INFO - Executing <Task(SparkSubmitOperator): python_job> on 2024-08-01 03:09:19.784061+00:00
[2024-08-01T03:09:30.589+0000] {standard_task_runner.py:63} INFO - Started process 368 to run task
[2024-08-01T03:09:30.594+0000] {standard_task_runner.py:90} INFO - Running: ['airflow', 'tasks', 'run', 'welcome_dag', 'python_job', 'manual__2024-08-01T03:09:19.784061+00:00', '--job-id', '14', '--raw', '--subdir', 'DAGS_FOLDER/welcome_dag.py', '--cfg-path', '/tmp/tmpuid301q6']
[2024-08-01T03:09:30.597+0000] {standard_task_runner.py:91} INFO - Job 14: Subtask python_job
[2024-08-01T03:09:30.670+0000] {task_command.py:426} INFO - Running <TaskInstance: welcome_dag.python_job manual__2024-08-01T03:09:19.784061+00:00 [running]> on host 24fc876e8f70
[2024-08-01T03:09:30.824+0000] {taskinstance.py:2648} INFO - Exporting env vars: AIRFLOW_CTX_DAG_OWNER='airflow' AIRFLOW_CTX_DAG_ID='welcome_dag' AIRFLOW_CTX_TASK_ID='python_job' AIRFLOW_CTX_EXECUTION_DATE='2024-08-01T03:09:19.784061+00:00' AIRFLOW_CTX_TRY_NUMBER='1' AIRFLOW_CTX_DAG_RUN_ID='manual__2024-08-01T03:09:19.784061+00:00'
[2024-08-01T03:09:30.825+0000] {taskinstance.py:430} INFO - ::endgroup::
[2024-08-01T03:09:30.853+0000] {base.py:84} INFO - Using connection ID 'spark_conn' for task execution.
[2024-08-01T03:09:30.854+0000] {spark_submit.py:401} INFO - Spark-Submit cmd: spark-submit --master spark://172.19.0.2:7077 --name arrow-spark --deploy-mode client jobs/word_count.py
[2024-08-01T03:09:35.503+0000] {spark_submit.py:571} INFO - 24/08/01 03:09:35 INFO SparkContext: Running Spark version 3.5.1
[2024-08-01T03:09:35.505+0000] {spark_submit.py:571} INFO - 24/08/01 03:09:35 INFO SparkContext: OS info Linux, 5.15.153.1-microsoft-standard-WSL2, amd64
[2024-08-01T03:09:35.506+0000] {spark_submit.py:571} INFO - 24/08/01 03:09:35 INFO SparkContext: Java version 17.0.11
[2024-08-01T03:09:35.593+0000] {spark_submit.py:571} INFO - 24/08/01 03:09:35 WARN NativeCodeLoader: Unable to load native-hadoop library for your platform... using builtin-java classes where applicable
[2024-08-01T03:09:35.752+0000] {spark_submit.py:571} INFO - 24/08/01 03:09:35 INFO ResourceUtils: ==============================================================
[2024-08-01T03:09:35.753+0000] {spark_submit.py:571} INFO - 24/08/01 03:09:35 INFO ResourceUtils: No custom resources configured for spark.driver.
[2024-08-01T03:09:35.754+0000] {spark_submit.py:571} INFO - 24/08/01 03:09:35 INFO ResourceUtils: ==============================================================
[2024-08-01T03:09:35.755+0000] {spark_submit.py:571} INFO - 24/08/01 03:09:35 INFO SparkContext: Submitted application: PythonWordCount
[2024-08-01T03:09:35.780+0000] {spark_submit.py:571} INFO - 24/08/01 03:09:35 INFO ResourceProfile: Default ResourceProfile created, executor resources: Map(memory -> name: memory, amount: 1024, script: , vendor: , offHeap -> name: offHeap, amount: 0, script: , vendor: ), task resources: Map(cpus -> name: cpus, amount: 1.0)
[2024-08-01T03:09:35.792+0000] {spark_submit.py:571} INFO - 24/08/01 03:09:35 INFO ResourceProfile: Limiting resource is cpu
[2024-08-01T03:09:35.794+0000] {spark_submit.py:571} INFO - 24/08/01 03:09:35 INFO ResourceProfileManager: Added ResourceProfile id: 0
[2024-08-01T03:09:35.862+0000] {spark_submit.py:571} INFO - 24/08/01 03:09:35 INFO SecurityManager: Changing view acls to: airflow
[2024-08-01T03:09:35.864+0000] {spark_submit.py:571} INFO - 24/08/01 03:09:35 INFO SecurityManager: Changing modify acls to: airflow
[2024-08-01T03:09:35.865+0000] {spark_submit.py:571} INFO - 24/08/01 03:09:35 INFO SecurityManager: Changing view acls groups to:
[2024-08-01T03:09:35.866+0000] {spark_submit.py:571} INFO - 24/08/01 03:09:35 INFO SecurityManager: Changing modify acls groups to:
[2024-08-01T03:09:35.867+0000] {spark_submit.py:571} INFO - 24/08/01 03:09:35 INFO SecurityManager: SecurityManager: authentication disabled; ui acls disabled; users with view permissions: airflow; groups with view permissions: EMPTY; users with modify permissions: airflow; groups with modify permissions: EMPTY
[2024-08-01T03:09:36.222+0000] {spark_submit.py:571} INFO - 24/08/01 03:09:36 INFO Utils: Successfully started service 'sparkDriver' on port 40803.
[2024-08-01T03:09:36.260+0000] {spark_submit.py:571} INFO - 24/08/01 03:09:36 INFO SparkEnv: Registering MapOutputTracker
[2024-08-01T03:09:36.300+0000] {spark_submit.py:571} INFO - 24/08/01 03:09:36 INFO SparkEnv: Registering BlockManagerMaster
[2024-08-01T03:09:36.326+0000] {spark_submit.py:571} INFO - 24/08/01 03:09:36 INFO BlockManagerMasterEndpoint: Using org.apache.spark.storage.DefaultTopologyMapper for getting topology information
[2024-08-01T03:09:36.327+0000] {spark_submit.py:571} INFO - 24/08/01 03:09:36 INFO BlockManagerMasterEndpoint: BlockManagerMasterEndpoint up
[2024-08-01T03:09:36.333+0000] {spark_submit.py:571} INFO - 24/08/01 03:09:36 INFO SparkEnv: Registering BlockManagerMasterHeartbeat
[2024-08-01T03:09:36.357+0000] {spark_submit.py:571} INFO - 24/08/01 03:09:36 INFO DiskBlockManager: Created local directory at /tmp/blockmgr-33290ad0-c178-4d15-bb28-fbfda2fe97b8
[2024-08-01T03:09:36.374+0000] {spark_submit.py:571} INFO - 24/08/01 03:09:36 INFO MemoryStore: MemoryStore started with capacity 434.4 MiB
[2024-08-01T03:09:36.396+0000] {spark_submit.py:571} INFO - 24/08/01 03:09:36 INFO SparkEnv: Registering OutputCommitCoordinator
[2024-08-01T03:09:36.587+0000] {spark_submit.py:571} INFO - 24/08/01 03:09:36 INFO JettyUtils: Start Jetty 0.0.0.0:4040 for SparkUI
[2024-08-01T03:09:36.706+0000] {spark_submit.py:571} INFO - 24/08/01 03:09:36 INFO Utils: Successfully started service 'SparkUI' on port 4040.
[2024-08-01T03:09:36.879+0000] {spark_submit.py:571} INFO - 24/08/01 03:09:36 INFO StandaloneAppClient$ClientEndpoint: Connecting to master spark://172.19.0.2:7077...
[2024-08-01T03:09:56.872+0000] {spark_submit.py:571} INFO - 24/08/01 03:09:56 INFO StandaloneAppClient$ClientEndpoint: Connecting to master spark://172.19.0.2:7077...
[2024-08-01T03:10:16.879+0000] {spark_submit.py:571} INFO - 24/08/01 03:10:16 INFO StandaloneAppClient$ClientEndpoint: Connecting to master spark://172.19.0.2:7077...
[2024-08-01T03:10:36.880+0000] {spark_submit.py:571} INFO - 24/08/01 03:10:36 WARN StandaloneSchedulerBackend: Application ID is not initialized yet.
[2024-08-01T03:10:36.894+0000] {spark_submit.py:571} INFO - 24/08/01 03:10:36 ERROR StandaloneSchedulerBackend: Application has been killed. Reason: All masters are unresponsive! Giving up.
[2024-08-01T03:10:36.894+0000] {spark_submit.py:571} INFO - 24/08/01 03:10:36 INFO Utils: Successfully started service 'org.apache.spark.network.netty.NettyBlockTransferService' on port 38773.
[2024-08-01T03:10:36.895+0000] {spark_submit.py:571} INFO - 24/08/01 03:10:36 INFO NettyBlockTransferService: Server created on 24fc876e8f70:38773
[2024-08-01T03:10:36.895+0000] {spark_submit.py:571} INFO - 24/08/01 03:10:36 INFO BlockManager: Using org.apache.spark.storage.RandomBlockReplicationPolicy for block replication policy
[2024-08-01T03:10:36.903+0000] {spark_submit.py:571} INFO - 24/08/01 03:10:36 INFO BlockManagerMaster: Registering BlockManager BlockManagerId(driver, 24fc876e8f70, 38773, None)
[2024-08-01T03:10:36.908+0000] {spark_submit.py:571} INFO - 24/08/01 03:10:36 INFO BlockManagerMasterEndpoint: Registering block manager 24fc876e8f70:38773 with 434.4 MiB RAM, BlockManagerId(driver, 24fc876e8f70, 38773, None)
[2024-08-01T03:10:36.910+0000] {spark_submit.py:571} INFO - 24/08/01 03:10:36 INFO BlockManagerMaster: Registered BlockManager BlockManagerId(driver, 24fc876e8f70, 38773, None)
[2024-08-01T03:10:36.912+0000] {spark_submit.py:571} INFO - 24/08/01 03:10:36 INFO BlockManager: Initialized BlockManager: BlockManagerId(driver, 24fc876e8f70, 38773, None)
[2024-08-01T03:10:37.120+0000] {spark_submit.py:571} INFO - 24/08/01 03:10:37 INFO StandaloneSchedulerBackend: SchedulerBackend is ready for scheduling beginning after reached minRegisteredResourcesRatio: 0.0
[2024-08-01T03:10:37.561+0000] {spark_submit.py:571} INFO - 24/08/01 03:10:37 INFO SparkContext: SparkContext is stopping with exitCode 0.
[2024-08-01T03:10:37.579+0000] {spark_submit.py:571} INFO - 24/08/01 03:10:37 INFO SparkUI: Stopped Spark web UI at http://24fc876e8f70:4040
[2024-08-01T03:10:37.588+0000] {spark_submit.py:571} INFO - 24/08/01 03:10:37 INFO StandaloneSchedulerBackend: Shutting down all executors
[2024-08-01T03:10:37.593+0000] {spark_submit.py:571} INFO - 24/08/01 03:10:37 INFO StandaloneSchedulerBackend$StandaloneDriverEndpoint: Asking each executor to shut down
[2024-08-01T03:10:37.600+0000] {spark_submit.py:571} INFO - 24/08/01 03:10:37 WARN StandaloneAppClient$ClientEndpoint: Drop UnregisterApplication(null) because has not yet connected to master
[2024-08-01T03:10:37.616+0000] {spark_submit.py:571} INFO - 24/08/01 03:10:37 INFO MapOutputTrackerMasterEndpoint: MapOutputTrackerMasterEndpoint stopped!
[2024-08-01T03:10:37.649+0000] {spark_submit.py:571} INFO - 24/08/01 03:10:37 INFO MemoryStore: MemoryStore cleared
[2024-08-01T03:10:37.650+0000] {spark_submit.py:571} INFO - 24/08/01 03:10:37 INFO BlockManager: BlockManager stopped
[2024-08-01T03:10:37.659+0000] {spark_submit.py:571} INFO - 24/08/01 03:10:37 INFO BlockManagerMaster: BlockManagerMaster stopped
[2024-08-01T03:10:37.662+0000] {spark_submit.py:571} INFO - 24/08/01 03:10:37 INFO OutputCommitCoordinator$OutputCommitCoordinatorEndpoint: OutputCommitCoordinator stopped!
[2024-08-01T03:10:37.687+0000] {spark_submit.py:571} INFO - 24/08/01 03:10:37 INFO SparkContext: Successfully stopped SparkContext
[2024-08-01T03:10:37.694+0000] {spark_submit.py:571} INFO - Traceback (most recent call last):
[2024-08-01T03:10:37.695+0000] {spark_submit.py:571} INFO - File "/opt/airflow/jobs/word_count.py", line 7, in <module>
[2024-08-01T03:10:37.697+0000] {spark_submit.py:571} INFO - words = spark.sparkContext.parallelize(text.split(" "))
[2024-08-01T03:10:37.698+0000] {spark_submit.py:571} INFO - ^^^^^^^^^^^^^^^^^^^^^^^^^^^^^^^^^^^^^^^^^^^^^^^
[2024-08-01T03:10:37.699+0000] {spark_submit.py:571} INFO - File "/home/airflow/.local/lib/python3.11/site-packages/pyspark/python/lib/pyspark.zip/pyspark/context.py", line 824, in parallelize
[2024-08-01T03:10:37.699+0000] {spark_submit.py:571} INFO - File "/home/airflow/.local/lib/python3.11/site-packages/pyspark/python/lib/pyspark.zip/pyspark/context.py", line 870, in _serialize_to_jvm
[2024-08-01T03:10:37.700+0000] {spark_submit.py:571} INFO - File "/home/airflow/.local/lib/python3.11/site-packages/pyspark/python/lib/pyspark.zip/pyspark/context.py", line 818, in reader_func
[2024-08-01T03:10:37.701+0000] {spark_submit.py:571} INFO - File "/home/airflow/.local/lib/python3.11/site-packages/pyspark/python/lib/py4j-0.10.9.7-src.zip/py4j/java_gateway.py", line 1322, in __call__
[2024-08-01T03:10:37.702+0000] {spark_submit.py:571} INFO - File "/home/airflow/.local/lib/python3.11/site-packages/pyspark/python/lib/pyspark.zip/pyspark/errors/exceptions/captured.py", line 179, in deco
[2024-08-01T03:10:37.703+0000] {spark_submit.py:571} INFO - File "/home/airflow/.local/lib/python3.11/site-packages/pyspark/python/lib/py4j-0.10.9.7-src.zip/py4j/protocol.py", line 326, in get_return_value
[2024-08-01T03:10:37.705+0000] {spark_submit.py:571} INFO - py4j.protocol.Py4JJavaError: An error occurred while calling z:org.apache.spark.api.python.PythonRDD.readRDDFromFile.
[2024-08-01T03:10:37.706+0000] {spark_submit.py:571} INFO - : java.lang.IllegalStateException: Cannot call methods on a stopped SparkContext.
[2024-08-01T03:10:37.707+0000] {spark_submit.py:571} INFO - This stopped SparkContext was created at:
[2024-08-01T03:10:37.712+0000] {spark_submit.py:571} INFO - 
[2024-08-01T03:10:37.713+0000] {spark_submit.py:571} INFO - org.apache.spark.api.java.JavaSparkContext.<init>(JavaSparkContext.scala:58)
[2024-08-01T03:10:37.714+0000] {spark_submit.py:571} INFO - java.base/jdk.internal.reflect.NativeConstructorAccessorImpl.newInstance0(Native Method)
[2024-08-01T03:10:37.715+0000] {spark_submit.py:571} INFO - java.base/jdk.internal.reflect.NativeConstructorAccessorImpl.newInstance(NativeConstructorAccessorImpl.java:77)
[2024-08-01T03:10:37.715+0000] {spark_submit.py:571} INFO - java.base/jdk.internal.reflect.DelegatingConstructorAccessorImpl.newInstance(DelegatingConstructorAccessorImpl.java:45)
[2024-08-01T03:10:37.716+0000] {spark_submit.py:571} INFO - java.base/java.lang.reflect.Constructor.newInstanceWithCaller(Constructor.java:499)
[2024-08-01T03:10:37.716+0000] {spark_submit.py:571} INFO - java.base/java.lang.reflect.Constructor.newInstance(Constructor.java:480)
[2024-08-01T03:10:37.717+0000] {spark_submit.py:571} INFO - py4j.reflection.MethodInvoker.invoke(MethodInvoker.java:247)
[2024-08-01T03:10:37.717+0000] {spark_submit.py:571} INFO - py4j.reflection.ReflectionEngine.invoke(ReflectionEngine.java:374)
[2024-08-01T03:10:37.718+0000] {spark_submit.py:571} INFO - py4j.Gateway.invoke(Gateway.java:238)
[2024-08-01T03:10:37.718+0000] {spark_submit.py:571} INFO - py4j.commands.ConstructorCommand.invokeConstructor(ConstructorCommand.java:80)
[2024-08-01T03:10:37.719+0000] {spark_submit.py:571} INFO - py4j.commands.ConstructorCommand.execute(ConstructorCommand.java:69)
[2024-08-01T03:10:37.719+0000] {spark_submit.py:571} INFO - py4j.ClientServerConnection.waitForCommands(ClientServerConnection.java:182)
[2024-08-01T03:10:37.720+0000] {spark_submit.py:571} INFO - py4j.ClientServerConnection.run(ClientServerConnection.java:106)
[2024-08-01T03:10:37.720+0000] {spark_submit.py:571} INFO - java.base/java.lang.Thread.run(Thread.java:840)
[2024-08-01T03:10:37.721+0000] {spark_submit.py:571} INFO - 
[2024-08-01T03:10:37.721+0000] {spark_submit.py:571} INFO - The currently active SparkContext was created at:
[2024-08-01T03:10:37.722+0000] {spark_submit.py:571} INFO - 
[2024-08-01T03:10:37.723+0000] {spark_submit.py:571} INFO - org.apache.spark.api.java.JavaSparkContext.<init>(JavaSparkContext.scala:58)
[2024-08-01T03:10:37.723+0000] {spark_submit.py:571} INFO - java.base/jdk.internal.reflect.NativeConstructorAccessorImpl.newInstance0(Native Method)
[2024-08-01T03:10:37.725+0000] {spark_submit.py:571} INFO - java.base/jdk.internal.reflect.NativeConstructorAccessorImpl.newInstance(NativeConstructorAccessorImpl.java:77)
[2024-08-01T03:10:37.726+0000] {spark_submit.py:571} INFO - java.base/jdk.internal.reflect.DelegatingConstructorAccessorImpl.newInstance(DelegatingConstructorAccessorImpl.java:45)
[2024-08-01T03:10:37.726+0000] {spark_submit.py:571} INFO - java.base/java.lang.reflect.Constructor.newInstanceWithCaller(Constructor.java:499)
[2024-08-01T03:10:37.727+0000] {spark_submit.py:571} INFO - java.base/java.lang.reflect.Constructor.newInstance(Constructor.java:480)
[2024-08-01T03:10:37.727+0000] {spark_submit.py:571} INFO - py4j.reflection.MethodInvoker.invoke(MethodInvoker.java:247)
[2024-08-01T03:10:37.728+0000] {spark_submit.py:571} INFO - py4j.reflection.ReflectionEngine.invoke(ReflectionEngine.java:374)
[2024-08-01T03:10:37.728+0000] {spark_submit.py:571} INFO - py4j.Gateway.invoke(Gateway.java:238)
[2024-08-01T03:10:37.729+0000] {spark_submit.py:571} INFO - py4j.commands.ConstructorCommand.invokeConstructor(ConstructorCommand.java:80)
[2024-08-01T03:10:37.729+0000] {spark_submit.py:571} INFO - py4j.commands.ConstructorCommand.execute(ConstructorCommand.java:69)
[2024-08-01T03:10:37.729+0000] {spark_submit.py:571} INFO - py4j.ClientServerConnection.waitForCommands(ClientServerConnection.java:182)
[2024-08-01T03:10:37.730+0000] {spark_submit.py:571} INFO - py4j.ClientServerConnection.run(ClientServerConnection.java:106)
[2024-08-01T03:10:37.730+0000] {spark_submit.py:571} INFO - java.base/java.lang.Thread.run(Thread.java:840)
[2024-08-01T03:10:37.731+0000] {spark_submit.py:571} INFO - 
[2024-08-01T03:10:37.731+0000] {spark_submit.py:571} INFO - at org.apache.spark.SparkContext.assertNotStopped(SparkContext.scala:122)
[2024-08-01T03:10:37.731+0000] {spark_submit.py:571} INFO - at org.apache.spark.SparkContext.$anonfun$parallelize$1(SparkContext.scala:942)
[2024-08-01T03:10:37.732+0000] {spark_submit.py:571} INFO - at org.apache.spark.rdd.RDDOperationScope$.withScope(RDDOperationScope.scala:151)
[2024-08-01T03:10:37.732+0000] {spark_submit.py:571} INFO - at org.apache.spark.rdd.RDDOperationScope$.withScope(RDDOperationScope.scala:112)
[2024-08-01T03:10:37.733+0000] {spark_submit.py:571} INFO - at org.apache.spark.SparkContext.withScope(SparkContext.scala:924)
[2024-08-01T03:10:37.733+0000] {spark_submit.py:571} INFO - at org.apache.spark.SparkContext.parallelize(SparkContext.scala:941)
[2024-08-01T03:10:37.734+0000] {spark_submit.py:571} INFO - at org.apache.spark.api.java.JavaRDD$.readRDDFromInputStream(JavaRDD.scala:259)
[2024-08-01T03:10:37.734+0000] {spark_submit.py:571} INFO - at org.apache.spark.api.java.JavaRDD$.readRDDFromFile(JavaRDD.scala:239)
[2024-08-01T03:10:37.735+0000] {spark_submit.py:571} INFO - at org.apache.spark.api.python.PythonRDD$.readRDDFromFile(PythonRDD.scala:289)
[2024-08-01T03:10:37.735+0000] {spark_submit.py:571} INFO - at org.apache.spark.api.python.PythonRDD.readRDDFromFile(PythonRDD.scala)
[2024-08-01T03:10:37.736+0000] {spark_submit.py:571} INFO - at java.base/jdk.internal.reflect.NativeMethodAccessorImpl.invoke0(Native Method)
[2024-08-01T03:10:37.736+0000] {spark_submit.py:571} INFO - at java.base/jdk.internal.reflect.NativeMethodAccessorImpl.invoke(NativeMethodAccessorImpl.java:77)
[2024-08-01T03:10:37.736+0000] {spark_submit.py:571} INFO - at java.base/jdk.internal.reflect.DelegatingMethodAccessorImpl.invoke(DelegatingMethodAccessorImpl.java:43)
[2024-08-01T03:10:37.737+0000] {spark_submit.py:571} INFO - at java.base/java.lang.reflect.Method.invoke(Method.java:568)
[2024-08-01T03:10:37.737+0000] {spark_submit.py:571} INFO - at py4j.reflection.MethodInvoker.invoke(MethodInvoker.java:244)
[2024-08-01T03:10:37.738+0000] {spark_submit.py:571} INFO - at py4j.reflection.ReflectionEngine.invoke(ReflectionEngine.java:374)
[2024-08-01T03:10:37.739+0000] {spark_submit.py:571} INFO - at py4j.Gateway.invoke(Gateway.java:282)
[2024-08-01T03:10:37.739+0000] {spark_submit.py:571} INFO - at py4j.commands.AbstractCommand.invokeMethod(AbstractCommand.java:132)
[2024-08-01T03:10:37.740+0000] {spark_submit.py:571} INFO - at py4j.commands.CallCommand.execute(CallCommand.java:79)
[2024-08-01T03:10:37.741+0000] {spark_submit.py:571} INFO - at py4j.ClientServerConnection.waitForCommands(ClientServerConnection.java:182)
[2024-08-01T03:10:37.742+0000] {spark_submit.py:571} INFO - at py4j.ClientServerConnection.run(ClientServerConnection.java:106)
[2024-08-01T03:10:37.743+0000] {spark_submit.py:571} INFO - at java.base/java.lang.Thread.run(Thread.java:840)
[2024-08-01T03:10:37.743+0000] {spark_submit.py:571} INFO - 
[2024-08-01T03:10:37.778+0000] {spark_submit.py:571} INFO - 24/08/01 03:10:37 INFO ShutdownHookManager: Shutdown hook called
[2024-08-01T03:10:37.778+0000] {spark_submit.py:571} INFO - 24/08/01 03:10:37 INFO ShutdownHookManager: Deleting directory /tmp/spark-3f2f3b1b-16c3-4b83-ab31-605ae80dc830/pyspark-3beb955a-1458-419a-bc96-145a682c8fcf
[2024-08-01T03:10:37.783+0000] {spark_submit.py:571} INFO - 24/08/01 03:10:37 INFO ShutdownHookManager: Deleting directory /tmp/spark-3f2f3b1b-16c3-4b83-ab31-605ae80dc830
[2024-08-01T03:10:37.787+0000] {spark_submit.py:571} INFO - 24/08/01 03:10:37 INFO ShutdownHookManager: Deleting directory /tmp/spark-01d6a7c0-1ff0-427e-ab15-55739c9c2c18
[2024-08-01T03:10:37.816+0000] {taskinstance.py:441} INFO - ::group::Post task execution logs
[2024-08-01T03:10:37.827+0000] {taskinstance.py:2905} ERROR - Task failed with exception
Traceback (most recent call last):
  File "/home/airflow/.local/lib/python3.11/site-packages/airflow/models/taskinstance.py", line 465, in _execute_task
    result = _execute_callable(context=context, **execute_callable_kwargs)
             ^^^^^^^^^^^^^^^^^^^^^^^^^^^^^^^^^^^^^^^^^^^^^^^^^^^^^^^^^^^^^
  File "/home/airflow/.local/lib/python3.11/site-packages/airflow/models/taskinstance.py", line 432, in _execute_callable
    return execute_callable(context=context, **execute_callable_kwargs)
           ^^^^^^^^^^^^^^^^^^^^^^^^^^^^^^^^^^^^^^^^^^^^^^^^^^^^^^^^^^^^
  File "/home/airflow/.local/lib/python3.11/site-packages/airflow/models/baseoperator.py", line 400, in wrapper
    return func(self, *args, **kwargs)
           ^^^^^^^^^^^^^^^^^^^^^^^^^^^
  File "/home/airflow/.local/lib/python3.11/site-packages/airflow/providers/apache/spark/operators/spark_submit.py", line 174, in execute
    self._hook.submit(self.application)
  File "/home/airflow/.local/lib/python3.11/site-packages/airflow/providers/apache/spark/hooks/spark_submit.py", line 502, in submit
    raise AirflowException(
airflow.exceptions.AirflowException: Cannot execute: spark-submit --master spark://172.19.0.2:7077 --name arrow-spark --deploy-mode client jobs/word_count.py. Error code is: 1.
[2024-08-01T03:10:37.832+0000] {taskinstance.py:1206} INFO - Marking task as FAILED. dag_id=welcome_dag, task_id=python_job, run_id=manual__2024-08-01T03:09:19.784061+00:00, execution_date=20240801T030919, start_date=20240801T030930, end_date=20240801T031037
[2024-08-01T03:10:37.877+0000] {standard_task_runner.py:110} ERROR - Failed to execute job 14 for task python_job (Cannot execute: spark-submit --master spark://172.19.0.2:7077 --name arrow-spark --deploy-mode client jobs/word_count.py. Error code is: 1.; 368)
[2024-08-01T03:10:37.925+0000] {local_task_job_runner.py:240} INFO - Task exited with return code 1
[2024-08-01T03:10:37.947+0000] {taskinstance.py:3498} INFO - 0 downstream tasks scheduled from follow-on schedule check
[2024-08-01T03:10:37.963+0000] {local_task_job_runner.py:222} INFO - ::endgroup::
