[2024-08-07T08:37:20.984+0000] {local_task_job_runner.py:120} INFO - ::group::Pre task execution logs
[2024-08-07T08:37:21.021+0000] {taskinstance.py:2076} INFO - Dependencies all met for dep_context=non-requeueable deps ti=<TaskInstance: Integrate_Time_Location_Dimension.bronze_location manual__2024-08-07T08:36:55.007473+00:00 [queued]>
[2024-08-07T08:37:21.038+0000] {taskinstance.py:2076} INFO - Dependencies all met for dep_context=requeueable deps ti=<TaskInstance: Integrate_Time_Location_Dimension.bronze_location manual__2024-08-07T08:36:55.007473+00:00 [queued]>
[2024-08-07T08:37:21.039+0000] {taskinstance.py:2306} INFO - Starting attempt 1 of 1
[2024-08-07T08:37:21.074+0000] {taskinstance.py:2330} INFO - Executing <Task(SQLExecuteQueryOperator): bronze_location> on 2024-08-07 08:36:55.007473+00:00
[2024-08-07T08:37:21.079+0000] {standard_task_runner.py:63} INFO - Started process 5255 to run task
[2024-08-07T08:37:21.083+0000] {standard_task_runner.py:90} INFO - Running: ['airflow', 'tasks', 'run', 'Integrate_Time_Location_Dimension', 'bronze_location', 'manual__2024-08-07T08:36:55.007473+00:00', '--job-id', '207', '--raw', '--subdir', 'DAGS_FOLDER/etl_time_location.dag.py', '--cfg-path', '/tmp/tmp_s6iz85l']
[2024-08-07T08:37:21.086+0000] {standard_task_runner.py:91} INFO - Job 207: Subtask bronze_location
[2024-08-07T08:37:21.180+0000] {task_command.py:426} INFO - Running <TaskInstance: Integrate_Time_Location_Dimension.bronze_location manual__2024-08-07T08:36:55.007473+00:00 [running]> on host 45f7764b2bf2
[2024-08-07T08:37:21.334+0000] {taskinstance.py:2648} INFO - Exporting env vars: AIRFLOW_CTX_DAG_OWNER='airflow' AIRFLOW_CTX_DAG_ID='Integrate_Time_Location_Dimension' AIRFLOW_CTX_TASK_ID='bronze_location' AIRFLOW_CTX_EXECUTION_DATE='2024-08-07T08:36:55.007473+00:00' AIRFLOW_CTX_TRY_NUMBER='1' AIRFLOW_CTX_DAG_RUN_ID='manual__2024-08-07T08:36:55.007473+00:00'
[2024-08-07T08:37:21.335+0000] {taskinstance.py:430} INFO - ::endgroup::
[2024-08-07T08:37:21.347+0000] {sql.py:276} INFO - Executing: INSERT INTO "stgDimLocation"(LocationKey, region_code, region_name,
                            province_code, province_name,
                            district_code, district_name,
                            ward_code, ward_name)
SELECT
	*
FROM dblink('host=host.docker.internal dbname=hongheovna password=nhanbui user=postgres port=5434', 'select * from public.vw_stgdimlocation')
AS (
	LocationKey BIGINT,
	region_code CHAR(5),
	region_name VARCHAR(50),
	province_code CHAR(5),
	province_name VARCHAR(50),
	district_code CHAR(5),
	district_name VARCHAR(50),
	ward_code CHAR(5),
	ward_name VARCHAR(50)
);
[2024-08-07T08:37:21.363+0000] {base.py:84} INFO - Using connection ID 'postgres_ldtbxh_stage' for task execution.
[2024-08-07T08:37:21.483+0000] {base.py:84} INFO - Using connection ID 'postgres_ldtbxh_stage' for task execution.
[2024-08-07T08:37:21.507+0000] {sql.py:470} INFO - Running statement: INSERT INTO "stgDimLocation"(LocationKey, region_code, region_name,
                            province_code, province_name,
                            district_code, district_name,
                            ward_code, ward_name)
SELECT
	*
FROM dblink('host=host.docker.internal dbname=hongheovna password=*** user=postgres port=5434', 'select * from public.vw_stgdimlocation')
AS (
	LocationKey BIGINT,
	region_code CHAR(5),
	region_name VARCHAR(50),
	province_code CHAR(5),
	province_name VARCHAR(50),
	district_code CHAR(5),
	district_name VARCHAR(50),
	ward_code CHAR(5),
	ward_name VARCHAR(50)
);, parameters: None
[2024-08-07T08:37:21.561+0000] {sql.py:479} INFO - Rows affected: 18
[2024-08-07T08:37:21.567+0000] {taskinstance.py:441} INFO - ::group::Post task execution logs
[2024-08-07T08:37:21.583+0000] {taskinstance.py:1206} INFO - Marking task as SUCCESS. dag_id=Integrate_Time_Location_Dimension, task_id=bronze_location, run_id=manual__2024-08-07T08:36:55.007473+00:00, execution_date=20240807T083655, start_date=20240807T083721, end_date=20240807T083721
[2024-08-07T08:37:21.658+0000] {local_task_job_runner.py:240} INFO - Task exited with return code 0
[2024-08-07T08:37:21.714+0000] {taskinstance.py:3498} INFO - 1 downstream tasks scheduled from follow-on schedule check
[2024-08-07T08:37:21.724+0000] {local_task_job_runner.py:222} INFO - ::endgroup::
