[2024-08-09T09:29:34.252+0000] {local_task_job_runner.py:120} INFO - ::group::Pre task execution logs
[2024-08-09T09:29:34.293+0000] {taskinstance.py:2076} INFO - Dependencies all met for dep_context=non-requeueable deps ti=<TaskInstance: Integrate_Data_Warehouse.refresh_stages manual__2024-08-09T09:29:21.245407+00:00 [queued]>
[2024-08-09T09:29:34.311+0000] {taskinstance.py:2076} INFO - Dependencies all met for dep_context=requeueable deps ti=<TaskInstance: Integrate_Data_Warehouse.refresh_stages manual__2024-08-09T09:29:21.245407+00:00 [queued]>
[2024-08-09T09:29:34.312+0000] {taskinstance.py:2306} INFO - Starting attempt 1 of 1
[2024-08-09T09:29:34.350+0000] {taskinstance.py:2330} INFO - Executing <Task(SQLExecuteQueryOperator): refresh_stages> on 2024-08-09 09:29:21.245407+00:00
[2024-08-09T09:29:34.355+0000] {standard_task_runner.py:63} INFO - Started process 4992 to run task
[2024-08-09T09:29:34.359+0000] {standard_task_runner.py:90} INFO - Running: ['airflow', 'tasks', 'run', 'Integrate_Data_Warehouse', 'refresh_stages', 'manual__2024-08-09T09:29:21.245407+00:00', '--job-id', '429', '--raw', '--subdir', 'DAGS_FOLDER/etl_ldtbxh.dag.py', '--cfg-path', '/tmp/tmplwf6h2z1']
[2024-08-09T09:29:34.362+0000] {standard_task_runner.py:91} INFO - Job 429: Subtask refresh_stages
[2024-08-09T09:29:34.443+0000] {task_command.py:426} INFO - Running <TaskInstance: Integrate_Data_Warehouse.refresh_stages manual__2024-08-09T09:29:21.245407+00:00 [running]> on host 45f7764b2bf2
[2024-08-09T09:29:34.594+0000] {taskinstance.py:2648} INFO - Exporting env vars: AIRFLOW_CTX_DAG_OWNER='airflow' AIRFLOW_CTX_DAG_ID='Integrate_Data_Warehouse' AIRFLOW_CTX_TASK_ID='refresh_stages' AIRFLOW_CTX_EXECUTION_DATE='2024-08-09T09:29:21.245407+00:00' AIRFLOW_CTX_TRY_NUMBER='1' AIRFLOW_CTX_DAG_RUN_ID='manual__2024-08-09T09:29:21.245407+00:00'
[2024-08-09T09:29:34.595+0000] {taskinstance.py:430} INFO - ::endgroup::
[2024-08-09T09:29:34.607+0000] {sql.py:276} INFO - Executing: TRUNCATE TABLE public."stgDate";
TRUNCATE TABLE public."stgDimLocation";
TRUNCATE TABLE public."stgDimFamily";
TRUNCATE TABLE public."stgDimFamilyMember";
TRUNCATE TABLE public."stgDimSurvey";
TRUNCATE TABLE public."stgPovertyStatusFact";
TRUNCATE TABLE public."stgMemberSurveyFact";

BEGIN TRANSACTION;
    INSERT INTO "DimAuditForeigned"(process_name, start_at, finished_at) VALUES
    ('data integration', NOW(), NULL);
COMMIT;
[2024-08-09T09:29:34.620+0000] {base.py:84} INFO - Using connection ID 'postgres_ldtbxh_stage' for task execution.
[2024-08-09T09:29:34.717+0000] {base.py:84} INFO - Using connection ID 'postgres_ldtbxh_stage' for task execution.
[2024-08-09T09:29:34.737+0000] {sql.py:470} INFO - Running statement: TRUNCATE TABLE public."stgDate";
TRUNCATE TABLE public."stgDimLocation";
TRUNCATE TABLE public."stgDimFamily";
TRUNCATE TABLE public."stgDimFamilyMember";
TRUNCATE TABLE public."stgDimSurvey";
TRUNCATE TABLE public."stgPovertyStatusFact";
TRUNCATE TABLE public."stgMemberSurveyFact";

BEGIN TRANSACTION;
    INSERT INTO "DimAuditForeigned"(process_name, start_at, finished_at) VALUES
    ('data integration', NOW(), NULL);
COMMIT;, parameters: None
[2024-08-09T09:29:34.893+0000] {taskinstance.py:441} INFO - ::group::Post task execution logs
[2024-08-09T09:29:34.928+0000] {taskinstance.py:1206} INFO - Marking task as SUCCESS. dag_id=Integrate_Data_Warehouse, task_id=refresh_stages, run_id=manual__2024-08-09T09:29:21.245407+00:00, execution_date=20240809T092921, start_date=20240809T092934, end_date=20240809T092934
[2024-08-09T09:29:35.014+0000] {local_task_job_runner.py:240} INFO - Task exited with return code 0
[2024-08-09T09:29:35.073+0000] {taskinstance.py:3498} INFO - 2 downstream tasks scheduled from follow-on schedule check
[2024-08-09T09:29:35.086+0000] {local_task_job_runner.py:222} INFO - ::endgroup::
