[2024-08-01T03:27:56.925+0000] {local_task_job_runner.py:120} INFO - ::group::Pre task execution logs
[2024-08-01T03:27:56.963+0000] {taskinstance.py:2076} INFO - Dependencies all met for dep_context=non-requeueable deps ti=<TaskInstance: welcome_dag.python_job manual__2024-08-01T03:27:44.551289+00:00 [queued]>
[2024-08-01T03:27:56.978+0000] {taskinstance.py:2076} INFO - Dependencies all met for dep_context=requeueable deps ti=<TaskInstance: welcome_dag.python_job manual__2024-08-01T03:27:44.551289+00:00 [queued]>
[2024-08-01T03:27:56.978+0000] {taskinstance.py:2306} INFO - Starting attempt 1 of 1
[2024-08-01T03:27:57.014+0000] {taskinstance.py:2330} INFO - Executing <Task(SparkSubmitOperator): python_job> on 2024-08-01 03:27:44.551289+00:00
[2024-08-01T03:27:57.019+0000] {standard_task_runner.py:63} INFO - Started process 976 to run task
[2024-08-01T03:27:57.024+0000] {standard_task_runner.py:90} INFO - Running: ['airflow', 'tasks', 'run', 'welcome_dag', 'python_job', 'manual__2024-08-01T03:27:44.551289+00:00', '--job-id', '23', '--raw', '--subdir', 'DAGS_FOLDER/welcome_dag.py', '--cfg-path', '/tmp/tmp9pqe847_']
[2024-08-01T03:27:57.026+0000] {standard_task_runner.py:91} INFO - Job 23: Subtask python_job
[2024-08-01T03:27:57.104+0000] {task_command.py:426} INFO - Running <TaskInstance: welcome_dag.python_job manual__2024-08-01T03:27:44.551289+00:00 [running]> on host 24fc876e8f70
[2024-08-01T03:27:57.229+0000] {taskinstance.py:2648} INFO - Exporting env vars: AIRFLOW_CTX_DAG_OWNER='airflow' AIRFLOW_CTX_DAG_ID='welcome_dag' AIRFLOW_CTX_TASK_ID='python_job' AIRFLOW_CTX_EXECUTION_DATE='2024-08-01T03:27:44.551289+00:00' AIRFLOW_CTX_TRY_NUMBER='1' AIRFLOW_CTX_DAG_RUN_ID='manual__2024-08-01T03:27:44.551289+00:00'
[2024-08-01T03:27:57.230+0000] {taskinstance.py:430} INFO - ::endgroup::
[2024-08-01T03:27:57.258+0000] {base.py:84} INFO - Using connection ID 'spark_conn' for task execution.
[2024-08-01T03:27:57.259+0000] {spark_submit.py:401} INFO - Spark-Submit cmd: spark-submit --master spark://spark-master:7077 --name arrow-spark --deploy-mode client jobs/word_count.py
[2024-08-01T03:28:03.209+0000] {spark_submit.py:571} INFO - 24/08/01 03:28:03 INFO SparkContext: Running Spark version 3.5.1
[2024-08-01T03:28:03.212+0000] {spark_submit.py:571} INFO - 24/08/01 03:28:03 INFO SparkContext: OS info Linux, 5.15.153.1-microsoft-standard-WSL2, amd64
[2024-08-01T03:28:03.213+0000] {spark_submit.py:571} INFO - 24/08/01 03:28:03 INFO SparkContext: Java version 17.0.11
[2024-08-01T03:28:03.299+0000] {spark_submit.py:571} INFO - 24/08/01 03:28:03 WARN NativeCodeLoader: Unable to load native-hadoop library for your platform... using builtin-java classes where applicable
[2024-08-01T03:28:03.486+0000] {spark_submit.py:571} INFO - 24/08/01 03:28:03 INFO ResourceUtils: ==============================================================
[2024-08-01T03:28:03.487+0000] {spark_submit.py:571} INFO - 24/08/01 03:28:03 INFO ResourceUtils: No custom resources configured for spark.driver.
[2024-08-01T03:28:03.489+0000] {spark_submit.py:571} INFO - 24/08/01 03:28:03 INFO ResourceUtils: ==============================================================
[2024-08-01T03:28:03.490+0000] {spark_submit.py:571} INFO - 24/08/01 03:28:03 INFO SparkContext: Submitted application: PythonWordCount
[2024-08-01T03:28:03.524+0000] {spark_submit.py:571} INFO - 24/08/01 03:28:03 INFO ResourceProfile: Default ResourceProfile created, executor resources: Map(memory -> name: memory, amount: 1024, script: , vendor: , offHeap -> name: offHeap, amount: 0, script: , vendor: ), task resources: Map(cpus -> name: cpus, amount: 1.0)
[2024-08-01T03:28:03.540+0000] {spark_submit.py:571} INFO - 24/08/01 03:28:03 INFO ResourceProfile: Limiting resource is cpu
[2024-08-01T03:28:03.542+0000] {spark_submit.py:571} INFO - 24/08/01 03:28:03 INFO ResourceProfileManager: Added ResourceProfile id: 0
[2024-08-01T03:28:03.659+0000] {spark_submit.py:571} INFO - 24/08/01 03:28:03 INFO SecurityManager: Changing view acls to: airflow
[2024-08-01T03:28:03.660+0000] {spark_submit.py:571} INFO - 24/08/01 03:28:03 INFO SecurityManager: Changing modify acls to: airflow
[2024-08-01T03:28:03.662+0000] {spark_submit.py:571} INFO - 24/08/01 03:28:03 INFO SecurityManager: Changing view acls groups to:
[2024-08-01T03:28:03.663+0000] {spark_submit.py:571} INFO - 24/08/01 03:28:03 INFO SecurityManager: Changing modify acls groups to:
[2024-08-01T03:28:03.665+0000] {spark_submit.py:571} INFO - 24/08/01 03:28:03 INFO SecurityManager: SecurityManager: authentication disabled; ui acls disabled; users with view permissions: airflow; groups with view permissions: EMPTY; users with modify permissions: airflow; groups with modify permissions: EMPTY
[2024-08-01T03:28:04.196+0000] {spark_submit.py:571} INFO - 24/08/01 03:28:04 INFO Utils: Successfully started service 'sparkDriver' on port 35825.
[2024-08-01T03:28:04.238+0000] {spark_submit.py:571} INFO - 24/08/01 03:28:04 INFO SparkEnv: Registering MapOutputTracker
[2024-08-01T03:28:04.283+0000] {spark_submit.py:571} INFO - 24/08/01 03:28:04 INFO SparkEnv: Registering BlockManagerMaster
[2024-08-01T03:28:04.310+0000] {spark_submit.py:571} INFO - 24/08/01 03:28:04 INFO BlockManagerMasterEndpoint: Using org.apache.spark.storage.DefaultTopologyMapper for getting topology information
[2024-08-01T03:28:04.311+0000] {spark_submit.py:571} INFO - 24/08/01 03:28:04 INFO BlockManagerMasterEndpoint: BlockManagerMasterEndpoint up
[2024-08-01T03:28:04.317+0000] {spark_submit.py:571} INFO - 24/08/01 03:28:04 INFO SparkEnv: Registering BlockManagerMasterHeartbeat
[2024-08-01T03:28:04.340+0000] {spark_submit.py:571} INFO - 24/08/01 03:28:04 INFO DiskBlockManager: Created local directory at /tmp/blockmgr-53944f36-25ab-4e25-8614-2987df4b0d9d
[2024-08-01T03:28:04.359+0000] {spark_submit.py:571} INFO - 24/08/01 03:28:04 INFO MemoryStore: MemoryStore started with capacity 434.4 MiB
[2024-08-01T03:28:04.382+0000] {spark_submit.py:571} INFO - 24/08/01 03:28:04 INFO SparkEnv: Registering OutputCommitCoordinator
[2024-08-01T03:28:04.547+0000] {spark_submit.py:571} INFO - 24/08/01 03:28:04 INFO JettyUtils: Start Jetty 0.0.0.0:4040 for SparkUI
[2024-08-01T03:28:04.618+0000] {spark_submit.py:571} INFO - 24/08/01 03:28:04 INFO Utils: Successfully started service 'SparkUI' on port 4040.
[2024-08-01T03:28:04.804+0000] {spark_submit.py:571} INFO - 24/08/01 03:28:04 INFO StandaloneAppClient$ClientEndpoint: Connecting to master spark://spark-master:7077...
[2024-08-01T03:28:12.844+0000] {spark_submit.py:571} INFO - 24/08/01 03:28:12 WARN TransportClientFactory: DNS resolution failed for spark-master/<unresolved>:7077 took 8005 ms
[2024-08-01T03:28:12.881+0000] {spark_submit.py:571} INFO - 24/08/01 03:28:12 WARN StandaloneAppClient$ClientEndpoint: Failed to connect to master spark-master:7077
[2024-08-01T03:28:12.882+0000] {spark_submit.py:571} INFO - org.apache.spark.SparkException: Exception thrown in awaitResult:
[2024-08-01T03:28:12.882+0000] {spark_submit.py:571} INFO - at org.apache.spark.util.SparkThreadUtils$.awaitResult(SparkThreadUtils.scala:56)
[2024-08-01T03:28:12.883+0000] {spark_submit.py:571} INFO - at org.apache.spark.util.ThreadUtils$.awaitResult(ThreadUtils.scala:310)
[2024-08-01T03:28:12.883+0000] {spark_submit.py:571} INFO - at org.apache.spark.rpc.RpcTimeout.awaitResult(RpcTimeout.scala:75)
[2024-08-01T03:28:12.883+0000] {spark_submit.py:571} INFO - at org.apache.spark.rpc.RpcEnv.setupEndpointRefByURI(RpcEnv.scala:102)
[2024-08-01T03:28:12.884+0000] {spark_submit.py:571} INFO - at org.apache.spark.rpc.RpcEnv.setupEndpointRef(RpcEnv.scala:110)
[2024-08-01T03:28:12.884+0000] {spark_submit.py:571} INFO - at org.apache.spark.deploy.client.StandaloneAppClient$ClientEndpoint$$anon$1.run(StandaloneAppClient.scala:108)
[2024-08-01T03:28:12.885+0000] {spark_submit.py:571} INFO - at java.base/java.util.concurrent.Executors$RunnableAdapter.call(Executors.java:539)
[2024-08-01T03:28:12.885+0000] {spark_submit.py:571} INFO - at java.base/java.util.concurrent.FutureTask.run(FutureTask.java:264)
[2024-08-01T03:28:12.886+0000] {spark_submit.py:571} INFO - at java.base/java.util.concurrent.ThreadPoolExecutor.runWorker(ThreadPoolExecutor.java:1136)
[2024-08-01T03:28:12.886+0000] {spark_submit.py:571} INFO - at java.base/java.util.concurrent.ThreadPoolExecutor$Worker.run(ThreadPoolExecutor.java:635)
[2024-08-01T03:28:12.887+0000] {spark_submit.py:571} INFO - at java.base/java.lang.Thread.run(Thread.java:840)
[2024-08-01T03:28:12.887+0000] {spark_submit.py:571} INFO - Caused by: java.io.IOException: Failed to connect to spark-master/<unresolved>:7077
[2024-08-01T03:28:12.887+0000] {spark_submit.py:571} INFO - at org.apache.spark.network.client.TransportClientFactory.createClient(TransportClientFactory.java:294)
[2024-08-01T03:28:12.888+0000] {spark_submit.py:571} INFO - at org.apache.spark.network.client.TransportClientFactory.createClient(TransportClientFactory.java:214)
[2024-08-01T03:28:12.888+0000] {spark_submit.py:571} INFO - at org.apache.spark.network.client.TransportClientFactory.createClient(TransportClientFactory.java:226)
[2024-08-01T03:28:12.889+0000] {spark_submit.py:571} INFO - at org.apache.spark.rpc.netty.NettyRpcEnv.createClient(NettyRpcEnv.scala:204)
[2024-08-01T03:28:12.889+0000] {spark_submit.py:571} INFO - at org.apache.spark.rpc.netty.Outbox$$anon$1.call(Outbox.scala:202)
[2024-08-01T03:28:12.889+0000] {spark_submit.py:571} INFO - at org.apache.spark.rpc.netty.Outbox$$anon$1.call(Outbox.scala:198)
[2024-08-01T03:28:12.890+0000] {spark_submit.py:571} INFO - ... 4 more
[2024-08-01T03:28:12.890+0000] {spark_submit.py:571} INFO - Caused by: java.net.UnknownHostException: spark-master
[2024-08-01T03:28:12.891+0000] {spark_submit.py:571} INFO - at java.base/java.net.InetAddress$CachedAddresses.get(InetAddress.java:801)
[2024-08-01T03:28:12.891+0000] {spark_submit.py:571} INFO - at java.base/java.net.InetAddress.getAllByName0(InetAddress.java:1533)
[2024-08-01T03:28:12.892+0000] {spark_submit.py:571} INFO - at java.base/java.net.InetAddress.getAllByName(InetAddress.java:1385)
[2024-08-01T03:28:12.892+0000] {spark_submit.py:571} INFO - at java.base/java.net.InetAddress.getAllByName(InetAddress.java:1306)
[2024-08-01T03:28:12.893+0000] {spark_submit.py:571} INFO - at java.base/java.net.InetAddress.getByName(InetAddress.java:1256)
[2024-08-01T03:28:12.893+0000] {spark_submit.py:571} INFO - at io.netty.util.internal.SocketUtils$8.run(SocketUtils.java:156)
[2024-08-01T03:28:12.893+0000] {spark_submit.py:571} INFO - at io.netty.util.internal.SocketUtils$8.run(SocketUtils.java:153)
[2024-08-01T03:28:12.894+0000] {spark_submit.py:571} INFO - at java.base/java.security.AccessController.doPrivileged(AccessController.java:569)
[2024-08-01T03:28:12.894+0000] {spark_submit.py:571} INFO - at io.netty.util.internal.SocketUtils.addressByName(SocketUtils.java:153)
[2024-08-01T03:28:12.894+0000] {spark_submit.py:571} INFO - at io.netty.resolver.DefaultNameResolver.doResolve(DefaultNameResolver.java:41)
[2024-08-01T03:28:12.895+0000] {spark_submit.py:571} INFO - at io.netty.resolver.SimpleNameResolver.resolve(SimpleNameResolver.java:61)
[2024-08-01T03:28:12.895+0000] {spark_submit.py:571} INFO - at io.netty.resolver.SimpleNameResolver.resolve(SimpleNameResolver.java:53)
[2024-08-01T03:28:12.895+0000] {spark_submit.py:571} INFO - at io.netty.resolver.InetSocketAddressResolver.doResolve(InetSocketAddressResolver.java:55)
[2024-08-01T03:28:12.896+0000] {spark_submit.py:571} INFO - at io.netty.resolver.InetSocketAddressResolver.doResolve(InetSocketAddressResolver.java:31)
[2024-08-01T03:28:12.896+0000] {spark_submit.py:571} INFO - at io.netty.resolver.AbstractAddressResolver.resolve(AbstractAddressResolver.java:106)
[2024-08-01T03:28:12.897+0000] {spark_submit.py:571} INFO - at io.netty.bootstrap.Bootstrap.doResolveAndConnect0(Bootstrap.java:220)
[2024-08-01T03:28:12.897+0000] {spark_submit.py:571} INFO - at io.netty.bootstrap.Bootstrap.access$000(Bootstrap.java:46)
[2024-08-01T03:28:12.897+0000] {spark_submit.py:571} INFO - at io.netty.bootstrap.Bootstrap$1.operationComplete(Bootstrap.java:189)
[2024-08-01T03:28:12.898+0000] {spark_submit.py:571} INFO - at io.netty.bootstrap.Bootstrap$1.operationComplete(Bootstrap.java:175)
[2024-08-01T03:28:12.898+0000] {spark_submit.py:571} INFO - at io.netty.util.concurrent.DefaultPromise.notifyListener0(DefaultPromise.java:590)
[2024-08-01T03:28:12.898+0000] {spark_submit.py:571} INFO - at io.netty.util.concurrent.DefaultPromise.notifyListenersNow(DefaultPromise.java:557)
[2024-08-01T03:28:12.899+0000] {spark_submit.py:571} INFO - at io.netty.util.concurrent.DefaultPromise.notifyListeners(DefaultPromise.java:492)
[2024-08-01T03:28:12.899+0000] {spark_submit.py:571} INFO - at io.netty.util.concurrent.DefaultPromise.setValue0(DefaultPromise.java:636)
[2024-08-01T03:28:12.899+0000] {spark_submit.py:571} INFO - at io.netty.util.concurrent.DefaultPromise.setSuccess0(DefaultPromise.java:625)
[2024-08-01T03:28:12.900+0000] {spark_submit.py:571} INFO - at io.netty.util.concurrent.DefaultPromise.trySuccess(DefaultPromise.java:105)
[2024-08-01T03:28:12.900+0000] {spark_submit.py:571} INFO - at io.netty.channel.DefaultChannelPromise.trySuccess(DefaultChannelPromise.java:84)
[2024-08-01T03:28:12.900+0000] {spark_submit.py:571} INFO - at io.netty.channel.AbstractChannel$AbstractUnsafe.safeSetSuccess(AbstractChannel.java:990)
[2024-08-01T03:28:12.901+0000] {spark_submit.py:571} INFO - at io.netty.channel.AbstractChannel$AbstractUnsafe.register0(AbstractChannel.java:516)
[2024-08-01T03:28:12.901+0000] {spark_submit.py:571} INFO - at io.netty.channel.AbstractChannel$AbstractUnsafe.access$200(AbstractChannel.java:429)
[2024-08-01T03:28:12.901+0000] {spark_submit.py:571} INFO - at io.netty.channel.AbstractChannel$AbstractUnsafe$1.run(AbstractChannel.java:486)
[2024-08-01T03:28:12.902+0000] {spark_submit.py:571} INFO - at io.netty.util.concurrent.AbstractEventExecutor.runTask(AbstractEventExecutor.java:174)
[2024-08-01T03:28:12.902+0000] {spark_submit.py:571} INFO - at io.netty.util.concurrent.AbstractEventExecutor.safeExecute(AbstractEventExecutor.java:167)
[2024-08-01T03:28:12.902+0000] {spark_submit.py:571} INFO - at io.netty.util.concurrent.SingleThreadEventExecutor.runAllTasks(SingleThreadEventExecutor.java:470)
[2024-08-01T03:28:12.903+0000] {spark_submit.py:571} INFO - at io.netty.channel.nio.NioEventLoop.run(NioEventLoop.java:569)
[2024-08-01T03:28:12.903+0000] {spark_submit.py:571} INFO - at io.netty.util.concurrent.SingleThreadEventExecutor$4.run(SingleThreadEventExecutor.java:997)
[2024-08-01T03:28:12.903+0000] {spark_submit.py:571} INFO - at io.netty.util.internal.ThreadExecutorMap$2.run(ThreadExecutorMap.java:74)
[2024-08-01T03:28:12.903+0000] {spark_submit.py:571} INFO - at io.netty.util.concurrent.FastThreadLocalRunnable.run(FastThreadLocalRunnable.java:30)
[2024-08-01T03:28:12.904+0000] {spark_submit.py:571} INFO - ... 1 more
[2024-08-01T03:28:24.814+0000] {spark_submit.py:571} INFO - 24/08/01 03:28:24 INFO StandaloneAppClient$ClientEndpoint: Connecting to master spark://spark-master:7077...
[2024-08-01T03:28:32.824+0000] {spark_submit.py:571} INFO - 24/08/01 03:28:32 WARN TransportClientFactory: DNS resolution failed for spark-master/<unresolved>:7077 took 8005 ms
[2024-08-01T03:28:32.829+0000] {spark_submit.py:571} INFO - 24/08/01 03:28:32 WARN StandaloneAppClient$ClientEndpoint: Failed to connect to master spark-master:7077
[2024-08-01T03:28:32.830+0000] {spark_submit.py:571} INFO - org.apache.spark.SparkException: Exception thrown in awaitResult:
[2024-08-01T03:28:32.830+0000] {spark_submit.py:571} INFO - at org.apache.spark.util.SparkThreadUtils$.awaitResult(SparkThreadUtils.scala:56)
[2024-08-01T03:28:32.830+0000] {spark_submit.py:571} INFO - at org.apache.spark.util.ThreadUtils$.awaitResult(ThreadUtils.scala:310)
[2024-08-01T03:28:32.831+0000] {spark_submit.py:571} INFO - at org.apache.spark.rpc.RpcTimeout.awaitResult(RpcTimeout.scala:75)
[2024-08-01T03:28:32.831+0000] {spark_submit.py:571} INFO - at org.apache.spark.rpc.RpcEnv.setupEndpointRefByURI(RpcEnv.scala:102)
[2024-08-01T03:28:32.832+0000] {spark_submit.py:571} INFO - at org.apache.spark.rpc.RpcEnv.setupEndpointRef(RpcEnv.scala:110)
[2024-08-01T03:28:32.833+0000] {spark_submit.py:571} INFO - at org.apache.spark.deploy.client.StandaloneAppClient$ClientEndpoint$$anon$1.run(StandaloneAppClient.scala:108)
[2024-08-01T03:28:32.833+0000] {spark_submit.py:571} INFO - at java.base/java.util.concurrent.Executors$RunnableAdapter.call(Executors.java:539)
[2024-08-01T03:28:32.834+0000] {spark_submit.py:571} INFO - at java.base/java.util.concurrent.FutureTask.run(FutureTask.java:264)
[2024-08-01T03:28:32.834+0000] {spark_submit.py:571} INFO - at java.base/java.util.concurrent.ThreadPoolExecutor.runWorker(ThreadPoolExecutor.java:1136)
[2024-08-01T03:28:32.835+0000] {spark_submit.py:571} INFO - at java.base/java.util.concurrent.ThreadPoolExecutor$Worker.run(ThreadPoolExecutor.java:635)
[2024-08-01T03:28:32.836+0000] {spark_submit.py:571} INFO - at java.base/java.lang.Thread.run(Thread.java:840)
[2024-08-01T03:28:32.836+0000] {spark_submit.py:571} INFO - Caused by: java.io.IOException: Failed to connect to spark-master/<unresolved>:7077
[2024-08-01T03:28:32.836+0000] {spark_submit.py:571} INFO - at org.apache.spark.network.client.TransportClientFactory.createClient(TransportClientFactory.java:294)
[2024-08-01T03:28:32.837+0000] {spark_submit.py:571} INFO - at org.apache.spark.network.client.TransportClientFactory.createClient(TransportClientFactory.java:214)
[2024-08-01T03:28:32.837+0000] {spark_submit.py:571} INFO - at org.apache.spark.network.client.TransportClientFactory.createClient(TransportClientFactory.java:226)
[2024-08-01T03:28:32.837+0000] {spark_submit.py:571} INFO - at org.apache.spark.rpc.netty.NettyRpcEnv.createClient(NettyRpcEnv.scala:204)
[2024-08-01T03:28:32.839+0000] {spark_submit.py:571} INFO - at org.apache.spark.rpc.netty.Outbox$$anon$1.call(Outbox.scala:202)
[2024-08-01T03:28:32.839+0000] {spark_submit.py:571} INFO - at org.apache.spark.rpc.netty.Outbox$$anon$1.call(Outbox.scala:198)
[2024-08-01T03:28:32.840+0000] {spark_submit.py:571} INFO - ... 4 more
[2024-08-01T03:28:32.841+0000] {spark_submit.py:571} INFO - Caused by: java.net.UnknownHostException: spark-master
[2024-08-01T03:28:32.841+0000] {spark_submit.py:571} INFO - at java.base/java.net.InetAddress$CachedAddresses.get(InetAddress.java:801)
[2024-08-01T03:28:32.841+0000] {spark_submit.py:571} INFO - at java.base/java.net.InetAddress.getAllByName0(InetAddress.java:1533)
[2024-08-01T03:28:32.842+0000] {spark_submit.py:571} INFO - at java.base/java.net.InetAddress.getAllByName(InetAddress.java:1385)
[2024-08-01T03:28:32.842+0000] {spark_submit.py:571} INFO - at java.base/java.net.InetAddress.getAllByName(InetAddress.java:1306)
[2024-08-01T03:28:32.842+0000] {spark_submit.py:571} INFO - at java.base/java.net.InetAddress.getByName(InetAddress.java:1256)
[2024-08-01T03:28:32.842+0000] {spark_submit.py:571} INFO - at io.netty.util.internal.SocketUtils$8.run(SocketUtils.java:156)
[2024-08-01T03:28:32.843+0000] {spark_submit.py:571} INFO - at io.netty.util.internal.SocketUtils$8.run(SocketUtils.java:153)
[2024-08-01T03:28:32.843+0000] {spark_submit.py:571} INFO - at java.base/java.security.AccessController.doPrivileged(AccessController.java:569)
[2024-08-01T03:28:32.843+0000] {spark_submit.py:571} INFO - at io.netty.util.internal.SocketUtils.addressByName(SocketUtils.java:153)
[2024-08-01T03:28:32.843+0000] {spark_submit.py:571} INFO - at io.netty.resolver.DefaultNameResolver.doResolve(DefaultNameResolver.java:41)
[2024-08-01T03:28:32.844+0000] {spark_submit.py:571} INFO - at io.netty.resolver.SimpleNameResolver.resolve(SimpleNameResolver.java:61)
[2024-08-01T03:28:32.844+0000] {spark_submit.py:571} INFO - at io.netty.resolver.SimpleNameResolver.resolve(SimpleNameResolver.java:53)
[2024-08-01T03:28:32.844+0000] {spark_submit.py:571} INFO - at io.netty.resolver.InetSocketAddressResolver.doResolve(InetSocketAddressResolver.java:55)
[2024-08-01T03:28:32.845+0000] {spark_submit.py:571} INFO - at io.netty.resolver.InetSocketAddressResolver.doResolve(InetSocketAddressResolver.java:31)
[2024-08-01T03:28:32.845+0000] {spark_submit.py:571} INFO - at io.netty.resolver.AbstractAddressResolver.resolve(AbstractAddressResolver.java:106)
[2024-08-01T03:28:32.845+0000] {spark_submit.py:571} INFO - at io.netty.bootstrap.Bootstrap.doResolveAndConnect0(Bootstrap.java:220)
[2024-08-01T03:28:32.845+0000] {spark_submit.py:571} INFO - at io.netty.bootstrap.Bootstrap.access$000(Bootstrap.java:46)
[2024-08-01T03:28:32.846+0000] {spark_submit.py:571} INFO - at io.netty.bootstrap.Bootstrap$1.operationComplete(Bootstrap.java:189)
[2024-08-01T03:28:32.846+0000] {spark_submit.py:571} INFO - at io.netty.bootstrap.Bootstrap$1.operationComplete(Bootstrap.java:175)
[2024-08-01T03:28:32.846+0000] {spark_submit.py:571} INFO - at io.netty.util.concurrent.DefaultPromise.notifyListener0(DefaultPromise.java:590)
[2024-08-01T03:28:32.846+0000] {spark_submit.py:571} INFO - at io.netty.util.concurrent.DefaultPromise.notifyListenersNow(DefaultPromise.java:557)
[2024-08-01T03:28:32.847+0000] {spark_submit.py:571} INFO - at io.netty.util.concurrent.DefaultPromise.notifyListeners(DefaultPromise.java:492)
[2024-08-01T03:28:32.847+0000] {spark_submit.py:571} INFO - at io.netty.util.concurrent.DefaultPromise.setValue0(DefaultPromise.java:636)
[2024-08-01T03:28:32.847+0000] {spark_submit.py:571} INFO - at io.netty.util.concurrent.DefaultPromise.setSuccess0(DefaultPromise.java:625)
[2024-08-01T03:28:32.847+0000] {spark_submit.py:571} INFO - at io.netty.util.concurrent.DefaultPromise.trySuccess(DefaultPromise.java:105)
[2024-08-01T03:28:32.848+0000] {spark_submit.py:571} INFO - at io.netty.channel.DefaultChannelPromise.trySuccess(DefaultChannelPromise.java:84)
[2024-08-01T03:28:32.848+0000] {spark_submit.py:571} INFO - at io.netty.channel.AbstractChannel$AbstractUnsafe.safeSetSuccess(AbstractChannel.java:990)
[2024-08-01T03:28:32.848+0000] {spark_submit.py:571} INFO - at io.netty.channel.AbstractChannel$AbstractUnsafe.register0(AbstractChannel.java:516)
[2024-08-01T03:28:32.849+0000] {spark_submit.py:571} INFO - at io.netty.channel.AbstractChannel$AbstractUnsafe.access$200(AbstractChannel.java:429)
[2024-08-01T03:28:32.849+0000] {spark_submit.py:571} INFO - at io.netty.channel.AbstractChannel$AbstractUnsafe$1.run(AbstractChannel.java:486)
[2024-08-01T03:28:32.849+0000] {spark_submit.py:571} INFO - at io.netty.util.concurrent.AbstractEventExecutor.runTask(AbstractEventExecutor.java:174)
[2024-08-01T03:28:32.849+0000] {spark_submit.py:571} INFO - at io.netty.util.concurrent.AbstractEventExecutor.safeExecute(AbstractEventExecutor.java:167)
[2024-08-01T03:28:32.850+0000] {spark_submit.py:571} INFO - at io.netty.util.concurrent.SingleThreadEventExecutor.runAllTasks(SingleThreadEventExecutor.java:470)
[2024-08-01T03:28:32.850+0000] {spark_submit.py:571} INFO - at io.netty.channel.nio.NioEventLoop.run(NioEventLoop.java:569)
[2024-08-01T03:28:32.850+0000] {spark_submit.py:571} INFO - at io.netty.util.concurrent.SingleThreadEventExecutor$4.run(SingleThreadEventExecutor.java:997)
[2024-08-01T03:28:32.850+0000] {spark_submit.py:571} INFO - at io.netty.util.internal.ThreadExecutorMap$2.run(ThreadExecutorMap.java:74)
[2024-08-01T03:28:32.851+0000] {spark_submit.py:571} INFO - at io.netty.util.concurrent.FastThreadLocalRunnable.run(FastThreadLocalRunnable.java:30)
[2024-08-01T03:28:32.851+0000] {spark_submit.py:571} INFO - ... 1 more
[2024-08-01T03:28:44.814+0000] {spark_submit.py:571} INFO - 24/08/01 03:28:44 INFO StandaloneAppClient$ClientEndpoint: Connecting to master spark://spark-master:7077...
[2024-08-01T03:28:52.830+0000] {spark_submit.py:571} INFO - 24/08/01 03:28:52 WARN TransportClientFactory: DNS resolution failed for spark-master/<unresolved>:7077 took 8010 ms
[2024-08-01T03:28:52.835+0000] {spark_submit.py:571} INFO - 24/08/01 03:28:52 WARN StandaloneAppClient$ClientEndpoint: Failed to connect to master spark-master:7077
[2024-08-01T03:28:52.836+0000] {spark_submit.py:571} INFO - org.apache.spark.SparkException: Exception thrown in awaitResult:
[2024-08-01T03:28:52.836+0000] {spark_submit.py:571} INFO - at org.apache.spark.util.SparkThreadUtils$.awaitResult(SparkThreadUtils.scala:56)
[2024-08-01T03:28:52.836+0000] {spark_submit.py:571} INFO - at org.apache.spark.util.ThreadUtils$.awaitResult(ThreadUtils.scala:310)
[2024-08-01T03:28:52.837+0000] {spark_submit.py:571} INFO - at org.apache.spark.rpc.RpcTimeout.awaitResult(RpcTimeout.scala:75)
[2024-08-01T03:28:52.837+0000] {spark_submit.py:571} INFO - at org.apache.spark.rpc.RpcEnv.setupEndpointRefByURI(RpcEnv.scala:102)
[2024-08-01T03:28:52.838+0000] {spark_submit.py:571} INFO - at org.apache.spark.rpc.RpcEnv.setupEndpointRef(RpcEnv.scala:110)
[2024-08-01T03:28:52.838+0000] {spark_submit.py:571} INFO - at org.apache.spark.deploy.client.StandaloneAppClient$ClientEndpoint$$anon$1.run(StandaloneAppClient.scala:108)
[2024-08-01T03:28:52.839+0000] {spark_submit.py:571} INFO - at java.base/java.util.concurrent.Executors$RunnableAdapter.call(Executors.java:539)
[2024-08-01T03:28:52.839+0000] {spark_submit.py:571} INFO - at java.base/java.util.concurrent.FutureTask.run(FutureTask.java:264)
[2024-08-01T03:28:52.840+0000] {spark_submit.py:571} INFO - at java.base/java.util.concurrent.ThreadPoolExecutor.runWorker(ThreadPoolExecutor.java:1136)
[2024-08-01T03:28:52.840+0000] {spark_submit.py:571} INFO - at java.base/java.util.concurrent.ThreadPoolExecutor$Worker.run(ThreadPoolExecutor.java:635)
[2024-08-01T03:28:52.840+0000] {spark_submit.py:571} INFO - at java.base/java.lang.Thread.run(Thread.java:840)
[2024-08-01T03:28:52.841+0000] {spark_submit.py:571} INFO - Caused by: java.io.IOException: Failed to connect to spark-master/<unresolved>:7077
[2024-08-01T03:28:52.841+0000] {spark_submit.py:571} INFO - at org.apache.spark.network.client.TransportClientFactory.createClient(TransportClientFactory.java:294)
[2024-08-01T03:28:52.842+0000] {spark_submit.py:571} INFO - at org.apache.spark.network.client.TransportClientFactory.createClient(TransportClientFactory.java:214)
[2024-08-01T03:28:52.842+0000] {spark_submit.py:571} INFO - at org.apache.spark.network.client.TransportClientFactory.createClient(TransportClientFactory.java:226)
[2024-08-01T03:28:52.843+0000] {spark_submit.py:571} INFO - at org.apache.spark.rpc.netty.NettyRpcEnv.createClient(NettyRpcEnv.scala:204)
[2024-08-01T03:28:52.844+0000] {spark_submit.py:571} INFO - at org.apache.spark.rpc.netty.Outbox$$anon$1.call(Outbox.scala:202)
[2024-08-01T03:28:52.845+0000] {spark_submit.py:571} INFO - at org.apache.spark.rpc.netty.Outbox$$anon$1.call(Outbox.scala:198)
[2024-08-01T03:28:52.845+0000] {spark_submit.py:571} INFO - ... 4 more
[2024-08-01T03:28:52.845+0000] {spark_submit.py:571} INFO - Caused by: java.net.UnknownHostException: spark-master
[2024-08-01T03:28:52.846+0000] {spark_submit.py:571} INFO - at java.base/java.net.InetAddress$CachedAddresses.get(InetAddress.java:801)
[2024-08-01T03:28:52.846+0000] {spark_submit.py:571} INFO - at java.base/java.net.InetAddress.getAllByName0(InetAddress.java:1533)
[2024-08-01T03:28:52.847+0000] {spark_submit.py:571} INFO - at java.base/java.net.InetAddress.getAllByName(InetAddress.java:1385)
[2024-08-01T03:28:52.847+0000] {spark_submit.py:571} INFO - at java.base/java.net.InetAddress.getAllByName(InetAddress.java:1306)
[2024-08-01T03:28:52.848+0000] {spark_submit.py:571} INFO - at java.base/java.net.InetAddress.getByName(InetAddress.java:1256)
[2024-08-01T03:28:52.848+0000] {spark_submit.py:571} INFO - at io.netty.util.internal.SocketUtils$8.run(SocketUtils.java:156)
[2024-08-01T03:28:52.848+0000] {spark_submit.py:571} INFO - at io.netty.util.internal.SocketUtils$8.run(SocketUtils.java:153)
[2024-08-01T03:28:52.849+0000] {spark_submit.py:571} INFO - at java.base/java.security.AccessController.doPrivileged(AccessController.java:569)
[2024-08-01T03:28:52.850+0000] {spark_submit.py:571} INFO - at io.netty.util.internal.SocketUtils.addressByName(SocketUtils.java:153)
[2024-08-01T03:28:52.850+0000] {spark_submit.py:571} INFO - at io.netty.resolver.DefaultNameResolver.doResolve(DefaultNameResolver.java:41)
[2024-08-01T03:28:52.851+0000] {spark_submit.py:571} INFO - at io.netty.resolver.SimpleNameResolver.resolve(SimpleNameResolver.java:61)
[2024-08-01T03:28:52.851+0000] {spark_submit.py:571} INFO - at io.netty.resolver.SimpleNameResolver.resolve(SimpleNameResolver.java:53)
[2024-08-01T03:28:52.851+0000] {spark_submit.py:571} INFO - at io.netty.resolver.InetSocketAddressResolver.doResolve(InetSocketAddressResolver.java:55)
[2024-08-01T03:28:52.852+0000] {spark_submit.py:571} INFO - at io.netty.resolver.InetSocketAddressResolver.doResolve(InetSocketAddressResolver.java:31)
[2024-08-01T03:28:52.852+0000] {spark_submit.py:571} INFO - at io.netty.resolver.AbstractAddressResolver.resolve(AbstractAddressResolver.java:106)
[2024-08-01T03:28:52.852+0000] {spark_submit.py:571} INFO - at io.netty.bootstrap.Bootstrap.doResolveAndConnect0(Bootstrap.java:220)
[2024-08-01T03:28:52.853+0000] {spark_submit.py:571} INFO - at io.netty.bootstrap.Bootstrap.access$000(Bootstrap.java:46)
[2024-08-01T03:28:52.853+0000] {spark_submit.py:571} INFO - at io.netty.bootstrap.Bootstrap$1.operationComplete(Bootstrap.java:189)
[2024-08-01T03:28:52.853+0000] {spark_submit.py:571} INFO - at io.netty.bootstrap.Bootstrap$1.operationComplete(Bootstrap.java:175)
[2024-08-01T03:28:52.854+0000] {spark_submit.py:571} INFO - at io.netty.util.concurrent.DefaultPromise.notifyListener0(DefaultPromise.java:590)
[2024-08-01T03:28:52.854+0000] {spark_submit.py:571} INFO - at io.netty.util.concurrent.DefaultPromise.notifyListenersNow(DefaultPromise.java:557)
[2024-08-01T03:28:52.854+0000] {spark_submit.py:571} INFO - at io.netty.util.concurrent.DefaultPromise.notifyListeners(DefaultPromise.java:492)
[2024-08-01T03:28:52.855+0000] {spark_submit.py:571} INFO - at io.netty.util.concurrent.DefaultPromise.setValue0(DefaultPromise.java:636)
[2024-08-01T03:28:52.855+0000] {spark_submit.py:571} INFO - at io.netty.util.concurrent.DefaultPromise.setSuccess0(DefaultPromise.java:625)
[2024-08-01T03:28:52.855+0000] {spark_submit.py:571} INFO - at io.netty.util.concurrent.DefaultPromise.trySuccess(DefaultPromise.java:105)
[2024-08-01T03:28:52.856+0000] {spark_submit.py:571} INFO - at io.netty.channel.DefaultChannelPromise.trySuccess(DefaultChannelPromise.java:84)
[2024-08-01T03:28:52.856+0000] {spark_submit.py:571} INFO - at io.netty.channel.AbstractChannel$AbstractUnsafe.safeSetSuccess(AbstractChannel.java:990)
[2024-08-01T03:28:52.856+0000] {spark_submit.py:571} INFO - at io.netty.channel.AbstractChannel$AbstractUnsafe.register0(AbstractChannel.java:516)
[2024-08-01T03:28:52.857+0000] {spark_submit.py:571} INFO - at io.netty.channel.AbstractChannel$AbstractUnsafe.access$200(AbstractChannel.java:429)
[2024-08-01T03:28:52.857+0000] {spark_submit.py:571} INFO - at io.netty.channel.AbstractChannel$AbstractUnsafe$1.run(AbstractChannel.java:486)
[2024-08-01T03:28:52.857+0000] {spark_submit.py:571} INFO - at io.netty.util.concurrent.AbstractEventExecutor.runTask(AbstractEventExecutor.java:174)
[2024-08-01T03:28:52.858+0000] {spark_submit.py:571} INFO - at io.netty.util.concurrent.AbstractEventExecutor.safeExecute(AbstractEventExecutor.java:167)
[2024-08-01T03:28:52.858+0000] {spark_submit.py:571} INFO - at io.netty.util.concurrent.SingleThreadEventExecutor.runAllTasks(SingleThreadEventExecutor.java:470)
[2024-08-01T03:28:52.858+0000] {spark_submit.py:571} INFO - at io.netty.channel.nio.NioEventLoop.run(NioEventLoop.java:569)
[2024-08-01T03:28:52.859+0000] {spark_submit.py:571} INFO - at io.netty.util.concurrent.SingleThreadEventExecutor$4.run(SingleThreadEventExecutor.java:997)
[2024-08-01T03:28:52.859+0000] {spark_submit.py:571} INFO - at io.netty.util.internal.ThreadExecutorMap$2.run(ThreadExecutorMap.java:74)
[2024-08-01T03:28:52.860+0000] {spark_submit.py:571} INFO - at io.netty.util.concurrent.FastThreadLocalRunnable.run(FastThreadLocalRunnable.java:30)
[2024-08-01T03:28:52.861+0000] {spark_submit.py:571} INFO - ... 1 more
[2024-08-01T03:29:04.816+0000] {spark_submit.py:571} INFO - 24/08/01 03:29:04 ERROR StandaloneSchedulerBackend: Application has been killed. Reason: All masters are unresponsive! Giving up.
[2024-08-01T03:29:04.818+0000] {spark_submit.py:571} INFO - 24/08/01 03:29:04 WARN StandaloneSchedulerBackend: Application ID is not initialized yet.
[2024-08-01T03:29:04.834+0000] {spark_submit.py:571} INFO - 24/08/01 03:29:04 INFO Utils: Successfully started service 'org.apache.spark.network.netty.NettyBlockTransferService' on port 39227.
[2024-08-01T03:29:04.836+0000] {spark_submit.py:571} INFO - 24/08/01 03:29:04 INFO NettyBlockTransferService: Server created on 24fc876e8f70:39227
[2024-08-01T03:29:04.840+0000] {spark_submit.py:571} INFO - 24/08/01 03:29:04 INFO BlockManager: Using org.apache.spark.storage.RandomBlockReplicationPolicy for block replication policy
[2024-08-01T03:29:04.852+0000] {spark_submit.py:571} INFO - 24/08/01 03:29:04 INFO BlockManagerMaster: Registering BlockManager BlockManagerId(driver, 24fc876e8f70, 39227, None)
[2024-08-01T03:29:04.857+0000] {spark_submit.py:571} INFO - 24/08/01 03:29:04 INFO BlockManagerMasterEndpoint: Registering block manager 24fc876e8f70:39227 with 434.4 MiB RAM, BlockManagerId(driver, 24fc876e8f70, 39227, None)
[2024-08-01T03:29:04.860+0000] {spark_submit.py:571} INFO - 24/08/01 03:29:04 INFO BlockManagerMaster: Registered BlockManager BlockManagerId(driver, 24fc876e8f70, 39227, None)
[2024-08-01T03:29:04.861+0000] {spark_submit.py:571} INFO - 24/08/01 03:29:04 INFO BlockManager: Initialized BlockManager: BlockManagerId(driver, 24fc876e8f70, 39227, None)
[2024-08-01T03:29:05.127+0000] {spark_submit.py:571} INFO - 24/08/01 03:29:05 INFO StandaloneSchedulerBackend: SchedulerBackend is ready for scheduling beginning after reached minRegisteredResourcesRatio: 0.0
[2024-08-01T03:29:05.981+0000] {spark_submit.py:571} INFO - ============================
[2024-08-01T03:29:06.040+0000] {spark_submit.py:571} INFO - 24/08/01 03:29:06 INFO SparkContext: SparkContext is stopping with exitCode 0.
[2024-08-01T03:29:06.055+0000] {spark_submit.py:571} INFO - 24/08/01 03:29:06 INFO SparkUI: Stopped Spark web UI at http://24fc876e8f70:4040
[2024-08-01T03:29:06.065+0000] {spark_submit.py:571} INFO - 24/08/01 03:29:06 INFO StandaloneSchedulerBackend: Shutting down all executors
[2024-08-01T03:29:06.071+0000] {spark_submit.py:571} INFO - 24/08/01 03:29:06 INFO StandaloneSchedulerBackend$StandaloneDriverEndpoint: Asking each executor to shut down
[2024-08-01T03:29:06.078+0000] {spark_submit.py:571} INFO - 24/08/01 03:29:06 WARN StandaloneAppClient$ClientEndpoint: Drop UnregisterApplication(null) because has not yet connected to master
[2024-08-01T03:29:06.105+0000] {spark_submit.py:571} INFO - 24/08/01 03:29:06 INFO MapOutputTrackerMasterEndpoint: MapOutputTrackerMasterEndpoint stopped!
[2024-08-01T03:29:06.200+0000] {spark_submit.py:571} INFO - 24/08/01 03:29:06 INFO MemoryStore: MemoryStore cleared
[2024-08-01T03:29:06.201+0000] {spark_submit.py:571} INFO - 24/08/01 03:29:06 INFO BlockManager: BlockManager stopped
[2024-08-01T03:29:06.209+0000] {spark_submit.py:571} INFO - 24/08/01 03:29:06 INFO BlockManagerMaster: BlockManagerMaster stopped
[2024-08-01T03:29:06.213+0000] {spark_submit.py:571} INFO - 24/08/01 03:29:06 INFO OutputCommitCoordinator$OutputCommitCoordinatorEndpoint: OutputCommitCoordinator stopped!
[2024-08-01T03:29:06.242+0000] {spark_submit.py:571} INFO - Traceback (most recent call last):
[2024-08-01T03:29:06.243+0000] {spark_submit.py:571} INFO - File "/opt/airflow/jobs/word_count.py", line 13, in <module>
[2024-08-01T03:29:06.245+0000] {spark_submit.py:571} INFO - for wc in wordCounts.collect():
[2024-08-01T03:29:06.245+0000] {spark_submit.py:571} INFO - ^^^^^^^^^^^^^^^^^^^^
[2024-08-01T03:29:06.248+0000] {spark_submit.py:571} INFO - File "/home/airflow/.local/lib/python3.11/site-packages/pyspark/python/lib/pyspark.zip/pyspark/rdd.py", line 1833, in collect
[2024-08-01T03:29:06.249+0000] {spark_submit.py:571} INFO - File "/home/airflow/.local/lib/python3.11/site-packages/pyspark/python/lib/py4j-0.10.9.7-src.zip/py4j/java_gateway.py", line 1322, in __call__
[2024-08-01T03:29:06.249+0000] {spark_submit.py:571} INFO - File "/home/airflow/.local/lib/python3.11/site-packages/pyspark/python/lib/pyspark.zip/pyspark/errors/exceptions/captured.py", line 179, in deco
[2024-08-01T03:29:06.250+0000] {spark_submit.py:571} INFO - File "/home/airflow/.local/lib/python3.11/site-packages/pyspark/python/lib/py4j-0.10.9.7-src.zip/py4j/protocol.py", line 326, in get_return_value
[2024-08-01T03:29:06.253+0000] {spark_submit.py:571} INFO - py4j.protocol.Py4JJavaError: An error occurred while calling z:org.apache.spark.api.python.PythonRDD.collectAndServe.
[2024-08-01T03:29:06.253+0000] {spark_submit.py:571} INFO - : java.lang.IllegalStateException: SparkContext has been shutdown
[2024-08-01T03:29:06.255+0000] {spark_submit.py:571} INFO - at org.apache.spark.SparkContext.runJob(SparkContext.scala:2390)
[2024-08-01T03:29:06.255+0000] {spark_submit.py:571} INFO - at org.apache.spark.SparkContext.runJob(SparkContext.scala:2419)
[2024-08-01T03:29:06.256+0000] {spark_submit.py:571} INFO - at org.apache.spark.SparkContext.runJob(SparkContext.scala:2438)
[2024-08-01T03:29:06.256+0000] {spark_submit.py:571} INFO - at org.apache.spark.SparkContext.runJob(SparkContext.scala:2463)
[2024-08-01T03:29:06.257+0000] {spark_submit.py:571} INFO - at org.apache.spark.rdd.RDD.$anonfun$collect$1(RDD.scala:1049)
[2024-08-01T03:29:06.258+0000] {spark_submit.py:571} INFO - at org.apache.spark.rdd.RDDOperationScope$.withScope(RDDOperationScope.scala:151)
[2024-08-01T03:29:06.258+0000] {spark_submit.py:571} INFO - at org.apache.spark.rdd.RDDOperationScope$.withScope(RDDOperationScope.scala:112)
[2024-08-01T03:29:06.259+0000] {spark_submit.py:571} INFO - at org.apache.spark.rdd.RDD.withScope(RDD.scala:410)
[2024-08-01T03:29:06.259+0000] {spark_submit.py:571} INFO - at org.apache.spark.rdd.RDD.collect(RDD.scala:1048)
[2024-08-01T03:29:06.260+0000] {spark_submit.py:571} INFO - at org.apache.spark.api.python.PythonRDD$.collectAndServe(PythonRDD.scala:195)
[2024-08-01T03:29:06.260+0000] {spark_submit.py:571} INFO - at org.apache.spark.api.python.PythonRDD.collectAndServe(PythonRDD.scala)
[2024-08-01T03:29:06.261+0000] {spark_submit.py:571} INFO - at java.base/jdk.internal.reflect.NativeMethodAccessorImpl.invoke0(Native Method)
[2024-08-01T03:29:06.261+0000] {spark_submit.py:571} INFO - at java.base/jdk.internal.reflect.NativeMethodAccessorImpl.invoke(NativeMethodAccessorImpl.java:77)
[2024-08-01T03:29:06.262+0000] {spark_submit.py:571} INFO - at java.base/jdk.internal.reflect.DelegatingMethodAccessorImpl.invoke(DelegatingMethodAccessorImpl.java:43)
[2024-08-01T03:29:06.262+0000] {spark_submit.py:571} INFO - at java.base/java.lang.reflect.Method.invoke(Method.java:568)
[2024-08-01T03:29:06.263+0000] {spark_submit.py:571} INFO - at py4j.reflection.MethodInvoker.invoke(MethodInvoker.java:244)
[2024-08-01T03:29:06.263+0000] {spark_submit.py:571} INFO - at py4j.reflection.ReflectionEngine.invoke(ReflectionEngine.java:374)
[2024-08-01T03:29:06.264+0000] {spark_submit.py:571} INFO - at py4j.Gateway.invoke(Gateway.java:282)
[2024-08-01T03:29:06.265+0000] {spark_submit.py:571} INFO - at py4j.commands.AbstractCommand.invokeMethod(AbstractCommand.java:132)
[2024-08-01T03:29:06.265+0000] {spark_submit.py:571} INFO - at py4j.commands.CallCommand.execute(CallCommand.java:79)
[2024-08-01T03:29:06.266+0000] {spark_submit.py:571} INFO - at py4j.ClientServerConnection.waitForCommands(ClientServerConnection.java:182)
[2024-08-01T03:29:06.266+0000] {spark_submit.py:571} INFO - at py4j.ClientServerConnection.run(ClientServerConnection.java:106)
[2024-08-01T03:29:06.267+0000] {spark_submit.py:571} INFO - at java.base/java.lang.Thread.run(Thread.java:840)
[2024-08-01T03:29:06.267+0000] {spark_submit.py:571} INFO - 
[2024-08-01T03:29:06.268+0000] {spark_submit.py:571} INFO - 24/08/01 03:29:06 INFO SparkContext: Successfully stopped SparkContext
[2024-08-01T03:29:06.329+0000] {spark_submit.py:571} INFO - 24/08/01 03:29:06 INFO ShutdownHookManager: Shutdown hook called
[2024-08-01T03:29:06.330+0000] {spark_submit.py:571} INFO - 24/08/01 03:29:06 INFO ShutdownHookManager: Deleting directory /tmp/spark-41a2fee4-fab4-466c-9dff-174b176bf855/pyspark-49892244-7985-43cd-97b3-ed810d6ac8b2
[2024-08-01T03:29:06.335+0000] {spark_submit.py:571} INFO - 24/08/01 03:29:06 INFO ShutdownHookManager: Deleting directory /tmp/spark-9ed109ea-21be-48ab-8f3c-f7527c0c0366
[2024-08-01T03:29:06.340+0000] {spark_submit.py:571} INFO - 24/08/01 03:29:06 INFO ShutdownHookManager: Deleting directory /tmp/spark-41a2fee4-fab4-466c-9dff-174b176bf855
[2024-08-01T03:29:06.424+0000] {taskinstance.py:441} INFO - ::group::Post task execution logs
[2024-08-01T03:29:06.444+0000] {taskinstance.py:2905} ERROR - Task failed with exception
Traceback (most recent call last):
  File "/home/airflow/.local/lib/python3.11/site-packages/airflow/models/taskinstance.py", line 465, in _execute_task
    result = _execute_callable(context=context, **execute_callable_kwargs)
             ^^^^^^^^^^^^^^^^^^^^^^^^^^^^^^^^^^^^^^^^^^^^^^^^^^^^^^^^^^^^^
  File "/home/airflow/.local/lib/python3.11/site-packages/airflow/models/taskinstance.py", line 432, in _execute_callable
    return execute_callable(context=context, **execute_callable_kwargs)
           ^^^^^^^^^^^^^^^^^^^^^^^^^^^^^^^^^^^^^^^^^^^^^^^^^^^^^^^^^^^^
  File "/home/airflow/.local/lib/python3.11/site-packages/airflow/models/baseoperator.py", line 400, in wrapper
    return func(self, *args, **kwargs)
           ^^^^^^^^^^^^^^^^^^^^^^^^^^^
  File "/home/airflow/.local/lib/python3.11/site-packages/airflow/providers/apache/spark/operators/spark_submit.py", line 174, in execute
    self._hook.submit(self.application)
  File "/home/airflow/.local/lib/python3.11/site-packages/airflow/providers/apache/spark/hooks/spark_submit.py", line 502, in submit
    raise AirflowException(
airflow.exceptions.AirflowException: Cannot execute: spark-submit --master spark://spark-master:7077 --name arrow-spark --deploy-mode client jobs/word_count.py. Error code is: 1.
[2024-08-01T03:29:06.454+0000] {taskinstance.py:1206} INFO - Marking task as FAILED. dag_id=welcome_dag, task_id=python_job, run_id=manual__2024-08-01T03:27:44.551289+00:00, execution_date=20240801T032744, start_date=20240801T032756, end_date=20240801T032906
[2024-08-01T03:29:06.505+0000] {standard_task_runner.py:110} ERROR - Failed to execute job 23 for task python_job (Cannot execute: spark-submit --master spark://spark-master:7077 --name arrow-spark --deploy-mode client jobs/word_count.py. Error code is: 1.; 976)
[2024-08-01T03:29:06.552+0000] {local_task_job_runner.py:240} INFO - Task exited with return code 1
[2024-08-01T03:29:06.628+0000] {taskinstance.py:3498} INFO - 0 downstream tasks scheduled from follow-on schedule check
[2024-08-01T03:29:06.653+0000] {local_task_job_runner.py:222} INFO - ::endgroup::
