[2024-08-07T09:42:05.631+0000] {local_task_job_runner.py:120} INFO - ::group::Pre task execution logs
[2024-08-07T09:42:05.667+0000] {taskinstance.py:2076} INFO - Dependencies all met for dep_context=non-requeueable deps ti=<TaskInstance: Integrate_Time_Location_Dimension.bronze_location manual__2024-08-07T09:41:33.532618+00:00 [queued]>
[2024-08-07T09:42:05.683+0000] {taskinstance.py:2076} INFO - Dependencies all met for dep_context=requeueable deps ti=<TaskInstance: Integrate_Time_Location_Dimension.bronze_location manual__2024-08-07T09:41:33.532618+00:00 [queued]>
[2024-08-07T09:42:05.683+0000] {taskinstance.py:2306} INFO - Starting attempt 1 of 1
[2024-08-07T09:42:05.720+0000] {taskinstance.py:2330} INFO - Executing <Task(SQLExecuteQueryOperator): bronze_location> on 2024-08-07 09:41:33.532618+00:00
[2024-08-07T09:42:05.724+0000] {standard_task_runner.py:63} INFO - Started process 5864 to run task
[2024-08-07T09:42:05.728+0000] {standard_task_runner.py:90} INFO - Running: ['airflow', 'tasks', 'run', 'Integrate_Time_Location_Dimension', 'bronze_location', 'manual__2024-08-07T09:41:33.532618+00:00', '--job-id', '240', '--raw', '--subdir', 'DAGS_FOLDER/etl_time_location.dag.py', '--cfg-path', '/tmp/tmp20q6e9o9']
[2024-08-07T09:42:05.730+0000] {standard_task_runner.py:91} INFO - Job 240: Subtask bronze_location
[2024-08-07T09:42:05.825+0000] {task_command.py:426} INFO - Running <TaskInstance: Integrate_Time_Location_Dimension.bronze_location manual__2024-08-07T09:41:33.532618+00:00 [running]> on host 45f7764b2bf2
[2024-08-07T09:42:05.979+0000] {taskinstance.py:2648} INFO - Exporting env vars: AIRFLOW_CTX_DAG_OWNER='airflow' AIRFLOW_CTX_DAG_ID='Integrate_Time_Location_Dimension' AIRFLOW_CTX_TASK_ID='bronze_location' AIRFLOW_CTX_EXECUTION_DATE='2024-08-07T09:41:33.532618+00:00' AIRFLOW_CTX_TRY_NUMBER='1' AIRFLOW_CTX_DAG_RUN_ID='manual__2024-08-07T09:41:33.532618+00:00'
[2024-08-07T09:42:05.980+0000] {taskinstance.py:430} INFO - ::endgroup::
[2024-08-07T09:42:05.993+0000] {sql.py:276} INFO - Executing: BEGIN TRANSACTION;
	INSERT INTO "stgDimLocation"(LocationKey, region_code, region_name,
								province_code, province_name,
								district_code, district_name,
								ward_code, ward_name)
	SELECT
		*
	FROM dblink('host=host.docker.internal dbname=hongheovna password=nhanbui user=postgres port=5434', 
				'select * from public.vw_stgdimlocation')
	AS (
		LocationKey BIGINT,
		region_code CHAR(5),
		region_name VARCHAR(50),
		province_code CHAR(5),
		province_name VARCHAR(50),
		district_code CHAR(5),
		district_name VARCHAR(50),
		ward_code CHAR(5),
		ward_name VARCHAR(50)
	);
COMMIT;
[2024-08-07T09:42:06.009+0000] {base.py:84} INFO - Using connection ID 'postgres_ldtbxh_stage' for task execution.
[2024-08-07T09:42:06.104+0000] {base.py:84} INFO - Using connection ID 'postgres_ldtbxh_stage' for task execution.
[2024-08-07T09:42:06.126+0000] {sql.py:470} INFO - Running statement: BEGIN TRANSACTION;
	INSERT INTO "stgDimLocation"(LocationKey, region_code, region_name,
								province_code, province_name,
								district_code, district_name,
								ward_code, ward_name)
	SELECT
		*
	FROM dblink('host=host.docker.internal dbname=hongheovna password=*** user=postgres port=5434', 
				'select * from public.vw_stgdimlocation')
	AS (
		LocationKey BIGINT,
		region_code CHAR(5),
		region_name VARCHAR(50),
		province_code CHAR(5),
		province_name VARCHAR(50),
		district_code CHAR(5),
		district_name VARCHAR(50),
		ward_code CHAR(5),
		ward_name VARCHAR(50)
	);
COMMIT;, parameters: None
[2024-08-07T09:42:06.189+0000] {taskinstance.py:441} INFO - ::group::Post task execution logs
[2024-08-07T09:42:06.206+0000] {taskinstance.py:1206} INFO - Marking task as SUCCESS. dag_id=Integrate_Time_Location_Dimension, task_id=bronze_location, run_id=manual__2024-08-07T09:41:33.532618+00:00, execution_date=20240807T094133, start_date=20240807T094205, end_date=20240807T094206
[2024-08-07T09:42:06.262+0000] {local_task_job_runner.py:240} INFO - Task exited with return code 0
[2024-08-07T09:42:06.301+0000] {taskinstance.py:3498} INFO - 1 downstream tasks scheduled from follow-on schedule check
[2024-08-07T09:42:06.312+0000] {local_task_job_runner.py:222} INFO - ::endgroup::
