[2024-08-02T09:59:04.617+0000] {local_task_job_runner.py:120} INFO - ::group::Pre task execution logs
[2024-08-02T09:59:04.663+0000] {taskinstance.py:2076} INFO - Dependencies all met for dep_context=non-requeueable deps ti=<TaskInstance: welcome_dag.connect_postgres manual__2024-08-02T09:58:34.422569+00:00 [queued]>
[2024-08-02T09:59:04.682+0000] {taskinstance.py:2076} INFO - Dependencies all met for dep_context=requeueable deps ti=<TaskInstance: welcome_dag.connect_postgres manual__2024-08-02T09:58:34.422569+00:00 [queued]>
[2024-08-02T09:59:04.683+0000] {taskinstance.py:2306} INFO - Starting attempt 1 of 1
[2024-08-02T09:59:04.721+0000] {taskinstance.py:2330} INFO - Executing <Task(PythonOperator): connect_postgres> on 2024-08-02 09:58:34.422569+00:00
[2024-08-02T09:59:04.726+0000] {standard_task_runner.py:63} INFO - Started process 975 to run task
[2024-08-02T09:59:04.730+0000] {standard_task_runner.py:90} INFO - Running: ['airflow', 'tasks', 'run', 'welcome_dag', 'connect_postgres', 'manual__2024-08-02T09:58:34.422569+00:00', '--job-id', '91', '--raw', '--subdir', 'DAGS_FOLDER/welcome_dag.py', '--cfg-path', '/tmp/tmp6zell57m']
[2024-08-02T09:59:04.732+0000] {standard_task_runner.py:91} INFO - Job 91: Subtask connect_postgres
[2024-08-02T09:59:04.816+0000] {task_command.py:426} INFO - Running <TaskInstance: welcome_dag.connect_postgres manual__2024-08-02T09:58:34.422569+00:00 [running]> on host 24fc876e8f70
[2024-08-02T09:59:04.962+0000] {taskinstance.py:2648} INFO - Exporting env vars: AIRFLOW_CTX_DAG_OWNER='airflow' AIRFLOW_CTX_DAG_ID='welcome_dag' AIRFLOW_CTX_TASK_ID='connect_postgres' AIRFLOW_CTX_EXECUTION_DATE='2024-08-02T09:58:34.422569+00:00' AIRFLOW_CTX_TRY_NUMBER='1' AIRFLOW_CTX_DAG_RUN_ID='manual__2024-08-02T09:58:34.422569+00:00'
[2024-08-02T09:59:04.963+0000] {taskinstance.py:430} INFO - ::endgroup::
[2024-08-02T09:59:14.158+0000] {logging_mixin.py:188} INFO - ============================
[2024-08-02T09:59:14.179+0000] {logging_mixin.py:188} INFO - root
 |-- province_code: string (nullable = true)
 |-- province_name: string (nullable = true)
 |-- region_code: string (nullable = true)
[2024-08-02T09:59:14.179+0000] {logging_mixin.py:188} INFO - None
[2024-08-02T09:59:16.683+0000] {logging_mixin.py:188} INFO - +-------------+-------------+-----------+
|province_code|province_name|region_code|
+-------------+-------------+-----------+
+-------------+-------------+-----------+
[2024-08-02T09:59:16.684+0000] {logging_mixin.py:188} INFO - None
[2024-08-02T09:59:16.685+0000] {logging_mixin.py:188} INFO - ============================
[2024-08-02T09:59:17.223+0000] {python.py:237} INFO - Done. Returned value was: None
[2024-08-02T09:59:17.225+0000] {taskinstance.py:441} INFO - ::group::Post task execution logs
[2024-08-02T09:59:17.243+0000] {taskinstance.py:1206} INFO - Marking task as SUCCESS. dag_id=welcome_dag, task_id=connect_postgres, run_id=manual__2024-08-02T09:58:34.422569+00:00, execution_date=20240802T095834, start_date=20240802T095904, end_date=20240802T095917
[2024-08-02T09:59:17.313+0000] {local_task_job_runner.py:240} INFO - Task exited with return code 0
[2024-08-02T09:59:17.367+0000] {taskinstance.py:3498} INFO - 1 downstream tasks scheduled from follow-on schedule check
[2024-08-02T09:59:17.378+0000] {local_task_job_runner.py:222} INFO - ::endgroup::
