[2024-08-01T04:08:20.029+0000] {local_task_job_runner.py:120} INFO - ::group::Pre task execution logs
[2024-08-01T04:08:20.063+0000] {taskinstance.py:2076} INFO - Dependencies all met for dep_context=non-requeueable deps ti=<TaskInstance: welcome_dag.python_job manual__2024-08-01T04:08:07.649944+00:00 [queued]>
[2024-08-01T04:08:20.078+0000] {taskinstance.py:2076} INFO - Dependencies all met for dep_context=requeueable deps ti=<TaskInstance: welcome_dag.python_job manual__2024-08-01T04:08:07.649944+00:00 [queued]>
[2024-08-01T04:08:20.078+0000] {taskinstance.py:2306} INFO - Starting attempt 1 of 1
[2024-08-01T04:08:20.119+0000] {taskinstance.py:2330} INFO - Executing <Task(SparkSubmitOperator): python_job> on 2024-08-01 04:08:07.649944+00:00
[2024-08-01T04:08:20.124+0000] {standard_task_runner.py:63} INFO - Started process 377 to run task
[2024-08-01T04:08:20.131+0000] {standard_task_runner.py:90} INFO - Running: ['airflow', 'tasks', 'run', 'welcome_dag', 'python_job', 'manual__2024-08-01T04:08:07.649944+00:00', '--job-id', '45', '--raw', '--subdir', 'DAGS_FOLDER/welcome_dag.py', '--cfg-path', '/tmp/tmpyq0sm9xm']
[2024-08-01T04:08:20.134+0000] {standard_task_runner.py:91} INFO - Job 45: Subtask python_job
[2024-08-01T04:08:20.219+0000] {task_command.py:426} INFO - Running <TaskInstance: welcome_dag.python_job manual__2024-08-01T04:08:07.649944+00:00 [running]> on host 24fc876e8f70
[2024-08-01T04:08:20.361+0000] {taskinstance.py:2648} INFO - Exporting env vars: AIRFLOW_CTX_DAG_OWNER='airflow' AIRFLOW_CTX_DAG_ID='welcome_dag' AIRFLOW_CTX_TASK_ID='python_job' AIRFLOW_CTX_EXECUTION_DATE='2024-08-01T04:08:07.649944+00:00' AIRFLOW_CTX_TRY_NUMBER='1' AIRFLOW_CTX_DAG_RUN_ID='manual__2024-08-01T04:08:07.649944+00:00'
[2024-08-01T04:08:20.362+0000] {taskinstance.py:430} INFO - ::endgroup::
[2024-08-01T04:08:20.389+0000] {base.py:84} INFO - Using connection ID 'spark_conn' for task execution.
[2024-08-01T04:08:20.390+0000] {spark_submit.py:401} INFO - Spark-Submit cmd: spark-submit --master spark://172.19.0.2:7077 --name arrow-spark --deploy-mode client jobs/word_count.py
[2024-08-01T04:08:24.944+0000] {spark_submit.py:571} INFO - 24/08/01 04:08:24 INFO SparkContext: Running Spark version 3.5.1
[2024-08-01T04:08:24.947+0000] {spark_submit.py:571} INFO - 24/08/01 04:08:24 INFO SparkContext: OS info Linux, 5.15.153.1-microsoft-standard-WSL2, amd64
[2024-08-01T04:08:24.948+0000] {spark_submit.py:571} INFO - 24/08/01 04:08:24 INFO SparkContext: Java version 17.0.11
[2024-08-01T04:08:25.027+0000] {spark_submit.py:571} INFO - 24/08/01 04:08:25 WARN NativeCodeLoader: Unable to load native-hadoop library for your platform... using builtin-java classes where applicable
[2024-08-01T04:08:25.156+0000] {spark_submit.py:571} INFO - 24/08/01 04:08:25 INFO ResourceUtils: ==============================================================
[2024-08-01T04:08:25.157+0000] {spark_submit.py:571} INFO - 24/08/01 04:08:25 INFO ResourceUtils: No custom resources configured for spark.driver.
[2024-08-01T04:08:25.158+0000] {spark_submit.py:571} INFO - 24/08/01 04:08:25 INFO ResourceUtils: ==============================================================
[2024-08-01T04:08:25.159+0000] {spark_submit.py:571} INFO - 24/08/01 04:08:25 INFO SparkContext: Submitted application: PythonWordCount
[2024-08-01T04:08:25.195+0000] {spark_submit.py:571} INFO - 24/08/01 04:08:25 INFO ResourceProfile: Default ResourceProfile created, executor resources: Map(memory -> name: memory, amount: 1024, script: , vendor: , offHeap -> name: offHeap, amount: 0, script: , vendor: ), task resources: Map(cpus -> name: cpus, amount: 1.0)
[2024-08-01T04:08:25.214+0000] {spark_submit.py:571} INFO - 24/08/01 04:08:25 INFO ResourceProfile: Limiting resource is cpu
[2024-08-01T04:08:25.216+0000] {spark_submit.py:571} INFO - 24/08/01 04:08:25 INFO ResourceProfileManager: Added ResourceProfile id: 0
[2024-08-01T04:08:25.284+0000] {spark_submit.py:571} INFO - 24/08/01 04:08:25 INFO SecurityManager: Changing view acls to: airflow
[2024-08-01T04:08:25.285+0000] {spark_submit.py:571} INFO - 24/08/01 04:08:25 INFO SecurityManager: Changing modify acls to: airflow
[2024-08-01T04:08:25.287+0000] {spark_submit.py:571} INFO - 24/08/01 04:08:25 INFO SecurityManager: Changing view acls groups to:
[2024-08-01T04:08:25.288+0000] {spark_submit.py:571} INFO - 24/08/01 04:08:25 INFO SecurityManager: Changing modify acls groups to:
[2024-08-01T04:08:25.289+0000] {spark_submit.py:571} INFO - 24/08/01 04:08:25 INFO SecurityManager: SecurityManager: authentication disabled; ui acls disabled; users with view permissions: airflow; groups with view permissions: EMPTY; users with modify permissions: airflow; groups with modify permissions: EMPTY
[2024-08-01T04:08:25.651+0000] {spark_submit.py:571} INFO - 24/08/01 04:08:25 INFO Utils: Successfully started service 'sparkDriver' on port 43535.
[2024-08-01T04:08:25.697+0000] {spark_submit.py:571} INFO - 24/08/01 04:08:25 INFO SparkEnv: Registering MapOutputTracker
[2024-08-01T04:08:25.747+0000] {spark_submit.py:571} INFO - 24/08/01 04:08:25 INFO SparkEnv: Registering BlockManagerMaster
[2024-08-01T04:08:25.772+0000] {spark_submit.py:571} INFO - 24/08/01 04:08:25 INFO BlockManagerMasterEndpoint: Using org.apache.spark.storage.DefaultTopologyMapper for getting topology information
[2024-08-01T04:08:25.774+0000] {spark_submit.py:571} INFO - 24/08/01 04:08:25 INFO BlockManagerMasterEndpoint: BlockManagerMasterEndpoint up
[2024-08-01T04:08:25.778+0000] {spark_submit.py:571} INFO - 24/08/01 04:08:25 INFO SparkEnv: Registering BlockManagerMasterHeartbeat
[2024-08-01T04:08:25.803+0000] {spark_submit.py:571} INFO - 24/08/01 04:08:25 INFO DiskBlockManager: Created local directory at /tmp/blockmgr-51c0218c-cf37-4fe9-9968-e3589fa41ccd
[2024-08-01T04:08:25.825+0000] {spark_submit.py:571} INFO - 24/08/01 04:08:25 INFO MemoryStore: MemoryStore started with capacity 434.4 MiB
[2024-08-01T04:08:25.844+0000] {spark_submit.py:571} INFO - 24/08/01 04:08:25 INFO SparkEnv: Registering OutputCommitCoordinator
[2024-08-01T04:08:26.090+0000] {spark_submit.py:571} INFO - 24/08/01 04:08:26 INFO JettyUtils: Start Jetty 0.0.0.0:4040 for SparkUI
[2024-08-01T04:08:26.209+0000] {spark_submit.py:571} INFO - 24/08/01 04:08:26 INFO Utils: Successfully started service 'SparkUI' on port 4040.
[2024-08-01T04:08:26.557+0000] {spark_submit.py:571} INFO - 24/08/01 04:08:26 INFO StandaloneAppClient$ClientEndpoint: Connecting to master spark://172.19.0.2:7077...
[2024-08-01T04:08:46.554+0000] {spark_submit.py:571} INFO - 24/08/01 04:08:46 INFO StandaloneAppClient$ClientEndpoint: Connecting to master spark://172.19.0.2:7077...
[2024-08-01T04:09:06.552+0000] {spark_submit.py:571} INFO - 24/08/01 04:09:06 INFO StandaloneAppClient$ClientEndpoint: Connecting to master spark://172.19.0.2:7077...
[2024-08-01T04:09:26.552+0000] {spark_submit.py:571} INFO - 24/08/01 04:09:26 WARN StandaloneSchedulerBackend: Application ID is not initialized yet.
[2024-08-01T04:09:26.554+0000] {spark_submit.py:571} INFO - 24/08/01 04:09:26 ERROR StandaloneSchedulerBackend: Application has been killed. Reason: All masters are unresponsive! Giving up.
[2024-08-01T04:09:26.561+0000] {spark_submit.py:571} INFO - 24/08/01 04:09:26 INFO Utils: Successfully started service 'org.apache.spark.network.netty.NettyBlockTransferService' on port 46523.
[2024-08-01T04:09:26.562+0000] {spark_submit.py:571} INFO - 24/08/01 04:09:26 INFO NettyBlockTransferService: Server created on 24fc876e8f70:46523
[2024-08-01T04:09:26.566+0000] {spark_submit.py:571} INFO - 24/08/01 04:09:26 INFO BlockManager: Using org.apache.spark.storage.RandomBlockReplicationPolicy for block replication policy
[2024-08-01T04:09:26.576+0000] {spark_submit.py:571} INFO - 24/08/01 04:09:26 INFO BlockManagerMaster: Registering BlockManager BlockManagerId(driver, 24fc876e8f70, 46523, None)
[2024-08-01T04:09:26.581+0000] {spark_submit.py:571} INFO - 24/08/01 04:09:26 INFO BlockManagerMasterEndpoint: Registering block manager 24fc876e8f70:46523 with 434.4 MiB RAM, BlockManagerId(driver, 24fc876e8f70, 46523, None)
[2024-08-01T04:09:26.586+0000] {spark_submit.py:571} INFO - 24/08/01 04:09:26 INFO BlockManagerMaster: Registered BlockManager BlockManagerId(driver, 24fc876e8f70, 46523, None)
[2024-08-01T04:09:26.587+0000] {spark_submit.py:571} INFO - 24/08/01 04:09:26 INFO BlockManager: Initialized BlockManager: BlockManagerId(driver, 24fc876e8f70, 46523, None)
[2024-08-01T04:09:27.036+0000] {spark_submit.py:571} INFO - 24/08/01 04:09:27 INFO StandaloneSchedulerBackend: SchedulerBackend is ready for scheduling beginning after reached minRegisteredResourcesRatio: 0.0
[2024-08-01T04:09:27.758+0000] {spark_submit.py:571} INFO - 24/08/01 04:09:27 INFO SparkContext: SparkContext is stopping with exitCode 0.
[2024-08-01T04:09:27.776+0000] {spark_submit.py:571} INFO - 24/08/01 04:09:27 INFO SparkUI: Stopped Spark web UI at http://24fc876e8f70:4040
[2024-08-01T04:09:27.785+0000] {spark_submit.py:571} INFO - 24/08/01 04:09:27 INFO StandaloneSchedulerBackend: Shutting down all executors
[2024-08-01T04:09:27.789+0000] {spark_submit.py:571} INFO - 24/08/01 04:09:27 INFO StandaloneSchedulerBackend$StandaloneDriverEndpoint: Asking each executor to shut down
[2024-08-01T04:09:27.796+0000] {spark_submit.py:571} INFO - 24/08/01 04:09:27 WARN StandaloneAppClient$ClientEndpoint: Drop UnregisterApplication(null) because has not yet connected to master
[2024-08-01T04:09:27.810+0000] {spark_submit.py:571} INFO - 24/08/01 04:09:27 INFO MapOutputTrackerMasterEndpoint: MapOutputTrackerMasterEndpoint stopped!
[2024-08-01T04:09:27.830+0000] {spark_submit.py:571} INFO - 24/08/01 04:09:27 INFO MemoryStore: MemoryStore cleared
[2024-08-01T04:09:27.832+0000] {spark_submit.py:571} INFO - 24/08/01 04:09:27 INFO BlockManager: BlockManager stopped
[2024-08-01T04:09:27.842+0000] {spark_submit.py:571} INFO - 24/08/01 04:09:27 INFO BlockManagerMaster: BlockManagerMaster stopped
[2024-08-01T04:09:27.845+0000] {spark_submit.py:571} INFO - 24/08/01 04:09:27 INFO OutputCommitCoordinator$OutputCommitCoordinatorEndpoint: OutputCommitCoordinator stopped!
[2024-08-01T04:09:27.869+0000] {spark_submit.py:571} INFO - 24/08/01 04:09:27 INFO SparkContext: Successfully stopped SparkContext
[2024-08-01T04:09:27.878+0000] {spark_submit.py:571} INFO - ============================
[2024-08-01T04:09:27.981+0000] {spark_submit.py:571} INFO - Traceback (most recent call last):
[2024-08-01T04:09:27.982+0000] {spark_submit.py:571} INFO - File "/opt/airflow/jobs/word_count.py", line 13, in <module>
[2024-08-01T04:09:27.986+0000] {spark_submit.py:571} INFO - for wc in wordCounts.collect():
[2024-08-01T04:09:27.987+0000] {spark_submit.py:571} INFO - ^^^^^^^^^^^^^^^^^^^^
[2024-08-01T04:09:27.987+0000] {spark_submit.py:571} INFO - File "/home/airflow/.local/lib/python3.11/site-packages/pyspark/python/lib/pyspark.zip/pyspark/rdd.py", line 1833, in collect
[2024-08-01T04:09:27.988+0000] {spark_submit.py:571} INFO - File "/home/airflow/.local/lib/python3.11/site-packages/pyspark/python/lib/py4j-0.10.9.7-src.zip/py4j/java_gateway.py", line 1322, in __call__
[2024-08-01T04:09:27.988+0000] {spark_submit.py:571} INFO - File "/home/airflow/.local/lib/python3.11/site-packages/pyspark/python/lib/pyspark.zip/pyspark/errors/exceptions/captured.py", line 179, in deco
[2024-08-01T04:09:27.989+0000] {spark_submit.py:571} INFO - File "/home/airflow/.local/lib/python3.11/site-packages/pyspark/python/lib/py4j-0.10.9.7-src.zip/py4j/protocol.py", line 326, in get_return_value
[2024-08-01T04:09:27.992+0000] {spark_submit.py:571} INFO - py4j.protocol.Py4JJavaError: An error occurred while calling z:org.apache.spark.api.python.PythonRDD.collectAndServe.
[2024-08-01T04:09:27.992+0000] {spark_submit.py:571} INFO - : java.lang.IllegalStateException: SparkContext has been shutdown
[2024-08-01T04:09:27.993+0000] {spark_submit.py:571} INFO - at org.apache.spark.SparkContext.runJob(SparkContext.scala:2390)
[2024-08-01T04:09:27.993+0000] {spark_submit.py:571} INFO - at org.apache.spark.SparkContext.runJob(SparkContext.scala:2419)
[2024-08-01T04:09:27.994+0000] {spark_submit.py:571} INFO - at org.apache.spark.SparkContext.runJob(SparkContext.scala:2438)
[2024-08-01T04:09:27.995+0000] {spark_submit.py:571} INFO - at org.apache.spark.SparkContext.runJob(SparkContext.scala:2463)
[2024-08-01T04:09:27.995+0000] {spark_submit.py:571} INFO - at org.apache.spark.rdd.RDD.$anonfun$collect$1(RDD.scala:1049)
[2024-08-01T04:09:27.996+0000] {spark_submit.py:571} INFO - at org.apache.spark.rdd.RDDOperationScope$.withScope(RDDOperationScope.scala:151)
[2024-08-01T04:09:27.997+0000] {spark_submit.py:571} INFO - at org.apache.spark.rdd.RDDOperationScope$.withScope(RDDOperationScope.scala:112)
[2024-08-01T04:09:27.997+0000] {spark_submit.py:571} INFO - at org.apache.spark.rdd.RDD.withScope(RDD.scala:410)
[2024-08-01T04:09:27.998+0000] {spark_submit.py:571} INFO - at org.apache.spark.rdd.RDD.collect(RDD.scala:1048)
[2024-08-01T04:09:27.999+0000] {spark_submit.py:571} INFO - at org.apache.spark.api.python.PythonRDD$.collectAndServe(PythonRDD.scala:195)
[2024-08-01T04:09:28.001+0000] {spark_submit.py:571} INFO - at org.apache.spark.api.python.PythonRDD.collectAndServe(PythonRDD.scala)
[2024-08-01T04:09:28.001+0000] {spark_submit.py:571} INFO - at java.base/jdk.internal.reflect.NativeMethodAccessorImpl.invoke0(Native Method)
[2024-08-01T04:09:28.002+0000] {spark_submit.py:571} INFO - at java.base/jdk.internal.reflect.NativeMethodAccessorImpl.invoke(NativeMethodAccessorImpl.java:77)
[2024-08-01T04:09:28.002+0000] {spark_submit.py:571} INFO - at java.base/jdk.internal.reflect.DelegatingMethodAccessorImpl.invoke(DelegatingMethodAccessorImpl.java:43)
[2024-08-01T04:09:28.003+0000] {spark_submit.py:571} INFO - at java.base/java.lang.reflect.Method.invoke(Method.java:568)
[2024-08-01T04:09:28.003+0000] {spark_submit.py:571} INFO - at py4j.reflection.MethodInvoker.invoke(MethodInvoker.java:244)
[2024-08-01T04:09:28.004+0000] {spark_submit.py:571} INFO - at py4j.reflection.ReflectionEngine.invoke(ReflectionEngine.java:374)
[2024-08-01T04:09:28.004+0000] {spark_submit.py:571} INFO - at py4j.Gateway.invoke(Gateway.java:282)
[2024-08-01T04:09:28.005+0000] {spark_submit.py:571} INFO - at py4j.commands.AbstractCommand.invokeMethod(AbstractCommand.java:132)
[2024-08-01T04:09:28.006+0000] {spark_submit.py:571} INFO - at py4j.commands.CallCommand.execute(CallCommand.java:79)
[2024-08-01T04:09:28.007+0000] {spark_submit.py:571} INFO - at py4j.ClientServerConnection.waitForCommands(ClientServerConnection.java:182)
[2024-08-01T04:09:28.008+0000] {spark_submit.py:571} INFO - at py4j.ClientServerConnection.run(ClientServerConnection.java:106)
[2024-08-01T04:09:28.009+0000] {spark_submit.py:571} INFO - at java.base/java.lang.Thread.run(Thread.java:840)
[2024-08-01T04:09:28.009+0000] {spark_submit.py:571} INFO - 
[2024-08-01T04:09:28.085+0000] {spark_submit.py:571} INFO - 24/08/01 04:09:28 INFO ShutdownHookManager: Shutdown hook called
[2024-08-01T04:09:28.087+0000] {spark_submit.py:571} INFO - 24/08/01 04:09:28 INFO ShutdownHookManager: Deleting directory /tmp/spark-3c418304-9f89-459c-bce4-9b8a8f229f8e
[2024-08-01T04:09:28.096+0000] {spark_submit.py:571} INFO - 24/08/01 04:09:28 INFO ShutdownHookManager: Deleting directory /tmp/spark-329c1189-9bc5-4f3f-b1d6-a4e6d17aa161
[2024-08-01T04:09:28.103+0000] {spark_submit.py:571} INFO - 24/08/01 04:09:28 INFO ShutdownHookManager: Deleting directory /tmp/spark-3c418304-9f89-459c-bce4-9b8a8f229f8e/pyspark-849d5e29-91d0-4ee0-9f03-2c748d247f41
[2024-08-01T04:09:28.159+0000] {taskinstance.py:441} INFO - ::group::Post task execution logs
[2024-08-01T04:09:28.172+0000] {taskinstance.py:2905} ERROR - Task failed with exception
Traceback (most recent call last):
  File "/home/airflow/.local/lib/python3.11/site-packages/airflow/models/taskinstance.py", line 465, in _execute_task
    result = _execute_callable(context=context, **execute_callable_kwargs)
             ^^^^^^^^^^^^^^^^^^^^^^^^^^^^^^^^^^^^^^^^^^^^^^^^^^^^^^^^^^^^^
  File "/home/airflow/.local/lib/python3.11/site-packages/airflow/models/taskinstance.py", line 432, in _execute_callable
    return execute_callable(context=context, **execute_callable_kwargs)
           ^^^^^^^^^^^^^^^^^^^^^^^^^^^^^^^^^^^^^^^^^^^^^^^^^^^^^^^^^^^^
  File "/home/airflow/.local/lib/python3.11/site-packages/airflow/models/baseoperator.py", line 400, in wrapper
    return func(self, *args, **kwargs)
           ^^^^^^^^^^^^^^^^^^^^^^^^^^^
  File "/home/airflow/.local/lib/python3.11/site-packages/airflow/providers/apache/spark/operators/spark_submit.py", line 174, in execute
    self._hook.submit(self.application)
  File "/home/airflow/.local/lib/python3.11/site-packages/airflow/providers/apache/spark/hooks/spark_submit.py", line 502, in submit
    raise AirflowException(
airflow.exceptions.AirflowException: Cannot execute: spark-submit --master spark://172.19.0.2:7077 --name arrow-spark --deploy-mode client jobs/word_count.py. Error code is: 1.
[2024-08-01T04:09:28.180+0000] {taskinstance.py:1206} INFO - Marking task as FAILED. dag_id=welcome_dag, task_id=python_job, run_id=manual__2024-08-01T04:08:07.649944+00:00, execution_date=20240801T040807, start_date=20240801T040820, end_date=20240801T040928
[2024-08-01T04:09:28.210+0000] {standard_task_runner.py:110} ERROR - Failed to execute job 45 for task python_job (Cannot execute: spark-submit --master spark://172.19.0.2:7077 --name arrow-spark --deploy-mode client jobs/word_count.py. Error code is: 1.; 377)
[2024-08-01T04:09:28.239+0000] {local_task_job_runner.py:240} INFO - Task exited with return code 1
[2024-08-01T04:09:28.264+0000] {taskinstance.py:3498} INFO - 0 downstream tasks scheduled from follow-on schedule check
[2024-08-01T04:09:28.283+0000] {local_task_job_runner.py:222} INFO - ::endgroup::
