[2024-08-01T03:21:08.782+0000] {local_task_job_runner.py:120} INFO - ::group::Pre task execution logs
[2024-08-01T03:21:08.816+0000] {taskinstance.py:2076} INFO - Dependencies all met for dep_context=non-requeueable deps ti=<TaskInstance: welcome_dag.python_job manual__2024-08-01T03:20:56.108023+00:00 [queued]>
[2024-08-01T03:21:08.827+0000] {taskinstance.py:2076} INFO - Dependencies all met for dep_context=requeueable deps ti=<TaskInstance: welcome_dag.python_job manual__2024-08-01T03:20:56.108023+00:00 [queued]>
[2024-08-01T03:21:08.828+0000] {taskinstance.py:2306} INFO - Starting attempt 1 of 1
[2024-08-01T03:21:08.857+0000] {taskinstance.py:2330} INFO - Executing <Task(SparkSubmitOperator): python_job> on 2024-08-01 03:20:56.108023+00:00
[2024-08-01T03:21:08.861+0000] {standard_task_runner.py:63} INFO - Started process 678 to run task
[2024-08-01T03:21:08.865+0000] {standard_task_runner.py:90} INFO - Running: ['airflow', 'tasks', 'run', 'welcome_dag', 'python_job', 'manual__2024-08-01T03:20:56.108023+00:00', '--job-id', '19', '--raw', '--subdir', 'DAGS_FOLDER/welcome_dag.py', '--cfg-path', '/tmp/tmpc6_7yl8w']
[2024-08-01T03:21:08.867+0000] {standard_task_runner.py:91} INFO - Job 19: Subtask python_job
[2024-08-01T03:21:08.970+0000] {task_command.py:426} INFO - Running <TaskInstance: welcome_dag.python_job manual__2024-08-01T03:20:56.108023+00:00 [running]> on host 24fc876e8f70
[2024-08-01T03:21:09.122+0000] {taskinstance.py:2648} INFO - Exporting env vars: AIRFLOW_CTX_DAG_OWNER='airflow' AIRFLOW_CTX_DAG_ID='welcome_dag' AIRFLOW_CTX_TASK_ID='python_job' AIRFLOW_CTX_EXECUTION_DATE='2024-08-01T03:20:56.108023+00:00' AIRFLOW_CTX_TRY_NUMBER='1' AIRFLOW_CTX_DAG_RUN_ID='manual__2024-08-01T03:20:56.108023+00:00'
[2024-08-01T03:21:09.123+0000] {taskinstance.py:430} INFO - ::endgroup::
[2024-08-01T03:21:09.146+0000] {base.py:84} INFO - Using connection ID 'spark_conn' for task execution.
[2024-08-01T03:21:09.147+0000] {spark_submit.py:401} INFO - Spark-Submit cmd: spark-submit --master spark://172.19.0.2:7077 --name arrow-spark --deploy-mode client jobs/word_count.py
[2024-08-01T03:21:13.634+0000] {spark_submit.py:571} INFO - 24/08/01 03:21:13 INFO SparkContext: Running Spark version 3.5.1
[2024-08-01T03:21:13.637+0000] {spark_submit.py:571} INFO - 24/08/01 03:21:13 INFO SparkContext: OS info Linux, 5.15.153.1-microsoft-standard-WSL2, amd64
[2024-08-01T03:21:13.638+0000] {spark_submit.py:571} INFO - 24/08/01 03:21:13 INFO SparkContext: Java version 17.0.11
[2024-08-01T03:21:13.738+0000] {spark_submit.py:571} INFO - 24/08/01 03:21:13 WARN NativeCodeLoader: Unable to load native-hadoop library for your platform... using builtin-java classes where applicable
[2024-08-01T03:21:13.912+0000] {spark_submit.py:571} INFO - 24/08/01 03:21:13 INFO ResourceUtils: ==============================================================
[2024-08-01T03:21:13.914+0000] {spark_submit.py:571} INFO - 24/08/01 03:21:13 INFO ResourceUtils: No custom resources configured for spark.driver.
[2024-08-01T03:21:13.915+0000] {spark_submit.py:571} INFO - 24/08/01 03:21:13 INFO ResourceUtils: ==============================================================
[2024-08-01T03:21:13.916+0000] {spark_submit.py:571} INFO - 24/08/01 03:21:13 INFO SparkContext: Submitted application: PythonWordCount
[2024-08-01T03:21:13.966+0000] {spark_submit.py:571} INFO - 24/08/01 03:21:13 INFO ResourceProfile: Default ResourceProfile created, executor resources: Map(memory -> name: memory, amount: 1024, script: , vendor: , offHeap -> name: offHeap, amount: 0, script: , vendor: ), task resources: Map(cpus -> name: cpus, amount: 1.0)
[2024-08-01T03:21:13.984+0000] {spark_submit.py:571} INFO - 24/08/01 03:21:13 INFO ResourceProfile: Limiting resource is cpu
[2024-08-01T03:21:13.987+0000] {spark_submit.py:571} INFO - 24/08/01 03:21:13 INFO ResourceProfileManager: Added ResourceProfile id: 0
[2024-08-01T03:21:14.090+0000] {spark_submit.py:571} INFO - 24/08/01 03:21:14 INFO SecurityManager: Changing view acls to: airflow
[2024-08-01T03:21:14.091+0000] {spark_submit.py:571} INFO - 24/08/01 03:21:14 INFO SecurityManager: Changing modify acls to: airflow
[2024-08-01T03:21:14.092+0000] {spark_submit.py:571} INFO - 24/08/01 03:21:14 INFO SecurityManager: Changing view acls groups to:
[2024-08-01T03:21:14.093+0000] {spark_submit.py:571} INFO - 24/08/01 03:21:14 INFO SecurityManager: Changing modify acls groups to:
[2024-08-01T03:21:14.094+0000] {spark_submit.py:571} INFO - 24/08/01 03:21:14 INFO SecurityManager: SecurityManager: authentication disabled; ui acls disabled; users with view permissions: airflow; groups with view permissions: EMPTY; users with modify permissions: airflow; groups with modify permissions: EMPTY
[2024-08-01T03:21:14.400+0000] {spark_submit.py:571} INFO - 24/08/01 03:21:14 INFO Utils: Successfully started service 'sparkDriver' on port 45133.
[2024-08-01T03:21:14.432+0000] {spark_submit.py:571} INFO - 24/08/01 03:21:14 INFO SparkEnv: Registering MapOutputTracker
[2024-08-01T03:21:14.479+0000] {spark_submit.py:571} INFO - 24/08/01 03:21:14 INFO SparkEnv: Registering BlockManagerMaster
[2024-08-01T03:21:14.504+0000] {spark_submit.py:571} INFO - 24/08/01 03:21:14 INFO BlockManagerMasterEndpoint: Using org.apache.spark.storage.DefaultTopologyMapper for getting topology information
[2024-08-01T03:21:14.505+0000] {spark_submit.py:571} INFO - 24/08/01 03:21:14 INFO BlockManagerMasterEndpoint: BlockManagerMasterEndpoint up
[2024-08-01T03:21:14.509+0000] {spark_submit.py:571} INFO - 24/08/01 03:21:14 INFO SparkEnv: Registering BlockManagerMasterHeartbeat
[2024-08-01T03:21:14.531+0000] {spark_submit.py:571} INFO - 24/08/01 03:21:14 INFO DiskBlockManager: Created local directory at /tmp/blockmgr-3474cfad-7bb4-47b4-927f-766a8876005c
[2024-08-01T03:21:14.551+0000] {spark_submit.py:571} INFO - 24/08/01 03:21:14 INFO MemoryStore: MemoryStore started with capacity 434.4 MiB
[2024-08-01T03:21:14.572+0000] {spark_submit.py:571} INFO - 24/08/01 03:21:14 INFO SparkEnv: Registering OutputCommitCoordinator
[2024-08-01T03:21:14.729+0000] {spark_submit.py:571} INFO - 24/08/01 03:21:14 INFO JettyUtils: Start Jetty 0.0.0.0:4040 for SparkUI
[2024-08-01T03:21:14.793+0000] {spark_submit.py:571} INFO - 24/08/01 03:21:14 INFO Utils: Successfully started service 'SparkUI' on port 4040.
[2024-08-01T03:21:14.978+0000] {spark_submit.py:571} INFO - 24/08/01 03:21:14 INFO StandaloneAppClient$ClientEndpoint: Connecting to master spark://172.19.0.2:7077...
[2024-08-01T03:21:34.984+0000] {spark_submit.py:571} INFO - 24/08/01 03:21:34 INFO StandaloneAppClient$ClientEndpoint: Connecting to master spark://172.19.0.2:7077...
[2024-08-01T03:21:54.981+0000] {spark_submit.py:571} INFO - 24/08/01 03:21:54 INFO StandaloneAppClient$ClientEndpoint: Connecting to master spark://172.19.0.2:7077...
[2024-08-01T03:22:14.982+0000] {spark_submit.py:571} INFO - 24/08/01 03:22:14 ERROR StandaloneSchedulerBackend: Application has been killed. Reason: All masters are unresponsive! Giving up.
[2024-08-01T03:22:14.990+0000] {spark_submit.py:571} INFO - 24/08/01 03:22:14 WARN StandaloneSchedulerBackend: Application ID is not initialized yet.
[2024-08-01T03:22:14.991+0000] {spark_submit.py:571} INFO - 24/08/01 03:22:14 INFO Utils: Successfully started service 'org.apache.spark.network.netty.NettyBlockTransferService' on port 42095.
[2024-08-01T03:22:14.992+0000] {spark_submit.py:571} INFO - 24/08/01 03:22:14 INFO NettyBlockTransferService: Server created on 24fc876e8f70:42095
[2024-08-01T03:22:14.994+0000] {spark_submit.py:571} INFO - 24/08/01 03:22:14 INFO BlockManager: Using org.apache.spark.storage.RandomBlockReplicationPolicy for block replication policy
[2024-08-01T03:22:15.004+0000] {spark_submit.py:571} INFO - 24/08/01 03:22:15 INFO BlockManagerMaster: Registering BlockManager BlockManagerId(driver, 24fc876e8f70, 42095, None)
[2024-08-01T03:22:15.009+0000] {spark_submit.py:571} INFO - 24/08/01 03:22:15 INFO BlockManagerMasterEndpoint: Registering block manager 24fc876e8f70:42095 with 434.4 MiB RAM, BlockManagerId(driver, 24fc876e8f70, 42095, None)
[2024-08-01T03:22:15.012+0000] {spark_submit.py:571} INFO - 24/08/01 03:22:15 INFO BlockManagerMaster: Registered BlockManager BlockManagerId(driver, 24fc876e8f70, 42095, None)
[2024-08-01T03:22:15.014+0000] {spark_submit.py:571} INFO - 24/08/01 03:22:15 INFO BlockManager: Initialized BlockManager: BlockManagerId(driver, 24fc876e8f70, 42095, None)
[2024-08-01T03:22:15.328+0000] {spark_submit.py:571} INFO - 24/08/01 03:22:15 INFO StandaloneSchedulerBackend: SchedulerBackend is ready for scheduling beginning after reached minRegisteredResourcesRatio: 0.0
[2024-08-01T03:22:15.867+0000] {spark_submit.py:571} INFO - 24/08/01 03:22:15 INFO SparkContext: SparkContext is stopping with exitCode 0.
[2024-08-01T03:22:15.884+0000] {spark_submit.py:571} INFO - 24/08/01 03:22:15 INFO SparkUI: Stopped Spark web UI at http://24fc876e8f70:4040
[2024-08-01T03:22:15.898+0000] {spark_submit.py:571} INFO - 24/08/01 03:22:15 INFO StandaloneSchedulerBackend: Shutting down all executors
[2024-08-01T03:22:15.903+0000] {spark_submit.py:571} INFO - 24/08/01 03:22:15 INFO StandaloneSchedulerBackend$StandaloneDriverEndpoint: Asking each executor to shut down
[2024-08-01T03:22:15.913+0000] {spark_submit.py:571} INFO - 24/08/01 03:22:15 WARN StandaloneAppClient$ClientEndpoint: Drop UnregisterApplication(null) because has not yet connected to master
[2024-08-01T03:22:15.933+0000] {spark_submit.py:571} INFO - 24/08/01 03:22:15 INFO MapOutputTrackerMasterEndpoint: MapOutputTrackerMasterEndpoint stopped!
[2024-08-01T03:22:15.968+0000] {spark_submit.py:571} INFO - Traceback (most recent call last):
[2024-08-01T03:22:15.970+0000] {spark_submit.py:571} INFO - File "/opt/airflow/jobs/word_count.py", line 7, in <module>
[2024-08-01T03:22:15.980+0000] {spark_submit.py:571} INFO - 24/08/01 03:22:15 INFO MemoryStore: MemoryStore cleared
[2024-08-01T03:22:15.982+0000] {spark_submit.py:571} INFO - 24/08/01 03:22:15 INFO BlockManager: BlockManager stopped
[2024-08-01T03:22:15.984+0000] {spark_submit.py:571} INFO - words = spark.sparkContext.parallelize(text.split(" "))
[2024-08-01T03:22:15.992+0000] {spark_submit.py:571} INFO - ^^^^^^^^^^^^^^^^^^^^^^^^^^^^^^^^^^^^^^^^^^^^^^^
[2024-08-01T03:22:15.993+0000] {spark_submit.py:571} INFO - File "/home/airflow/.local/lib/python3.11/site-packages/pyspark/python/lib/pyspark.zip/pyspark/context.py", line 824, in parallelize
[2024-08-01T03:22:15.994+0000] {spark_submit.py:571} INFO - File "/home/airflow/.local/lib/python3.11/site-packages/pyspark/python/lib/pyspark.zip/pyspark/context.py", line 870, in _serialize_to_jvm
[2024-08-01T03:22:15.996+0000] {spark_submit.py:571} INFO - 24/08/01 03:22:15 INFO BlockManagerMaster: BlockManagerMaster stopped
[2024-08-01T03:22:15.996+0000] {spark_submit.py:571} INFO - File "/home/airflow/.local/lib/python3.11/site-packages/pyspark/python/lib/pyspark.zip/pyspark/context.py", line 818, in reader_func
[2024-08-01T03:22:15.998+0000] {spark_submit.py:571} INFO - File "/home/airflow/.local/lib/python3.11/site-packages/pyspark/python/lib/py4j-0.10.9.7-src.zip/py4j/java_gateway.py", line 1322, in __call__
[2024-08-01T03:22:16.000+0000] {spark_submit.py:571} INFO - File "/home/airflow/.local/lib/python3.11/site-packages/pyspark/python/lib/pyspark.zip/pyspark/errors/exceptions/captured.py", line 179, in deco
[2024-08-01T03:22:16.001+0000] {spark_submit.py:571} INFO - 24/08/01 03:22:16 INFO OutputCommitCoordinator$OutputCommitCoordinatorEndpoint: OutputCommitCoordinator stopped!
[2024-08-01T03:22:16.002+0000] {spark_submit.py:571} INFO - File "/home/airflow/.local/lib/python3.11/site-packages/pyspark/python/lib/py4j-0.10.9.7-src.zip/py4j/protocol.py", line 326, in get_return_value
[2024-08-01T03:22:16.008+0000] {spark_submit.py:571} INFO - py4j.protocol.Py4JJavaError: An error occurred while calling z:org.apache.spark.api.python.PythonRDD.readRDDFromFile.
[2024-08-01T03:22:16.010+0000] {spark_submit.py:571} INFO - : java.lang.IllegalStateException: Cannot call methods on a stopped SparkContext.
[2024-08-01T03:22:16.011+0000] {spark_submit.py:571} INFO - This stopped SparkContext was created at:
[2024-08-01T03:22:16.019+0000] {spark_submit.py:571} INFO - 
[2024-08-01T03:22:16.020+0000] {spark_submit.py:571} INFO - org.apache.spark.api.java.JavaSparkContext.<init>(JavaSparkContext.scala:58)
[2024-08-01T03:22:16.020+0000] {spark_submit.py:571} INFO - java.base/jdk.internal.reflect.NativeConstructorAccessorImpl.newInstance0(Native Method)
[2024-08-01T03:22:16.021+0000] {spark_submit.py:571} INFO - java.base/jdk.internal.reflect.NativeConstructorAccessorImpl.newInstance(NativeConstructorAccessorImpl.java:77)
[2024-08-01T03:22:16.034+0000] {spark_submit.py:571} INFO - java.base/jdk.internal.reflect.DelegatingConstructorAccessorImpl.newInstance(DelegatingConstructorAccessorImpl.java:45)
[2024-08-01T03:22:16.034+0000] {spark_submit.py:571} INFO - java.base/java.lang.reflect.Constructor.newInstanceWithCaller(Constructor.java:499)
[2024-08-01T03:22:16.041+0000] {spark_submit.py:571} INFO - java.base/java.lang.reflect.Constructor.newInstance(Constructor.java:480)
[2024-08-01T03:22:16.043+0000] {spark_submit.py:571} INFO - py4j.reflection.MethodInvoker.invoke(MethodInvoker.java:247)
[2024-08-01T03:22:16.044+0000] {spark_submit.py:571} INFO - py4j.reflection.ReflectionEngine.invoke(ReflectionEngine.java:374)
[2024-08-01T03:22:16.045+0000] {spark_submit.py:571} INFO - py4j.Gateway.invoke(Gateway.java:238)
[2024-08-01T03:22:16.045+0000] {spark_submit.py:571} INFO - py4j.commands.ConstructorCommand.invokeConstructor(ConstructorCommand.java:80)
[2024-08-01T03:22:16.047+0000] {spark_submit.py:571} INFO - py4j.commands.ConstructorCommand.execute(ConstructorCommand.java:69)
[2024-08-01T03:22:16.047+0000] {spark_submit.py:571} INFO - py4j.ClientServerConnection.waitForCommands(ClientServerConnection.java:182)
[2024-08-01T03:22:16.048+0000] {spark_submit.py:571} INFO - py4j.ClientServerConnection.run(ClientServerConnection.java:106)
[2024-08-01T03:22:16.048+0000] {spark_submit.py:571} INFO - java.base/java.lang.Thread.run(Thread.java:840)
[2024-08-01T03:22:16.049+0000] {spark_submit.py:571} INFO - 
[2024-08-01T03:22:16.050+0000] {spark_submit.py:571} INFO - The currently active SparkContext was created at:
[2024-08-01T03:22:16.050+0000] {spark_submit.py:571} INFO - 
[2024-08-01T03:22:16.051+0000] {spark_submit.py:571} INFO - org.apache.spark.api.java.JavaSparkContext.<init>(JavaSparkContext.scala:58)
[2024-08-01T03:22:16.052+0000] {spark_submit.py:571} INFO - java.base/jdk.internal.reflect.NativeConstructorAccessorImpl.newInstance0(Native Method)
[2024-08-01T03:22:16.052+0000] {spark_submit.py:571} INFO - java.base/jdk.internal.reflect.NativeConstructorAccessorImpl.newInstance(NativeConstructorAccessorImpl.java:77)
[2024-08-01T03:22:16.053+0000] {spark_submit.py:571} INFO - java.base/jdk.internal.reflect.DelegatingConstructorAccessorImpl.newInstance(DelegatingConstructorAccessorImpl.java:45)
[2024-08-01T03:22:16.053+0000] {spark_submit.py:571} INFO - java.base/java.lang.reflect.Constructor.newInstanceWithCaller(Constructor.java:499)
[2024-08-01T03:22:16.054+0000] {spark_submit.py:571} INFO - java.base/java.lang.reflect.Constructor.newInstance(Constructor.java:480)
[2024-08-01T03:22:16.054+0000] {spark_submit.py:571} INFO - py4j.reflection.MethodInvoker.invoke(MethodInvoker.java:247)
[2024-08-01T03:22:16.055+0000] {spark_submit.py:571} INFO - py4j.reflection.ReflectionEngine.invoke(ReflectionEngine.java:374)
[2024-08-01T03:22:16.055+0000] {spark_submit.py:571} INFO - py4j.Gateway.invoke(Gateway.java:238)
[2024-08-01T03:22:16.056+0000] {spark_submit.py:571} INFO - py4j.commands.ConstructorCommand.invokeConstructor(ConstructorCommand.java:80)
[2024-08-01T03:22:16.056+0000] {spark_submit.py:571} INFO - py4j.commands.ConstructorCommand.execute(ConstructorCommand.java:69)
[2024-08-01T03:22:16.058+0000] {spark_submit.py:571} INFO - py4j.ClientServerConnection.waitForCommands(ClientServerConnection.java:182)
[2024-08-01T03:22:16.059+0000] {spark_submit.py:571} INFO - py4j.ClientServerConnection.run(ClientServerConnection.java:106)
[2024-08-01T03:22:16.060+0000] {spark_submit.py:571} INFO - java.base/java.lang.Thread.run(Thread.java:840)
[2024-08-01T03:22:16.061+0000] {spark_submit.py:571} INFO - 
[2024-08-01T03:22:16.062+0000] {spark_submit.py:571} INFO - at org.apache.spark.SparkContext.assertNotStopped(SparkContext.scala:122)
[2024-08-01T03:22:16.062+0000] {spark_submit.py:571} INFO - at org.apache.spark.SparkContext.$anonfun$parallelize$1(SparkContext.scala:942)
[2024-08-01T03:22:16.063+0000] {spark_submit.py:571} INFO - at org.apache.spark.rdd.RDDOperationScope$.withScope(RDDOperationScope.scala:151)
[2024-08-01T03:22:16.064+0000] {spark_submit.py:571} INFO - at org.apache.spark.rdd.RDDOperationScope$.withScope(RDDOperationScope.scala:112)
[2024-08-01T03:22:16.064+0000] {spark_submit.py:571} INFO - at org.apache.spark.SparkContext.withScope(SparkContext.scala:924)
[2024-08-01T03:22:16.065+0000] {spark_submit.py:571} INFO - at org.apache.spark.SparkContext.parallelize(SparkContext.scala:941)
[2024-08-01T03:22:16.065+0000] {spark_submit.py:571} INFO - at org.apache.spark.api.java.JavaRDD$.readRDDFromInputStream(JavaRDD.scala:259)
[2024-08-01T03:22:16.066+0000] {spark_submit.py:571} INFO - at org.apache.spark.api.java.JavaRDD$.readRDDFromFile(JavaRDD.scala:239)
[2024-08-01T03:22:16.066+0000] {spark_submit.py:571} INFO - at org.apache.spark.api.python.PythonRDD$.readRDDFromFile(PythonRDD.scala:289)
[2024-08-01T03:22:16.067+0000] {spark_submit.py:571} INFO - at org.apache.spark.api.python.PythonRDD.readRDDFromFile(PythonRDD.scala)
[2024-08-01T03:22:16.067+0000] {spark_submit.py:571} INFO - at java.base/jdk.internal.reflect.NativeMethodAccessorImpl.invoke0(Native Method)
[2024-08-01T03:22:16.068+0000] {spark_submit.py:571} INFO - at java.base/jdk.internal.reflect.NativeMethodAccessorImpl.invoke(NativeMethodAccessorImpl.java:77)
[2024-08-01T03:22:16.068+0000] {spark_submit.py:571} INFO - at java.base/jdk.internal.reflect.DelegatingMethodAccessorImpl.invoke(DelegatingMethodAccessorImpl.java:43)
[2024-08-01T03:22:16.069+0000] {spark_submit.py:571} INFO - at java.base/java.lang.reflect.Method.invoke(Method.java:568)
[2024-08-01T03:22:16.070+0000] {spark_submit.py:571} INFO - at py4j.reflection.MethodInvoker.invoke(MethodInvoker.java:244)
[2024-08-01T03:22:16.070+0000] {spark_submit.py:571} INFO - at py4j.reflection.ReflectionEngine.invoke(ReflectionEngine.java:374)
[2024-08-01T03:22:16.071+0000] {spark_submit.py:571} INFO - at py4j.Gateway.invoke(Gateway.java:282)
[2024-08-01T03:22:16.071+0000] {spark_submit.py:571} INFO - at py4j.commands.AbstractCommand.invokeMethod(AbstractCommand.java:132)
[2024-08-01T03:22:16.072+0000] {spark_submit.py:571} INFO - at py4j.commands.CallCommand.execute(CallCommand.java:79)
[2024-08-01T03:22:16.072+0000] {spark_submit.py:571} INFO - at py4j.ClientServerConnection.waitForCommands(ClientServerConnection.java:182)
[2024-08-01T03:22:16.073+0000] {spark_submit.py:571} INFO - at py4j.ClientServerConnection.run(ClientServerConnection.java:106)
[2024-08-01T03:22:16.073+0000] {spark_submit.py:571} INFO - at java.base/java.lang.Thread.run(Thread.java:840)
[2024-08-01T03:22:16.074+0000] {spark_submit.py:571} INFO - 
[2024-08-01T03:22:16.074+0000] {spark_submit.py:571} INFO - 24/08/01 03:22:16 INFO SparkContext: Successfully stopped SparkContext
[2024-08-01T03:22:16.122+0000] {spark_submit.py:571} INFO - 24/08/01 03:22:16 INFO ShutdownHookManager: Shutdown hook called
[2024-08-01T03:22:16.124+0000] {spark_submit.py:571} INFO - 24/08/01 03:22:16 INFO ShutdownHookManager: Deleting directory /tmp/spark-6ac16b3e-27b9-4197-accf-aa6c4bdf6814/pyspark-6f2047d4-3e8e-4ace-93ae-ada9c49cb4e9
[2024-08-01T03:22:16.131+0000] {spark_submit.py:571} INFO - 24/08/01 03:22:16 INFO ShutdownHookManager: Deleting directory /tmp/spark-36a82ae3-0795-478d-8160-9c6396ce4af5
[2024-08-01T03:22:16.136+0000] {spark_submit.py:571} INFO - 24/08/01 03:22:16 INFO ShutdownHookManager: Deleting directory /tmp/spark-6ac16b3e-27b9-4197-accf-aa6c4bdf6814
[2024-08-01T03:22:16.211+0000] {taskinstance.py:441} INFO - ::group::Post task execution logs
[2024-08-01T03:22:16.246+0000] {taskinstance.py:2905} ERROR - Task failed with exception
Traceback (most recent call last):
  File "/home/airflow/.local/lib/python3.11/site-packages/airflow/models/taskinstance.py", line 465, in _execute_task
    result = _execute_callable(context=context, **execute_callable_kwargs)
             ^^^^^^^^^^^^^^^^^^^^^^^^^^^^^^^^^^^^^^^^^^^^^^^^^^^^^^^^^^^^^
  File "/home/airflow/.local/lib/python3.11/site-packages/airflow/models/taskinstance.py", line 432, in _execute_callable
    return execute_callable(context=context, **execute_callable_kwargs)
           ^^^^^^^^^^^^^^^^^^^^^^^^^^^^^^^^^^^^^^^^^^^^^^^^^^^^^^^^^^^^
  File "/home/airflow/.local/lib/python3.11/site-packages/airflow/models/baseoperator.py", line 400, in wrapper
    return func(self, *args, **kwargs)
           ^^^^^^^^^^^^^^^^^^^^^^^^^^^
  File "/home/airflow/.local/lib/python3.11/site-packages/airflow/providers/apache/spark/operators/spark_submit.py", line 174, in execute
    self._hook.submit(self.application)
  File "/home/airflow/.local/lib/python3.11/site-packages/airflow/providers/apache/spark/hooks/spark_submit.py", line 502, in submit
    raise AirflowException(
airflow.exceptions.AirflowException: Cannot execute: spark-submit --master spark://172.19.0.2:7077 --name arrow-spark --deploy-mode client jobs/word_count.py. Error code is: 1.
[2024-08-01T03:22:16.261+0000] {taskinstance.py:1206} INFO - Marking task as FAILED. dag_id=welcome_dag, task_id=python_job, run_id=manual__2024-08-01T03:20:56.108023+00:00, execution_date=20240801T032056, start_date=20240801T032108, end_date=20240801T032216
[2024-08-01T03:22:16.332+0000] {standard_task_runner.py:110} ERROR - Failed to execute job 19 for task python_job (Cannot execute: spark-submit --master spark://172.19.0.2:7077 --name arrow-spark --deploy-mode client jobs/word_count.py. Error code is: 1.; 678)
[2024-08-01T03:22:16.369+0000] {local_task_job_runner.py:240} INFO - Task exited with return code 1
[2024-08-01T03:22:16.401+0000] {taskinstance.py:3498} INFO - 0 downstream tasks scheduled from follow-on schedule check
[2024-08-01T03:22:16.420+0000] {local_task_job_runner.py:222} INFO - ::endgroup::
